[0.014s] Invoking command in '/home/jaime/MotorControl/uros_ws/build/micro_ros_msgs': CMAKE_PREFIX_PATH=${CMAKE_PREFIX_PATH}:/opt/ros/humble PS1=\[\033[01;32m\]\u@\h \[\033[01;34m\]\w \[\033[31m\]`git branch 2> /dev/null | grep -e ^* | sed -E s/^\\\\\*\ \(.+\)$/\(\\\\\1\)\ /`\[\033[35m\]$\[\033[00m\] /usr/bin/cmake /home/jaime/MotorControl/uros_ws/src/uros/micro_ros_msgs -DCMAKE_INSTALL_PREFIX=/home/jaime/MotorControl/uros_ws/install/micro_ros_msgs
[0.024s] -- Found ament_cmake: 1.3.8 (/opt/ros/humble/share/ament_cmake/cmake)
[0.148s] -- Found rosidl_default_generators: 1.2.0 (/opt/ros/humble/share/rosidl_default_generators/cmake)
[0.150s] -- Using all available rosidl_typesupport_c: rosidl_typesupport_fastrtps_c;rosidl_typesupport_introspection_c
[0.152s] -- Found rosidl_adapter: 3.1.5 (/opt/ros/humble/share/rosidl_adapter/cmake)
[0.178s] -- Using all available rosidl_typesupport_cpp: rosidl_typesupport_fastrtps_cpp;rosidl_typesupport_introspection_cpp
[0.203s] -- Found ament_lint_auto: 0.12.10 (/opt/ros/humble/share/ament_lint_auto/cmake)
[0.451s] -- Found ament_cmake_ros: 0.10.0 (/opt/ros/humble/share/ament_cmake_ros/cmake)
[0.598s] -- Using all available rosidl_typesupport_c: rosidl_typesupport_fastrtps_c;rosidl_typesupport_introspection_c
[0.790s] -- Using all available rosidl_typesupport_cpp: rosidl_typesupport_fastrtps_cpp;rosidl_typesupport_introspection_cpp
[0.806s] -- Found python_cmake_module: 0.10.0 (/opt/ros/humble/share/python_cmake_module/cmake)
[0.823s] -- Using PYTHON_EXECUTABLE: /usr/bin/python3
[0.823s] -- Using PYTHON_INCLUDE_DIRS: /usr/include/python3.10
[0.823s] -- Using PYTHON_LIBRARIES: /usr/lib/x86_64-linux-gnu/libpython3.10.so
[0.836s] -- Added test 'copyright' to check source files copyright and LICENSE
[0.840s] -- Added test 'lint_cmake' to check CMake code style
[0.842s] -- Added test 'xmllint' to check XML markup files
[0.844s] -- Configuring done
[0.863s] -- Generating done
[0.865s] -- Build files have been written to: /home/jaime/MotorControl/uros_ws/build/micro_ros_msgs
