[0.064s] DEBUG:colcon:Command line arguments: ['/usr/bin/colcon', 'build']
[0.064s] DEBUG:colcon:Parsed command line arguments: Namespace(log_base=None, log_level=None, verb_name='build', build_base='build', install_base='install', merge_install=False, symlink_install=False, test_result_base=None, continue_on_error=False, executor='parallel', parallel_workers=8, event_handlers=None, ignore_user_meta=False, metas=['./colcon.meta'], base_paths=['.'], packages_ignore=None, packages_ignore_regex=None, paths=None, packages_up_to=None, packages_up_to_regex=None, packages_above=None, packages_above_and_dependencies=None, packages_above_depth=None, packages_select_by_dep=None, packages_skip_by_dep=None, packages_skip_up_to=None, packages_select_build_failed=False, packages_skip_build_finished=False, packages_select_test_failures=False, packages_skip_test_passed=False, packages_select=None, packages_skip=None, packages_select_regex=None, packages_skip_regex=None, packages_start=None, packages_end=None, allow_overriding=[], cmake_args=None, cmake_target=None, cmake_target_skip_unavailable=False, cmake_clean_cache=False, cmake_clean_first=False, cmake_force_configure=False, ament_cmake_args=None, catkin_cmake_args=None, catkin_skip_building_tests=False, verb_parser=<colcon_defaults.argument_parser.defaults.DefaultArgumentsDecorator object at 0x7ff3c8067cd0>, verb_extension=<colcon_core.verb.build.BuildVerb object at 0x7ff3c80676d0>, main=<bound method BuildVerb.main of <colcon_core.verb.build.BuildVerb object at 0x7ff3c80676d0>>)
[0.160s] Level 1:colcon.colcon_core.package_discovery:discover_packages(colcon_meta) check parameters
[0.160s] Level 1:colcon.colcon_core.package_discovery:discover_packages(recursive) check parameters
[0.160s] Level 1:colcon.colcon_core.package_discovery:discover_packages(ignore) check parameters
[0.160s] Level 1:colcon.colcon_core.package_discovery:discover_packages(path) check parameters
[0.160s] Level 1:colcon.colcon_core.package_discovery:discover_packages(colcon_meta) discover
[0.160s] Level 1:colcon.colcon_core.package_discovery:discover_packages(recursive) discover
[0.160s] INFO:colcon.colcon_core.package_discovery:Crawling recursively for packages in '/home/jaime/Downloads/MotorControl/uros_ws'
[0.160s] Level 1:colcon.colcon_core.package_identification:_identify(.) by extensions ['ignore', 'ignore_ament_install']
[0.160s] Level 1:colcon.colcon_core.package_identification:_identify(.) by extension 'ignore'
[0.160s] Level 1:colcon.colcon_core.package_identification:_identify(.) by extension 'ignore_ament_install'
[0.160s] Level 1:colcon.colcon_core.package_identification:_identify(.) by extensions ['colcon_pkg']
[0.160s] Level 1:colcon.colcon_core.package_identification:_identify(.) by extension 'colcon_pkg'
[0.160s] Level 1:colcon.colcon_core.package_identification:_identify(.) by extensions ['colcon_meta']
[0.160s] Level 1:colcon.colcon_core.package_identification:_identify(.) by extension 'colcon_meta'
[0.160s] Level 1:colcon.colcon_core.package_identification:_identify(.) by extensions ['ros']
[0.160s] Level 1:colcon.colcon_core.package_identification:_identify(.) by extension 'ros'
[0.168s] Level 1:colcon.colcon_core.package_identification:_identify(.) by extensions ['cmake', 'python']
[0.168s] Level 1:colcon.colcon_core.package_identification:_identify(.) by extension 'cmake'
[0.168s] Level 1:colcon.colcon_core.package_identification:_identify(.) by extension 'python'
[0.168s] Level 1:colcon.colcon_core.package_identification:_identify(.) by extensions ['python_setup_py']
[0.168s] Level 1:colcon.colcon_core.package_identification:_identify(.) by extension 'python_setup_py'
[0.168s] Level 1:colcon.colcon_core.package_identification:_identify(build) by extensions ['ignore', 'ignore_ament_install']
[0.168s] Level 1:colcon.colcon_core.package_identification:_identify(build) by extension 'ignore'
[0.168s] Level 1:colcon.colcon_core.package_identification:_identify(build) ignored
[0.168s] Level 1:colcon.colcon_core.package_identification:_identify(install) by extensions ['ignore', 'ignore_ament_install']
[0.168s] Level 1:colcon.colcon_core.package_identification:_identify(install) by extension 'ignore'
[0.168s] Level 1:colcon.colcon_core.package_identification:_identify(install) ignored
[0.168s] Level 1:colcon.colcon_core.package_identification:_identify(log) by extensions ['ignore', 'ignore_ament_install']
[0.168s] Level 1:colcon.colcon_core.package_identification:_identify(log) by extension 'ignore'
[0.168s] Level 1:colcon.colcon_core.package_identification:_identify(log) ignored
[0.168s] Level 1:colcon.colcon_core.package_identification:_identify(src) by extensions ['ignore', 'ignore_ament_install']
[0.168s] Level 1:colcon.colcon_core.package_identification:_identify(src) by extension 'ignore'
[0.169s] Level 1:colcon.colcon_core.package_identification:_identify(src) by extension 'ignore_ament_install'
[0.169s] Level 1:colcon.colcon_core.package_identification:_identify(src) by extensions ['colcon_pkg']
[0.169s] Level 1:colcon.colcon_core.package_identification:_identify(src) by extension 'colcon_pkg'
[0.169s] Level 1:colcon.colcon_core.package_identification:_identify(src) by extensions ['colcon_meta']
[0.169s] Level 1:colcon.colcon_core.package_identification:_identify(src) by extension 'colcon_meta'
[0.169s] Level 1:colcon.colcon_core.package_identification:_identify(src) by extensions ['ros']
[0.169s] Level 1:colcon.colcon_core.package_identification:_identify(src) by extension 'ros'
[0.169s] Level 1:colcon.colcon_core.package_identification:_identify(src) by extensions ['cmake', 'python']
[0.169s] Level 1:colcon.colcon_core.package_identification:_identify(src) by extension 'cmake'
[0.169s] Level 1:colcon.colcon_core.package_identification:_identify(src) by extension 'python'
[0.169s] Level 1:colcon.colcon_core.package_identification:_identify(src) by extensions ['python_setup_py']
[0.169s] Level 1:colcon.colcon_core.package_identification:_identify(src) by extension 'python_setup_py'
[0.169s] Level 1:colcon.colcon_core.package_identification:_identify(src/micro_ros_setup) by extensions ['ignore', 'ignore_ament_install']
[0.169s] Level 1:colcon.colcon_core.package_identification:_identify(src/micro_ros_setup) by extension 'ignore'
[0.169s] Level 1:colcon.colcon_core.package_identification:_identify(src/micro_ros_setup) by extension 'ignore_ament_install'
[0.169s] Level 1:colcon.colcon_core.package_identification:_identify(src/micro_ros_setup) by extensions ['colcon_pkg']
[0.169s] Level 1:colcon.colcon_core.package_identification:_identify(src/micro_ros_setup) by extension 'colcon_pkg'
[0.169s] Level 1:colcon.colcon_core.package_identification:_identify(src/micro_ros_setup) by extensions ['colcon_meta']
[0.169s] Level 1:colcon.colcon_core.package_identification:_identify(src/micro_ros_setup) by extension 'colcon_meta'
[0.169s] Level 1:colcon.colcon_core.package_identification:_identify(src/micro_ros_setup) by extensions ['ros']
[0.169s] Level 1:colcon.colcon_core.package_identification:_identify(src/micro_ros_setup) by extension 'ros'
[0.171s] DEBUG:colcon.colcon_core.package_identification:Package 'src/micro_ros_setup' with type 'ros.ament_cmake' and name 'micro_ros_setup'
[0.171s] Level 1:colcon.colcon_core.package_identification:_identify(src/uros) by extensions ['ignore', 'ignore_ament_install']
[0.171s] Level 1:colcon.colcon_core.package_identification:_identify(src/uros) by extension 'ignore'
[0.171s] Level 1:colcon.colcon_core.package_identification:_identify(src/uros) by extension 'ignore_ament_install'
[0.171s] Level 1:colcon.colcon_core.package_identification:_identify(src/uros) by extensions ['colcon_pkg']
[0.171s] Level 1:colcon.colcon_core.package_identification:_identify(src/uros) by extension 'colcon_pkg'
[0.171s] Level 1:colcon.colcon_core.package_identification:_identify(src/uros) by extensions ['colcon_meta']
[0.171s] Level 1:colcon.colcon_core.package_identification:_identify(src/uros) by extension 'colcon_meta'
[0.171s] Level 1:colcon.colcon_core.package_identification:_identify(src/uros) by extensions ['ros']
[0.171s] Level 1:colcon.colcon_core.package_identification:_identify(src/uros) by extension 'ros'
[0.171s] Level 1:colcon.colcon_core.package_identification:_identify(src/uros) by extensions ['cmake', 'python']
[0.171s] Level 1:colcon.colcon_core.package_identification:_identify(src/uros) by extension 'cmake'
[0.171s] Level 1:colcon.colcon_core.package_identification:_identify(src/uros) by extension 'python'
[0.171s] Level 1:colcon.colcon_core.package_identification:_identify(src/uros) by extensions ['python_setup_py']
[0.171s] Level 1:colcon.colcon_core.package_identification:_identify(src/uros) by extension 'python_setup_py'
[0.171s] Level 1:colcon.colcon_core.package_identification:_identify(src/uros/micro-ROS-Agent) by extensions ['ignore', 'ignore_ament_install']
[0.171s] Level 1:colcon.colcon_core.package_identification:_identify(src/uros/micro-ROS-Agent) by extension 'ignore'
[0.171s] Level 1:colcon.colcon_core.package_identification:_identify(src/uros/micro-ROS-Agent) by extension 'ignore_ament_install'
[0.171s] Level 1:colcon.colcon_core.package_identification:_identify(src/uros/micro-ROS-Agent) by extensions ['colcon_pkg']
[0.171s] Level 1:colcon.colcon_core.package_identification:_identify(src/uros/micro-ROS-Agent) by extension 'colcon_pkg'
[0.171s] Level 1:colcon.colcon_core.package_identification:_identify(src/uros/micro-ROS-Agent) by extensions ['colcon_meta']
[0.171s] Level 1:colcon.colcon_core.package_identification:_identify(src/uros/micro-ROS-Agent) by extension 'colcon_meta'
[0.172s] Level 1:colcon.colcon_core.package_identification:_identify(src/uros/micro-ROS-Agent) by extensions ['ros']
[0.172s] Level 1:colcon.colcon_core.package_identification:_identify(src/uros/micro-ROS-Agent) by extension 'ros'
[0.172s] Level 1:colcon.colcon_core.package_identification:_identify(src/uros/micro-ROS-Agent) by extensions ['cmake', 'python']
[0.172s] Level 1:colcon.colcon_core.package_identification:_identify(src/uros/micro-ROS-Agent) by extension 'cmake'
[0.172s] Level 1:colcon.colcon_core.package_identification:_identify(src/uros/micro-ROS-Agent) by extension 'python'
[0.172s] Level 1:colcon.colcon_core.package_identification:_identify(src/uros/micro-ROS-Agent) by extensions ['python_setup_py']
[0.172s] Level 1:colcon.colcon_core.package_identification:_identify(src/uros/micro-ROS-Agent) by extension 'python_setup_py'
[0.172s] Level 1:colcon.colcon_core.package_identification:_identify(src/uros/micro-ROS-Agent/micro_ros_agent) by extensions ['ignore', 'ignore_ament_install']
[0.172s] Level 1:colcon.colcon_core.package_identification:_identify(src/uros/micro-ROS-Agent/micro_ros_agent) by extension 'ignore'
[0.172s] Level 1:colcon.colcon_core.package_identification:_identify(src/uros/micro-ROS-Agent/micro_ros_agent) by extension 'ignore_ament_install'
[0.172s] Level 1:colcon.colcon_core.package_identification:_identify(src/uros/micro-ROS-Agent/micro_ros_agent) by extensions ['colcon_pkg']
[0.172s] Level 1:colcon.colcon_core.package_identification:_identify(src/uros/micro-ROS-Agent/micro_ros_agent) by extension 'colcon_pkg'
[0.172s] Level 1:colcon.colcon_core.package_identification:_identify(src/uros/micro-ROS-Agent/micro_ros_agent) by extensions ['colcon_meta']
[0.172s] Level 1:colcon.colcon_core.package_identification:_identify(src/uros/micro-ROS-Agent/micro_ros_agent) by extension 'colcon_meta'
[0.172s] Level 1:colcon.colcon_core.package_identification:_identify(src/uros/micro-ROS-Agent/micro_ros_agent) by extensions ['ros']
[0.172s] Level 1:colcon.colcon_core.package_identification:_identify(src/uros/micro-ROS-Agent/micro_ros_agent) by extension 'ros'
[0.172s] DEBUG:colcon.colcon_core.package_identification:Package 'src/uros/micro-ROS-Agent/micro_ros_agent' with type 'ros.ament_cmake' and name 'micro_ros_agent'
[0.172s] Level 1:colcon.colcon_core.package_identification:_identify(src/uros/micro-ROS-Agent/snap) by extensions ['ignore', 'ignore_ament_install']
[0.173s] Level 1:colcon.colcon_core.package_identification:_identify(src/uros/micro-ROS-Agent/snap) by extension 'ignore'
[0.173s] Level 1:colcon.colcon_core.package_identification:_identify(src/uros/micro-ROS-Agent/snap) by extension 'ignore_ament_install'
[0.173s] Level 1:colcon.colcon_core.package_identification:_identify(src/uros/micro-ROS-Agent/snap) by extensions ['colcon_pkg']
[0.173s] Level 1:colcon.colcon_core.package_identification:_identify(src/uros/micro-ROS-Agent/snap) by extension 'colcon_pkg'
[0.173s] Level 1:colcon.colcon_core.package_identification:_identify(src/uros/micro-ROS-Agent/snap) by extensions ['colcon_meta']
[0.173s] Level 1:colcon.colcon_core.package_identification:_identify(src/uros/micro-ROS-Agent/snap) by extension 'colcon_meta'
[0.173s] Level 1:colcon.colcon_core.package_identification:_identify(src/uros/micro-ROS-Agent/snap) by extensions ['ros']
[0.173s] Level 1:colcon.colcon_core.package_identification:_identify(src/uros/micro-ROS-Agent/snap) by extension 'ros'
[0.173s] Level 1:colcon.colcon_core.package_identification:_identify(src/uros/micro-ROS-Agent/snap) by extensions ['cmake', 'python']
[0.173s] Level 1:colcon.colcon_core.package_identification:_identify(src/uros/micro-ROS-Agent/snap) by extension 'cmake'
[0.173s] Level 1:colcon.colcon_core.package_identification:_identify(src/uros/micro-ROS-Agent/snap) by extension 'python'
[0.173s] Level 1:colcon.colcon_core.package_identification:_identify(src/uros/micro-ROS-Agent/snap) by extensions ['python_setup_py']
[0.173s] Level 1:colcon.colcon_core.package_identification:_identify(src/uros/micro-ROS-Agent/snap) by extension 'python_setup_py'
[0.173s] Level 1:colcon.colcon_core.package_identification:_identify(src/uros/micro-ROS-Agent/snap/hooks) by extensions ['ignore', 'ignore_ament_install']
[0.173s] Level 1:colcon.colcon_core.package_identification:_identify(src/uros/micro-ROS-Agent/snap/hooks) by extension 'ignore'
[0.173s] Level 1:colcon.colcon_core.package_identification:_identify(src/uros/micro-ROS-Agent/snap/hooks) by extension 'ignore_ament_install'
[0.173s] Level 1:colcon.colcon_core.package_identification:_identify(src/uros/micro-ROS-Agent/snap/hooks) by extensions ['colcon_pkg']
[0.173s] Level 1:colcon.colcon_core.package_identification:_identify(src/uros/micro-ROS-Agent/snap/hooks) by extension 'colcon_pkg'
[0.173s] Level 1:colcon.colcon_core.package_identification:_identify(src/uros/micro-ROS-Agent/snap/hooks) by extensions ['colcon_meta']
[0.173s] Level 1:colcon.colcon_core.package_identification:_identify(src/uros/micro-ROS-Agent/snap/hooks) by extension 'colcon_meta'
[0.173s] Level 1:colcon.colcon_core.package_identification:_identify(src/uros/micro-ROS-Agent/snap/hooks) by extensions ['ros']
[0.173s] Level 1:colcon.colcon_core.package_identification:_identify(src/uros/micro-ROS-Agent/snap/hooks) by extension 'ros'
[0.173s] Level 1:colcon.colcon_core.package_identification:_identify(src/uros/micro-ROS-Agent/snap/hooks) by extensions ['cmake', 'python']
[0.173s] Level 1:colcon.colcon_core.package_identification:_identify(src/uros/micro-ROS-Agent/snap/hooks) by extension 'cmake'
[0.173s] Level 1:colcon.colcon_core.package_identification:_identify(src/uros/micro-ROS-Agent/snap/hooks) by extension 'python'
[0.173s] Level 1:colcon.colcon_core.package_identification:_identify(src/uros/micro-ROS-Agent/snap/hooks) by extensions ['python_setup_py']
[0.173s] Level 1:colcon.colcon_core.package_identification:_identify(src/uros/micro-ROS-Agent/snap/hooks) by extension 'python_setup_py'
[0.173s] Level 1:colcon.colcon_core.package_identification:_identify(src/uros/micro-ROS-Agent/snap/local) by extensions ['ignore', 'ignore_ament_install']
[0.173s] Level 1:colcon.colcon_core.package_identification:_identify(src/uros/micro-ROS-Agent/snap/local) by extension 'ignore'
[0.173s] Level 1:colcon.colcon_core.package_identification:_identify(src/uros/micro-ROS-Agent/snap/local) by extension 'ignore_ament_install'
[0.173s] Level 1:colcon.colcon_core.package_identification:_identify(src/uros/micro-ROS-Agent/snap/local) by extensions ['colcon_pkg']
[0.173s] Level 1:colcon.colcon_core.package_identification:_identify(src/uros/micro-ROS-Agent/snap/local) by extension 'colcon_pkg'
[0.173s] Level 1:colcon.colcon_core.package_identification:_identify(src/uros/micro-ROS-Agent/snap/local) by extensions ['colcon_meta']
[0.173s] Level 1:colcon.colcon_core.package_identification:_identify(src/uros/micro-ROS-Agent/snap/local) by extension 'colcon_meta'
[0.173s] Level 1:colcon.colcon_core.package_identification:_identify(src/uros/micro-ROS-Agent/snap/local) by extensions ['ros']
[0.174s] Level 1:colcon.colcon_core.package_identification:_identify(src/uros/micro-ROS-Agent/snap/local) by extension 'ros'
[0.174s] Level 1:colcon.colcon_core.package_identification:_identify(src/uros/micro-ROS-Agent/snap/local) by extensions ['cmake', 'python']
[0.174s] Level 1:colcon.colcon_core.package_identification:_identify(src/uros/micro-ROS-Agent/snap/local) by extension 'cmake'
[0.174s] Level 1:colcon.colcon_core.package_identification:_identify(src/uros/micro-ROS-Agent/snap/local) by extension 'python'
[0.174s] Level 1:colcon.colcon_core.package_identification:_identify(src/uros/micro-ROS-Agent/snap/local) by extensions ['python_setup_py']
[0.174s] Level 1:colcon.colcon_core.package_identification:_identify(src/uros/micro-ROS-Agent/snap/local) by extension 'python_setup_py'
[0.174s] Level 1:colcon.colcon_core.package_identification:_identify(src/uros/micro_ros_msgs) by extensions ['ignore', 'ignore_ament_install']
[0.174s] Level 1:colcon.colcon_core.package_identification:_identify(src/uros/micro_ros_msgs) by extension 'ignore'
[0.174s] Level 1:colcon.colcon_core.package_identification:_identify(src/uros/micro_ros_msgs) by extension 'ignore_ament_install'
[0.174s] Level 1:colcon.colcon_core.package_identification:_identify(src/uros/micro_ros_msgs) by extensions ['colcon_pkg']
[0.174s] Level 1:colcon.colcon_core.package_identification:_identify(src/uros/micro_ros_msgs) by extension 'colcon_pkg'
[0.174s] Level 1:colcon.colcon_core.package_identification:_identify(src/uros/micro_ros_msgs) by extensions ['colcon_meta']
[0.174s] Level 1:colcon.colcon_core.package_identification:_identify(src/uros/micro_ros_msgs) by extension 'colcon_meta'
[0.174s] Level 1:colcon.colcon_core.package_identification:_identify(src/uros/micro_ros_msgs) by extensions ['ros']
[0.174s] Level 1:colcon.colcon_core.package_identification:_identify(src/uros/micro_ros_msgs) by extension 'ros'
[0.174s] DEBUG:colcon.colcon_core.package_identification:Package 'src/uros/micro_ros_msgs' with type 'ros.ament_cmake' and name 'micro_ros_msgs'
[0.174s] Level 1:colcon.colcon_core.package_discovery:discover_packages(recursive) using defaults
[0.174s] Level 1:colcon.colcon_core.package_discovery:discover_packages(ignore) discover
[0.174s] Level 1:colcon.colcon_core.package_discovery:discover_packages(ignore) using defaults
[0.174s] Level 1:colcon.colcon_core.package_discovery:discover_packages(path) discover
[0.174s] Level 1:colcon.colcon_core.package_discovery:discover_packages(path) using defaults
[0.187s] Level 1:colcon.colcon_core.package_discovery:discover_packages(prefix_path) check parameters
[0.187s] Level 1:colcon.colcon_core.package_discovery:discover_packages(prefix_path) discover
[0.188s] DEBUG:colcon.colcon_installed_package_information.package_discovery:Found 3 installed packages in /home/jaime/Downloads/MotorControl/uros_ws/install
[0.189s] DEBUG:colcon.colcon_installed_package_information.package_discovery:Found 270 installed packages in /opt/ros/humble
[0.190s] Level 1:colcon.colcon_core.package_discovery:discover_packages(prefix_path) using defaults
[0.221s] Level 5:colcon.colcon_core.verb:set package 'micro_ros_msgs' build argument 'cmake_args' from command line to 'None'
[0.221s] Level 5:colcon.colcon_core.verb:set package 'micro_ros_msgs' build argument 'cmake_target' from command line to 'None'
[0.221s] Level 5:colcon.colcon_core.verb:set package 'micro_ros_msgs' build argument 'cmake_target_skip_unavailable' from command line to 'False'
[0.221s] Level 5:colcon.colcon_core.verb:set package 'micro_ros_msgs' build argument 'cmake_clean_cache' from command line to 'False'
[0.221s] Level 5:colcon.colcon_core.verb:set package 'micro_ros_msgs' build argument 'cmake_clean_first' from command line to 'False'
[0.221s] Level 5:colcon.colcon_core.verb:set package 'micro_ros_msgs' build argument 'cmake_force_configure' from command line to 'False'
[0.221s] Level 5:colcon.colcon_core.verb:set package 'micro_ros_msgs' build argument 'ament_cmake_args' from command line to 'None'
[0.221s] Level 5:colcon.colcon_core.verb:set package 'micro_ros_msgs' build argument 'catkin_cmake_args' from command line to 'None'
[0.221s] Level 5:colcon.colcon_core.verb:set package 'micro_ros_msgs' build argument 'catkin_skip_building_tests' from command line to 'False'
[0.221s] DEBUG:colcon.colcon_core.verb:Building package 'micro_ros_msgs' with the following arguments: {'ament_cmake_args': None, 'build_base': '/home/jaime/Downloads/MotorControl/uros_ws/build/micro_ros_msgs', 'catkin_cmake_args': None, 'catkin_skip_building_tests': False, 'cmake_args': None, 'cmake_clean_cache': False, 'cmake_clean_first': False, 'cmake_force_configure': False, 'cmake_target': None, 'cmake_target_skip_unavailable': False, 'install_base': '/home/jaime/Downloads/MotorControl/uros_ws/install/micro_ros_msgs', 'merge_install': False, 'path': '/home/jaime/Downloads/MotorControl/uros_ws/src/uros/micro_ros_msgs', 'symlink_install': False, 'test_result_base': None}
[0.221s] Level 5:colcon.colcon_core.verb:set package 'micro_ros_setup' build argument 'cmake_args' from command line to 'None'
[0.221s] Level 5:colcon.colcon_core.verb:set package 'micro_ros_setup' build argument 'cmake_target' from command line to 'None'
[0.221s] Level 5:colcon.colcon_core.verb:set package 'micro_ros_setup' build argument 'cmake_target_skip_unavailable' from command line to 'False'
[0.221s] Level 5:colcon.colcon_core.verb:set package 'micro_ros_setup' build argument 'cmake_clean_cache' from command line to 'False'
[0.221s] Level 5:colcon.colcon_core.verb:set package 'micro_ros_setup' build argument 'cmake_clean_first' from command line to 'False'
[0.221s] Level 5:colcon.colcon_core.verb:set package 'micro_ros_setup' build argument 'cmake_force_configure' from command line to 'False'
[0.221s] Level 5:colcon.colcon_core.verb:set package 'micro_ros_setup' build argument 'ament_cmake_args' from command line to 'None'
[0.221s] Level 5:colcon.colcon_core.verb:set package 'micro_ros_setup' build argument 'catkin_cmake_args' from command line to 'None'
[0.221s] Level 5:colcon.colcon_core.verb:set package 'micro_ros_setup' build argument 'catkin_skip_building_tests' from command line to 'False'
[0.221s] DEBUG:colcon.colcon_core.verb:Building package 'micro_ros_setup' with the following arguments: {'ament_cmake_args': None, 'build_base': '/home/jaime/Downloads/MotorControl/uros_ws/build/micro_ros_setup', 'catkin_cmake_args': None, 'catkin_skip_building_tests': False, 'cmake_args': None, 'cmake_clean_cache': False, 'cmake_clean_first': False, 'cmake_force_configure': False, 'cmake_target': None, 'cmake_target_skip_unavailable': False, 'install_base': '/home/jaime/Downloads/MotorControl/uros_ws/install/micro_ros_setup', 'merge_install': False, 'path': '/home/jaime/Downloads/MotorControl/uros_ws/src/micro_ros_setup', 'symlink_install': False, 'test_result_base': None}
[0.222s] Level 5:colcon.colcon_core.verb:set package 'micro_ros_agent' build argument 'cmake_args' from command line to 'None'
[0.222s] Level 5:colcon.colcon_core.verb:set package 'micro_ros_agent' build argument 'cmake_target' from command line to 'None'
[0.222s] Level 5:colcon.colcon_core.verb:set package 'micro_ros_agent' build argument 'cmake_target_skip_unavailable' from command line to 'False'
[0.222s] Level 5:colcon.colcon_core.verb:set package 'micro_ros_agent' build argument 'cmake_clean_cache' from command line to 'False'
[0.222s] Level 5:colcon.colcon_core.verb:set package 'micro_ros_agent' build argument 'cmake_clean_first' from command line to 'False'
[0.222s] Level 5:colcon.colcon_core.verb:set package 'micro_ros_agent' build argument 'cmake_force_configure' from command line to 'False'
[0.222s] Level 5:colcon.colcon_core.verb:set package 'micro_ros_agent' build argument 'ament_cmake_args' from command line to 'None'
[0.222s] Level 5:colcon.colcon_core.verb:set package 'micro_ros_agent' build argument 'catkin_cmake_args' from command line to 'None'
[0.222s] Level 5:colcon.colcon_core.verb:set package 'micro_ros_agent' build argument 'catkin_skip_building_tests' from command line to 'False'
[0.222s] DEBUG:colcon.colcon_core.verb:Building package 'micro_ros_agent' with the following arguments: {'ament_cmake_args': None, 'build_base': '/home/jaime/Downloads/MotorControl/uros_ws/build/micro_ros_agent', 'catkin_cmake_args': None, 'catkin_skip_building_tests': False, 'cmake_args': None, 'cmake_clean_cache': False, 'cmake_clean_first': False, 'cmake_force_configure': False, 'cmake_target': None, 'cmake_target_skip_unavailable': False, 'install_base': '/home/jaime/Downloads/MotorControl/uros_ws/install/micro_ros_agent', 'merge_install': False, 'path': '/home/jaime/Downloads/MotorControl/uros_ws/src/uros/micro-ROS-Agent/micro_ros_agent', 'symlink_install': False, 'test_result_base': None}
[0.222s] INFO:colcon.colcon_core.executor:Executing jobs using 'parallel' executor
[0.223s] DEBUG:colcon.colcon_parallel_executor.executor.parallel:run_until_complete
[0.223s] INFO:colcon.colcon_ros.task.ament_cmake.build:Building ROS package in '/home/jaime/Downloads/MotorControl/uros_ws/src/uros/micro_ros_msgs' with build type 'ament_cmake'
[0.223s] INFO:colcon.colcon_cmake.task.cmake.build:Building CMake package in '/home/jaime/Downloads/MotorControl/uros_ws/src/uros/micro_ros_msgs'
[0.224s] INFO:colcon.colcon_core.plugin_system:Skipping extension 'colcon_core.shell.bat': Not used on non-Windows systems
[0.224s] INFO:colcon.colcon_core.shell:Skip shell extension 'powershell' for command environment: Not usable outside of PowerShell
[0.224s] DEBUG:colcon.colcon_core.shell:Skip shell extension 'dsv' for command environment
[0.226s] INFO:colcon.colcon_ros.task.ament_cmake.build:Building ROS package in '/home/jaime/Downloads/MotorControl/uros_ws/src/micro_ros_setup' with build type 'ament_cmake'
[0.226s] INFO:colcon.colcon_cmake.task.cmake.build:Building CMake package in '/home/jaime/Downloads/MotorControl/uros_ws/src/micro_ros_setup'
[0.226s] INFO:colcon.colcon_core.shell:Skip shell extension 'powershell' for command environment: Not usable outside of PowerShell
[0.227s] DEBUG:colcon.colcon_core.shell:Skip shell extension 'dsv' for command environment
[0.231s] DEBUG:colcon.colcon_core.event_handler.log_command:Invoking command in '/home/jaime/Downloads/MotorControl/uros_ws/build/micro_ros_msgs': CMAKE_PREFIX_PATH=${CMAKE_PREFIX_PATH}:/opt/ros/humble PS1=\[\033[01;32m\]\u@\h \[\033[01;34m\]\w \[\033[31m\]`git branch 2> /dev/null | grep -e ^* | sed -E s/^\\\\\*\ \(.+\)$/\(\\\\\1\)\ /`\[\033[35m\]$\[\033[00m\] /usr/bin/cmake --build /home/jaime/Downloads/MotorControl/uros_ws/build/micro_ros_msgs -- -j8 -l8
[0.233s] DEBUG:colcon.colcon_core.event_handler.log_command:Invoking command in '/home/jaime/Downloads/MotorControl/uros_ws/build/micro_ros_setup': CMAKE_PREFIX_PATH=${CMAKE_PREFIX_PATH}:/opt/ros/humble PS1=\[\033[01;32m\]\u@\h \[\033[01;34m\]\w \[\033[31m\]`git branch 2> /dev/null | grep -e ^* | sed -E s/^\\\\\*\ \(.+\)$/\(\\\\\1\)\ /`\[\033[35m\]$\[\033[00m\] /usr/bin/cmake --build /home/jaime/Downloads/MotorControl/uros_ws/build/micro_ros_setup -- -j8 -l8
[0.254s] DEBUG:colcon.colcon_core.event_handler.log_command:Invoked command in '/home/jaime/Downloads/MotorControl/uros_ws/build/micro_ros_setup' returned '0': CMAKE_PREFIX_PATH=${CMAKE_PREFIX_PATH}:/opt/ros/humble PS1=\[\033[01;32m\]\u@\h \[\033[01;34m\]\w \[\033[31m\]`git branch 2> /dev/null | grep -e ^* | sed -E s/^\\\\\*\ \(.+\)$/\(\\\\\1\)\ /`\[\033[35m\]$\[\033[00m\] /usr/bin/cmake --build /home/jaime/Downloads/MotorControl/uros_ws/build/micro_ros_setup -- -j8 -l8
[0.276s] DEBUG:colcon.colcon_core.event_handler.log_command:Invoking command in '/home/jaime/Downloads/MotorControl/uros_ws/build/micro_ros_setup': CMAKE_PREFIX_PATH=${CMAKE_PREFIX_PATH}:/opt/ros/humble PS1=\[\033[01;32m\]\u@\h \[\033[01;34m\]\w \[\033[31m\]`git branch 2> /dev/null | grep -e ^* | sed -E s/^\\\\\*\ \(.+\)$/\(\\\\\1\)\ /`\[\033[35m\]$\[\033[00m\] /usr/bin/cmake --install /home/jaime/Downloads/MotorControl/uros_ws/build/micro_ros_setup
[0.284s] Level 1:colcon.colcon_core.environment:create_environment_scripts_only(micro_ros_setup)
[0.291s] DEBUG:colcon.colcon_core.event_handler.log_command:Invoked command in '/home/jaime/Downloads/MotorControl/uros_ws/build/micro_ros_setup' returned '0': CMAKE_PREFIX_PATH=${CMAKE_PREFIX_PATH}:/opt/ros/humble PS1=\[\033[01;32m\]\u@\h \[\033[01;34m\]\w \[\033[31m\]`git branch 2> /dev/null | grep -e ^* | sed -E s/^\\\\\*\ \(.+\)$/\(\\\\\1\)\ /`\[\033[35m\]$\[\033[00m\] /usr/bin/cmake --install /home/jaime/Downloads/MotorControl/uros_ws/build/micro_ros_setup
[0.292s] Level 1:colcon.colcon_core.environment:checking '/home/jaime/Downloads/MotorControl/uros_ws/install/micro_ros_setup' for CMake module files
[0.292s] Level 1:colcon.colcon_core.environment:checking '/home/jaime/Downloads/MotorControl/uros_ws/install/micro_ros_setup' for CMake config files
[0.293s] Level 1:colcon.colcon_core.shell:create_environment_hook('micro_ros_setup', 'cmake_prefix_path')
[0.293s] INFO:colcon.colcon_core.shell:Creating environment hook '/home/jaime/Downloads/MotorControl/uros_ws/install/micro_ros_setup/share/micro_ros_setup/hook/cmake_prefix_path.ps1'
[0.294s] INFO:colcon.colcon_core.shell:Creating environment descriptor '/home/jaime/Downloads/MotorControl/uros_ws/install/micro_ros_setup/share/micro_ros_setup/hook/cmake_prefix_path.dsv'
[0.294s] INFO:colcon.colcon_core.shell:Creating environment hook '/home/jaime/Downloads/MotorControl/uros_ws/install/micro_ros_setup/share/micro_ros_setup/hook/cmake_prefix_path.sh'
[0.295s] Level 1:colcon.colcon_core.environment:checking '/home/jaime/Downloads/MotorControl/uros_ws/install/micro_ros_setup/lib'
[0.295s] Level 1:colcon.colcon_core.environment:checking '/home/jaime/Downloads/MotorControl/uros_ws/install/micro_ros_setup/bin'
[0.295s] Level 1:colcon.colcon_core.environment:checking '/home/jaime/Downloads/MotorControl/uros_ws/install/micro_ros_setup/lib/pkgconfig/micro_ros_setup.pc'
[0.296s] Level 1:colcon.colcon_core.environment:checking '/home/jaime/Downloads/MotorControl/uros_ws/install/micro_ros_setup/lib/python3.10/site-packages'
[0.296s] Level 1:colcon.colcon_core.environment:checking '/home/jaime/Downloads/MotorControl/uros_ws/install/micro_ros_setup/bin'
[0.296s] INFO:colcon.colcon_core.shell:Creating package script '/home/jaime/Downloads/MotorControl/uros_ws/install/micro_ros_setup/share/micro_ros_setup/package.ps1'
[0.297s] INFO:colcon.colcon_core.shell:Creating package descriptor '/home/jaime/Downloads/MotorControl/uros_ws/install/micro_ros_setup/share/micro_ros_setup/package.dsv'
[0.298s] INFO:colcon.colcon_core.shell:Creating package script '/home/jaime/Downloads/MotorControl/uros_ws/install/micro_ros_setup/share/micro_ros_setup/package.sh'
[0.298s] INFO:colcon.colcon_core.shell:Creating package script '/home/jaime/Downloads/MotorControl/uros_ws/install/micro_ros_setup/share/micro_ros_setup/package.bash'
[0.299s] INFO:colcon.colcon_core.shell:Creating package script '/home/jaime/Downloads/MotorControl/uros_ws/install/micro_ros_setup/share/micro_ros_setup/package.zsh'
[0.300s] Level 1:colcon.colcon_core.environment:create_file_with_runtime_dependencies(/home/jaime/Downloads/MotorControl/uros_ws/install/micro_ros_setup/share/colcon-core/packages/micro_ros_setup)
[0.312s] Level 1:colcon.colcon_core.environment:create_environment_scripts_only(micro_ros_setup)
[0.312s] Level 1:colcon.colcon_core.environment:checking '/home/jaime/Downloads/MotorControl/uros_ws/install/micro_ros_setup' for CMake module files
[0.312s] Level 1:colcon.colcon_core.environment:checking '/home/jaime/Downloads/MotorControl/uros_ws/install/micro_ros_setup' for CMake config files
[0.312s] Level 1:colcon.colcon_core.shell:create_environment_hook('micro_ros_setup', 'cmake_prefix_path')
[0.312s] INFO:colcon.colcon_core.shell:Creating environment hook '/home/jaime/Downloads/MotorControl/uros_ws/install/micro_ros_setup/share/micro_ros_setup/hook/cmake_prefix_path.ps1'
[0.313s] INFO:colcon.colcon_core.shell:Creating environment descriptor '/home/jaime/Downloads/MotorControl/uros_ws/install/micro_ros_setup/share/micro_ros_setup/hook/cmake_prefix_path.dsv'
[0.313s] INFO:colcon.colcon_core.shell:Creating environment hook '/home/jaime/Downloads/MotorControl/uros_ws/install/micro_ros_setup/share/micro_ros_setup/hook/cmake_prefix_path.sh'
[0.313s] Level 1:colcon.colcon_core.environment:checking '/home/jaime/Downloads/MotorControl/uros_ws/install/micro_ros_setup/lib'
[0.313s] Level 1:colcon.colcon_core.environment:checking '/home/jaime/Downloads/MotorControl/uros_ws/install/micro_ros_setup/bin'
[0.313s] Level 1:colcon.colcon_core.environment:checking '/home/jaime/Downloads/MotorControl/uros_ws/install/micro_ros_setup/lib/pkgconfig/micro_ros_setup.pc'
[0.314s] Level 1:colcon.colcon_core.environment:checking '/home/jaime/Downloads/MotorControl/uros_ws/install/micro_ros_setup/lib/python3.10/site-packages'
[0.314s] Level 1:colcon.colcon_core.environment:checking '/home/jaime/Downloads/MotorControl/uros_ws/install/micro_ros_setup/bin'
[0.314s] INFO:colcon.colcon_core.shell:Creating package script '/home/jaime/Downloads/MotorControl/uros_ws/install/micro_ros_setup/share/micro_ros_setup/package.ps1'
[0.314s] INFO:colcon.colcon_core.shell:Creating package descriptor '/home/jaime/Downloads/MotorControl/uros_ws/install/micro_ros_setup/share/micro_ros_setup/package.dsv'
[0.314s] INFO:colcon.colcon_core.shell:Creating package script '/home/jaime/Downloads/MotorControl/uros_ws/install/micro_ros_setup/share/micro_ros_setup/package.sh'
[0.315s] INFO:colcon.colcon_core.shell:Creating package script '/home/jaime/Downloads/MotorControl/uros_ws/install/micro_ros_setup/share/micro_ros_setup/package.bash'
[0.315s] INFO:colcon.colcon_core.shell:Creating package script '/home/jaime/Downloads/MotorControl/uros_ws/install/micro_ros_setup/share/micro_ros_setup/package.zsh'
[0.315s] Level 1:colcon.colcon_core.environment:create_file_with_runtime_dependencies(/home/jaime/Downloads/MotorControl/uros_ws/install/micro_ros_setup/share/colcon-core/packages/micro_ros_setup)
[0.448s] DEBUG:colcon.colcon_core.event_handler.log_command:Invoked command in '/home/jaime/Downloads/MotorControl/uros_ws/build/micro_ros_msgs' returned '0': CMAKE_PREFIX_PATH=${CMAKE_PREFIX_PATH}:/opt/ros/humble PS1=\[\033[01;32m\]\u@\h \[\033[01;34m\]\w \[\033[31m\]`git branch 2> /dev/null | grep -e ^* | sed -E s/^\\\\\*\ \(.+\)$/\(\\\\\1\)\ /`\[\033[35m\]$\[\033[00m\] /usr/bin/cmake --build /home/jaime/Downloads/MotorControl/uros_ws/build/micro_ros_msgs -- -j8 -l8
[0.495s] DEBUG:colcon.colcon_core.event_handler.log_command:Invoking command in '/home/jaime/Downloads/MotorControl/uros_ws/build/micro_ros_msgs': CMAKE_PREFIX_PATH=${CMAKE_PREFIX_PATH}:/opt/ros/humble PS1=\[\033[01;32m\]\u@\h \[\033[01;34m\]\w \[\033[31m\]`git branch 2> /dev/null | grep -e ^* | sed -E s/^\\\\\*\ \(.+\)$/\(\\\\\1\)\ /`\[\033[35m\]$\[\033[00m\] /usr/bin/cmake --install /home/jaime/Downloads/MotorControl/uros_ws/build/micro_ros_msgs
[0.528s] Level 1:colcon.colcon_core.environment:create_environment_scripts_only(micro_ros_msgs)
[0.528s] Level 1:colcon.colcon_core.environment:checking '/home/jaime/Downloads/MotorControl/uros_ws/install/micro_ros_msgs' for CMake module files
[0.528s] DEBUG:colcon.colcon_core.event_handler.log_command:Invoked command in '/home/jaime/Downloads/MotorControl/uros_ws/build/micro_ros_msgs' returned '0': CMAKE_PREFIX_PATH=${CMAKE_PREFIX_PATH}:/opt/ros/humble PS1=\[\033[01;32m\]\u@\h \[\033[01;34m\]\w \[\033[31m\]`git branch 2> /dev/null | grep -e ^* | sed -E s/^\\\\\*\ \(.+\)$/\(\\\\\1\)\ /`\[\033[35m\]$\[\033[00m\] /usr/bin/cmake --install /home/jaime/Downloads/MotorControl/uros_ws/build/micro_ros_msgs
[0.528s] Level 1:colcon.colcon_core.environment:checking '/home/jaime/Downloads/MotorControl/uros_ws/install/micro_ros_msgs' for CMake config files
[0.529s] Level 1:colcon.colcon_core.shell:create_environment_hook('micro_ros_msgs', 'cmake_prefix_path')
[0.529s] INFO:colcon.colcon_core.shell:Creating environment hook '/home/jaime/Downloads/MotorControl/uros_ws/install/micro_ros_msgs/share/micro_ros_msgs/hook/cmake_prefix_path.ps1'
[0.529s] INFO:colcon.colcon_core.shell:Creating environment descriptor '/home/jaime/Downloads/MotorControl/uros_ws/install/micro_ros_msgs/share/micro_ros_msgs/hook/cmake_prefix_path.dsv'
[0.529s] INFO:colcon.colcon_core.shell:Creating environment hook '/home/jaime/Downloads/MotorControl/uros_ws/install/micro_ros_msgs/share/micro_ros_msgs/hook/cmake_prefix_path.sh'
[0.530s] Level 1:colcon.colcon_core.environment:checking '/home/jaime/Downloads/MotorControl/uros_ws/install/micro_ros_msgs/lib'
[0.530s] Level 1:colcon.colcon_core.shell:create_environment_hook('micro_ros_msgs', 'ld_library_path_lib')
[0.530s] INFO:colcon.colcon_core.shell:Creating environment hook '/home/jaime/Downloads/MotorControl/uros_ws/install/micro_ros_msgs/share/micro_ros_msgs/hook/ld_library_path_lib.ps1'
[0.530s] INFO:colcon.colcon_core.shell:Creating environment descriptor '/home/jaime/Downloads/MotorControl/uros_ws/install/micro_ros_msgs/share/micro_ros_msgs/hook/ld_library_path_lib.dsv'
[0.530s] INFO:colcon.colcon_core.shell:Creating environment hook '/home/jaime/Downloads/MotorControl/uros_ws/install/micro_ros_msgs/share/micro_ros_msgs/hook/ld_library_path_lib.sh'
[0.530s] Level 1:colcon.colcon_core.environment:checking '/home/jaime/Downloads/MotorControl/uros_ws/install/micro_ros_msgs/bin'
[0.530s] Level 1:colcon.colcon_core.environment:checking '/home/jaime/Downloads/MotorControl/uros_ws/install/micro_ros_msgs/lib/pkgconfig/micro_ros_msgs.pc'
[0.531s] Level 1:colcon.colcon_core.environment:checking '/home/jaime/Downloads/MotorControl/uros_ws/install/micro_ros_msgs/lib/python3.10/site-packages'
[0.531s] Level 1:colcon.colcon_core.environment:checking '/home/jaime/Downloads/MotorControl/uros_ws/install/micro_ros_msgs/bin'
[0.531s] INFO:colcon.colcon_core.shell:Creating package script '/home/jaime/Downloads/MotorControl/uros_ws/install/micro_ros_msgs/share/micro_ros_msgs/package.ps1'
[0.531s] INFO:colcon.colcon_core.shell:Creating package descriptor '/home/jaime/Downloads/MotorControl/uros_ws/install/micro_ros_msgs/share/micro_ros_msgs/package.dsv'
[0.531s] INFO:colcon.colcon_core.shell:Creating package script '/home/jaime/Downloads/MotorControl/uros_ws/install/micro_ros_msgs/share/micro_ros_msgs/package.sh'
[0.531s] INFO:colcon.colcon_core.shell:Creating package script '/home/jaime/Downloads/MotorControl/uros_ws/install/micro_ros_msgs/share/micro_ros_msgs/package.bash'
[0.532s] INFO:colcon.colcon_core.shell:Creating package script '/home/jaime/Downloads/MotorControl/uros_ws/install/micro_ros_msgs/share/micro_ros_msgs/package.zsh'
[0.532s] Level 1:colcon.colcon_core.environment:create_file_with_runtime_dependencies(/home/jaime/Downloads/MotorControl/uros_ws/install/micro_ros_msgs/share/colcon-core/packages/micro_ros_msgs)
[0.579s] Level 1:colcon.colcon_core.environment:create_environment_scripts_only(micro_ros_msgs)
[0.579s] Level 1:colcon.colcon_core.environment:checking '/home/jaime/Downloads/MotorControl/uros_ws/install/micro_ros_msgs' for CMake module files
[0.580s] Level 1:colcon.colcon_core.environment:checking '/home/jaime/Downloads/MotorControl/uros_ws/install/micro_ros_msgs' for CMake config files
[0.580s] Level 1:colcon.colcon_core.shell:create_environment_hook('micro_ros_msgs', 'cmake_prefix_path')
[0.580s] INFO:colcon.colcon_core.shell:Creating environment hook '/home/jaime/Downloads/MotorControl/uros_ws/install/micro_ros_msgs/share/micro_ros_msgs/hook/cmake_prefix_path.ps1'
[0.581s] INFO:colcon.colcon_core.shell:Creating environment descriptor '/home/jaime/Downloads/MotorControl/uros_ws/install/micro_ros_msgs/share/micro_ros_msgs/hook/cmake_prefix_path.dsv'
[0.581s] INFO:colcon.colcon_core.shell:Creating environment hook '/home/jaime/Downloads/MotorControl/uros_ws/install/micro_ros_msgs/share/micro_ros_msgs/hook/cmake_prefix_path.sh'
[0.581s] Level 1:colcon.colcon_core.environment:checking '/home/jaime/Downloads/MotorControl/uros_ws/install/micro_ros_msgs/lib'
[0.581s] Level 1:colcon.colcon_core.shell:create_environment_hook('micro_ros_msgs', 'ld_library_path_lib')
[0.581s] INFO:colcon.colcon_core.shell:Creating environment hook '/home/jaime/Downloads/MotorControl/uros_ws/install/micro_ros_msgs/share/micro_ros_msgs/hook/ld_library_path_lib.ps1'
[0.581s] INFO:colcon.colcon_core.shell:Creating environment descriptor '/home/jaime/Downloads/MotorControl/uros_ws/install/micro_ros_msgs/share/micro_ros_msgs/hook/ld_library_path_lib.dsv'
[0.582s] INFO:colcon.colcon_core.shell:Creating environment hook '/home/jaime/Downloads/MotorControl/uros_ws/install/micro_ros_msgs/share/micro_ros_msgs/hook/ld_library_path_lib.sh'
[0.582s] Level 1:colcon.colcon_core.environment:checking '/home/jaime/Downloads/MotorControl/uros_ws/install/micro_ros_msgs/bin'
[0.582s] Level 1:colcon.colcon_core.environment:checking '/home/jaime/Downloads/MotorControl/uros_ws/install/micro_ros_msgs/lib/pkgconfig/micro_ros_msgs.pc'
[0.582s] Level 1:colcon.colcon_core.environment:checking '/home/jaime/Downloads/MotorControl/uros_ws/install/micro_ros_msgs/lib/python3.10/site-packages'
[0.582s] Level 1:colcon.colcon_core.environment:checking '/home/jaime/Downloads/MotorControl/uros_ws/install/micro_ros_msgs/bin'
[0.582s] INFO:colcon.colcon_core.shell:Creating package script '/home/jaime/Downloads/MotorControl/uros_ws/install/micro_ros_msgs/share/micro_ros_msgs/package.ps1'
[0.583s] INFO:colcon.colcon_core.shell:Creating package descriptor '/home/jaime/Downloads/MotorControl/uros_ws/install/micro_ros_msgs/share/micro_ros_msgs/package.dsv'
[0.583s] INFO:colcon.colcon_core.shell:Creating package script '/home/jaime/Downloads/MotorControl/uros_ws/install/micro_ros_msgs/share/micro_ros_msgs/package.sh'
[0.583s] INFO:colcon.colcon_core.shell:Creating package script '/home/jaime/Downloads/MotorControl/uros_ws/install/micro_ros_msgs/share/micro_ros_msgs/package.bash'
[0.583s] INFO:colcon.colcon_core.shell:Creating package script '/home/jaime/Downloads/MotorControl/uros_ws/install/micro_ros_msgs/share/micro_ros_msgs/package.zsh'
[0.583s] Level 1:colcon.colcon_core.environment:create_file_with_runtime_dependencies(/home/jaime/Downloads/MotorControl/uros_ws/install/micro_ros_msgs/share/colcon-core/packages/micro_ros_msgs)
[0.584s] INFO:colcon.colcon_ros.task.ament_cmake.build:Building ROS package in '/home/jaime/Downloads/MotorControl/uros_ws/src/uros/micro-ROS-Agent/micro_ros_agent' with build type 'ament_cmake'
[0.584s] INFO:colcon.colcon_cmake.task.cmake.build:Building CMake package in '/home/jaime/Downloads/MotorControl/uros_ws/src/uros/micro-ROS-Agent/micro_ros_agent'
[0.584s] INFO:colcon.colcon_core.shell:Skip shell extension 'powershell' for command environment: Not usable outside of PowerShell
[0.584s] DEBUG:colcon.colcon_core.shell:Skip shell extension 'dsv' for command environment
[0.590s] DEBUG:colcon.colcon_core.event_handler.log_command:Invoking command in '/home/jaime/Downloads/MotorControl/uros_ws/build/micro_ros_agent': CMAKE_PREFIX_PATH=/home/jaime/Downloads/MotorControl/uros_ws/install/micro_ros_msgs:/home/jaime/Downloads/MotorControl/uros_ws/install/micro_ros_setup:/home/jaime/Downloads/MotorControl/uros_ws/install/micro_ros_agent:/opt/ros/humble LD_LIBRARY_PATH=/home/jaime/Downloads/MotorControl/uros_ws/install/micro_ros_msgs/lib:/home/jaime/Downloads/MotorControl/uros_ws/install/micro_ros_agent/lib:/opt/ros/humble/opt/rviz_ogre_vendor/lib:/opt/ros/humble/lib/x86_64-linux-gnu:/opt/ros/humble/lib PS1=\[\033[01;32m\]\u@\h \[\033[01;34m\]\w \[\033[31m\]`git branch 2> /dev/null | grep -e ^* | sed -E s/^\\\\\*\ \(.+\)$/\(\\\\\1\)\ /`\[\033[35m\]$\[\033[00m\] /usr/bin/cmake --build /home/jaime/Downloads/MotorControl/uros_ws/build/micro_ros_agent -- -j8 -l8
[0.630s] DEBUG:colcon.colcon_core.event_handler.log_command:Invoked command in '/home/jaime/Downloads/MotorControl/uros_ws/build/micro_ros_agent' returned '0': CMAKE_PREFIX_PATH=/home/jaime/Downloads/MotorControl/uros_ws/install/micro_ros_msgs:/home/jaime/Downloads/MotorControl/uros_ws/install/micro_ros_setup:/home/jaime/Downloads/MotorControl/uros_ws/install/micro_ros_agent:/opt/ros/humble LD_LIBRARY_PATH=/home/jaime/Downloads/MotorControl/uros_ws/install/micro_ros_msgs/lib:/home/jaime/Downloads/MotorControl/uros_ws/install/micro_ros_agent/lib:/opt/ros/humble/opt/rviz_ogre_vendor/lib:/opt/ros/humble/lib/x86_64-linux-gnu:/opt/ros/humble/lib PS1=\[\033[01;32m\]\u@\h \[\033[01;34m\]\w \[\033[31m\]`git branch 2> /dev/null | grep -e ^* | sed -E s/^\\\\\*\ \(.+\)$/\(\\\\\1\)\ /`\[\033[35m\]$\[\033[00m\] /usr/bin/cmake --build /home/jaime/Downloads/MotorControl/uros_ws/build/micro_ros_agent -- -j8 -l8
[0.648s] DEBUG:colcon.colcon_core.event_handler.log_command:Invoking command in '/home/jaime/Downloads/MotorControl/uros_ws/build/micro_ros_agent': CMAKE_PREFIX_PATH=/home/jaime/Downloads/MotorControl/uros_ws/install/micro_ros_msgs:/home/jaime/Downloads/MotorControl/uros_ws/install/micro_ros_setup:/home/jaime/Downloads/MotorControl/uros_ws/install/micro_ros_agent:/opt/ros/humble LD_LIBRARY_PATH=/home/jaime/Downloads/MotorControl/uros_ws/install/micro_ros_msgs/lib:/home/jaime/Downloads/MotorControl/uros_ws/install/micro_ros_agent/lib:/opt/ros/humble/opt/rviz_ogre_vendor/lib:/opt/ros/humble/lib/x86_64-linux-gnu:/opt/ros/humble/lib PS1=\[\033[01;32m\]\u@\h \[\033[01;34m\]\w \[\033[31m\]`git branch 2> /dev/null | grep -e ^* | sed -E s/^\\\\\*\ \(.+\)$/\(\\\\\1\)\ /`\[\033[35m\]$\[\033[00m\] /usr/bin/cmake --install /home/jaime/Downloads/MotorControl/uros_ws/build/micro_ros_agent
[0.654s] Level 1:colcon.colcon_core.environment:create_environment_scripts_only(micro_ros_agent)
[0.654s] Level 1:colcon.colcon_core.environment:checking '/home/jaime/Downloads/MotorControl/uros_ws/install/micro_ros_agent' for CMake module files
[0.655s] DEBUG:colcon.colcon_core.event_handler.log_command:Invoked command in '/home/jaime/Downloads/MotorControl/uros_ws/build/micro_ros_agent' returned '0': CMAKE_PREFIX_PATH=/home/jaime/Downloads/MotorControl/uros_ws/install/micro_ros_msgs:/home/jaime/Downloads/MotorControl/uros_ws/install/micro_ros_setup:/home/jaime/Downloads/MotorControl/uros_ws/install/micro_ros_agent:/opt/ros/humble LD_LIBRARY_PATH=/home/jaime/Downloads/MotorControl/uros_ws/install/micro_ros_msgs/lib:/home/jaime/Downloads/MotorControl/uros_ws/install/micro_ros_agent/lib:/opt/ros/humble/opt/rviz_ogre_vendor/lib:/opt/ros/humble/lib/x86_64-linux-gnu:/opt/ros/humble/lib PS1=\[\033[01;32m\]\u@\h \[\033[01;34m\]\w \[\033[31m\]`git branch 2> /dev/null | grep -e ^* | sed -E s/^\\\\\*\ \(.+\)$/\(\\\\\1\)\ /`\[\033[35m\]$\[\033[00m\] /usr/bin/cmake --install /home/jaime/Downloads/MotorControl/uros_ws/build/micro_ros_agent
[0.655s] Level 1:colcon.colcon_core.environment:checking '/home/jaime/Downloads/MotorControl/uros_ws/install/micro_ros_agent' for CMake config files
[0.655s] Level 1:colcon.colcon_core.shell:create_environment_hook('micro_ros_agent', 'cmake_prefix_path')
[0.655s] INFO:colcon.colcon_core.shell:Creating environment hook '/home/jaime/Downloads/MotorControl/uros_ws/install/micro_ros_agent/share/micro_ros_agent/hook/cmake_prefix_path.ps1'
[0.656s] INFO:colcon.colcon_core.shell:Creating environment descriptor '/home/jaime/Downloads/MotorControl/uros_ws/install/micro_ros_agent/share/micro_ros_agent/hook/cmake_prefix_path.dsv'
[0.656s] INFO:colcon.colcon_core.shell:Creating environment hook '/home/jaime/Downloads/MotorControl/uros_ws/install/micro_ros_agent/share/micro_ros_agent/hook/cmake_prefix_path.sh'
[0.656s] Level 1:colcon.colcon_core.environment:checking '/home/jaime/Downloads/MotorControl/uros_ws/install/micro_ros_agent/lib'
[0.656s] Level 1:colcon.colcon_core.shell:create_environment_hook('micro_ros_agent', 'ld_library_path_lib')
[0.657s] INFO:colcon.colcon_core.shell:Creating environment hook '/home/jaime/Downloads/MotorControl/uros_ws/install/micro_ros_agent/share/micro_ros_agent/hook/ld_library_path_lib.ps1'
[0.657s] INFO:colcon.colcon_core.shell:Creating environment descriptor '/home/jaime/Downloads/MotorControl/uros_ws/install/micro_ros_agent/share/micro_ros_agent/hook/ld_library_path_lib.dsv'
[0.657s] INFO:colcon.colcon_core.shell:Creating environment hook '/home/jaime/Downloads/MotorControl/uros_ws/install/micro_ros_agent/share/micro_ros_agent/hook/ld_library_path_lib.sh'
[0.657s] Level 1:colcon.colcon_core.environment:checking '/home/jaime/Downloads/MotorControl/uros_ws/install/micro_ros_agent/bin'
[0.657s] Level 1:colcon.colcon_core.environment:checking '/home/jaime/Downloads/MotorControl/uros_ws/install/micro_ros_agent/lib/pkgconfig/micro_ros_agent.pc'
[0.657s] Level 1:colcon.colcon_core.environment:checking '/home/jaime/Downloads/MotorControl/uros_ws/install/micro_ros_agent/lib/python3.10/site-packages'
[0.657s] Level 1:colcon.colcon_core.environment:checking '/home/jaime/Downloads/MotorControl/uros_ws/install/micro_ros_agent/bin'
[0.658s] INFO:colcon.colcon_core.shell:Creating package script '/home/jaime/Downloads/MotorControl/uros_ws/install/micro_ros_agent/share/micro_ros_agent/package.ps1'
[0.658s] INFO:colcon.colcon_core.shell:Creating package descriptor '/home/jaime/Downloads/MotorControl/uros_ws/install/micro_ros_agent/share/micro_ros_agent/package.dsv'
[0.658s] INFO:colcon.colcon_core.shell:Creating package script '/home/jaime/Downloads/MotorControl/uros_ws/install/micro_ros_agent/share/micro_ros_agent/package.sh'
[0.658s] INFO:colcon.colcon_core.shell:Creating package script '/home/jaime/Downloads/MotorControl/uros_ws/install/micro_ros_agent/share/micro_ros_agent/package.bash'
[0.658s] INFO:colcon.colcon_core.shell:Creating package script '/home/jaime/Downloads/MotorControl/uros_ws/install/micro_ros_agent/share/micro_ros_agent/package.zsh'
[0.659s] Level 1:colcon.colcon_core.environment:create_file_with_runtime_dependencies(/home/jaime/Downloads/MotorControl/uros_ws/install/micro_ros_agent/share/colcon-core/packages/micro_ros_agent)
[0.676s] Level 1:colcon.colcon_core.environment:create_environment_scripts_only(micro_ros_agent)
[0.676s] Level 1:colcon.colcon_core.environment:checking '/home/jaime/Downloads/MotorControl/uros_ws/install/micro_ros_agent' for CMake module files
[0.676s] Level 1:colcon.colcon_core.environment:checking '/home/jaime/Downloads/MotorControl/uros_ws/install/micro_ros_agent' for CMake config files
[0.676s] Level 1:colcon.colcon_core.shell:create_environment_hook('micro_ros_agent', 'cmake_prefix_path')
[0.676s] INFO:colcon.colcon_core.shell:Creating environment hook '/home/jaime/Downloads/MotorControl/uros_ws/install/micro_ros_agent/share/micro_ros_agent/hook/cmake_prefix_path.ps1'
[0.677s] INFO:colcon.colcon_core.shell:Creating environment descriptor '/home/jaime/Downloads/MotorControl/uros_ws/install/micro_ros_agent/share/micro_ros_agent/hook/cmake_prefix_path.dsv'
[0.677s] INFO:colcon.colcon_core.shell:Creating environment hook '/home/jaime/Downloads/MotorControl/uros_ws/install/micro_ros_agent/share/micro_ros_agent/hook/cmake_prefix_path.sh'
[0.677s] Level 1:colcon.colcon_core.environment:checking '/home/jaime/Downloads/MotorControl/uros_ws/install/micro_ros_agent/lib'
[0.677s] Level 1:colcon.colcon_core.shell:create_environment_hook('micro_ros_agent', 'ld_library_path_lib')
[0.677s] INFO:colcon.colcon_core.shell:Creating environment hook '/home/jaime/Downloads/MotorControl/uros_ws/install/micro_ros_agent/share/micro_ros_agent/hook/ld_library_path_lib.ps1'
[0.678s] INFO:colcon.colcon_core.shell:Creating environment descriptor '/home/jaime/Downloads/MotorControl/uros_ws/install/micro_ros_agent/share/micro_ros_agent/hook/ld_library_path_lib.dsv'
[0.678s] INFO:colcon.colcon_core.shell:Creating environment hook '/home/jaime/Downloads/MotorControl/uros_ws/install/micro_ros_agent/share/micro_ros_agent/hook/ld_library_path_lib.sh'
[0.678s] Level 1:colcon.colcon_core.environment:checking '/home/jaime/Downloads/MotorControl/uros_ws/install/micro_ros_agent/bin'
[0.678s] Level 1:colcon.colcon_core.environment:checking '/home/jaime/Downloads/MotorControl/uros_ws/install/micro_ros_agent/lib/pkgconfig/micro_ros_agent.pc'
[0.678s] Level 1:colcon.colcon_core.environment:checking '/home/jaime/Downloads/MotorControl/uros_ws/install/micro_ros_agent/lib/python3.10/site-packages'
[0.678s] Level 1:colcon.colcon_core.environment:checking '/home/jaime/Downloads/MotorControl/uros_ws/install/micro_ros_agent/bin'
[0.678s] INFO:colcon.colcon_core.shell:Creating package script '/home/jaime/Downloads/MotorControl/uros_ws/install/micro_ros_agent/share/micro_ros_agent/package.ps1'
[0.679s] INFO:colcon.colcon_core.shell:Creating package descriptor '/home/jaime/Downloads/MotorControl/uros_ws/install/micro_ros_agent/share/micro_ros_agent/package.dsv'
[0.679s] INFO:colcon.colcon_core.shell:Creating package script '/home/jaime/Downloads/MotorControl/uros_ws/install/micro_ros_agent/share/micro_ros_agent/package.sh'
[0.679s] INFO:colcon.colcon_core.shell:Creating package script '/home/jaime/Downloads/MotorControl/uros_ws/install/micro_ros_agent/share/micro_ros_agent/package.bash'
[0.679s] INFO:colcon.colcon_core.shell:Creating package script '/home/jaime/Downloads/MotorControl/uros_ws/install/micro_ros_agent/share/micro_ros_agent/package.zsh'
[0.680s] Level 1:colcon.colcon_core.environment:create_file_with_runtime_dependencies(/home/jaime/Downloads/MotorControl/uros_ws/install/micro_ros_agent/share/colcon-core/packages/micro_ros_agent)
[0.680s] DEBUG:colcon.colcon_parallel_executor.executor.parallel:closing loop
[0.680s] DEBUG:colcon.colcon_parallel_executor.executor.parallel:loop closed
[0.680s] DEBUG:colcon.colcon_parallel_executor.executor.parallel:run_until_complete finished with '0'
[0.680s] DEBUG:colcon.colcon_core.event_reactor:joining thread
[0.683s] INFO:colcon.colcon_core.plugin_system:Skipping extension 'colcon_notification.desktop_notification.terminal_notifier': Not used on non-Darwin systems
[0.683s] INFO:colcon.colcon_core.plugin_system:Skipping extension 'colcon_notification.desktop_notification.win32': Not used on non-Windows systems
[0.683s] INFO:colcon.colcon_notification.desktop_notification:Sending desktop notification using 'notify2'
[0.690s] DEBUG:colcon.colcon_core.event_reactor:joined thread
[0.691s] INFO:colcon.colcon_core.shell:Creating prefix script '/home/jaime/Downloads/MotorControl/uros_ws/install/local_setup.ps1'
[0.691s] INFO:colcon.colcon_core.shell:Creating prefix util module '/home/jaime/Downloads/MotorControl/uros_ws/install/_local_setup_util_ps1.py'
[0.692s] INFO:colcon.colcon_core.shell:Creating prefix chain script '/home/jaime/Downloads/MotorControl/uros_ws/install/setup.ps1'
[0.693s] INFO:colcon.colcon_core.shell:Creating prefix script '/home/jaime/Downloads/MotorControl/uros_ws/install/local_setup.sh'
[0.694s] INFO:colcon.colcon_core.shell:Creating prefix util module '/home/jaime/Downloads/MotorControl/uros_ws/install/_local_setup_util_sh.py'
[0.694s] INFO:colcon.colcon_core.shell:Creating prefix chain script '/home/jaime/Downloads/MotorControl/uros_ws/install/setup.sh'
[0.695s] INFO:colcon.colcon_core.shell:Creating prefix script '/home/jaime/Downloads/MotorControl/uros_ws/install/local_setup.bash'
[0.695s] INFO:colcon.colcon_core.shell:Creating prefix chain script '/home/jaime/Downloads/MotorControl/uros_ws/install/setup.bash'
[0.695s] INFO:colcon.colcon_core.shell:Creating prefix script '/home/jaime/Downloads/MotorControl/uros_ws/install/local_setup.zsh'
[0.696s] INFO:colcon.colcon_core.shell:Creating prefix chain script '/home/jaime/Downloads/MotorControl/uros_ws/install/setup.zsh'
