[0.091s] Invoking command in '/home/jcarballeira/nimble_ws/src/build/nimble_interfaces': CMAKE_PREFIX_PATH=${CMAKE_PREFIX_PATH}:/home/jcarballeira/evloc_ws/install/evloc:/opt/ros/humble /usr/bin/cmake --build /home/jcarballeira/nimble_ws/src/build/nimble_interfaces -- -j8 -l8
[0.113s] -- Found ament_cmake: 1.3.7 (/opt/ros/humble/share/ament_cmake/cmake)
[0.254s] -- Override CMake install command with custom implementation using symlinks instead of copying resources
[0.261s] -- Found rosidl_default_generators: 1.2.0 (/opt/ros/humble/share/rosidl_default_generators/cmake)
[0.263s] -- Using all available rosidl_typesupport_c: rosidl_typesupport_fastrtps_c;rosidl_typesupport_introspection_c
[0.265s] -- Found rosidl_adapter: 3.1.5 (/opt/ros/humble/share/rosidl_adapter/cmake)
[0.295s] -- Using all available rosidl_typesupport_cpp: rosidl_typesupport_fastrtps_cpp;rosidl_typesupport_introspection_cpp
[0.318s] -- Found geometry_msgs: 4.2.3 (/opt/ros/humble/share/geometry_msgs/cmake)
[0.434s] -- Found sensor_msgs: 4.2.3 (/opt/ros/humble/share/sensor_msgs/cmake)
[0.514s] -- Found trajectory_msgs: 4.2.3 (/opt/ros/humble/share/trajectory_msgs/cmake)
[0.898s] -- Found ament_cmake_ros: 0.10.0 (/opt/ros/humble/share/ament_cmake_ros/cmake)
[1.135s] -- Using all available rosidl_typesupport_c: rosidl_typesupport_fastrtps_c;rosidl_typesupport_introspection_c
[1.454s] -- Using all available rosidl_typesupport_cpp: rosidl_typesupport_fastrtps_cpp;rosidl_typesupport_introspection_cpp
[1.476s] -- Found python_cmake_module: 0.10.0 (/opt/ros/humble/share/python_cmake_module/cmake)
[1.498s] -- Using PYTHON_EXECUTABLE: /usr/bin/python3
[1.498s] -- Using PYTHON_INCLUDE_DIRS: /usr/include/python3.10
[1.498s] -- Using PYTHON_LIBRARIES: /usr/lib/x86_64-linux-gnu/libpython3.10.so
[1.543s] -- Found ament_lint_auto: 0.12.10 (/opt/ros/humble/share/ament_lint_auto/cmake)
[1.553s] -- Added test 'lint_cmake' to check CMake code style
[1.553s] -- Added test 'xmllint' to check XML markup files
[1.556s] -- Configuring done
[1.596s] -- Generating done
[1.599s] -- Build files have been written to: /home/jcarballeira/nimble_ws/src/build/nimble_interfaces
[1.621s] [  1%] [34m[1mGenerating C code for ROS interfaces[0m
[1.632s] [  2%] [34m[1mGenerating C++ code for ROS interfaces[0m
[1.640s] [  2%] Built target ament_cmake_python_symlink_nimble_interfaces
[1.936s] running egg_info
[1.937s] writing nimble_interfaces.egg-info/PKG-INFO
[1.937s] writing dependency_links to nimble_interfaces.egg-info/dependency_links.txt
[1.937s] writing top-level names to nimble_interfaces.egg-info/top_level.txt
[1.940s] reading manifest file 'nimble_interfaces.egg-info/SOURCES.txt'
[1.940s] writing manifest file 'nimble_interfaces.egg-info/SOURCES.txt'
[1.970s] [  2%] Built target ament_cmake_python_build_nimble_interfaces_egg
[2.294s] [  2%] Built target nimble_interfaces__cpp
[2.323s] [  3%] [34m[1mGenerating C++ type support dispatch for ROS interfaces[0m
[2.328s] [  5%] [34m[1mGenerating C++ type support for eProsima Fast-RTPS[0m
[2.332s] [  6%] [34m[1mGenerating C++ introspection for ROS interfaces[0m
[2.372s] [35m[1mConsolidate compiler generated dependencies of target nimble_interfaces__rosidl_generator_c[0m
[2.387s] [  7%] [32mBuilding C object CMakeFiles/nimble_interfaces__rosidl_generator_c.dir/rosidl_generator_c/nimble_interfaces/msg/detail/frame_state__functions.c.o[0m
[2.389s] [  8%] [32mBuilding C object CMakeFiles/nimble_interfaces__rosidl_generator_c.dir/rosidl_generator_c/nimble_interfaces/msg/detail/therapy_requirements__functions.c.o[0m
[2.389s] [ 10%] [32mBuilding C object CMakeFiles/nimble_interfaces__rosidl_generator_c.dir/rosidl_generator_c/nimble_interfaces/msg/detail/joints_trajectory__functions.c.o[0m
[2.389s] [ 11%] [32mBuilding C object CMakeFiles/nimble_interfaces__rosidl_generator_c.dir/rosidl_generator_c/nimble_interfaces/msg/detail/measurements__functions.c.o[0m
[2.398s] [ 12%] [32mBuilding C object CMakeFiles/nimble_interfaces__rosidl_generator_c.dir/rosidl_generator_c/nimble_interfaces/msg/detail/cartesian_trajectory__functions.c.o[0m
[2.469s] [ 13%] [32mBuilding C object CMakeFiles/nimble_interfaces__rosidl_generator_c.dir/rosidl_generator_c/nimble_interfaces/msg/detail/cartesian_full_trajectory__functions.c.o[0m
[2.474s] [ 15%] [32mBuilding C object CMakeFiles/nimble_interfaces__rosidl_generator_c.dir/rosidl_generator_c/nimble_interfaces/srv/detail/traj_generator_service__functions.c.o[0m
[2.534s] [ 16%] [32m[1mLinking C shared library libnimble_interfaces__rosidl_generator_c.so[0m
[2.573s] [ 16%] Built target nimble_interfaces__rosidl_generator_c
[2.584s] [ 17%] [34m[1mGenerating C type support dispatch for ROS interfaces[0m
[2.587s] [ 20%] [34m[1mGenerating C type support for eProsima Fast-RTPS[0m
[2.588s] [ 20%] [34m[1mGenerating C introspection for ROS interfaces[0m
[3.031s] [35m[1mConsolidate compiler generated dependencies of target nimble_interfaces__rosidl_typesupport_introspection_cpp[0m
[3.052s] [ 21%] [32mBuilding CXX object CMakeFiles/nimble_interfaces__rosidl_typesupport_introspection_cpp.dir/rosidl_typesupport_introspection_cpp/nimble_interfaces/msg/detail/measurements__type_support.cpp.o[0m
[3.053s] [ 24%] [32mBuilding CXX object CMakeFiles/nimble_interfaces__rosidl_typesupport_introspection_cpp.dir/rosidl_typesupport_introspection_cpp/nimble_interfaces/msg/detail/therapy_requirements__type_support.cpp.o[0m
[3.053s] [ 24%] [32mBuilding CXX object CMakeFiles/nimble_interfaces__rosidl_typesupport_introspection_cpp.dir/rosidl_typesupport_introspection_cpp/nimble_interfaces/msg/detail/frame_state__type_support.cpp.o[0m
[3.153s] [35m[1mConsolidate compiler generated dependencies of target nimble_interfaces__rosidl_typesupport_cpp[0m
[3.212s] [ 25%] [32mBuilding CXX object CMakeFiles/nimble_interfaces__rosidl_typesupport_cpp.dir/rosidl_typesupport_cpp/nimble_interfaces/msg/measurements__type_support.cpp.o[0m
[3.423s] [35m[1mConsolidate compiler generated dependencies of target nimble_interfaces__rosidl_typesupport_introspection_c[0m
[3.424s] [35m[1mConsolidate compiler generated dependencies of target nimble_interfaces__rosidl_typesupport_c[0m
[3.445s] [ 26%] [32mBuilding CXX object CMakeFiles/nimble_interfaces__rosidl_typesupport_c.dir/rosidl_typesupport_c/nimble_interfaces/msg/measurements__type_support.cpp.o[0m
[3.472s] [ 27%] [32mBuilding C object CMakeFiles/nimble_interfaces__rosidl_typesupport_introspection_c.dir/rosidl_typesupport_introspection_c/nimble_interfaces/msg/detail/measurements__type_support.c.o[0m
[3.530s] [ 29%] [32mBuilding C object CMakeFiles/nimble_interfaces__rosidl_typesupport_introspection_c.dir/rosidl_typesupport_introspection_c/nimble_interfaces/msg/detail/therapy_requirements__type_support.c.o[0m
[3.544s] [ 30%] [32mBuilding CXX object CMakeFiles/nimble_interfaces__rosidl_typesupport_c.dir/rosidl_typesupport_c/nimble_interfaces/msg/therapy_requirements__type_support.cpp.o[0m
[3.565s] [35m[1mConsolidate compiler generated dependencies of target nimble_interfaces__rosidl_typesupport_fastrtps_cpp[0m
[3.601s] [ 31%] [32mBuilding CXX object CMakeFiles/nimble_interfaces__rosidl_typesupport_fastrtps_cpp.dir/rosidl_typesupport_fastrtps_cpp/nimble_interfaces/msg/detail/dds_fastrtps/measurements__type_support.cpp.o[0m
[3.616s] [ 32%] [32mBuilding CXX object CMakeFiles/nimble_interfaces__rosidl_typesupport_c.dir/rosidl_typesupport_c/nimble_interfaces/msg/frame_state__type_support.cpp.o[0m
[3.621s] [ 34%] [32mBuilding C object CMakeFiles/nimble_interfaces__rosidl_typesupport_introspection_c.dir/rosidl_typesupport_introspection_c/nimble_interfaces/msg/detail/frame_state__type_support.c.o[0m
[3.664s] [ 35%] [32mBuilding CXX object CMakeFiles/nimble_interfaces__rosidl_typesupport_c.dir/rosidl_typesupport_c/nimble_interfaces/msg/joints_trajectory__type_support.cpp.o[0m
[3.709s] [ 36%] [32mBuilding C object CMakeFiles/nimble_interfaces__rosidl_typesupport_introspection_c.dir/rosidl_typesupport_introspection_c/nimble_interfaces/msg/detail/joints_trajectory__type_support.c.o[0m
[3.720s] [ 39%] [32mBuilding C object CMakeFiles/nimble_interfaces__rosidl_typesupport_introspection_c.dir/rosidl_typesupport_introspection_c/nimble_interfaces/msg/detail/cartesian_trajectory__type_support.c.o[0m
[3.721s] [ 39%] [32mBuilding CXX object CMakeFiles/nimble_interfaces__rosidl_typesupport_cpp.dir/rosidl_typesupport_cpp/nimble_interfaces/msg/therapy_requirements__type_support.cpp.o[0m
[3.728s] [ 40%] [32mBuilding CXX object CMakeFiles/nimble_interfaces__rosidl_typesupport_c.dir/rosidl_typesupport_c/nimble_interfaces/msg/cartesian_trajectory__type_support.cpp.o[0m
[3.752s] [ 41%] [32mBuilding CXX object CMakeFiles/nimble_interfaces__rosidl_typesupport_introspection_cpp.dir/rosidl_typesupport_introspection_cpp/nimble_interfaces/msg/detail/joints_trajectory__type_support.cpp.o[0m
[3.759s] [ 43%] [32mBuilding CXX object CMakeFiles/nimble_interfaces__rosidl_typesupport_introspection_cpp.dir/rosidl_typesupport_introspection_cpp/nimble_interfaces/msg/detail/cartesian_trajectory__type_support.cpp.o[0m
[3.772s] [ 44%] [32mBuilding C object CMakeFiles/nimble_interfaces__rosidl_typesupport_introspection_c.dir/rosidl_typesupport_introspection_c/nimble_interfaces/msg/detail/cartesian_full_trajectory__type_support.c.o[0m
[3.785s] [ 45%] [32mBuilding CXX object CMakeFiles/nimble_interfaces__rosidl_typesupport_c.dir/rosidl_typesupport_c/nimble_interfaces/msg/cartesian_full_trajectory__type_support.cpp.o[0m
[3.804s] [ 46%] [32mBuilding CXX object CMakeFiles/nimble_interfaces__rosidl_typesupport_c.dir/rosidl_typesupport_c/nimble_interfaces/srv/traj_generator_service__type_support.cpp.o[0m
[3.811s] [35m[1mConsolidate compiler generated dependencies of target nimble_interfaces__rosidl_typesupport_fastrtps_c[0m
[3.841s] [ 48%] [32mBuilding CXX object CMakeFiles/nimble_interfaces__rosidl_typesupport_fastrtps_c.dir/rosidl_typesupport_fastrtps_c/nimble_interfaces/msg/detail/measurements__type_support_c.cpp.o[0m
[3.855s] [ 49%] [32mBuilding CXX object CMakeFiles/nimble_interfaces__rosidl_typesupport_fastrtps_c.dir/rosidl_typesupport_fastrtps_c/nimble_interfaces/msg/detail/therapy_requirements__type_support_c.cpp.o[0m
[3.869s] [ 50%] [32m[1mLinking CXX shared library libnimble_interfaces__rosidl_typesupport_c.so[0m
[3.901s] [ 51%] [32mBuilding C object CMakeFiles/nimble_interfaces__rosidl_typesupport_introspection_c.dir/rosidl_typesupport_introspection_c/nimble_interfaces/srv/detail/traj_generator_service__type_support.c.o[0m
[3.939s] [ 51%] Built target nimble_interfaces__rosidl_typesupport_c
[3.956s] [ 53%] [32mBuilding CXX object CMakeFiles/nimble_interfaces__rosidl_typesupport_fastrtps_c.dir/rosidl_typesupport_fastrtps_c/nimble_interfaces/msg/detail/frame_state__type_support_c.cpp.o[0m
[3.968s] [ 54%] [32m[1mLinking C shared library libnimble_interfaces__rosidl_typesupport_introspection_c.so[0m
[4.021s] [ 54%] Built target nimble_interfaces__rosidl_typesupport_introspection_c
[4.034s] [ 55%] [32mBuilding CXX object CMakeFiles/nimble_interfaces__rosidl_typesupport_fastrtps_c.dir/rosidl_typesupport_fastrtps_c/nimble_interfaces/msg/detail/joints_trajectory__type_support_c.cpp.o[0m
[4.217s] [ 56%] [32mBuilding CXX object CMakeFiles/nimble_interfaces__rosidl_typesupport_cpp.dir/rosidl_typesupport_cpp/nimble_interfaces/msg/frame_state__type_support.cpp.o[0m
[4.299s] [ 58%] [32mBuilding CXX object CMakeFiles/nimble_interfaces__rosidl_typesupport_fastrtps_cpp.dir/rosidl_typesupport_fastrtps_cpp/nimble_interfaces/msg/detail/dds_fastrtps/therapy_requirements__type_support.cpp.o[0m
[4.427s] [ 59%] [32mBuilding CXX object CMakeFiles/nimble_interfaces__rosidl_typesupport_fastrtps_c.dir/rosidl_typesupport_fastrtps_c/nimble_interfaces/msg/detail/cartesian_trajectory__type_support_c.cpp.o[0m
[4.499s] [ 60%] [32mBuilding CXX object CMakeFiles/nimble_interfaces__rosidl_typesupport_fastrtps_c.dir/rosidl_typesupport_fastrtps_c/nimble_interfaces/msg/detail/cartesian_full_trajectory__type_support_c.cpp.o[0m
[4.517s] [ 62%] [32mBuilding CXX object CMakeFiles/nimble_interfaces__rosidl_typesupport_introspection_cpp.dir/rosidl_typesupport_introspection_cpp/nimble_interfaces/msg/detail/cartesian_full_trajectory__type_support.cpp.o[0m
[4.600s] [ 63%] [32mBuilding CXX object CMakeFiles/nimble_interfaces__rosidl_typesupport_introspection_cpp.dir/rosidl_typesupport_introspection_cpp/nimble_interfaces/srv/detail/traj_generator_service__type_support.cpp.o[0m
[4.607s] [ 64%] [32mBuilding CXX object CMakeFiles/nimble_interfaces__rosidl_typesupport_fastrtps_c.dir/rosidl_typesupport_fastrtps_c/nimble_interfaces/srv/detail/traj_generator_service__type_support_c.cpp.o[0m
[4.625s] [ 65%] [32mBuilding CXX object CMakeFiles/nimble_interfaces__rosidl_typesupport_fastrtps_cpp.dir/rosidl_typesupport_fastrtps_cpp/nimble_interfaces/msg/detail/dds_fastrtps/frame_state__type_support.cpp.o[0m
[4.693s] [ 67%] [32mBuilding CXX object CMakeFiles/nimble_interfaces__rosidl_typesupport_cpp.dir/rosidl_typesupport_cpp/nimble_interfaces/msg/joints_trajectory__type_support.cpp.o[0m
[4.987s] [ 68%] [32mBuilding CXX object CMakeFiles/nimble_interfaces__rosidl_typesupport_fastrtps_cpp.dir/rosidl_typesupport_fastrtps_cpp/nimble_interfaces/msg/detail/dds_fastrtps/joints_trajectory__type_support.cpp.o[0m
[5.022s] [ 69%] [32mBuilding CXX object CMakeFiles/nimble_interfaces__rosidl_typesupport_fastrtps_cpp.dir/rosidl_typesupport_fastrtps_cpp/nimble_interfaces/msg/detail/dds_fastrtps/cartesian_trajectory__type_support.cpp.o[0m
[5.197s] [ 70%] [32mBuilding CXX object CMakeFiles/nimble_interfaces__rosidl_typesupport_fastrtps_cpp.dir/rosidl_typesupport_fastrtps_cpp/nimble_interfaces/msg/detail/dds_fastrtps/cartesian_full_trajectory__type_support.cpp.o[0m
[5.207s] [ 72%] [32mBuilding CXX object CMakeFiles/nimble_interfaces__rosidl_typesupport_cpp.dir/rosidl_typesupport_cpp/nimble_interfaces/msg/cartesian_trajectory__type_support.cpp.o[0m
[5.251s] [ 73%] [32m[1mLinking CXX shared library libnimble_interfaces__rosidl_typesupport_fastrtps_c.so[0m
[5.319s] [ 74%] [32mBuilding CXX object CMakeFiles/nimble_interfaces__rosidl_typesupport_cpp.dir/rosidl_typesupport_cpp/nimble_interfaces/msg/cartesian_full_trajectory__type_support.cpp.o[0m
[5.350s] [ 75%] [32mBuilding CXX object CMakeFiles/nimble_interfaces__rosidl_typesupport_fastrtps_cpp.dir/rosidl_typesupport_fastrtps_cpp/nimble_interfaces/srv/detail/dds_fastrtps/traj_generator_service__type_support.cpp.o[0m
[5.420s] [ 75%] Built target nimble_interfaces__rosidl_typesupport_fastrtps_c
[5.433s] [ 77%] [32mBuilding CXX object CMakeFiles/nimble_interfaces__rosidl_typesupport_cpp.dir/rosidl_typesupport_cpp/nimble_interfaces/srv/traj_generator_service__type_support.cpp.o[0m
[5.433s] [ 78%] [32m[1mLinking CXX shared library libnimble_interfaces__rosidl_typesupport_introspection_cpp.so[0m
[5.609s] [ 78%] Built target nimble_interfaces__rosidl_typesupport_introspection_cpp
[5.865s] [ 79%] [32m[1mLinking CXX shared library libnimble_interfaces__rosidl_typesupport_cpp.so[0m
[5.908s] [ 79%] Built target nimble_interfaces__rosidl_typesupport_cpp
[5.937s] [ 81%] [32m[1mLinking CXX shared library libnimble_interfaces__rosidl_typesupport_fastrtps_cpp.so[0m
[6.018s] [ 81%] Built target nimble_interfaces__rosidl_typesupport_fastrtps_cpp
[6.038s] [ 81%] Built target nimble_interfaces
[6.060s] [ 82%] [34m[1mGenerating Python code for ROS interfaces[0m
[7.060s] [ 82%] Built target nimble_interfaces__py
[7.071s] [35m[1mConsolidate compiler generated dependencies of target nimble_interfaces__rosidl_generator_py[0m
[7.090s] [ 83%] [32mBuilding C object CMakeFiles/nimble_interfaces__rosidl_generator_py.dir/rosidl_generator_py/nimble_interfaces/msg/_frame_state_s.c.o[0m
[7.091s] [ 86%] [32mBuilding C object CMakeFiles/nimble_interfaces__rosidl_generator_py.dir/rosidl_generator_py/nimble_interfaces/msg/_measurements_s.c.o[0m
[7.091s] [ 86%] [32mBuilding C object CMakeFiles/nimble_interfaces__rosidl_generator_py.dir/rosidl_generator_py/nimble_interfaces/msg/_therapy_requirements_s.c.o[0m
[7.092s] [ 87%] [32mBuilding C object CMakeFiles/nimble_interfaces__rosidl_generator_py.dir/rosidl_generator_py/nimble_interfaces/msg/_joints_trajectory_s.c.o[0m
[7.092s] [ 88%] [32mBuilding C object CMakeFiles/nimble_interfaces__rosidl_generator_py.dir/rosidl_generator_py/nimble_interfaces/msg/_cartesian_trajectory_s.c.o[0m
[7.093s] [ 89%] [32mBuilding C object CMakeFiles/nimble_interfaces__rosidl_generator_py.dir/rosidl_generator_py/nimble_interfaces/msg/_cartesian_full_trajectory_s.c.o[0m
[7.093s] [ 91%] [32mBuilding C object CMakeFiles/nimble_interfaces__rosidl_generator_py.dir/rosidl_generator_py/nimble_interfaces/srv/_traj_generator_service_s.c.o[0m
[7.298s] [ 92%] [32m[1mLinking C shared library rosidl_generator_py/nimble_interfaces/libnimble_interfaces__rosidl_generator_py.so[0m
[7.339s] [ 92%] Built target nimble_interfaces__rosidl_generator_py
[7.349s] [35m[1mConsolidate compiler generated dependencies of target nimble_interfaces__rosidl_typesupport_c__pyext[0m
[7.350s] [35m[1mConsolidate compiler generated dependencies of target nimble_interfaces__rosidl_typesupport_fastrtps_c__pyext[0m
[7.350s] [35m[1mConsolidate compiler generated dependencies of target nimble_interfaces__rosidl_typesupport_introspection_c__pyext[0m
[7.363s] [ 96%] [32mBuilding C object CMakeFiles/nimble_interfaces__rosidl_typesupport_c__pyext.dir/rosidl_generator_py/nimble_interfaces/_nimble_interfaces_s.ep.rosidl_typesupport_c.c.o[0m
[7.363s] [ 96%] [32mBuilding C object CMakeFiles/nimble_interfaces__rosidl_typesupport_fastrtps_c__pyext.dir/rosidl_generator_py/nimble_interfaces/_nimble_interfaces_s.ep.rosidl_typesupport_fastrtps_c.c.o[0m
[7.363s] [ 96%] [32mBuilding C object CMakeFiles/nimble_interfaces__rosidl_typesupport_introspection_c__pyext.dir/rosidl_generator_py/nimble_interfaces/_nimble_interfaces_s.ep.rosidl_typesupport_introspection_c.c.o[0m
[7.486s] [ 98%] [32m[1mLinking C shared library rosidl_generator_py/nimble_interfaces/nimble_interfaces_s__rosidl_typesupport_fastrtps_c.cpython-310-x86_64-linux-gnu.so[0m
[7.486s] [ 98%] [32m[1mLinking C shared library rosidl_generator_py/nimble_interfaces/nimble_interfaces_s__rosidl_typesupport_c.cpython-310-x86_64-linux-gnu.so[0m
[7.486s] [100%] [32m[1mLinking C shared library rosidl_generator_py/nimble_interfaces/nimble_interfaces_s__rosidl_typesupport_introspection_c.cpython-310-x86_64-linux-gnu.so[0m
[7.527s] [100%] Built target nimble_interfaces__rosidl_typesupport_introspection_c__pyext
[7.527s] [100%] Built target nimble_interfaces__rosidl_typesupport_c__pyext
[7.527s] [100%] Built target nimble_interfaces__rosidl_typesupport_fastrtps_c__pyext
[7.538s] Invoked command in '/home/jcarballeira/nimble_ws/src/build/nimble_interfaces' returned '0': CMAKE_PREFIX_PATH=${CMAKE_PREFIX_PATH}:/home/jcarballeira/evloc_ws/install/evloc:/opt/ros/humble /usr/bin/cmake --build /home/jcarballeira/nimble_ws/src/build/nimble_interfaces -- -j8 -l8
[7.677s] Invoking command in '/home/jcarballeira/nimble_ws/src/build/nimble_interfaces': CMAKE_PREFIX_PATH=${CMAKE_PREFIX_PATH}:/home/jcarballeira/evloc_ws/install/evloc:/opt/ros/humble /usr/bin/cmake --install /home/jcarballeira/nimble_ws/src/build/nimble_interfaces
[7.684s] -- Install configuration: ""
[7.685s] -- Execute custom install script
[7.685s] -- Up-to-date symlink: /home/jcarballeira/nimble_ws/src/install/nimble_interfaces/share/ament_index/resource_index/rosidl_interfaces/nimble_interfaces
[7.686s] -- Up-to-date symlink: /home/jcarballeira/nimble_ws/src/install/nimble_interfaces/include/nimble_interfaces/nimble_interfaces/msg/cartesian_full_trajectory.h
[7.686s] -- Up-to-date symlink: /home/jcarballeira/nimble_ws/src/install/nimble_interfaces/include/nimble_interfaces/nimble_interfaces/msg/cartesian_trajectory.h
[7.686s] -- Up-to-date symlink: /home/jcarballeira/nimble_ws/src/install/nimble_interfaces/include/nimble_interfaces/nimble_interfaces/msg/detail/cartesian_full_trajectory__functions.h
[7.686s] -- Up-to-date symlink: /home/jcarballeira/nimble_ws/src/install/nimble_interfaces/include/nimble_interfaces/nimble_interfaces/msg/detail/cartesian_full_trajectory__struct.h
[7.686s] -- Up-to-date symlink: /home/jcarballeira/nimble_ws/src/install/nimble_interfaces/include/nimble_interfaces/nimble_interfaces/msg/detail/cartesian_full_trajectory__type_support.h
[7.687s] -- Up-to-date symlink: /home/jcarballeira/nimble_ws/src/install/nimble_interfaces/include/nimble_interfaces/nimble_interfaces/msg/detail/cartesian_trajectory__functions.h
[7.687s] -- Up-to-date symlink: /home/jcarballeira/nimble_ws/src/install/nimble_interfaces/include/nimble_interfaces/nimble_interfaces/msg/detail/cartesian_trajectory__struct.h
[7.687s] -- Up-to-date symlink: /home/jcarballeira/nimble_ws/src/install/nimble_interfaces/include/nimble_interfaces/nimble_interfaces/msg/detail/cartesian_trajectory__type_support.h
[7.687s] -- Up-to-date symlink: /home/jcarballeira/nimble_ws/src/install/nimble_interfaces/include/nimble_interfaces/nimble_interfaces/msg/detail/frame_state__functions.h
[7.687s] -- Up-to-date symlink: /home/jcarballeira/nimble_ws/src/install/nimble_interfaces/include/nimble_interfaces/nimble_interfaces/msg/detail/frame_state__struct.h
[7.687s] -- Up-to-date symlink: /home/jcarballeira/nimble_ws/src/install/nimble_interfaces/include/nimble_interfaces/nimble_interfaces/msg/detail/frame_state__type_support.h
[7.687s] -- Up-to-date symlink: /home/jcarballeira/nimble_ws/src/install/nimble_interfaces/include/nimble_interfaces/nimble_interfaces/msg/detail/joints_trajectory__functions.h
[7.687s] -- Up-to-date symlink: /home/jcarballeira/nimble_ws/src/install/nimble_interfaces/include/nimble_interfaces/nimble_interfaces/msg/detail/joints_trajectory__struct.h
[7.688s] -- Up-to-date symlink: /home/jcarballeira/nimble_ws/src/install/nimble_interfaces/include/nimble_interfaces/nimble_interfaces/msg/detail/joints_trajectory__type_support.h
[7.688s] -- Up-to-date symlink: /home/jcarballeira/nimble_ws/src/install/nimble_interfaces/include/nimble_interfaces/nimble_interfaces/msg/detail/measurements__functions.h
[7.688s] -- Up-to-date symlink: /home/jcarballeira/nimble_ws/src/install/nimble_interfaces/include/nimble_interfaces/nimble_interfaces/msg/detail/measurements__struct.h
[7.688s] -- Up-to-date symlink: /home/jcarballeira/nimble_ws/src/install/nimble_interfaces/include/nimble_interfaces/nimble_interfaces/msg/detail/measurements__type_support.h
[7.688s] -- Up-to-date symlink: /home/jcarballeira/nimble_ws/src/install/nimble_interfaces/include/nimble_interfaces/nimble_interfaces/msg/detail/therapy_requirements__functions.h
[7.688s] -- Up-to-date symlink: /home/jcarballeira/nimble_ws/src/install/nimble_interfaces/include/nimble_interfaces/nimble_interfaces/msg/detail/therapy_requirements__struct.h
[7.688s] -- Up-to-date symlink: /home/jcarballeira/nimble_ws/src/install/nimble_interfaces/include/nimble_interfaces/nimble_interfaces/msg/detail/therapy_requirements__type_support.h
[7.688s] -- Up-to-date symlink: /home/jcarballeira/nimble_ws/src/install/nimble_interfaces/include/nimble_interfaces/nimble_interfaces/msg/frame_state.h
[7.688s] -- Up-to-date symlink: /home/jcarballeira/nimble_ws/src/install/nimble_interfaces/include/nimble_interfaces/nimble_interfaces/msg/joints_trajectory.h
[7.689s] -- Up-to-date symlink: /home/jcarballeira/nimble_ws/src/install/nimble_interfaces/include/nimble_interfaces/nimble_interfaces/msg/measurements.h
[7.689s] -- Up-to-date symlink: /home/jcarballeira/nimble_ws/src/install/nimble_interfaces/include/nimble_interfaces/nimble_interfaces/msg/rosidl_generator_c__visibility_control.h
[7.689s] -- Up-to-date symlink: /home/jcarballeira/nimble_ws/src/install/nimble_interfaces/include/nimble_interfaces/nimble_interfaces/msg/therapy_requirements.h
[7.689s] -- Up-to-date symlink: /home/jcarballeira/nimble_ws/src/install/nimble_interfaces/include/nimble_interfaces/nimble_interfaces/srv/detail/traj_generator_service__functions.h
[7.689s] -- Up-to-date symlink: /home/jcarballeira/nimble_ws/src/install/nimble_interfaces/include/nimble_interfaces/nimble_interfaces/srv/detail/traj_generator_service__struct.h
[7.689s] -- Up-to-date symlink: /home/jcarballeira/nimble_ws/src/install/nimble_interfaces/include/nimble_interfaces/nimble_interfaces/srv/detail/traj_generator_service__type_support.h
[7.689s] -- Up-to-date symlink: /home/jcarballeira/nimble_ws/src/install/nimble_interfaces/include/nimble_interfaces/nimble_interfaces/srv/traj_generator_service.h
[7.689s] -- Up-to-date symlink: /home/jcarballeira/nimble_ws/src/install/nimble_interfaces/share/nimble_interfaces/environment/library_path.sh
[7.689s] -- Up-to-date symlink: /home/jcarballeira/nimble_ws/src/install/nimble_interfaces/share/nimble_interfaces/environment/library_path.dsv
[7.690s] -- Up-to-date symlink: /home/jcarballeira/nimble_ws/src/install/nimble_interfaces/include/nimble_interfaces/nimble_interfaces/msg/detail/cartesian_full_trajectory__rosidl_typesupport_fastrtps_c.h
[7.690s] -- Up-to-date symlink: /home/jcarballeira/nimble_ws/src/install/nimble_interfaces/include/nimble_interfaces/nimble_interfaces/msg/detail/cartesian_trajectory__rosidl_typesupport_fastrtps_c.h
[7.690s] -- Up-to-date symlink: /home/jcarballeira/nimble_ws/src/install/nimble_interfaces/include/nimble_interfaces/nimble_interfaces/msg/detail/frame_state__rosidl_typesupport_fastrtps_c.h
[7.690s] -- Up-to-date symlink: /home/jcarballeira/nimble_ws/src/install/nimble_interfaces/include/nimble_interfaces/nimble_interfaces/msg/detail/joints_trajectory__rosidl_typesupport_fastrtps_c.h
[7.690s] -- Up-to-date symlink: /home/jcarballeira/nimble_ws/src/install/nimble_interfaces/include/nimble_interfaces/nimble_interfaces/msg/detail/measurements__rosidl_typesupport_fastrtps_c.h
[7.690s] -- Up-to-date symlink: /home/jcarballeira/nimble_ws/src/install/nimble_interfaces/include/nimble_interfaces/nimble_interfaces/msg/detail/therapy_requirements__rosidl_typesupport_fastrtps_c.h
[7.690s] -- Up-to-date symlink: /home/jcarballeira/nimble_ws/src/install/nimble_interfaces/include/nimble_interfaces/nimble_interfaces/msg/rosidl_typesupport_fastrtps_c__visibility_control.h
[7.690s] -- Up-to-date symlink: /home/jcarballeira/nimble_ws/src/install/nimble_interfaces/include/nimble_interfaces/nimble_interfaces/srv/detail/traj_generator_service__rosidl_typesupport_fastrtps_c.h
[7.691s] -- Up-to-date symlink: /home/jcarballeira/nimble_ws/src/install/nimble_interfaces/include/nimble_interfaces/nimble_interfaces/msg/detail/cartesian_full_trajectory__rosidl_typesupport_introspection_c.h
[7.691s] -- Up-to-date symlink: /home/jcarballeira/nimble_ws/src/install/nimble_interfaces/include/nimble_interfaces/nimble_interfaces/msg/detail/cartesian_trajectory__rosidl_typesupport_introspection_c.h
[7.691s] -- Up-to-date symlink: /home/jcarballeira/nimble_ws/src/install/nimble_interfaces/include/nimble_interfaces/nimble_interfaces/msg/detail/frame_state__rosidl_typesupport_introspection_c.h
[7.691s] -- Up-to-date symlink: /home/jcarballeira/nimble_ws/src/install/nimble_interfaces/include/nimble_interfaces/nimble_interfaces/msg/detail/joints_trajectory__rosidl_typesupport_introspection_c.h
[7.691s] -- Up-to-date symlink: /home/jcarballeira/nimble_ws/src/install/nimble_interfaces/include/nimble_interfaces/nimble_interfaces/msg/detail/measurements__rosidl_typesupport_introspection_c.h
[7.691s] -- Up-to-date symlink: /home/jcarballeira/nimble_ws/src/install/nimble_interfaces/include/nimble_interfaces/nimble_interfaces/msg/detail/therapy_requirements__rosidl_typesupport_introspection_c.h
[7.692s] -- Up-to-date symlink: /home/jcarballeira/nimble_ws/src/install/nimble_interfaces/include/nimble_interfaces/nimble_interfaces/msg/rosidl_typesupport_introspection_c__visibility_control.h
[7.692s] -- Up-to-date symlink: /home/jcarballeira/nimble_ws/src/install/nimble_interfaces/include/nimble_interfaces/nimble_interfaces/srv/detail/traj_generator_service__rosidl_typesupport_introspection_c.h
[7.692s] -- Up-to-date symlink: /home/jcarballeira/nimble_ws/src/install/nimble_interfaces/include/nimble_interfaces/nimble_interfaces/msg/cartesian_full_trajectory.hpp
[7.692s] -- Up-to-date symlink: /home/jcarballeira/nimble_ws/src/install/nimble_interfaces/include/nimble_interfaces/nimble_interfaces/msg/cartesian_trajectory.hpp
[7.692s] -- Up-to-date symlink: /home/jcarballeira/nimble_ws/src/install/nimble_interfaces/include/nimble_interfaces/nimble_interfaces/msg/detail/cartesian_full_trajectory__builder.hpp
[7.692s] -- Up-to-date symlink: /home/jcarballeira/nimble_ws/src/install/nimble_interfaces/include/nimble_interfaces/nimble_interfaces/msg/detail/cartesian_full_trajectory__struct.hpp
[7.693s] -- Up-to-date symlink: /home/jcarballeira/nimble_ws/src/install/nimble_interfaces/include/nimble_interfaces/nimble_interfaces/msg/detail/cartesian_full_trajectory__traits.hpp
[7.693s] -- Up-to-date symlink: /home/jcarballeira/nimble_ws/src/install/nimble_interfaces/include/nimble_interfaces/nimble_interfaces/msg/detail/cartesian_trajectory__builder.hpp
[7.693s] -- Up-to-date symlink: /home/jcarballeira/nimble_ws/src/install/nimble_interfaces/include/nimble_interfaces/nimble_interfaces/msg/detail/cartesian_trajectory__struct.hpp
[7.693s] -- Up-to-date symlink: /home/jcarballeira/nimble_ws/src/install/nimble_interfaces/include/nimble_interfaces/nimble_interfaces/msg/detail/cartesian_trajectory__traits.hpp
[7.693s] -- Up-to-date symlink: /home/jcarballeira/nimble_ws/src/install/nimble_interfaces/include/nimble_interfaces/nimble_interfaces/msg/detail/frame_state__builder.hpp
[7.693s] -- Up-to-date symlink: /home/jcarballeira/nimble_ws/src/install/nimble_interfaces/include/nimble_interfaces/nimble_interfaces/msg/detail/frame_state__struct.hpp
[7.693s] -- Up-to-date symlink: /home/jcarballeira/nimble_ws/src/install/nimble_interfaces/include/nimble_interfaces/nimble_interfaces/msg/detail/frame_state__traits.hpp
[7.694s] -- Up-to-date symlink: /home/jcarballeira/nimble_ws/src/install/nimble_interfaces/include/nimble_interfaces/nimble_interfaces/msg/detail/joints_trajectory__builder.hpp
[7.694s] -- Up-to-date symlink: /home/jcarballeira/nimble_ws/src/install/nimble_interfaces/include/nimble_interfaces/nimble_interfaces/msg/detail/joints_trajectory__struct.hpp
[7.694s] -- Up-to-date symlink: /home/jcarballeira/nimble_ws/src/install/nimble_interfaces/include/nimble_interfaces/nimble_interfaces/msg/detail/joints_trajectory__traits.hpp
[7.694s] -- Up-to-date symlink: /home/jcarballeira/nimble_ws/src/install/nimble_interfaces/include/nimble_interfaces/nimble_interfaces/msg/detail/measurements__builder.hpp
[7.694s] -- Up-to-date symlink: /home/jcarballeira/nimble_ws/src/install/nimble_interfaces/include/nimble_interfaces/nimble_interfaces/msg/detail/measurements__struct.hpp
[7.694s] -- Up-to-date symlink: /home/jcarballeira/nimble_ws/src/install/nimble_interfaces/include/nimble_interfaces/nimble_interfaces/msg/detail/measurements__traits.hpp
[7.694s] -- Up-to-date symlink: /home/jcarballeira/nimble_ws/src/install/nimble_interfaces/include/nimble_interfaces/nimble_interfaces/msg/detail/therapy_requirements__builder.hpp
[7.694s] -- Up-to-date symlink: /home/jcarballeira/nimble_ws/src/install/nimble_interfaces/include/nimble_interfaces/nimble_interfaces/msg/detail/therapy_requirements__struct.hpp
[7.694s] -- Up-to-date symlink: /home/jcarballeira/nimble_ws/src/install/nimble_interfaces/include/nimble_interfaces/nimble_interfaces/msg/detail/therapy_requirements__traits.hpp
[7.695s] -- Up-to-date symlink: /home/jcarballeira/nimble_ws/src/install/nimble_interfaces/include/nimble_interfaces/nimble_interfaces/msg/frame_state.hpp
[7.695s] -- Up-to-date symlink: /home/jcarballeira/nimble_ws/src/install/nimble_interfaces/include/nimble_interfaces/nimble_interfaces/msg/joints_trajectory.hpp
[7.695s] -- Up-to-date symlink: /home/jcarballeira/nimble_ws/src/install/nimble_interfaces/include/nimble_interfaces/nimble_interfaces/msg/measurements.hpp
[7.695s] -- Up-to-date symlink: /home/jcarballeira/nimble_ws/src/install/nimble_interfaces/include/nimble_interfaces/nimble_interfaces/msg/therapy_requirements.hpp
[7.695s] -- Up-to-date symlink: /home/jcarballeira/nimble_ws/src/install/nimble_interfaces/include/nimble_interfaces/nimble_interfaces/srv/detail/traj_generator_service__builder.hpp
[7.695s] -- Up-to-date symlink: /home/jcarballeira/nimble_ws/src/install/nimble_interfaces/include/nimble_interfaces/nimble_interfaces/srv/detail/traj_generator_service__struct.hpp
[7.695s] -- Up-to-date symlink: /home/jcarballeira/nimble_ws/src/install/nimble_interfaces/include/nimble_interfaces/nimble_interfaces/srv/detail/traj_generator_service__traits.hpp
[7.695s] -- Up-to-date symlink: /home/jcarballeira/nimble_ws/src/install/nimble_interfaces/include/nimble_interfaces/nimble_interfaces/srv/traj_generator_service.hpp
[7.696s] -- Up-to-date symlink: /home/jcarballeira/nimble_ws/src/install/nimble_interfaces/include/nimble_interfaces/nimble_interfaces/msg/detail/cartesian_full_trajectory__rosidl_typesupport_fastrtps_cpp.hpp
[7.696s] -- Up-to-date symlink: /home/jcarballeira/nimble_ws/src/install/nimble_interfaces/include/nimble_interfaces/nimble_interfaces/msg/detail/cartesian_trajectory__rosidl_typesupport_fastrtps_cpp.hpp
[7.696s] -- Up-to-date symlink: /home/jcarballeira/nimble_ws/src/install/nimble_interfaces/include/nimble_interfaces/nimble_interfaces/msg/detail/frame_state__rosidl_typesupport_fastrtps_cpp.hpp
[7.696s] -- Up-to-date symlink: /home/jcarballeira/nimble_ws/src/install/nimble_interfaces/include/nimble_interfaces/nimble_interfaces/msg/detail/joints_trajectory__rosidl_typesupport_fastrtps_cpp.hpp
[7.696s] -- Up-to-date symlink: /home/jcarballeira/nimble_ws/src/install/nimble_interfaces/include/nimble_interfaces/nimble_interfaces/msg/detail/measurements__rosidl_typesupport_fastrtps_cpp.hpp
[7.696s] -- Up-to-date symlink: /home/jcarballeira/nimble_ws/src/install/nimble_interfaces/include/nimble_interfaces/nimble_interfaces/msg/detail/therapy_requirements__rosidl_typesupport_fastrtps_cpp.hpp
[7.696s] -- Up-to-date symlink: /home/jcarballeira/nimble_ws/src/install/nimble_interfaces/include/nimble_interfaces/nimble_interfaces/msg/rosidl_typesupport_fastrtps_cpp__visibility_control.h
[7.696s] -- Up-to-date symlink: /home/jcarballeira/nimble_ws/src/install/nimble_interfaces/include/nimble_interfaces/nimble_interfaces/srv/detail/traj_generator_service__rosidl_typesupport_fastrtps_cpp.hpp
[7.697s] -- Up-to-date symlink: /home/jcarballeira/nimble_ws/src/install/nimble_interfaces/include/nimble_interfaces/nimble_interfaces/msg/detail/cartesian_full_trajectory__rosidl_typesupport_introspection_cpp.hpp
[7.697s] -- Up-to-date symlink: /home/jcarballeira/nimble_ws/src/install/nimble_interfaces/include/nimble_interfaces/nimble_interfaces/msg/detail/cartesian_trajectory__rosidl_typesupport_introspection_cpp.hpp
[7.697s] -- Up-to-date symlink: /home/jcarballeira/nimble_ws/src/install/nimble_interfaces/include/nimble_interfaces/nimble_interfaces/msg/detail/frame_state__rosidl_typesupport_introspection_cpp.hpp
[7.697s] -- Up-to-date symlink: /home/jcarballeira/nimble_ws/src/install/nimble_interfaces/include/nimble_interfaces/nimble_interfaces/msg/detail/joints_trajectory__rosidl_typesupport_introspection_cpp.hpp
[7.697s] -- Up-to-date symlink: /home/jcarballeira/nimble_ws/src/install/nimble_interfaces/include/nimble_interfaces/nimble_interfaces/msg/detail/measurements__rosidl_typesupport_introspection_cpp.hpp
[7.697s] -- Up-to-date symlink: /home/jcarballeira/nimble_ws/src/install/nimble_interfaces/include/nimble_interfaces/nimble_interfaces/msg/detail/therapy_requirements__rosidl_typesupport_introspection_cpp.hpp
[7.697s] -- Up-to-date symlink: /home/jcarballeira/nimble_ws/src/install/nimble_interfaces/include/nimble_interfaces/nimble_interfaces/srv/detail/traj_generator_service__rosidl_typesupport_introspection_cpp.hpp
[7.697s] -- Up-to-date symlink: /home/jcarballeira/nimble_ws/src/install/nimble_interfaces/share/nimble_interfaces/environment/pythonpath.sh
[7.698s] -- Up-to-date symlink: /home/jcarballeira/nimble_ws/src/install/nimble_interfaces/share/nimble_interfaces/environment/pythonpath.dsv
[7.698s] -- Up-to-date symlink: /home/jcarballeira/nimble_ws/src/install/nimble_interfaces/local/lib/python3.10/dist-packages/nimble_interfaces-0.0.0-py3.10.egg-info/PKG-INFO
[7.698s] -- Up-to-date symlink: /home/jcarballeira/nimble_ws/src/install/nimble_interfaces/local/lib/python3.10/dist-packages/nimble_interfaces-0.0.0-py3.10.egg-info/SOURCES.txt
[7.698s] -- Up-to-date symlink: /home/jcarballeira/nimble_ws/src/install/nimble_interfaces/local/lib/python3.10/dist-packages/nimble_interfaces-0.0.0-py3.10.egg-info/dependency_links.txt
[7.698s] -- Up-to-date symlink: /home/jcarballeira/nimble_ws/src/install/nimble_interfaces/local/lib/python3.10/dist-packages/nimble_interfaces-0.0.0-py3.10.egg-info/top_level.txt
[7.699s] -- Up-to-date symlink: /home/jcarballeira/nimble_ws/src/install/nimble_interfaces/local/lib/python3.10/dist-packages/nimble_interfaces/__init__.py
[7.699s] -- Up-to-date symlink: /home/jcarballeira/nimble_ws/src/install/nimble_interfaces/local/lib/python3.10/dist-packages/nimble_interfaces/_nimble_interfaces_s.ep.rosidl_typesupport_c.c
[7.699s] -- Up-to-date symlink: /home/jcarballeira/nimble_ws/src/install/nimble_interfaces/local/lib/python3.10/dist-packages/nimble_interfaces/_nimble_interfaces_s.ep.rosidl_typesupport_fastrtps_c.c
[7.699s] -- Up-to-date symlink: /home/jcarballeira/nimble_ws/src/install/nimble_interfaces/local/lib/python3.10/dist-packages/nimble_interfaces/_nimble_interfaces_s.ep.rosidl_typesupport_introspection_c.c
[7.699s] -- Up-to-date symlink: /home/jcarballeira/nimble_ws/src/install/nimble_interfaces/local/lib/python3.10/dist-packages/nimble_interfaces/libnimble_interfaces__rosidl_generator_py.so
[7.700s] -- Up-to-date symlink: /home/jcarballeira/nimble_ws/src/install/nimble_interfaces/local/lib/python3.10/dist-packages/nimble_interfaces/msg/__init__.py
[7.700s] -- Up-to-date symlink: /home/jcarballeira/nimble_ws/src/install/nimble_interfaces/local/lib/python3.10/dist-packages/nimble_interfaces/msg/_cartesian_full_trajectory.py
[7.700s] -- Up-to-date symlink: /home/jcarballeira/nimble_ws/src/install/nimble_interfaces/local/lib/python3.10/dist-packages/nimble_interfaces/msg/_cartesian_full_trajectory_s.c
[7.700s] -- Up-to-date symlink: /home/jcarballeira/nimble_ws/src/install/nimble_interfaces/local/lib/python3.10/dist-packages/nimble_interfaces/msg/_cartesian_trajectory.py
[7.700s] -- Up-to-date symlink: /home/jcarballeira/nimble_ws/src/install/nimble_interfaces/local/lib/python3.10/dist-packages/nimble_interfaces/msg/_cartesian_trajectory_s.c
[7.700s] -- Up-to-date symlink: /home/jcarballeira/nimble_ws/src/install/nimble_interfaces/local/lib/python3.10/dist-packages/nimble_interfaces/msg/_frame_state.py
[7.700s] -- Up-to-date symlink: /home/jcarballeira/nimble_ws/src/install/nimble_interfaces/local/lib/python3.10/dist-packages/nimble_interfaces/msg/_frame_state_s.c
[7.700s] -- Up-to-date symlink: /home/jcarballeira/nimble_ws/src/install/nimble_interfaces/local/lib/python3.10/dist-packages/nimble_interfaces/msg/_joints_trajectory.py
[7.701s] -- Up-to-date symlink: /home/jcarballeira/nimble_ws/src/install/nimble_interfaces/local/lib/python3.10/dist-packages/nimble_interfaces/msg/_joints_trajectory_s.c
[7.701s] -- Up-to-date symlink: /home/jcarballeira/nimble_ws/src/install/nimble_interfaces/local/lib/python3.10/dist-packages/nimble_interfaces/msg/_measurements.py
[7.701s] -- Up-to-date symlink: /home/jcarballeira/nimble_ws/src/install/nimble_interfaces/local/lib/python3.10/dist-packages/nimble_interfaces/msg/_measurements_s.c
[7.701s] -- Up-to-date symlink: /home/jcarballeira/nimble_ws/src/install/nimble_interfaces/local/lib/python3.10/dist-packages/nimble_interfaces/msg/_therapy_requirements.py
[7.701s] -- Up-to-date symlink: /home/jcarballeira/nimble_ws/src/install/nimble_interfaces/local/lib/python3.10/dist-packages/nimble_interfaces/msg/_therapy_requirements_s.c
[7.701s] -- Up-to-date symlink: /home/jcarballeira/nimble_ws/src/install/nimble_interfaces/local/lib/python3.10/dist-packages/nimble_interfaces/nimble_interfaces_s__rosidl_typesupport_c.cpython-310-x86_64-linux-gnu.so
[7.701s] -- Up-to-date symlink: /home/jcarballeira/nimble_ws/src/install/nimble_interfaces/local/lib/python3.10/dist-packages/nimble_interfaces/nimble_interfaces_s__rosidl_typesupport_fastrtps_c.cpython-310-x86_64-linux-gnu.so
[7.701s] -- Up-to-date symlink: /home/jcarballeira/nimble_ws/src/install/nimble_interfaces/local/lib/python3.10/dist-packages/nimble_interfaces/nimble_interfaces_s__rosidl_typesupport_introspection_c.cpython-310-x86_64-linux-gnu.so
[7.701s] -- Up-to-date symlink: /home/jcarballeira/nimble_ws/src/install/nimble_interfaces/local/lib/python3.10/dist-packages/nimble_interfaces/srv/__init__.py
[7.702s] -- Up-to-date symlink: /home/jcarballeira/nimble_ws/src/install/nimble_interfaces/local/lib/python3.10/dist-packages/nimble_interfaces/srv/_traj_generator_service.py
[7.702s] -- Up-to-date symlink: /home/jcarballeira/nimble_ws/src/install/nimble_interfaces/local/lib/python3.10/dist-packages/nimble_interfaces/srv/_traj_generator_service_s.c
[7.702s] -- Up-to-date symlink: /home/jcarballeira/nimble_ws/src/install/nimble_interfaces/local/lib/python3.10/dist-packages/nimble_interfaces/nimble_interfaces_s__rosidl_typesupport_fastrtps_c.cpython-310-x86_64-linux-gnu.so
[7.702s] -- Up-to-date symlink: /home/jcarballeira/nimble_ws/src/install/nimble_interfaces/local/lib/python3.10/dist-packages/nimble_interfaces/nimble_interfaces_s__rosidl_typesupport_introspection_c.cpython-310-x86_64-linux-gnu.so
[7.702s] -- Up-to-date symlink: /home/jcarballeira/nimble_ws/src/install/nimble_interfaces/local/lib/python3.10/dist-packages/nimble_interfaces/nimble_interfaces_s__rosidl_typesupport_c.cpython-310-x86_64-linux-gnu.so
[7.703s] -- Up-to-date symlink: /home/jcarballeira/nimble_ws/src/install/nimble_interfaces/share/nimble_interfaces/msg/Measurements.idl
[7.703s] -- Up-to-date symlink: /home/jcarballeira/nimble_ws/src/install/nimble_interfaces/share/nimble_interfaces/msg/TherapyRequirements.idl
[7.703s] -- Up-to-date symlink: /home/jcarballeira/nimble_ws/src/install/nimble_interfaces/share/nimble_interfaces/msg/FrameState.idl
[7.703s] -- Up-to-date symlink: /home/jcarballeira/nimble_ws/src/install/nimble_interfaces/share/nimble_interfaces/msg/JointsTrajectory.idl
[7.703s] -- Up-to-date symlink: /home/jcarballeira/nimble_ws/src/install/nimble_interfaces/share/nimble_interfaces/msg/CartesianTrajectory.idl
[7.704s] -- Up-to-date symlink: /home/jcarballeira/nimble_ws/src/install/nimble_interfaces/share/nimble_interfaces/msg/CartesianFullTrajectory.idl
[7.704s] -- Up-to-date symlink: /home/jcarballeira/nimble_ws/src/install/nimble_interfaces/share/nimble_interfaces/srv/TrajGeneratorService.idl
[7.704s] -- Up-to-date symlink: /home/jcarballeira/nimble_ws/src/install/nimble_interfaces/share/nimble_interfaces/msg/Measurements.msg
[7.704s] -- Up-to-date symlink: /home/jcarballeira/nimble_ws/src/install/nimble_interfaces/share/nimble_interfaces/msg/TherapyRequirements.msg
[7.704s] -- Up-to-date symlink: /home/jcarballeira/nimble_ws/src/install/nimble_interfaces/share/nimble_interfaces/msg/FrameState.msg
[7.705s] -- Up-to-date symlink: /home/jcarballeira/nimble_ws/src/install/nimble_interfaces/share/nimble_interfaces/msg/JointsTrajectory.msg
[7.705s] -- Up-to-date symlink: /home/jcarballeira/nimble_ws/src/install/nimble_interfaces/share/nimble_interfaces/msg/CartesianTrajectory.msg
[7.705s] -- Up-to-date symlink: /home/jcarballeira/nimble_ws/src/install/nimble_interfaces/share/nimble_interfaces/msg/CartesianFullTrajectory.msg
[7.705s] -- Up-to-date symlink: /home/jcarballeira/nimble_ws/src/install/nimble_interfaces/share/nimble_interfaces/srv/TrajGeneratorService.srv
[7.706s] -- Up-to-date symlink: /home/jcarballeira/nimble_ws/src/install/nimble_interfaces/share/nimble_interfaces/srv/TrajGeneratorService_Request.msg
[7.706s] -- Up-to-date symlink: /home/jcarballeira/nimble_ws/src/install/nimble_interfaces/share/nimble_interfaces/srv/TrajGeneratorService_Response.msg
[7.706s] -- Up-to-date symlink: /home/jcarballeira/nimble_ws/src/install/nimble_interfaces/share/ament_index/resource_index/package_run_dependencies/nimble_interfaces
[7.706s] -- Up-to-date symlink: /home/jcarballeira/nimble_ws/src/install/nimble_interfaces/share/ament_index/resource_index/parent_prefix_path/nimble_interfaces
[7.706s] -- Up-to-date symlink: /home/jcarballeira/nimble_ws/src/install/nimble_interfaces/share/nimble_interfaces/environment/ament_prefix_path.sh
[7.707s] -- Up-to-date symlink: /home/jcarballeira/nimble_ws/src/install/nimble_interfaces/share/nimble_interfaces/environment/ament_prefix_path.dsv
[7.707s] -- Up-to-date symlink: /home/jcarballeira/nimble_ws/src/install/nimble_interfaces/share/nimble_interfaces/environment/path.sh
[7.707s] -- Up-to-date symlink: /home/jcarballeira/nimble_ws/src/install/nimble_interfaces/share/nimble_interfaces/environment/path.dsv
[7.707s] -- Up-to-date symlink: /home/jcarballeira/nimble_ws/src/install/nimble_interfaces/share/nimble_interfaces/local_setup.bash
[7.708s] -- Up-to-date symlink: /home/jcarballeira/nimble_ws/src/install/nimble_interfaces/share/nimble_interfaces/local_setup.sh
[7.708s] -- Up-to-date symlink: /home/jcarballeira/nimble_ws/src/install/nimble_interfaces/share/nimble_interfaces/local_setup.zsh
[7.708s] -- Up-to-date symlink: /home/jcarballeira/nimble_ws/src/install/nimble_interfaces/share/nimble_interfaces/local_setup.dsv
[7.708s] -- Symlinking: /home/jcarballeira/nimble_ws/src/install/nimble_interfaces/share/nimble_interfaces/package.dsv
[7.717s] -- Up-to-date symlink: /home/jcarballeira/nimble_ws/src/install/nimble_interfaces/share/ament_index/resource_index/packages/nimble_interfaces
[7.717s] -- Up-to-date symlink: /home/jcarballeira/nimble_ws/src/install/nimble_interfaces/share/nimble_interfaces/cmake/rosidl_cmake-extras.cmake
[7.717s] -- Up-to-date symlink: /home/jcarballeira/nimble_ws/src/install/nimble_interfaces/share/nimble_interfaces/cmake/ament_cmake_export_dependencies-extras.cmake
[7.717s] -- Up-to-date symlink: /home/jcarballeira/nimble_ws/src/install/nimble_interfaces/share/nimble_interfaces/cmake/ament_cmake_export_include_directories-extras.cmake
[7.717s] -- Up-to-date symlink: /home/jcarballeira/nimble_ws/src/install/nimble_interfaces/share/nimble_interfaces/cmake/ament_cmake_export_libraries-extras.cmake
[7.718s] -- Up-to-date symlink: /home/jcarballeira/nimble_ws/src/install/nimble_interfaces/share/nimble_interfaces/cmake/ament_cmake_export_targets-extras.cmake
[7.718s] -- Up-to-date symlink: /home/jcarballeira/nimble_ws/src/install/nimble_interfaces/share/nimble_interfaces/cmake/rosidl_cmake_export_typesupport_targets-extras.cmake
[7.718s] -- Up-to-date symlink: /home/jcarballeira/nimble_ws/src/install/nimble_interfaces/share/nimble_interfaces/cmake/rosidl_cmake_export_typesupport_libraries-extras.cmake
[7.718s] -- Up-to-date symlink: /home/jcarballeira/nimble_ws/src/install/nimble_interfaces/share/nimble_interfaces/cmake/nimble_interfacesConfig.cmake
[7.718s] -- Up-to-date symlink: /home/jcarballeira/nimble_ws/src/install/nimble_interfaces/share/nimble_interfaces/cmake/nimble_interfacesConfig-version.cmake
[7.718s] -- Up-to-date symlink: /home/jcarballeira/nimble_ws/src/install/nimble_interfaces/share/nimble_interfaces/package.xml
[7.719s] -- Installing: /home/jcarballeira/nimble_ws/src/install/nimble_interfaces/lib/libnimble_interfaces__rosidl_generator_c.so
[7.719s] -- Set runtime path of "/home/jcarballeira/nimble_ws/src/install/nimble_interfaces/lib/libnimble_interfaces__rosidl_generator_c.so" to ""
[7.719s] -- Installing: /home/jcarballeira/nimble_ws/src/install/nimble_interfaces/lib/libnimble_interfaces__rosidl_typesupport_fastrtps_c.so
[7.720s] -- Set runtime path of "/home/jcarballeira/nimble_ws/src/install/nimble_interfaces/lib/libnimble_interfaces__rosidl_typesupport_fastrtps_c.so" to ""
[7.720s] -- Installing: /home/jcarballeira/nimble_ws/src/install/nimble_interfaces/lib/libnimble_interfaces__rosidl_typesupport_introspection_c.so
[7.720s] -- Set runtime path of "/home/jcarballeira/nimble_ws/src/install/nimble_interfaces/lib/libnimble_interfaces__rosidl_typesupport_introspection_c.so" to ""
[7.720s] -- Installing: /home/jcarballeira/nimble_ws/src/install/nimble_interfaces/lib/libnimble_interfaces__rosidl_typesupport_c.so
[7.720s] -- Set runtime path of "/home/jcarballeira/nimble_ws/src/install/nimble_interfaces/lib/libnimble_interfaces__rosidl_typesupport_c.so" to ""
[7.721s] -- Installing: /home/jcarballeira/nimble_ws/src/install/nimble_interfaces/lib/libnimble_interfaces__rosidl_typesupport_fastrtps_cpp.so
[7.721s] -- Set runtime path of "/home/jcarballeira/nimble_ws/src/install/nimble_interfaces/lib/libnimble_interfaces__rosidl_typesupport_fastrtps_cpp.so" to ""
[7.721s] -- Installing: /home/jcarballeira/nimble_ws/src/install/nimble_interfaces/lib/libnimble_interfaces__rosidl_typesupport_introspection_cpp.so
[7.722s] -- Set runtime path of "/home/jcarballeira/nimble_ws/src/install/nimble_interfaces/lib/libnimble_interfaces__rosidl_typesupport_introspection_cpp.so" to ""
[7.722s] -- Installing: /home/jcarballeira/nimble_ws/src/install/nimble_interfaces/lib/libnimble_interfaces__rosidl_typesupport_cpp.so
[7.722s] -- Set runtime path of "/home/jcarballeira/nimble_ws/src/install/nimble_interfaces/lib/libnimble_interfaces__rosidl_typesupport_cpp.so" to ""
[7.765s] Listing '/home/jcarballeira/nimble_ws/src/install/nimble_interfaces/local/lib/python3.10/dist-packages/nimble_interfaces'...
[7.765s] Compiling '/home/jcarballeira/nimble_ws/src/install/nimble_interfaces/local/lib/python3.10/dist-packages/nimble_interfaces/__init__.py'...
[7.766s] Listing '/home/jcarballeira/nimble_ws/src/install/nimble_interfaces/local/lib/python3.10/dist-packages/nimble_interfaces/msg'...
[7.766s] Compiling '/home/jcarballeira/nimble_ws/src/install/nimble_interfaces/local/lib/python3.10/dist-packages/nimble_interfaces/msg/__init__.py'...
[7.766s] Compiling '/home/jcarballeira/nimble_ws/src/install/nimble_interfaces/local/lib/python3.10/dist-packages/nimble_interfaces/msg/_cartesian_full_trajectory.py'...
[7.766s] Compiling '/home/jcarballeira/nimble_ws/src/install/nimble_interfaces/local/lib/python3.10/dist-packages/nimble_interfaces/msg/_cartesian_trajectory.py'...
[7.766s] Compiling '/home/jcarballeira/nimble_ws/src/install/nimble_interfaces/local/lib/python3.10/dist-packages/nimble_interfaces/msg/_frame_state.py'...
[7.766s] Compiling '/home/jcarballeira/nimble_ws/src/install/nimble_interfaces/local/lib/python3.10/dist-packages/nimble_interfaces/msg/_joints_trajectory.py'...
[7.766s] Compiling '/home/jcarballeira/nimble_ws/src/install/nimble_interfaces/local/lib/python3.10/dist-packages/nimble_interfaces/msg/_measurements.py'...
[7.766s] Compiling '/home/jcarballeira/nimble_ws/src/install/nimble_interfaces/local/lib/python3.10/dist-packages/nimble_interfaces/msg/_therapy_requirements.py'...
[7.766s] Listing '/home/jcarballeira/nimble_ws/src/install/nimble_interfaces/local/lib/python3.10/dist-packages/nimble_interfaces/srv'...
[7.766s] Compiling '/home/jcarballeira/nimble_ws/src/install/nimble_interfaces/local/lib/python3.10/dist-packages/nimble_interfaces/srv/__init__.py'...
[7.766s] Compiling '/home/jcarballeira/nimble_ws/src/install/nimble_interfaces/local/lib/python3.10/dist-packages/nimble_interfaces/srv/_traj_generator_service.py'...
[7.770s] -- Installing: /home/jcarballeira/nimble_ws/src/install/nimble_interfaces/lib/libnimble_interfaces__rosidl_generator_py.so
[7.771s] -- Set runtime path of "/home/jcarballeira/nimble_ws/src/install/nimble_interfaces/lib/libnimble_interfaces__rosidl_generator_py.so" to ""
[7.771s] -- Up-to-date: /home/jcarballeira/nimble_ws/src/install/nimble_interfaces/share/nimble_interfaces/cmake/export_nimble_interfaces__rosidl_generator_cExport.cmake
[7.771s] -- Up-to-date: /home/jcarballeira/nimble_ws/src/install/nimble_interfaces/share/nimble_interfaces/cmake/export_nimble_interfaces__rosidl_generator_cExport-noconfig.cmake
[7.771s] -- Up-to-date: /home/jcarballeira/nimble_ws/src/install/nimble_interfaces/share/nimble_interfaces/cmake/export_nimble_interfaces__rosidl_typesupport_fastrtps_cExport.cmake
[7.771s] -- Up-to-date: /home/jcarballeira/nimble_ws/src/install/nimble_interfaces/share/nimble_interfaces/cmake/export_nimble_interfaces__rosidl_typesupport_fastrtps_cExport-noconfig.cmake
[7.771s] -- Up-to-date: /home/jcarballeira/nimble_ws/src/install/nimble_interfaces/share/nimble_interfaces/cmake/nimble_interfaces__rosidl_typesupport_introspection_cExport.cmake
[7.771s] -- Up-to-date: /home/jcarballeira/nimble_ws/src/install/nimble_interfaces/share/nimble_interfaces/cmake/nimble_interfaces__rosidl_typesupport_introspection_cExport-noconfig.cmake
[7.772s] -- Up-to-date: /home/jcarballeira/nimble_ws/src/install/nimble_interfaces/share/nimble_interfaces/cmake/nimble_interfaces__rosidl_typesupport_cExport.cmake
[7.772s] -- Up-to-date: /home/jcarballeira/nimble_ws/src/install/nimble_interfaces/share/nimble_interfaces/cmake/nimble_interfaces__rosidl_typesupport_cExport-noconfig.cmake
[7.772s] -- Up-to-date: /home/jcarballeira/nimble_ws/src/install/nimble_interfaces/share/nimble_interfaces/cmake/export_nimble_interfaces__rosidl_generator_cppExport.cmake
[7.772s] -- Up-to-date: /home/jcarballeira/nimble_ws/src/install/nimble_interfaces/share/nimble_interfaces/cmake/export_nimble_interfaces__rosidl_typesupport_fastrtps_cppExport.cmake
[7.772s] -- Up-to-date: /home/jcarballeira/nimble_ws/src/install/nimble_interfaces/share/nimble_interfaces/cmake/export_nimble_interfaces__rosidl_typesupport_fastrtps_cppExport-noconfig.cmake
[7.772s] -- Up-to-date: /home/jcarballeira/nimble_ws/src/install/nimble_interfaces/share/nimble_interfaces/cmake/nimble_interfaces__rosidl_typesupport_introspection_cppExport.cmake
[7.772s] -- Up-to-date: /home/jcarballeira/nimble_ws/src/install/nimble_interfaces/share/nimble_interfaces/cmake/nimble_interfaces__rosidl_typesupport_introspection_cppExport-noconfig.cmake
[7.772s] -- Up-to-date: /home/jcarballeira/nimble_ws/src/install/nimble_interfaces/share/nimble_interfaces/cmake/nimble_interfaces__rosidl_typesupport_cppExport.cmake
[7.772s] -- Up-to-date: /home/jcarballeira/nimble_ws/src/install/nimble_interfaces/share/nimble_interfaces/cmake/nimble_interfaces__rosidl_typesupport_cppExport-noconfig.cmake
[7.772s] -- Up-to-date: /home/jcarballeira/nimble_ws/src/install/nimble_interfaces/share/nimble_interfaces/cmake/export_nimble_interfaces__rosidl_generator_pyExport.cmake
[7.772s] -- Up-to-date: /home/jcarballeira/nimble_ws/src/install/nimble_interfaces/share/nimble_interfaces/cmake/export_nimble_interfaces__rosidl_generator_pyExport-noconfig.cmake
[7.774s] Invoked command in '/home/jcarballeira/nimble_ws/src/build/nimble_interfaces' returned '0': CMAKE_PREFIX_PATH=${CMAKE_PREFIX_PATH}:/home/jcarballeira/evloc_ws/install/evloc:/opt/ros/humble /usr/bin/cmake --install /home/jcarballeira/nimble_ws/src/build/nimble_interfaces
