[0.014s] Invoking command in '/home/jaime/MotorControl/uros_ws/build/micro_ros_msgs': CMAKE_PREFIX_PATH=${CMAKE_PREFIX_PATH}:/opt/ros/humble PS1=\[\033[01;32m\]\u@\h \[\033[01;34m\]\w \[\033[31m\]`git branch 2> /dev/null | grep -e ^* | sed -E s/^\\\\\*\ \(.+\)$/\(\\\\\1\)\ /`\[\033[35m\]$\[\033[00m\] /usr/bin/cmake --build /home/jaime/MotorControl/uros_ws/build/micro_ros_msgs -- -j8 -l8
[0.066s] [ 10%] Built target micro_ros_msgs__rosidl_generator_c
[0.068s] [ 12%] Built target micro_ros_msgs__cpp
[0.079s] [ 12%] Built target ament_cmake_python_copy_micro_ros_msgs
[0.099s] [ 23%] Built target micro_ros_msgs__rosidl_typesupport_introspection_c
[0.103s] [ 34%] Built target micro_ros_msgs__rosidl_typesupport_fastrtps_c
[0.104s] [ 44%] Built target micro_ros_msgs__rosidl_typesupport_c
[0.104s] [ 55%] Built target micro_ros_msgs__rosidl_typesupport_cpp
[0.109s] [ 65%] Built target micro_ros_msgs__rosidl_typesupport_fastrtps_cpp
[0.115s] [ 76%] Built target micro_ros_msgs__rosidl_typesupport_introspection_cpp
[0.139s] [ 76%] Built target micro_ros_msgs
[0.162s] [ 78%] Built target micro_ros_msgs__py
[0.186s] [ 87%] Built target micro_ros_msgs__rosidl_generator_py
[0.211s] [ 91%] Built target micro_ros_msgs__rosidl_typesupport_introspection_c__pyext
[0.211s] [ 95%] Built target micro_ros_msgs__rosidl_typesupport_fastrtps_c__pyext
[0.221s] [100%] Built target micro_ros_msgs__rosidl_typesupport_c__pyext
[0.319s] running egg_info
[0.320s] writing micro_ros_msgs.egg-info/PKG-INFO
[0.320s] writing dependency_links to micro_ros_msgs.egg-info/dependency_links.txt
[0.320s] writing top-level names to micro_ros_msgs.egg-info/top_level.txt
[0.322s] reading manifest file 'micro_ros_msgs.egg-info/SOURCES.txt'
[0.322s] writing manifest file 'micro_ros_msgs.egg-info/SOURCES.txt'
[0.348s] [100%] Built target ament_cmake_python_build_micro_ros_msgs_egg
[0.358s] Invoked command in '/home/jaime/MotorControl/uros_ws/build/micro_ros_msgs' returned '0': CMAKE_PREFIX_PATH=${CMAKE_PREFIX_PATH}:/opt/ros/humble PS1=\[\033[01;32m\]\u@\h \[\033[01;34m\]\w \[\033[31m\]`git branch 2> /dev/null | grep -e ^* | sed -E s/^\\\\\*\ \(.+\)$/\(\\\\\1\)\ /`\[\033[35m\]$\[\033[00m\] /usr/bin/cmake --build /home/jaime/MotorControl/uros_ws/build/micro_ros_msgs -- -j8 -l8
