[0.108s] Invoking command in '/home/jcarballeira/nimble_ws/src/build/nimble': AMENT_PREFIX_PATH=/home/jcarballeira/nimble_ws/src/install/nimble_interfaces:${AMENT_PREFIX_PATH} CMAKE_PREFIX_PATH=/home/jcarballeira/nimble_ws/src/install/nimble_interfaces:/home/jcarballeira/nimble_ws/install/nimble:/home/jcarballeira/nimble_ws/install/nimble_interfaces:/home/jcarballeira/evloc_ws/install/evloc:/opt/ros/humble LD_LIBRARY_PATH=/home/jcarballeira/nimble_ws/src/install/nimble_interfaces/lib:${LD_LIBRARY_PATH} PYTHONPATH=/home/jcarballeira/nimble_ws/src/install/nimble_interfaces/local/lib/python3.10/dist-packages:${PYTHONPATH} /usr/bin/cmake --build /home/jcarballeira/nimble_ws/src/build/nimble -- -j8 -l8
[0.157s] [35m[1mConsolidate compiler generated dependencies of target states_machine[0m
[0.176s] [ 18%] Built target control_ZMP
[0.177s] [ 25%] Built target control_MSD
[0.178s] [ 37%] Built target frame
[0.178s] [ 50%] Built target kinematic_model
[0.185s] [ 62%] Built target cables_robot
[0.185s] [ 75%] Built target gamming
[0.185s] [ 81%] [32mBuilding CXX object CMakeFiles/states_machine.dir/src/states_machine.cpp.o[0m
[0.188s] [ 87%] [32mBuilding CXX object CMakeFiles/traj_generator_server.dir/src/traj_generator_service.cpp.o[0m
[3.508s] [01m[K/home/jcarballeira/nimble_ws/src/nimble/src/states_machine.cpp:[m[K In member function ‘[01m[Kvoid stateMachine::StatesMachineNode::call_TrajGenerationService(const Measurements&, const TherapyRequirements&)[m[K’:
[3.508s] [01m[K/home/jcarballeira/nimble_ws/src/nimble/src/states_machine.cpp:192:52:[m[K [01;31m[Kerror: [m[Kno match for ‘[01m[Koperator=[m[K’ (operand types are ‘[01m[Knimble_interfaces::msg::JointsTrajectory[m[K’ {aka ‘[01m[Knimble_interfaces::msg::JointsTrajectory_<std::allocator<void> >[m[K’} and ‘[01m[Knimble_interfaces::srv::TrajGeneratorService_Response_<std::allocator<void> >::_joints_trajectory_type[m[K’ {aka ‘[01m[Ktrajectory_msgs::msg::JointTrajectory_<std::allocator<void> >[m[K’})
[3.508s]   192 |     shared_data_.joints_trajectory = result.get()->[01;31m[Kjoints_trajectory[m[K;
[3.508s]       |                                                    [01;31m[K^~~~~~~~~~~~~~~~~[m[K
[3.508s] In file included from [01m[K/home/jcarballeira/nimble_ws/src/build/nimble_interfaces/rosidl_generator_cpp/nimble_interfaces/msg/joints_trajectory.hpp:7[m[K,
[3.508s]                  from [01m[K/home/jcarballeira/nimble_ws/src/nimble/include/state_machine/stateMachine.hpp:15[m[K,
[3.508s]                  from [01m[K/home/jcarballeira/nimble_ws/src/nimble/src/states_machine.cpp:8[m[K:
[3.509s] [01m[K/home/jcarballeira/nimble_ws/src/build/nimble_interfaces/rosidl_generator_cpp/nimble_interfaces/msg/detail/joints_trajectory__struct.hpp:40:8:[m[K [01;36m[Knote: [m[Kcandidate: ‘[01m[Knimble_interfaces::msg::JointsTrajectory_<std::allocator<void> >& nimble_interfaces::msg::JointsTrajectory_<std::allocator<void> >::operator=(const nimble_interfaces::msg::JointsTrajectory_<std::allocator<void> >&)[m[K’
[3.509s]    40 | struct [01;36m[KJointsTrajectory_[m[K
[3.509s]       |        [01;36m[K^~~~~~~~~~~~~~~~~[m[K
[3.509s] [01m[K/home/jcarballeira/nimble_ws/src/build/nimble_interfaces/rosidl_generator_cpp/nimble_interfaces/msg/detail/joints_trajectory__struct.hpp:40:8:[m[K [01;36m[Knote: [m[K  no known conversion for argument 1 from ‘[01m[Knimble_interfaces::srv::TrajGeneratorService_Response_<std::allocator<void> >::_joints_trajectory_type[m[K’ {aka ‘[01m[Ktrajectory_msgs::msg::JointTrajectory_<std::allocator<void> >[m[K’} to ‘[01m[Kconst nimble_interfaces::msg::JointsTrajectory_<std::allocator<void> >&[m[K’
[3.509s] [01m[K/home/jcarballeira/nimble_ws/src/build/nimble_interfaces/rosidl_generator_cpp/nimble_interfaces/msg/detail/joints_trajectory__struct.hpp:40:8:[m[K [01;36m[Knote: [m[Kcandidate: ‘[01m[Knimble_interfaces::msg::JointsTrajectory_<std::allocator<void> >& nimble_interfaces::msg::JointsTrajectory_<std::allocator<void> >::operator=(nimble_interfaces::msg::JointsTrajectory_<std::allocator<void> >&&)[m[K’
[3.509s] [01m[K/home/jcarballeira/nimble_ws/src/build/nimble_interfaces/rosidl_generator_cpp/nimble_interfaces/msg/detail/joints_trajectory__struct.hpp:40:8:[m[K [01;36m[Knote: [m[K  no known conversion for argument 1 from ‘[01m[Knimble_interfaces::srv::TrajGeneratorService_Response_<std::allocator<void> >::_joints_trajectory_type[m[K’ {aka ‘[01m[Ktrajectory_msgs::msg::JointTrajectory_<std::allocator<void> >[m[K’} to ‘[01m[Knimble_interfaces::msg::JointsTrajectory_<std::allocator<void> >&&[m[K’
[3.509s] [01m[K/home/jcarballeira/nimble_ws/src/nimble/src/states_machine.cpp:203:15:[m[K [01;31m[Kerror: [m[K‘[01m[Kstruct std_msgs::msg::Float32MultiArray_<std::allocator<void> >[m[K’ has no member named ‘[01m[Kpush_back[m[K’
[3.509s]   203 |         phase.[01;31m[Kpush_back[m[K(i);
[3.509s]       |               [01;31m[K^~~~~~~~~[m[K
[3.509s] [01m[K/home/jcarballeira/nimble_ws/src/nimble/src/states_machine.cpp:205:38:[m[K [01;31m[Kerror: [m[Kexpected ‘[01m[K;[m[K’ before ‘[01m[K}[m[K’ token
[3.509s]   205 |         traj.points.push_back(target)
[3.509s]       |                                      [01;31m[K^[m[K
[3.509s]       |                                      [32m[K;[m[K
[3.509s]   206 |     [32m[K}[m[K
[3.510s]       |     [32m[K~[m[K                                 
[3.510s] [01m[K/home/jcarballeira/nimble_ws/src/nimble/src/states_machine.cpp:211:42:[m[K [01;31m[Kerror: [m[Kqualified-id in declaration before ‘[01m[K([m[K’ token
[3.510s]   211 | float StatesMachineNode::get_step_percent[01;31m[K([m[K) {
[3.510s]       |                                          [01;31m[K^[m[K
[3.510s] [01m[K/home/jcarballeira/nimble_ws/src/nimble/src/states_machine.cpp:240:85:[m[K [01;31m[Kerror: [m[Kqualified-id in declaration before ‘[01m[K([m[K’ token
[3.510s]   240 | trajectory_msgs::msg::JointTrajectoryPoint StatesMachineNode::get_actual_joint_state[01;31m[K([m[Kfloat step_percent) {
[3.510s]       |                                                                                     [01;31m[K^[m[K
[3.510s] [01m[K/home/jcarballeira/nimble_ws/src/nimble/src/states_machine.cpp:280:47:[m[K [01;31m[Kerror: [m[Kqualified-id in declaration before ‘[01m[K([m[K’ token
[3.510s]   280 | void StatesMachineNode::call_back_joints_state[01;31m[K([m[Kconst sensor_msgs::msg::JointState& joint_state_msg) {
[3.510s]       |                                               [01;31m[K^[m[K
[3.511s] [01m[K/home/jcarballeira/nimble_ws/src/nimble/src/states_machine.cpp:285:55:[m[K [01;31m[Kerror: [m[Kqualified-id in declaration before ‘[01m[K([m[K’ token
[3.511s]   285 | void StatesMachineNode::call_back_cartesian_trajectory[01;31m[K([m[Kconst nimble_interfaces::msg::CartesianTrajectory& cartesian_trajectory_msg) {
[3.511s]       |                                                       [01;31m[K^[m[K
[3.511s] [01m[K/home/jcarballeira/nimble_ws/src/nimble/src/states_machine.cpp:289:50:[m[K [01;31m[Kerror: [m[Kqualified-id in declaration before ‘[01m[K([m[K’ token
[3.511s]   289 | void StatesMachineNode::call_back_cartesian_state[01;31m[K([m[Kconst nimble_interfaces::msg::CartesianTrajectory& cartesian_state_msg) {
[3.511s]       |                                                  [01;31m[K^[m[K
[3.511s] [01m[K/home/jcarballeira/nimble_ws/src/nimble/src/states_machine.cpp:294:47:[m[K [01;31m[Kerror: [m[Kqualified-id in declaration before ‘[01m[K([m[K’ token
[3.511s]   294 | void StatesMachineNode::call_back_state_cables[01;31m[K([m[Kconst sensor_msgs::msg::JointState& joint_state_cables_msg) {
[3.511s]       |                                               [01;31m[K^[m[K
[3.511s] [01m[K/home/jcarballeira/nimble_ws/src/nimble/src/states_machine.cpp:299:46:[m[K [01;31m[Kerror: [m[Kqualified-id in declaration before ‘[01m[K([m[K’ token
[3.511s]   299 | void StatesMachineNode::call_back_step_target[01;31m[K([m[Kconst nimble_interfaces::msg::TherapyRequirements& step_target_msg) {
[3.511s]       |                                              [01;31m[K^[m[K
[3.511s] [01m[K/home/jcarballeira/nimble_ws/src/nimble/src/states_machine.cpp:304:55:[m[K [01;31m[Kerror: [m[Kqualified-id in declaration before ‘[01m[K([m[K’ token
[3.512s]   304 | void StatesMachineNode::call_back_therapy_requirements[01;31m[K([m[Kconst nimble_interfaces::msg::TherapyRequirements&therapy_requirements_msg) {
[3.512s]       |                                                       [01;31m[K^[m[K
[3.512s] [01m[K/home/jcarballeira/nimble_ws/src/nimble/src/states_machine.cpp:309:47:[m[K [01;31m[Kerror: [m[Kqualified-id in declaration before ‘[01m[K([m[K’ token
[3.512s]   309 | void StatesMachineNode::call_back_measurements[01;31m[K([m[Kconst nimble_interfaces::msg::Measurements& measurements_msg) {
[3.512s]       |                                               [01;31m[K^[m[K
[3.512s] [01m[K/home/jcarballeira/nimble_ws/src/nimble/src/states_machine.cpp:314:53:[m[K [01;31m[Kerror: [m[Kqualified-id in declaration before ‘[01m[K([m[K’ token
[3.512s]   314 | void StatesMachineNode::call_back_interaction_torque[01;31m[K([m[Kconst std_msgs::msg::Float32MultiArray& interaction_torque_msg) {
[3.512s]       |                                                     [01;31m[K^[m[K
[3.512s] [01m[K/home/jcarballeira/nimble_ws/src/nimble/src/states_machine.cpp:319:38:[m[K [01;31m[Kerror: [m[Kqualified-id in declaration before ‘[01m[K([m[K’ token
[3.512s]   319 | void StatesMachineNode::call_back_FSR[01;31m[K([m[Kconst std_msgs::msg::ByteMultiArray& FSR_msg) {
[3.512s]       |                                      [01;31m[K^[m[K
[3.512s] [01m[K/home/jcarballeira/nimble_ws/src/nimble/src/states_machine.cpp:324:56:[m[K [01;31m[Kerror: [m[Kqualified-id in declaration before ‘[01m[K([m[K’ token
[3.513s]   324 | void StatesMachineNode::call_back_joints_current_target[01;31m[K([m[K) {
[3.513s]       |                                                        [01;31m[K^[m[K
[3.513s] [01m[K/home/jcarballeira/nimble_ws/src/nimble/src/states_machine.cpp:339:58:[m[K [01;31m[Kerror: [m[Kqualified-id in declaration before ‘[01m[K([m[K’ token
[3.513s]   339 | void StatesMachineNode::call_back_joints_trajectory_timer[01;31m[K([m[K) {
[3.513s]       |                                                          [01;31m[K^[m[K
[3.513s] [01m[K/home/jcarballeira/nimble_ws/src/nimble/src/states_machine.cpp:350:36:[m[K [01;31m[Kerror: [m[Kqualified-id in declaration before ‘[01m[K([m[K’ token
[3.513s]   350 | void StatesMachineNode::processData[01;31m[K([m[K) {
[3.513s]       |                                    [01;31m[K^[m[K
[3.514s] [01m[K/home/jcarballeira/nimble_ws/src/nimble/src/states_machine.cpp:[m[K At global scope:
[3.514s] [01m[K/home/jcarballeira/nimble_ws/src/nimble/src/states_machine.cpp:379:2:[m[K [01;31m[Kerror: [m[Kexpected ‘[01m[K}[m[K’ at end of input
[3.514s]   379 | }
[3.514s]       |  [01;31m[K^[m[K
[3.514s] [01m[K/home/jcarballeira/nimble_ws/src/nimble/src/states_machine.cpp:12:24:[m[K [01;36m[Knote: [m[Kto match this ‘[01m[K{[m[K’
[3.514s]    12 | namespace stateMachine [01;36m[K{[m[K
[3.514s]       |                        [01;36m[K^[m[K
[4.751s] [ 93%] [32m[1mLinking CXX executable traj_generator_server[0m
[4.971s] [ 93%] Built target traj_generator_server
[12.891s] gmake[2]: *** [CMakeFiles/states_machine.dir/build.make:76: CMakeFiles/states_machine.dir/src/states_machine.cpp.o] Error 1
[12.891s] gmake[1]: *** [CMakeFiles/Makefile2:177: CMakeFiles/states_machine.dir/all] Error 2
[12.891s] gmake: *** [Makefile:146: all] Error 2
[12.894s] Invoked command in '/home/jcarballeira/nimble_ws/src/build/nimble' returned '2': AMENT_PREFIX_PATH=/home/jcarballeira/nimble_ws/src/install/nimble_interfaces:${AMENT_PREFIX_PATH} CMAKE_PREFIX_PATH=/home/jcarballeira/nimble_ws/src/install/nimble_interfaces:/home/jcarballeira/nimble_ws/install/nimble:/home/jcarballeira/nimble_ws/install/nimble_interfaces:/home/jcarballeira/evloc_ws/install/evloc:/opt/ros/humble LD_LIBRARY_PATH=/home/jcarballeira/nimble_ws/src/install/nimble_interfaces/lib:${LD_LIBRARY_PATH} PYTHONPATH=/home/jcarballeira/nimble_ws/src/install/nimble_interfaces/local/lib/python3.10/dist-packages:${PYTHONPATH} /usr/bin/cmake --build /home/jcarballeira/nimble_ws/src/build/nimble -- -j8 -l8
