[35m[1mConsolidate compiler generated dependencies of target states_machine[0m
[ 12%] Built target frame
[ 37%] Built target kinematic_model
[ 43%] Built target cables_robot
[ 56%] Built target control_MSD
[ 68%] Built target gamming
[ 75%] Built target control_ZMP
[ 93%] Built target traj_generator_server
[ 93%] [32mBuilding CXX object CMakeFiles/states_machine.dir/src/states_machine.cpp.o[0m
[01m[K/home/jcarballeira/nimble_ws/src/nimble/src/states_machine.cpp:[m[K In member function ‘[01m[Kvoid stateMachine::StatesMachineNode::call_TrajGenerationService(const Measurements&, const TherapyRequirements&)[m[K’:
[01m[K/home/jcarballeira/nimble_ws/src/nimble/src/states_machine.cpp:203:15:[m[K [01;31m[Kerror: [m[K‘[01m[Kstruct std_msgs::msg::Float32MultiArray_<std::allocator<void> >[m[K’ has no member named ‘[01m[Kpush_back[m[K’
  203 |         phase.[01;31m[Kpush_back[m[K(i);
      |               [01;31m[K^~~~~~~~~[m[K
[01m[K/home/jcarballeira/nimble_ws/src/nimble/src/states_machine.cpp:[m[K In member function ‘[01m[Ktrajectory_msgs::msg::JointTrajectoryPoint stateMachine::StatesMachineNode::get_actual_joint_state(float)[m[K’:
[01m[K/home/jcarballeira/nimble_ws/src/nimble/src/states_machine.cpp:243:35:[m[K [01;31m[Kerror: [m[K‘[01m[Kstruct stateMachine::SharedData[m[K’ has no member named ‘[01m[Kjoints_target[m[K’; did you mean ‘[01m[Kjoints_state[m[K’?
  243 |     int num_joints = shared_data_.[01;31m[Kjoints_target[m[K.points[0].positions.size();
      |                                   [01;31m[K^~~~~~~~~~~~~[m[K
      |                                   [32m[Kjoints_state[m[K
[01m[K/home/jcarballeira/nimble_ws/src/nimble/src/states_machine.cpp:244:53:[m[K [01;31m[Kerror: [m[K‘[01m[Kusing JointsTrajectory = struct nimble_interfaces::msg::JointsTrajectory_<std::allocator<void> >[m[K’ {aka ‘[01m[Kstruct nimble_interfaces::msg::JointsTrajectory_<std::allocator<void> >[m[K’} has no member named ‘[01m[Kpoints[m[K’
  244 |     int num_points = shared_data_.joints_trajectory.[01;31m[Kpoints[m[K.size();
      |                                                     [01;31m[K^~~~~~[m[K
[01m[K/home/jcarballeira/nimble_ws/src/nimble/src/states_machine.cpp:251:48:[m[K [01;31m[Kerror: [m[K‘[01m[Kusing JointsTrajectory = struct nimble_interfaces::msg::JointsTrajectory_<std::allocator<void> >[m[K’ {aka ‘[01m[Kstruct nimble_interfaces::msg::JointsTrajectory_<std::allocator<void> >[m[K’} has no member named ‘[01m[Kpoints[m[K’
  251 |         point = shared_data_.joints_trajectory.[01;31m[Kpoints[m[K[int(index)];
      |                                                [01;31m[K^~~~~~[m[K
[01m[K/home/jcarballeira/nimble_ws/src/nimble/src/states_machine.cpp:265:62:[m[K [01;31m[Kerror: [m[K‘[01m[Kusing JointsTrajectory = struct nimble_interfaces::msg::JointsTrajectory_<std::allocator<void> >[m[K’ {aka ‘[01m[Kstruct nimble_interfaces::msg::JointsTrajectory_<std::allocator<void> >[m[K’} has no member named ‘[01m[Kpoints[m[K’
  265 |             float floorPose = shared_data_.joints_trajectory.[01;31m[Kpoints[m[K[floorIndex].positions[i];
      |                                                              [01;31m[K^~~~~~[m[K
[01m[K/home/jcarballeira/nimble_ws/src/nimble/src/states_machine.cpp:266:61:[m[K [01;31m[Kerror: [m[K‘[01m[Kusing JointsTrajectory = struct nimble_interfaces::msg::JointsTrajectory_<std::allocator<void> >[m[K’ {aka ‘[01m[Kstruct nimble_interfaces::msg::JointsTrajectory_<std::allocator<void> >[m[K’} has no member named ‘[01m[Kpoints[m[K’
  266 |             float ceilPose = shared_data_.joints_trajectory.[01;31m[Kpoints[m[K[ceilIndex].positions[i];
      |                                                             [01;31m[K^~~~~~[m[K
[01m[K/home/jcarballeira/nimble_ws/src/nimble/src/states_machine.cpp:[m[K In member function ‘[01m[Kvoid stateMachine::StatesMachineNode::call_back_cartesian_trajectory(const CartesianTrajectory&)[m[K’:
[01m[K/home/jcarballeira/nimble_ws/src/nimble/src/states_machine.cpp:286:16:[m[K [01;31m[Kerror: [m[K‘[01m[Kstruct stateMachine::SharedData[m[K’ has no member named ‘[01m[Kcartesian_trajectory[m[K’; did you mean ‘[01m[Kcartesian_target[m[K’?
  286 |   shared_data_.[01;31m[Kcartesian_trajectory[m[K = cartesian_trajectory_msg;
      |                [01;31m[K^~~~~~~~~~~~~~~~~~~~[m[K
      |                [32m[Kcartesian_target[m[K
[01m[K/home/jcarballeira/nimble_ws/src/nimble/src/states_machine.cpp:[m[K In member function ‘[01m[Kvoid stateMachine::StatesMachineNode::call_back_joints_current_target()[m[K’:
[01m[K/home/jcarballeira/nimble_ws/src/nimble/src/states_machine.cpp:329:39:[m[K [01;31m[Kerror: [m[K‘[01m[Kusing JointsTrajectory = struct nimble_interfaces::msg::JointsTrajectory_<std::allocator<void> >[m[K’ {aka ‘[01m[Kstruct nimble_interfaces::msg::JointsTrajectory_<std::allocator<void> >[m[K’} has no member named ‘[01m[Kpoints[m[K’
  329 |   if (!shared_data_.joints_trajectory.[01;31m[Kpoints[m[K.empty()) {
      |                                       [01;31m[K^~~~~~[m[K
[01m[K/home/jcarballeira/nimble_ws/src/nimble/src/states_machine.cpp:331:33:[m[K [01;31m[Kerror: [m[Kno match for ‘[01m[Koperator=[m[K’ (operand types are ‘[01m[Knimble_interfaces::msg::JointsTrajectory_<std::allocator<void> >::_phase_type[m[K’ {aka ‘[01m[Kstd_msgs::msg::Float32MultiArray_<std::allocator<void> >[m[K’} and ‘[01m[Kfloat[m[K’)
  331 |     curr_target_message.phase = [01;31m[Kpercent[m[K;
      |                                 [01;31m[K^~~~~~~[m[K
In file included from [01m[K/opt/ros/humble/include/std_msgs/std_msgs/msg/float32_multi_array.hpp:7[m[K,
                 from [01m[K/home/jcarballeira/nimble_ws/src/nimble/include/state_machine/stateMachine.hpp:8[m[K,
                 from [01m[K/home/jcarballeira/nimble_ws/src/nimble/src/states_machine.cpp:8[m[K:
[01m[K/opt/ros/humble/include/std_msgs/std_msgs/msg/detail/float32_multi_array__struct.hpp:36:8:[m[K [01;36m[Knote: [m[Kcandidate: ‘[01m[Kstd_msgs::msg::Float32MultiArray_<std::allocator<void> >& std_msgs::msg::Float32MultiArray_<std::allocator<void> >::operator=(const std_msgs::msg::Float32MultiArray_<std::allocator<void> >&)[m[K’
   36 | struct [01;36m[KFloat32MultiArray_[m[K
      |        [01;36m[K^~~~~~~~~~~~~~~~~~[m[K
[01m[K/opt/ros/humble/include/std_msgs/std_msgs/msg/detail/float32_multi_array__struct.hpp:36:8:[m[K [01;36m[Knote: [m[K  no known conversion for argument 1 from ‘[01m[Kfloat[m[K’ to ‘[01m[Kconst std_msgs::msg::Float32MultiArray_<std::allocator<void> >&[m[K’
[01m[K/opt/ros/humble/include/std_msgs/std_msgs/msg/detail/float32_multi_array__struct.hpp:36:8:[m[K [01;36m[Knote: [m[Kcandidate: ‘[01m[Kstd_msgs::msg::Float32MultiArray_<std::allocator<void> >& std_msgs::msg::Float32MultiArray_<std::allocator<void> >::operator=(std_msgs::msg::Float32MultiArray_<std::allocator<void> >&&)[m[K’
[01m[K/opt/ros/humble/include/std_msgs/std_msgs/msg/detail/float32_multi_array__struct.hpp:36:8:[m[K [01;36m[Knote: [m[K  no known conversion for argument 1 from ‘[01m[Kfloat[m[K’ to ‘[01m[Kstd_msgs::msg::Float32MultiArray_<std::allocator<void> >&&[m[K’
[01m[K/home/jcarballeira/nimble_ws/src/nimble/src/states_machine.cpp:332:44:[m[K [01;31m[Kerror: [m[Kno match for ‘[01m[Koperator=[m[K’ (operand types are ‘[01m[Knimble_interfaces::msg::JointsTrajectory_<std::allocator<void> >::_joint_trajectory_type[m[K’ {aka ‘[01m[Ktrajectory_msgs::msg::JointTrajectory_<std::allocator<void> >[m[K’} and ‘[01m[Ktrajectory_msgs::msg::JointTrajectoryPoint[m[K’ {aka ‘[01m[Ktrajectory_msgs::msg::JointTrajectoryPoint_<std::allocator<void> >[m[K’})
  332 |     curr_target_message.joint_trajectory = [01;31m[Kcurr_target[m[K;
      |                                            [01;31m[K^~~~~~~~~~~[m[K
In file included from [01m[K/home/jcarballeira/nimble_ws/src/build/nimble_interfaces/rosidl_generator_cpp/nimble_interfaces/srv/detail/traj_generator_service__struct.hpp:147[m[K,
                 from [01m[K/home/jcarballeira/nimble_ws/src/build/nimble_interfaces/rosidl_generator_cpp/nimble_interfaces/srv/traj_generator_service.hpp:7[m[K,
                 from [01m[K/home/jcarballeira/nimble_ws/src/nimble/src/states_machine.cpp:7[m[K:
[01m[K/opt/ros/humble/include/trajectory_msgs/trajectory_msgs/msg/detail/joint_trajectory__struct.hpp:38:8:[m[K [01;36m[Knote: [m[Kcandidate: ‘[01m[Ktrajectory_msgs::msg::JointTrajectory_<std::allocator<void> >& trajectory_msgs::msg::JointTrajectory_<std::allocator<void> >::operator=(const trajectory_msgs::msg::JointTrajectory_<std::allocator<void> >&)[m[K’
   38 | struct [01;36m[KJointTrajectory_[m[K
      |        [01;36m[K^~~~~~~~~~~~~~~~[m[K
[01m[K/opt/ros/humble/include/trajectory_msgs/trajectory_msgs/msg/detail/joint_trajectory__struct.hpp:38:8:[m[K [01;36m[Knote: [m[K  no known conversion for argument 1 from ‘[01m[Ktrajectory_msgs::msg::JointTrajectoryPoint[m[K’ {aka ‘[01m[Ktrajectory_msgs::msg::JointTrajectoryPoint_<std::allocator<void> >[m[K’} to ‘[01m[Kconst trajectory_msgs::msg::JointTrajectory_<std::allocator<void> >&[m[K’
[01m[K/opt/ros/humble/include/trajectory_msgs/trajectory_msgs/msg/detail/joint_trajectory__struct.hpp:38:8:[m[K [01;36m[Knote: [m[Kcandidate: ‘[01m[Ktrajectory_msgs::msg::JointTrajectory_<std::allocator<void> >& trajectory_msgs::msg::JointTrajectory_<std::allocator<void> >::operator=(trajectory_msgs::msg::JointTrajectory_<std::allocator<void> >&&)[m[K’
[01m[K/opt/ros/humble/include/trajectory_msgs/trajectory_msgs/msg/detail/joint_trajectory__struct.hpp:38:8:[m[K [01;36m[Knote: [m[K  no known conversion for argument 1 from ‘[01m[Ktrajectory_msgs::msg::JointTrajectoryPoint[m[K’ {aka ‘[01m[Ktrajectory_msgs::msg::JointTrajectoryPoint_<std::allocator<void> >[m[K’} to ‘[01m[Ktrajectory_msgs::msg::JointTrajectory_<std::allocator<void> >&&[m[K’
[01m[K/home/jcarballeira/nimble_ws/src/nimble/src/states_machine.cpp:[m[K In member function ‘[01m[Kvoid stateMachine::StatesMachineNode::call_back_joints_trajectory_timer()[m[K’:
[01m[K/home/jcarballeira/nimble_ws/src/nimble/src/states_machine.cpp:340:39:[m[K [01;31m[Kerror: [m[K‘[01m[Kusing JointsTrajectory = struct nimble_interfaces::msg::JointsTrajectory_<std::allocator<void> >[m[K’ {aka ‘[01m[Kstruct nimble_interfaces::msg::JointsTrajectory_<std::allocator<void> >[m[K’} has no member named ‘[01m[Kpoints[m[K’
  340 |   if (!shared_data_.joints_trajectory.[01;31m[Kpoints[m[K.empty()) {
      |                                       [01;31m[K^~~~~~[m[K
gmake[2]: *** [CMakeFiles/states_machine.dir/build.make:76: CMakeFiles/states_machine.dir/src/states_machine.cpp.o] Error 1
gmake[1]: *** [CMakeFiles/Makefile2:177: CMakeFiles/states_machine.dir/all] Error 2
gmake: *** [Makefile:146: all] Error 2
