[0.104s] Invoking command in '/home/jcarballeira/nimble_ws/src/build/nimble': AMENT_PREFIX_PATH=/home/jcarballeira/nimble_ws/src/install/nimble_interfaces:${AMENT_PREFIX_PATH} CMAKE_PREFIX_PATH=/home/jcarballeira/nimble_ws/src/install/nimble_interfaces:/home/jcarballeira/nimble_ws/install/nimble:/home/jcarballeira/nimble_ws/install/nimble_interfaces:/home/jcarballeira/evloc_ws/install/evloc:/opt/ros/humble LD_LIBRARY_PATH=/home/jcarballeira/nimble_ws/src/install/nimble_interfaces/lib:${LD_LIBRARY_PATH} PYTHONPATH=/home/jcarballeira/nimble_ws/src/install/nimble_interfaces/local/lib/python3.10/dist-packages:${PYTHONPATH} /usr/bin/cmake --build /home/jcarballeira/nimble_ws/src/build/nimble -- -j8 -l8
[0.149s] [35m[1mConsolidate compiler generated dependencies of target states_machine[0m
[0.167s] [ 12%] Built target frame
[0.167s] [ 37%] Built target kinematic_model
[0.167s] [ 43%] Built target cables_robot
[0.167s] [ 56%] Built target control_MSD
[0.168s] [ 68%] Built target gamming
[0.168s] [ 75%] Built target control_ZMP
[0.175s] [ 93%] Built target traj_generator_server
[0.175s] [ 93%] [32mBuilding CXX object CMakeFiles/states_machine.dir/src/states_machine.cpp.o[0m
[2.913s] [01m[K/home/jcarballeira/nimble_ws/src/nimble/src/states_machine.cpp:[m[K In member function ‘[01m[Kvoid stateMachine::StatesMachineNode::call_TrajGenerationService(const Measurements&, const TherapyRequirements&)[m[K’:
[2.913s] [01m[K/home/jcarballeira/nimble_ws/src/nimble/src/states_machine.cpp:203:15:[m[K [01;31m[Kerror: [m[K‘[01m[Kstruct std_msgs::msg::Float32MultiArray_<std::allocator<void> >[m[K’ has no member named ‘[01m[Kpush_back[m[K’
[2.913s]   203 |         phase.[01;31m[Kpush_back[m[K(i);
[2.913s]       |               [01;31m[K^~~~~~~~~[m[K
[2.914s] [01m[K/home/jcarballeira/nimble_ws/src/nimble/src/states_machine.cpp:[m[K In member function ‘[01m[Ktrajectory_msgs::msg::JointTrajectoryPoint stateMachine::StatesMachineNode::get_actual_joint_state(float)[m[K’:
[2.914s] [01m[K/home/jcarballeira/nimble_ws/src/nimble/src/states_machine.cpp:243:35:[m[K [01;31m[Kerror: [m[K‘[01m[Kstruct stateMachine::SharedData[m[K’ has no member named ‘[01m[Kjoints_target[m[K’; did you mean ‘[01m[Kjoints_state[m[K’?
[2.914s]   243 |     int num_joints = shared_data_.[01;31m[Kjoints_target[m[K.points[0].positions.size();
[2.915s]       |                                   [01;31m[K^~~~~~~~~~~~~[m[K
[2.915s]       |                                   [32m[Kjoints_state[m[K
[2.915s] [01m[K/home/jcarballeira/nimble_ws/src/nimble/src/states_machine.cpp:244:53:[m[K [01;31m[Kerror: [m[K‘[01m[Kusing JointsTrajectory = struct nimble_interfaces::msg::JointsTrajectory_<std::allocator<void> >[m[K’ {aka ‘[01m[Kstruct nimble_interfaces::msg::JointsTrajectory_<std::allocator<void> >[m[K’} has no member named ‘[01m[Kpoints[m[K’
[2.915s]   244 |     int num_points = shared_data_.joints_trajectory.[01;31m[Kpoints[m[K.size();
[2.915s]       |                                                     [01;31m[K^~~~~~[m[K
[2.915s] [01m[K/home/jcarballeira/nimble_ws/src/nimble/src/states_machine.cpp:251:48:[m[K [01;31m[Kerror: [m[K‘[01m[Kusing JointsTrajectory = struct nimble_interfaces::msg::JointsTrajectory_<std::allocator<void> >[m[K’ {aka ‘[01m[Kstruct nimble_interfaces::msg::JointsTrajectory_<std::allocator<void> >[m[K’} has no member named ‘[01m[Kpoints[m[K’
[2.915s]   251 |         point = shared_data_.joints_trajectory.[01;31m[Kpoints[m[K[int(index)];
[2.915s]       |                                                [01;31m[K^~~~~~[m[K
[2.915s] [01m[K/home/jcarballeira/nimble_ws/src/nimble/src/states_machine.cpp:265:62:[m[K [01;31m[Kerror: [m[K‘[01m[Kusing JointsTrajectory = struct nimble_interfaces::msg::JointsTrajectory_<std::allocator<void> >[m[K’ {aka ‘[01m[Kstruct nimble_interfaces::msg::JointsTrajectory_<std::allocator<void> >[m[K’} has no member named ‘[01m[Kpoints[m[K’
[2.916s]   265 |             float floorPose = shared_data_.joints_trajectory.[01;31m[Kpoints[m[K[floorIndex].positions[i];
[2.916s]       |                                                              [01;31m[K^~~~~~[m[K
[2.916s] [01m[K/home/jcarballeira/nimble_ws/src/nimble/src/states_machine.cpp:266:61:[m[K [01;31m[Kerror: [m[K‘[01m[Kusing JointsTrajectory = struct nimble_interfaces::msg::JointsTrajectory_<std::allocator<void> >[m[K’ {aka ‘[01m[Kstruct nimble_interfaces::msg::JointsTrajectory_<std::allocator<void> >[m[K’} has no member named ‘[01m[Kpoints[m[K’
[2.916s]   266 |             float ceilPose = shared_data_.joints_trajectory.[01;31m[Kpoints[m[K[ceilIndex].positions[i];
[2.916s]       |                                                             [01;31m[K^~~~~~[m[K
[2.916s] [01m[K/home/jcarballeira/nimble_ws/src/nimble/src/states_machine.cpp:[m[K In member function ‘[01m[Kvoid stateMachine::StatesMachineNode::call_back_cartesian_trajectory(const CartesianTrajectory&)[m[K’:
[2.917s] [01m[K/home/jcarballeira/nimble_ws/src/nimble/src/states_machine.cpp:286:16:[m[K [01;31m[Kerror: [m[K‘[01m[Kstruct stateMachine::SharedData[m[K’ has no member named ‘[01m[Kcartesian_trajectory[m[K’; did you mean ‘[01m[Kcartesian_target[m[K’?
[2.917s]   286 |   shared_data_.[01;31m[Kcartesian_trajectory[m[K = cartesian_trajectory_msg;
[2.917s]       |                [01;31m[K^~~~~~~~~~~~~~~~~~~~[m[K
[2.917s]       |                [32m[Kcartesian_target[m[K
[2.917s] [01m[K/home/jcarballeira/nimble_ws/src/nimble/src/states_machine.cpp:[m[K In member function ‘[01m[Kvoid stateMachine::StatesMachineNode::call_back_joints_current_target()[m[K’:
[2.917s] [01m[K/home/jcarballeira/nimble_ws/src/nimble/src/states_machine.cpp:329:39:[m[K [01;31m[Kerror: [m[K‘[01m[Kusing JointsTrajectory = struct nimble_interfaces::msg::JointsTrajectory_<std::allocator<void> >[m[K’ {aka ‘[01m[Kstruct nimble_interfaces::msg::JointsTrajectory_<std::allocator<void> >[m[K’} has no member named ‘[01m[Kpoints[m[K’
[2.917s]   329 |   if (!shared_data_.joints_trajectory.[01;31m[Kpoints[m[K.empty()) {
[2.917s]       |                                       [01;31m[K^~~~~~[m[K
[2.917s] [01m[K/home/jcarballeira/nimble_ws/src/nimble/src/states_machine.cpp:331:33:[m[K [01;31m[Kerror: [m[Kno match for ‘[01m[Koperator=[m[K’ (operand types are ‘[01m[Knimble_interfaces::msg::JointsTrajectory_<std::allocator<void> >::_phase_type[m[K’ {aka ‘[01m[Kstd_msgs::msg::Float32MultiArray_<std::allocator<void> >[m[K’} and ‘[01m[Kfloat[m[K’)
[2.917s]   331 |     curr_target_message.phase = [01;31m[Kpercent[m[K;
[2.918s]       |                                 [01;31m[K^~~~~~~[m[K
[2.918s] In file included from [01m[K/opt/ros/humble/include/std_msgs/std_msgs/msg/float32_multi_array.hpp:7[m[K,
[2.918s]                  from [01m[K/home/jcarballeira/nimble_ws/src/nimble/include/state_machine/stateMachine.hpp:8[m[K,
[2.918s]                  from [01m[K/home/jcarballeira/nimble_ws/src/nimble/src/states_machine.cpp:8[m[K:
[2.918s] [01m[K/opt/ros/humble/include/std_msgs/std_msgs/msg/detail/float32_multi_array__struct.hpp:36:8:[m[K [01;36m[Knote: [m[Kcandidate: ‘[01m[Kstd_msgs::msg::Float32MultiArray_<std::allocator<void> >& std_msgs::msg::Float32MultiArray_<std::allocator<void> >::operator=(const std_msgs::msg::Float32MultiArray_<std::allocator<void> >&)[m[K’
[2.918s]    36 | struct [01;36m[KFloat32MultiArray_[m[K
[2.918s]       |        [01;36m[K^~~~~~~~~~~~~~~~~~[m[K
[2.918s] [01m[K/opt/ros/humble/include/std_msgs/std_msgs/msg/detail/float32_multi_array__struct.hpp:36:8:[m[K [01;36m[Knote: [m[K  no known conversion for argument 1 from ‘[01m[Kfloat[m[K’ to ‘[01m[Kconst std_msgs::msg::Float32MultiArray_<std::allocator<void> >&[m[K’
[2.918s] [01m[K/opt/ros/humble/include/std_msgs/std_msgs/msg/detail/float32_multi_array__struct.hpp:36:8:[m[K [01;36m[Knote: [m[Kcandidate: ‘[01m[Kstd_msgs::msg::Float32MultiArray_<std::allocator<void> >& std_msgs::msg::Float32MultiArray_<std::allocator<void> >::operator=(std_msgs::msg::Float32MultiArray_<std::allocator<void> >&&)[m[K’
[2.919s] [01m[K/opt/ros/humble/include/std_msgs/std_msgs/msg/detail/float32_multi_array__struct.hpp:36:8:[m[K [01;36m[Knote: [m[K  no known conversion for argument 1 from ‘[01m[Kfloat[m[K’ to ‘[01m[Kstd_msgs::msg::Float32MultiArray_<std::allocator<void> >&&[m[K’
[2.919s] [01m[K/home/jcarballeira/nimble_ws/src/nimble/src/states_machine.cpp:332:44:[m[K [01;31m[Kerror: [m[Kno match for ‘[01m[Koperator=[m[K’ (operand types are ‘[01m[Knimble_interfaces::msg::JointsTrajectory_<std::allocator<void> >::_joint_trajectory_type[m[K’ {aka ‘[01m[Ktrajectory_msgs::msg::JointTrajectory_<std::allocator<void> >[m[K’} and ‘[01m[Ktrajectory_msgs::msg::JointTrajectoryPoint[m[K’ {aka ‘[01m[Ktrajectory_msgs::msg::JointTrajectoryPoint_<std::allocator<void> >[m[K’})
[2.919s]   332 |     curr_target_message.joint_trajectory = [01;31m[Kcurr_target[m[K;
[2.919s]       |                                            [01;31m[K^~~~~~~~~~~[m[K
[2.919s] In file included from [01m[K/home/jcarballeira/nimble_ws/src/build/nimble_interfaces/rosidl_generator_cpp/nimble_interfaces/srv/detail/traj_generator_service__struct.hpp:147[m[K,
[2.919s]                  from [01m[K/home/jcarballeira/nimble_ws/src/build/nimble_interfaces/rosidl_generator_cpp/nimble_interfaces/srv/traj_generator_service.hpp:7[m[K,
[2.919s]                  from [01m[K/home/jcarballeira/nimble_ws/src/nimble/src/states_machine.cpp:7[m[K:
[2.919s] [01m[K/opt/ros/humble/include/trajectory_msgs/trajectory_msgs/msg/detail/joint_trajectory__struct.hpp:38:8:[m[K [01;36m[Knote: [m[Kcandidate: ‘[01m[Ktrajectory_msgs::msg::JointTrajectory_<std::allocator<void> >& trajectory_msgs::msg::JointTrajectory_<std::allocator<void> >::operator=(const trajectory_msgs::msg::JointTrajectory_<std::allocator<void> >&)[m[K’
[2.919s]    38 | struct [01;36m[KJointTrajectory_[m[K
[2.919s]       |        [01;36m[K^~~~~~~~~~~~~~~~[m[K
[2.920s] [01m[K/opt/ros/humble/include/trajectory_msgs/trajectory_msgs/msg/detail/joint_trajectory__struct.hpp:38:8:[m[K [01;36m[Knote: [m[K  no known conversion for argument 1 from ‘[01m[Ktrajectory_msgs::msg::JointTrajectoryPoint[m[K’ {aka ‘[01m[Ktrajectory_msgs::msg::JointTrajectoryPoint_<std::allocator<void> >[m[K’} to ‘[01m[Kconst trajectory_msgs::msg::JointTrajectory_<std::allocator<void> >&[m[K’
[2.920s] [01m[K/opt/ros/humble/include/trajectory_msgs/trajectory_msgs/msg/detail/joint_trajectory__struct.hpp:38:8:[m[K [01;36m[Knote: [m[Kcandidate: ‘[01m[Ktrajectory_msgs::msg::JointTrajectory_<std::allocator<void> >& trajectory_msgs::msg::JointTrajectory_<std::allocator<void> >::operator=(trajectory_msgs::msg::JointTrajectory_<std::allocator<void> >&&)[m[K’
[2.920s] [01m[K/opt/ros/humble/include/trajectory_msgs/trajectory_msgs/msg/detail/joint_trajectory__struct.hpp:38:8:[m[K [01;36m[Knote: [m[K  no known conversion for argument 1 from ‘[01m[Ktrajectory_msgs::msg::JointTrajectoryPoint[m[K’ {aka ‘[01m[Ktrajectory_msgs::msg::JointTrajectoryPoint_<std::allocator<void> >[m[K’} to ‘[01m[Ktrajectory_msgs::msg::JointTrajectory_<std::allocator<void> >&&[m[K’
[2.920s] [01m[K/home/jcarballeira/nimble_ws/src/nimble/src/states_machine.cpp:[m[K In member function ‘[01m[Kvoid stateMachine::StatesMachineNode::call_back_joints_trajectory_timer()[m[K’:
[2.920s] [01m[K/home/jcarballeira/nimble_ws/src/nimble/src/states_machine.cpp:340:39:[m[K [01;31m[Kerror: [m[K‘[01m[Kusing JointsTrajectory = struct nimble_interfaces::msg::JointsTrajectory_<std::allocator<void> >[m[K’ {aka ‘[01m[Kstruct nimble_interfaces::msg::JointsTrajectory_<std::allocator<void> >[m[K’} has no member named ‘[01m[Kpoints[m[K’
[2.920s]   340 |   if (!shared_data_.joints_trajectory.[01;31m[Kpoints[m[K.empty()) {
[2.920s]       |                                       [01;31m[K^~~~~~[m[K
[11.498s] gmake[2]: *** [CMakeFiles/states_machine.dir/build.make:76: CMakeFiles/states_machine.dir/src/states_machine.cpp.o] Error 1
[11.498s] gmake[1]: *** [CMakeFiles/Makefile2:177: CMakeFiles/states_machine.dir/all] Error 2
[11.499s] gmake: *** [Makefile:146: all] Error 2
[11.501s] Invoked command in '/home/jcarballeira/nimble_ws/src/build/nimble' returned '2': AMENT_PREFIX_PATH=/home/jcarballeira/nimble_ws/src/install/nimble_interfaces:${AMENT_PREFIX_PATH} CMAKE_PREFIX_PATH=/home/jcarballeira/nimble_ws/src/install/nimble_interfaces:/home/jcarballeira/nimble_ws/install/nimble:/home/jcarballeira/nimble_ws/install/nimble_interfaces:/home/jcarballeira/evloc_ws/install/evloc:/opt/ros/humble LD_LIBRARY_PATH=/home/jcarballeira/nimble_ws/src/install/nimble_interfaces/lib:${LD_LIBRARY_PATH} PYTHONPATH=/home/jcarballeira/nimble_ws/src/install/nimble_interfaces/local/lib/python3.10/dist-packages:${PYTHONPATH} /usr/bin/cmake --build /home/jcarballeira/nimble_ws/src/build/nimble -- -j8 -l8
