[0.119s] Invoking command in '/home/jcarballeira/nimble_ws/src/build/nimble': AMENT_PREFIX_PATH=/home/jcarballeira/nimble_ws/src/install/nimble_interfaces:${AMENT_PREFIX_PATH} CMAKE_PREFIX_PATH=/home/jcarballeira/nimble_ws/src/install/nimble_interfaces:/home/jcarballeira/nimble_ws/install/nimble:/home/jcarballeira/nimble_ws/install/nimble_interfaces:/home/jcarballeira/evloc_ws/install/evloc:/opt/ros/humble LD_LIBRARY_PATH=/home/jcarballeira/nimble_ws/src/install/nimble_interfaces/lib:${LD_LIBRARY_PATH} PYTHONPATH=/home/jcarballeira/nimble_ws/src/install/nimble_interfaces/local/lib/python3.10/dist-packages:${PYTHONPATH} /usr/bin/cmake --build /home/jcarballeira/nimble_ws/src/build/nimble -- -j8 -l8
[0.150s] -- Found ament_cmake: 1.3.7 (/opt/ros/humble/share/ament_cmake/cmake)
[0.318s] -- Override CMake install command with custom implementation using symlinks instead of copying resources
[0.326s] -- Found rclcpp: 16.0.8 (/opt/ros/humble/share/rclcpp/cmake)
[0.361s] -- Found rosidl_generator_c: 3.1.5 (/opt/ros/humble/share/rosidl_generator_c/cmake)
[0.365s] -- Found rosidl_adapter: 3.1.5 (/opt/ros/humble/share/rosidl_adapter/cmake)
[0.371s] -- Found rosidl_generator_cpp: 3.1.5 (/opt/ros/humble/share/rosidl_generator_cpp/cmake)
[0.385s] -- Using all available rosidl_typesupport_c: rosidl_typesupport_fastrtps_c;rosidl_typesupport_introspection_c
[0.402s] -- Using all available rosidl_typesupport_cpp: rosidl_typesupport_fastrtps_cpp;rosidl_typesupport_introspection_cpp
[0.481s] -- Found rmw_implementation_cmake: 6.1.1 (/opt/ros/humble/share/rmw_implementation_cmake/cmake)
[0.484s] -- Found rmw_fastrtps_cpp: 6.2.6 (/opt/ros/humble/share/rmw_fastrtps_cpp/cmake)
[0.643s] -- Using RMW implementation 'rmw_fastrtps_cpp' as default
[0.852s] -- Found nimble_interfaces: 0.0.0 (/home/jcarballeira/nimble_ws/src/install/nimble_interfaces/share/nimble_interfaces/cmake)
[1.145s] -- Found sensor_msgs: 4.2.3 (/opt/ros/humble/share/sensor_msgs/cmake)
[1.251s] -- Found rosidl_default_generators: 1.2.0 (/opt/ros/humble/share/rosidl_default_generators/cmake)
[1.271s] -- Found ament_lint_auto: 0.12.10 (/opt/ros/humble/share/ament_lint_auto/cmake)
[1.393s] -- Added test 'cppcheck' to perform static code analysis on C / C++ code
[1.394s] -- Configured cppcheck include dirs: /home/jcarballeira/nimble_ws/src/nimble/include
[1.394s] -- Configured cppcheck exclude dirs and/or files: 
[1.401s] -- Added test 'flake8' to check Python code syntax and style conventions
[1.412s] -- Added test 'lint_cmake' to check CMake code style
[1.420s] -- Added test 'pep257' to check Python code against some of the docstring style conventions in PEP 257
[1.462s] -- Added test 'uncrustify' to check C / C++ code style
[1.462s] -- Configured uncrustify additional arguments: 
[1.468s] -- Added test 'xmllint' to check XML markup files
[1.469s] -- Configuring done
[1.511s] -- Generating done
[1.513s] -- Build files have been written to: /home/jcarballeira/nimble_ws/src/build/nimble
[1.555s] [35m[1mConsolidate compiler generated dependencies of target frame[0m
[1.555s] [35m[1mConsolidate compiler generated dependencies of target control_ZMP[0m
[1.557s] [35m[1mConsolidate compiler generated dependencies of target cables_robot[0m
[1.557s] [35m[1mConsolidate compiler generated dependencies of target states_machine[0m
[1.557s] [35m[1mConsolidate compiler generated dependencies of target traj_generator_server[0m
[1.557s] [35m[1mConsolidate compiler generated dependencies of target control_MSD[0m
[1.558s] [35m[1mConsolidate compiler generated dependencies of target kinematic_model[0m
[1.568s] [35m[1mConsolidate compiler generated dependencies of target gamming[0m
[1.594s] [  6%] [32mBuilding CXX object CMakeFiles/gamming.dir/src/gamming.cpp.o[0m
[1.595s] [ 18%] [32mBuilding CXX object CMakeFiles/states_machine.dir/src/states_machine.cpp.o[0m
[1.595s] [ 18%] [32mBuilding CXX object CMakeFiles/control_ZMP.dir/src/control_ZMP.cpp.o[0m
[1.595s] [ 25%] [32mBuilding CXX object CMakeFiles/traj_generator_server.dir/src/traj_generator_service.cpp.o[0m
[1.596s] [ 37%] Built target cables_robot
[1.596s] [ 43%] [32mBuilding CXX object CMakeFiles/kinematic_model.dir/src/kinematic_model.cpp.o[0m
[1.597s] [ 50%] [32mBuilding CXX object CMakeFiles/frame.dir/src/frame.cpp.o[0m
[1.603s] [ 56%] [32mBuilding CXX object CMakeFiles/control_MSD.dir/src/control_MSD.cpp.o[0m
[11.006s] [01m[K/home/jcarballeira/nimble_ws/src/nimble/src/kinematic_model.cpp:[m[K In member function ‘[01m[Kvoid kineticModel::KinematicModelNode::call_back_state_cables(const JointState&)[m[K’:
[11.009s] [01m[K/home/jcarballeira/nimble_ws/src/nimble/src/kinematic_model.cpp:186:41:[m[K [01;35m[Kwarning: [m[Kunused parameter ‘[01m[Kjoint_state_cables_msg[m[K’ [[01;35m[K]8;;https://gcc.gnu.org/onlinedocs/gcc/Warning-Options.html#index-Wunused-parameter-Wunused-parameter]8;;[m[K]
[11.011s]   186 |     [01;35m[Kconst sensor_msgs::msg::JointState &joint_state_cables_msg[m[K) {
[11.013s]       |     [01;35m[K~~~~~~~~~~~~~~~~~~~~~~~~~~~~~~~~~~~~^~~~~~~~~~~~~~~~~~~~~~[m[K
[12.303s] [ 62%] [32m[1mLinking CXX executable traj_generator_server[0m
[12.994s] [ 62%] Built target traj_generator_server
[23.854s] [ 68%] [32m[1mLinking CXX executable frame[0m
[25.008s] [ 68%] Built target frame
[28.113s] [ 75%] [32m[1mLinking CXX executable gamming[0m
[29.377s] [ 75%] Built target gamming
[36.584s] [ 81%] [32m[1mLinking CXX executable kinematic_model[0m
[38.284s] [ 81%] Built target kinematic_model
[43.451s] [ 87%] [32m[1mLinking CXX executable control_ZMP[0m
[43.793s] [ 93%] [32m[1mLinking CXX executable control_MSD[0m
[45.852s] [ 93%] Built target control_ZMP
[46.135s] [ 93%] Built target control_MSD
[50.282s] [100%] [32m[1mLinking CXX executable states_machine[0m
[52.432s] [100%] Built target states_machine
[52.443s] Invoked command in '/home/jcarballeira/nimble_ws/src/build/nimble' returned '0': AMENT_PREFIX_PATH=/home/jcarballeira/nimble_ws/src/install/nimble_interfaces:${AMENT_PREFIX_PATH} CMAKE_PREFIX_PATH=/home/jcarballeira/nimble_ws/src/install/nimble_interfaces:/home/jcarballeira/nimble_ws/install/nimble:/home/jcarballeira/nimble_ws/install/nimble_interfaces:/home/jcarballeira/evloc_ws/install/evloc:/opt/ros/humble LD_LIBRARY_PATH=/home/jcarballeira/nimble_ws/src/install/nimble_interfaces/lib:${LD_LIBRARY_PATH} PYTHONPATH=/home/jcarballeira/nimble_ws/src/install/nimble_interfaces/local/lib/python3.10/dist-packages:${PYTHONPATH} /usr/bin/cmake --build /home/jcarballeira/nimble_ws/src/build/nimble -- -j8 -l8
[52.491s] Invoking command in '/home/jcarballeira/nimble_ws/src/build/nimble': AMENT_PREFIX_PATH=/home/jcarballeira/nimble_ws/src/install/nimble_interfaces:${AMENT_PREFIX_PATH} CMAKE_PREFIX_PATH=/home/jcarballeira/nimble_ws/src/install/nimble_interfaces:/home/jcarballeira/nimble_ws/install/nimble:/home/jcarballeira/nimble_ws/install/nimble_interfaces:/home/jcarballeira/evloc_ws/install/evloc:/opt/ros/humble LD_LIBRARY_PATH=/home/jcarballeira/nimble_ws/src/install/nimble_interfaces/lib:${LD_LIBRARY_PATH} PYTHONPATH=/home/jcarballeira/nimble_ws/src/install/nimble_interfaces/local/lib/python3.10/dist-packages:${PYTHONPATH} /usr/bin/cmake --install /home/jcarballeira/nimble_ws/src/build/nimble
[52.502s] -- Install configuration: ""
[52.503s] -- Execute custom install script
[52.503s] -- Up-to-date symlink: /home/jcarballeira/nimble_ws/src/install/nimble/lib/nimble/kinematic_model
[52.503s] -- Up-to-date symlink: /home/jcarballeira/nimble_ws/src/install/nimble/lib/nimble/control_ZMP
[52.503s] -- Up-to-date symlink: /home/jcarballeira/nimble_ws/src/install/nimble/lib/nimble/control_MSD
[52.504s] -- Up-to-date symlink: /home/jcarballeira/nimble_ws/src/install/nimble/lib/nimble/cables_robot
[52.504s] -- Up-to-date symlink: /home/jcarballeira/nimble_ws/src/install/nimble/lib/nimble/gamming
[52.504s] -- Up-to-date symlink: /home/jcarballeira/nimble_ws/src/install/nimble/lib/nimble/frame
[52.504s] -- Up-to-date symlink: /home/jcarballeira/nimble_ws/src/install/nimble/lib/nimble/states_machine
[52.504s] -- Up-to-date symlink: /home/jcarballeira/nimble_ws/src/install/nimble/lib/nimble/traj_generator_server
[52.505s] -- Up-to-date symlink: /home/jcarballeira/nimble_ws/src/install/nimble/share/nimble/launch/__pycache__/nimble_launch.cpython-310.pyc
[52.505s] -- Up-to-date symlink: /home/jcarballeira/nimble_ws/src/install/nimble/share/nimble/launch/nimble_launch.py
[52.505s] -- Up-to-date symlink: /home/jcarballeira/nimble_ws/src/install/nimble/share/nimble/include/kinetik_model/kineticModel.hpp
[52.505s] -- Up-to-date symlink: /home/jcarballeira/nimble_ws/src/install/nimble/share/nimble/include/state_machine/stateMachine.hpp
[52.506s] -- Up-to-date symlink: /home/jcarballeira/nimble_ws/src/install/nimble/share/nimble/config/paciente.yaml
[52.506s] -- Up-to-date symlink: /home/jcarballeira/nimble_ws/src/install/nimble/lib/nimble/hmi.py
[52.506s] -- Up-to-date symlink: /home/jcarballeira/nimble_ws/src/install/nimble/share/ament_index/resource_index/package_run_dependencies/nimble
[52.506s] -- Up-to-date symlink: /home/jcarballeira/nimble_ws/src/install/nimble/share/ament_index/resource_index/parent_prefix_path/nimble
[52.507s] -- Up-to-date symlink: /home/jcarballeira/nimble_ws/src/install/nimble/share/nimble/environment/ament_prefix_path.sh
[52.507s] -- Up-to-date symlink: /home/jcarballeira/nimble_ws/src/install/nimble/share/nimble/environment/ament_prefix_path.dsv
[52.507s] -- Up-to-date symlink: /home/jcarballeira/nimble_ws/src/install/nimble/share/nimble/environment/path.sh
[52.507s] -- Up-to-date symlink: /home/jcarballeira/nimble_ws/src/install/nimble/share/nimble/environment/path.dsv
[52.508s] -- Up-to-date symlink: /home/jcarballeira/nimble_ws/src/install/nimble/share/nimble/local_setup.bash
[52.508s] -- Up-to-date symlink: /home/jcarballeira/nimble_ws/src/install/nimble/share/nimble/local_setup.sh
[52.509s] -- Up-to-date symlink: /home/jcarballeira/nimble_ws/src/install/nimble/share/nimble/local_setup.zsh
[52.509s] -- Up-to-date symlink: /home/jcarballeira/nimble_ws/src/install/nimble/share/nimble/local_setup.dsv
[52.510s] -- Symlinking: /home/jcarballeira/nimble_ws/src/install/nimble/share/nimble/package.dsv
[52.520s] -- Up-to-date symlink: /home/jcarballeira/nimble_ws/src/install/nimble/share/ament_index/resource_index/packages/nimble
[52.520s] -- Up-to-date symlink: /home/jcarballeira/nimble_ws/src/install/nimble/share/nimble/cmake/nimbleConfig.cmake
[52.520s] -- Up-to-date symlink: /home/jcarballeira/nimble_ws/src/install/nimble/share/nimble/cmake/nimbleConfig-version.cmake
[52.520s] -- Up-to-date symlink: /home/jcarballeira/nimble_ws/src/install/nimble/share/nimble/package.xml
[52.522s] Invoked command in '/home/jcarballeira/nimble_ws/src/build/nimble' returned '0': AMENT_PREFIX_PATH=/home/jcarballeira/nimble_ws/src/install/nimble_interfaces:${AMENT_PREFIX_PATH} CMAKE_PREFIX_PATH=/home/jcarballeira/nimble_ws/src/install/nimble_interfaces:/home/jcarballeira/nimble_ws/install/nimble:/home/jcarballeira/nimble_ws/install/nimble_interfaces:/home/jcarballeira/evloc_ws/install/evloc:/opt/ros/humble LD_LIBRARY_PATH=/home/jcarballeira/nimble_ws/src/install/nimble_interfaces/lib:${LD_LIBRARY_PATH} PYTHONPATH=/home/jcarballeira/nimble_ws/src/install/nimble_interfaces/local/lib/python3.10/dist-packages:${PYTHONPATH} /usr/bin/cmake --install /home/jcarballeira/nimble_ws/src/build/nimble
