[0.103s] Invoking command in '/home/jcarballeira/nimble_ws/src/build/nimble': AMENT_PREFIX_PATH=/home/jcarballeira/nimble_ws/src/install/nimble_interfaces:${AMENT_PREFIX_PATH} CMAKE_PREFIX_PATH=/home/jcarballeira/nimble_ws/src/install/nimble_interfaces:/home/jcarballeira/nimble_ws/install/nimble:/home/jcarballeira/nimble_ws/install/nimble_interfaces:/home/jcarballeira/evloc_ws/install/evloc:/opt/ros/humble LD_LIBRARY_PATH=/home/jcarballeira/nimble_ws/src/install/nimble_interfaces/lib:${LD_LIBRARY_PATH} PYTHONPATH=/home/jcarballeira/nimble_ws/src/install/nimble_interfaces/local/lib/python3.10/dist-packages:${PYTHONPATH} /usr/bin/cmake --build /home/jcarballeira/nimble_ws/src/build/nimble -- -j8 -l8
[0.148s] [35m[1mConsolidate compiler generated dependencies of target states_machine[0m
[0.166s] [ 43%] Built target control_ZMP
[0.166s] [ 43%] Built target gamming
[0.166s] [ 62%] Built target control_MSD
[0.166s] [ 50%] Built target frame
[0.167s] [ 50%] Built target cables_robot
[0.167s] [ 75%] Built target kinematic_model
[0.173s] [ 87%] [32mBuilding CXX object CMakeFiles/states_machine.dir/src/states_machine.cpp.o[0m
[0.173s] [ 93%] Built target traj_generator_server
[2.589s] In file included from [01m[K/home/jcarballeira/nimble_ws/src/nimble/src/states_machine.cpp:8[m[K:
[2.589s] [01m[K/home/jcarballeira/nimble_ws/src/nimble/include/state_machine/stateMachine.hpp:25:5:[m[K [01;31m[Kerror: [m[K‘[01m[Krajectory_msgs[m[K’ does not name a type
[2.589s]    25 |     [01;31m[Krajectory_msgs[m[K::msg::JointTrajectory serv_response;
[2.589s]       |     [01;31m[K^~~~~~~~~~~~~~[m[K
[2.973s] [01m[K/home/jcarballeira/nimble_ws/src/nimble/src/states_machine.cpp:[m[K In member function ‘[01m[Kvoid stateMachine::StatesMachineNode::call_TrajGenerationService(const Measurements&, const TherapyRequirements&)[m[K’:
[2.974s] [01m[K/home/jcarballeira/nimble_ws/src/nimble/src/states_machine.cpp:169:18:[m[K [01;31m[Kerror: [m[K‘[01m[Kstruct stateMachine::SharedData[m[K’ has no member named ‘[01m[Kserv_response[m[K’
[2.974s]   169 |     shared_data_.[01;31m[Kserv_response[m[K=result.get()->joints_trajectory;
[2.974s]       |                  [01;31m[K^~~~~~~~~~~~~[m[K
[11.527s] gmake[2]: *** [CMakeFiles/states_machine.dir/build.make:76: CMakeFiles/states_machine.dir/src/states_machine.cpp.o] Error 1
[11.527s] gmake[1]: *** [CMakeFiles/Makefile2:177: CMakeFiles/states_machine.dir/all] Error 2
[11.528s] gmake: *** [Makefile:146: all] Error 2
[11.530s] Invoked command in '/home/jcarballeira/nimble_ws/src/build/nimble' returned '2': AMENT_PREFIX_PATH=/home/jcarballeira/nimble_ws/src/install/nimble_interfaces:${AMENT_PREFIX_PATH} CMAKE_PREFIX_PATH=/home/jcarballeira/nimble_ws/src/install/nimble_interfaces:/home/jcarballeira/nimble_ws/install/nimble:/home/jcarballeira/nimble_ws/install/nimble_interfaces:/home/jcarballeira/evloc_ws/install/evloc:/opt/ros/humble LD_LIBRARY_PATH=/home/jcarballeira/nimble_ws/src/install/nimble_interfaces/lib:${LD_LIBRARY_PATH} PYTHONPATH=/home/jcarballeira/nimble_ws/src/install/nimble_interfaces/local/lib/python3.10/dist-packages:${PYTHONPATH} /usr/bin/cmake --build /home/jcarballeira/nimble_ws/src/build/nimble -- -j8 -l8
