-- Found rosidl_default_generators: 1.2.0 (/opt/ros/humble/share/rosidl_default_generators/cmake)
-- Found ament_cmake_core: 1.3.8 (/opt/ros/humble/share/ament_cmake_core/cmake)
-- Using all available rosidl_typesupport_c: rosidl_typesupport_fastrtps_c;rosidl_typesupport_introspection_c
-- Found rosidl_adapter: 3.1.5 (/opt/ros/humble/share/rosidl_adapter/cmake)
-- Using all available rosidl_typesupport_cpp: rosidl_typesupport_fastrtps_cpp;rosidl_typesupport_introspection_cpp
-- Found ament_cmake_ros: 0.10.0 (/opt/ros/humble/share/ament_cmake_ros/cmake)
-- Using all available rosidl_typesupport_c: rosidl_typesupport_fastrtps_c;rosidl_typesupport_introspection_c
-- Using all available rosidl_typesupport_cpp: rosidl_typesupport_fastrtps_cpp;rosidl_typesupport_introspection_cpp
-- Found PythonInterp: /usr/bin/python3 (found suitable version "3.10.12", minimum required is "3.6") 
-- Found python_cmake_module: 0.10.0 (/opt/ros/humble/share/python_cmake_module/cmake)
-- Found PythonLibs: /usr/lib/x86_64-linux-gnu/libpython3.10.so (found suitable version "3.10.12", minimum required is "3.5") 
-- Using PYTHON_EXECUTABLE: /usr/bin/python3
-- Using PYTHON_INCLUDE_DIRS: /usr/include/python3.10
-- Using PYTHON_LIBRARIES: /usr/lib/x86_64-linux-gnu/libpython3.10.so
-- Found PythonExtra: .so  
-- Found ament_lint_auto: 0.12.10 (/opt/ros/humble/share/ament_lint_auto/cmake)
-- Added test 'lint_cmake' to check CMake code style
-- Added test 'xmllint' to check XML markup files
-- Configuring done
-- Generating done
-- Build files have been written to: /home/jaime/MotorControl/uros_ws/build/frame_data
[  3%] [34m[1mGenerating C code for ROS interfaces[0m
[  6%] [34m[1mGenerating C++ code for ROS interfaces[0m
[  6%] Built target ament_cmake_python_copy_frame_data
running egg_info
creating frame_data.egg-info
writing frame_data.egg-info/PKG-INFO
writing dependency_links to frame_data.egg-info/dependency_links.txt
writing top-level names to frame_data.egg-info/top_level.txt
writing manifest file 'frame_data.egg-info/SOURCES.txt'
reading manifest file 'frame_data.egg-info/SOURCES.txt'
writing manifest file 'frame_data.egg-info/SOURCES.txt'
[  6%] Built target frame_data__cpp
[  9%] [32mBuilding C object CMakeFiles/frame_data__rosidl_generator_c.dir/rosidl_generator_c/frame_data/msg/detail/frame_data__functions.c.o[0m
[ 12%] [34m[1mGenerating C++ type support for eProsima Fast-RTPS[0m
[ 12%] Built target ament_cmake_python_build_frame_data_egg
[ 19%] [34m[1mGenerating C++ type support dispatch for ROS interfaces[0m
[ 19%] [34m[1mGenerating C++ introspection for ROS interfaces[0m
[ 22%] [32m[1mLinking C shared library libframe_data__rosidl_generator_c.so[0m
[ 22%] Built target frame_data__rosidl_generator_c
[ 25%] [34m[1mGenerating C type support dispatch for ROS interfaces[0m
[ 29%] [34m[1mGenerating C type support for eProsima Fast-RTPS[0m
[ 32%] [34m[1mGenerating C introspection for ROS interfaces[0m
[ 35%] [32mBuilding CXX object CMakeFiles/frame_data__rosidl_typesupport_cpp.dir/rosidl_typesupport_cpp/frame_data/msg/frame_data__type_support.cpp.o[0m
[ 38%] [32mBuilding CXX object CMakeFiles/frame_data__rosidl_typesupport_fastrtps_cpp.dir/rosidl_typesupport_fastrtps_cpp/frame_data/msg/detail/dds_fastrtps/frame_data__type_support.cpp.o[0m
[ 41%] [32mBuilding CXX object CMakeFiles/frame_data__rosidl_typesupport_introspection_cpp.dir/rosidl_typesupport_introspection_cpp/frame_data/msg/detail/frame_data__type_support.cpp.o[0m
[ 45%] [32mBuilding C object CMakeFiles/frame_data__rosidl_typesupport_introspection_c.dir/rosidl_typesupport_introspection_c/frame_data/msg/detail/frame_data__type_support.c.o[0m
[ 48%] [32mBuilding CXX object CMakeFiles/frame_data__rosidl_typesupport_c.dir/rosidl_typesupport_c/frame_data/msg/frame_data__type_support.cpp.o[0m
[ 51%] [32m[1mLinking CXX shared library libframe_data__rosidl_typesupport_cpp.so[0m
[ 54%] [32m[1mLinking C shared library libframe_data__rosidl_typesupport_introspection_c.so[0m
[ 58%] [32mBuilding CXX object CMakeFiles/frame_data__rosidl_typesupport_fastrtps_c.dir/rosidl_typesupport_fastrtps_c/frame_data/msg/detail/frame_data__type_support_c.cpp.o[0m
[ 61%] [32m[1mLinking CXX shared library libframe_data__rosidl_typesupport_c.so[0m
[ 61%] Built target frame_data__rosidl_typesupport_cpp
[ 61%] Built target frame_data__rosidl_typesupport_introspection_c
[ 61%] Built target frame_data__rosidl_typesupport_c
[ 64%] [32m[1mLinking CXX shared library libframe_data__rosidl_typesupport_fastrtps_cpp.so[0m
[ 64%] Built target frame_data__rosidl_typesupport_fastrtps_cpp
[ 67%] [32m[1mLinking CXX shared library libframe_data__rosidl_typesupport_introspection_cpp.so[0m
[ 67%] Built target frame_data__rosidl_typesupport_introspection_cpp
[ 70%] [32m[1mLinking CXX shared library libframe_data__rosidl_typesupport_fastrtps_c.so[0m
[ 70%] Built target frame_data__rosidl_typesupport_fastrtps_c
[ 70%] Built target frame_data
[ 74%] [34m[1mGenerating Python code for ROS interfaces[0m
[ 74%] Built target frame_data__py
[ 77%] [32mBuilding C object CMakeFiles/frame_data__rosidl_generator_py.dir/rosidl_generator_py/frame_data/msg/_frame_data_s.c.o[0m
[ 80%] [32m[1mLinking C shared library rosidl_generator_py/frame_data/libframe_data__rosidl_generator_py.so[0m
[ 80%] Built target frame_data__rosidl_generator_py
[ 90%] [32mBuilding C object CMakeFiles/frame_data__rosidl_typesupport_c__pyext.dir/rosidl_generator_py/frame_data/_frame_data_s.ep.rosidl_typesupport_c.c.o[0m
[ 90%] [32mBuilding C object CMakeFiles/frame_data__rosidl_typesupport_fastrtps_c__pyext.dir/rosidl_generator_py/frame_data/_frame_data_s.ep.rosidl_typesupport_fastrtps_c.c.o[0m
[ 90%] [32mBuilding C object CMakeFiles/frame_data__rosidl_typesupport_introspection_c__pyext.dir/rosidl_generator_py/frame_data/_frame_data_s.ep.rosidl_typesupport_introspection_c.c.o[0m
[ 93%] [32m[1mLinking C shared library rosidl_generator_py/frame_data/frame_data_s__rosidl_typesupport_c.cpython-310-x86_64-linux-gnu.so[0m
[ 96%] [32m[1mLinking C shared library rosidl_generator_py/frame_data/frame_data_s__rosidl_typesupport_introspection_c.cpython-310-x86_64-linux-gnu.so[0m
[100%] [32m[1mLinking C shared library rosidl_generator_py/frame_data/frame_data_s__rosidl_typesupport_fastrtps_c.cpython-310-x86_64-linux-gnu.so[0m
[100%] Built target frame_data__rosidl_typesupport_introspection_c__pyext
[100%] Built target frame_data__rosidl_typesupport_c__pyext
[100%] Built target frame_data__rosidl_typesupport_fastrtps_c__pyext
-- Install configuration: ""
-- Installing: /home/jaime/MotorControl/uros_ws/install/frame_data/share/ament_index/resource_index/rosidl_interfaces/frame_data
-- Installing: /home/jaime/MotorControl/uros_ws/install/frame_data/include/frame_data/frame_data
-- Installing: /home/jaime/MotorControl/uros_ws/install/frame_data/include/frame_data/frame_data/msg
-- Installing: /home/jaime/MotorControl/uros_ws/install/frame_data/include/frame_data/frame_data/msg/frame_data.h
-- Installing: /home/jaime/MotorControl/uros_ws/install/frame_data/include/frame_data/frame_data/msg/detail
-- Installing: /home/jaime/MotorControl/uros_ws/install/frame_data/include/frame_data/frame_data/msg/detail/frame_data__type_support.h
-- Installing: /home/jaime/MotorControl/uros_ws/install/frame_data/include/frame_data/frame_data/msg/detail/frame_data__functions.c
-- Installing: /home/jaime/MotorControl/uros_ws/install/frame_data/include/frame_data/frame_data/msg/detail/frame_data__functions.h
-- Installing: /home/jaime/MotorControl/uros_ws/install/frame_data/include/frame_data/frame_data/msg/detail/frame_data__struct.h
-- Installing: /home/jaime/MotorControl/uros_ws/install/frame_data/include/frame_data/frame_data/msg/rosidl_generator_c__visibility_control.h
-- Installing: /home/jaime/MotorControl/uros_ws/install/frame_data/share/frame_data/environment/library_path.sh
-- Installing: /home/jaime/MotorControl/uros_ws/install/frame_data/share/frame_data/environment/library_path.dsv
-- Installing: /home/jaime/MotorControl/uros_ws/install/frame_data/lib/libframe_data__rosidl_generator_c.so
-- Set runtime path of "/home/jaime/MotorControl/uros_ws/install/frame_data/lib/libframe_data__rosidl_generator_c.so" to ""
-- Up-to-date: /home/jaime/MotorControl/uros_ws/install/frame_data/include/frame_data/frame_data
-- Up-to-date: /home/jaime/MotorControl/uros_ws/install/frame_data/include/frame_data/frame_data/msg
-- Up-to-date: /home/jaime/MotorControl/uros_ws/install/frame_data/include/frame_data/frame_data/msg/detail
-- Installing: /home/jaime/MotorControl/uros_ws/install/frame_data/include/frame_data/frame_data/msg/detail/frame_data__rosidl_typesupport_fastrtps_c.h
-- Installing: /home/jaime/MotorControl/uros_ws/install/frame_data/include/frame_data/frame_data/msg/rosidl_typesupport_fastrtps_c__visibility_control.h
-- Installing: /home/jaime/MotorControl/uros_ws/install/frame_data/lib/libframe_data__rosidl_typesupport_fastrtps_c.so
-- Set runtime path of "/home/jaime/MotorControl/uros_ws/install/frame_data/lib/libframe_data__rosidl_typesupport_fastrtps_c.so" to ""
-- Up-to-date: /home/jaime/MotorControl/uros_ws/install/frame_data/include/frame_data/frame_data
-- Up-to-date: /home/jaime/MotorControl/uros_ws/install/frame_data/include/frame_data/frame_data/msg
-- Up-to-date: /home/jaime/MotorControl/uros_ws/install/frame_data/include/frame_data/frame_data/msg/detail
-- Installing: /home/jaime/MotorControl/uros_ws/install/frame_data/include/frame_data/frame_data/msg/detail/frame_data__rosidl_typesupport_introspection_c.h
-- Installing: /home/jaime/MotorControl/uros_ws/install/frame_data/include/frame_data/frame_data/msg/detail/frame_data__type_support.c
-- Installing: /home/jaime/MotorControl/uros_ws/install/frame_data/include/frame_data/frame_data/msg/rosidl_typesupport_introspection_c__visibility_control.h
-- Installing: /home/jaime/MotorControl/uros_ws/install/frame_data/lib/libframe_data__rosidl_typesupport_introspection_c.so
-- Set runtime path of "/home/jaime/MotorControl/uros_ws/install/frame_data/lib/libframe_data__rosidl_typesupport_introspection_c.so" to ""
-- Installing: /home/jaime/MotorControl/uros_ws/install/frame_data/lib/libframe_data__rosidl_typesupport_c.so
-- Set runtime path of "/home/jaime/MotorControl/uros_ws/install/frame_data/lib/libframe_data__rosidl_typesupport_c.so" to ""
-- Up-to-date: /home/jaime/MotorControl/uros_ws/install/frame_data/include/frame_data/frame_data
-- Up-to-date: /home/jaime/MotorControl/uros_ws/install/frame_data/include/frame_data/frame_data/msg
-- Up-to-date: /home/jaime/MotorControl/uros_ws/install/frame_data/include/frame_data/frame_data/msg/detail
-- Installing: /home/jaime/MotorControl/uros_ws/install/frame_data/include/frame_data/frame_data/msg/detail/frame_data__builder.hpp
-- Installing: /home/jaime/MotorControl/uros_ws/install/frame_data/include/frame_data/frame_data/msg/detail/frame_data__traits.hpp
-- Installing: /home/jaime/MotorControl/uros_ws/install/frame_data/include/frame_data/frame_data/msg/detail/frame_data__struct.hpp
-- Installing: /home/jaime/MotorControl/uros_ws/install/frame_data/include/frame_data/frame_data/msg/frame_data.hpp
-- Up-to-date: /home/jaime/MotorControl/uros_ws/install/frame_data/include/frame_data/frame_data
-- Up-to-date: /home/jaime/MotorControl/uros_ws/install/frame_data/include/frame_data/frame_data/msg
-- Up-to-date: /home/jaime/MotorControl/uros_ws/install/frame_data/include/frame_data/frame_data/msg/detail
-- Installing: /home/jaime/MotorControl/uros_ws/install/frame_data/include/frame_data/frame_data/msg/detail/dds_fastrtps
-- Installing: /home/jaime/MotorControl/uros_ws/install/frame_data/include/frame_data/frame_data/msg/detail/frame_data__rosidl_typesupport_fastrtps_cpp.hpp
-- Installing: /home/jaime/MotorControl/uros_ws/install/frame_data/include/frame_data/frame_data/msg/rosidl_typesupport_fastrtps_cpp__visibility_control.h
-- Installing: /home/jaime/MotorControl/uros_ws/install/frame_data/lib/libframe_data__rosidl_typesupport_fastrtps_cpp.so
-- Set runtime path of "/home/jaime/MotorControl/uros_ws/install/frame_data/lib/libframe_data__rosidl_typesupport_fastrtps_cpp.so" to ""
-- Up-to-date: /home/jaime/MotorControl/uros_ws/install/frame_data/include/frame_data/frame_data
-- Up-to-date: /home/jaime/MotorControl/uros_ws/install/frame_data/include/frame_data/frame_data/msg
-- Up-to-date: /home/jaime/MotorControl/uros_ws/install/frame_data/include/frame_data/frame_data/msg/detail
-- Installing: /home/jaime/MotorControl/uros_ws/install/frame_data/include/frame_data/frame_data/msg/detail/frame_data__type_support.cpp
-- Installing: /home/jaime/MotorControl/uros_ws/install/frame_data/include/frame_data/frame_data/msg/detail/frame_data__rosidl_typesupport_introspection_cpp.hpp
-- Installing: /home/jaime/MotorControl/uros_ws/install/frame_data/lib/libframe_data__rosidl_typesupport_introspection_cpp.so
-- Set runtime path of "/home/jaime/MotorControl/uros_ws/install/frame_data/lib/libframe_data__rosidl_typesupport_introspection_cpp.so" to ""
-- Installing: /home/jaime/MotorControl/uros_ws/install/frame_data/lib/libframe_data__rosidl_typesupport_cpp.so
-- Set runtime path of "/home/jaime/MotorControl/uros_ws/install/frame_data/lib/libframe_data__rosidl_typesupport_cpp.so" to ""
-- Installing: /home/jaime/MotorControl/uros_ws/install/frame_data/share/frame_data/environment/pythonpath.sh
-- Installing: /home/jaime/MotorControl/uros_ws/install/frame_data/share/frame_data/environment/pythonpath.dsv
-- Installing: /home/jaime/MotorControl/uros_ws/install/frame_data/local/lib/python3.10/dist-packages/frame_data-0.0.0-py3.10.egg-info
-- Installing: /home/jaime/MotorControl/uros_ws/install/frame_data/local/lib/python3.10/dist-packages/frame_data-0.0.0-py3.10.egg-info/SOURCES.txt
-- Installing: /home/jaime/MotorControl/uros_ws/install/frame_data/local/lib/python3.10/dist-packages/frame_data-0.0.0-py3.10.egg-info/PKG-INFO
-- Installing: /home/jaime/MotorControl/uros_ws/install/frame_data/local/lib/python3.10/dist-packages/frame_data-0.0.0-py3.10.egg-info/dependency_links.txt
-- Installing: /home/jaime/MotorControl/uros_ws/install/frame_data/local/lib/python3.10/dist-packages/frame_data-0.0.0-py3.10.egg-info/top_level.txt
-- Installing: /home/jaime/MotorControl/uros_ws/install/frame_data/local/lib/python3.10/dist-packages/frame_data
-- Installing: /home/jaime/MotorControl/uros_ws/install/frame_data/local/lib/python3.10/dist-packages/frame_data/libframe_data__rosidl_generator_py.so
-- Installing: /home/jaime/MotorControl/uros_ws/install/frame_data/local/lib/python3.10/dist-packages/frame_data/_frame_data_s.ep.rosidl_typesupport_c.c
-- Installing: /home/jaime/MotorControl/uros_ws/install/frame_data/local/lib/python3.10/dist-packages/frame_data/_frame_data_s.ep.rosidl_typesupport_fastrtps_c.c
-- Installing: /home/jaime/MotorControl/uros_ws/install/frame_data/local/lib/python3.10/dist-packages/frame_data/_frame_data_s.ep.rosidl_typesupport_introspection_c.c
-- Installing: /home/jaime/MotorControl/uros_ws/install/frame_data/local/lib/python3.10/dist-packages/frame_data/frame_data_s__rosidl_typesupport_introspection_c.cpython-310-x86_64-linux-gnu.so
-- Installing: /home/jaime/MotorControl/uros_ws/install/frame_data/local/lib/python3.10/dist-packages/frame_data/frame_data_s__rosidl_typesupport_c.cpython-310-x86_64-linux-gnu.so
-- Installing: /home/jaime/MotorControl/uros_ws/install/frame_data/local/lib/python3.10/dist-packages/frame_data/__init__.py
-- Installing: /home/jaime/MotorControl/uros_ws/install/frame_data/local/lib/python3.10/dist-packages/frame_data/frame_data_s__rosidl_typesupport_fastrtps_c.cpython-310-x86_64-linux-gnu.so
-- Installing: /home/jaime/MotorControl/uros_ws/install/frame_data/local/lib/python3.10/dist-packages/frame_data/msg
-- Installing: /home/jaime/MotorControl/uros_ws/install/frame_data/local/lib/python3.10/dist-packages/frame_data/msg/_frame_data.py
-- Installing: /home/jaime/MotorControl/uros_ws/install/frame_data/local/lib/python3.10/dist-packages/frame_data/msg/__init__.py
-- Installing: /home/jaime/MotorControl/uros_ws/install/frame_data/local/lib/python3.10/dist-packages/frame_data/msg/_frame_data_s.c
Listing '/home/jaime/MotorControl/uros_ws/install/frame_data/local/lib/python3.10/dist-packages/frame_data'...
Compiling '/home/jaime/MotorControl/uros_ws/install/frame_data/local/lib/python3.10/dist-packages/frame_data/__init__.py'...
Listing '/home/jaime/MotorControl/uros_ws/install/frame_data/local/lib/python3.10/dist-packages/frame_data/msg'...
Compiling '/home/jaime/MotorControl/uros_ws/install/frame_data/local/lib/python3.10/dist-packages/frame_data/msg/__init__.py'...
Compiling '/home/jaime/MotorControl/uros_ws/install/frame_data/local/lib/python3.10/dist-packages/frame_data/msg/_frame_data.py'...
-- Installing: /home/jaime/MotorControl/uros_ws/install/frame_data/local/lib/python3.10/dist-packages/frame_data/frame_data_s__rosidl_typesupport_fastrtps_c.cpython-310-x86_64-linux-gnu.so
-- Set runtime path of "/home/jaime/MotorControl/uros_ws/install/frame_data/local/lib/python3.10/dist-packages/frame_data/frame_data_s__rosidl_typesupport_fastrtps_c.cpython-310-x86_64-linux-gnu.so" to ""
-- Installing: /home/jaime/MotorControl/uros_ws/install/frame_data/local/lib/python3.10/dist-packages/frame_data/frame_data_s__rosidl_typesupport_introspection_c.cpython-310-x86_64-linux-gnu.so
-- Set runtime path of "/home/jaime/MotorControl/uros_ws/install/frame_data/local/lib/python3.10/dist-packages/frame_data/frame_data_s__rosidl_typesupport_introspection_c.cpython-310-x86_64-linux-gnu.so" to ""
-- Installing: /home/jaime/MotorControl/uros_ws/install/frame_data/local/lib/python3.10/dist-packages/frame_data/frame_data_s__rosidl_typesupport_c.cpython-310-x86_64-linux-gnu.so
-- Set runtime path of "/home/jaime/MotorControl/uros_ws/install/frame_data/local/lib/python3.10/dist-packages/frame_data/frame_data_s__rosidl_typesupport_c.cpython-310-x86_64-linux-gnu.so" to ""
-- Installing: /home/jaime/MotorControl/uros_ws/install/frame_data/lib/libframe_data__rosidl_generator_py.so
-- Set runtime path of "/home/jaime/MotorControl/uros_ws/install/frame_data/lib/libframe_data__rosidl_generator_py.so" to ""
-- Installing: /home/jaime/MotorControl/uros_ws/install/frame_data/share/frame_data/msg/FrameData.idl
-- Installing: /home/jaime/MotorControl/uros_ws/install/frame_data/share/frame_data/msg/FrameData.msg
-- Installing: /home/jaime/MotorControl/uros_ws/install/frame_data/share/ament_index/resource_index/package_run_dependencies/frame_data
-- Installing: /home/jaime/MotorControl/uros_ws/install/frame_data/share/ament_index/resource_index/parent_prefix_path/frame_data
-- Installing: /home/jaime/MotorControl/uros_ws/install/frame_data/share/frame_data/environment/ament_prefix_path.sh
-- Installing: /home/jaime/MotorControl/uros_ws/install/frame_data/share/frame_data/environment/ament_prefix_path.dsv
-- Installing: /home/jaime/MotorControl/uros_ws/install/frame_data/share/frame_data/environment/path.sh
-- Installing: /home/jaime/MotorControl/uros_ws/install/frame_data/share/frame_data/environment/path.dsv
-- Installing: /home/jaime/MotorControl/uros_ws/install/frame_data/share/frame_data/local_setup.bash
-- Installing: /home/jaime/MotorControl/uros_ws/install/frame_data/share/frame_data/local_setup.sh
-- Installing: /home/jaime/MotorControl/uros_ws/install/frame_data/share/frame_data/local_setup.zsh
-- Installing: /home/jaime/MotorControl/uros_ws/install/frame_data/share/frame_data/local_setup.dsv
-- Installing: /home/jaime/MotorControl/uros_ws/install/frame_data/share/frame_data/package.dsv
-- Installing: /home/jaime/MotorControl/uros_ws/install/frame_data/share/ament_index/resource_index/packages/frame_data
-- Installing: /home/jaime/MotorControl/uros_ws/install/frame_data/share/frame_data/cmake/export_frame_data__rosidl_generator_cExport.cmake
-- Installing: /home/jaime/MotorControl/uros_ws/install/frame_data/share/frame_data/cmake/export_frame_data__rosidl_generator_cExport-noconfig.cmake
-- Installing: /home/jaime/MotorControl/uros_ws/install/frame_data/share/frame_data/cmake/export_frame_data__rosidl_typesupport_fastrtps_cExport.cmake
-- Installing: /home/jaime/MotorControl/uros_ws/install/frame_data/share/frame_data/cmake/export_frame_data__rosidl_typesupport_fastrtps_cExport-noconfig.cmake
-- Installing: /home/jaime/MotorControl/uros_ws/install/frame_data/share/frame_data/cmake/frame_data__rosidl_typesupport_introspection_cExport.cmake
-- Installing: /home/jaime/MotorControl/uros_ws/install/frame_data/share/frame_data/cmake/frame_data__rosidl_typesupport_introspection_cExport-noconfig.cmake
-- Installing: /home/jaime/MotorControl/uros_ws/install/frame_data/share/frame_data/cmake/frame_data__rosidl_typesupport_cExport.cmake
-- Installing: /home/jaime/MotorControl/uros_ws/install/frame_data/share/frame_data/cmake/frame_data__rosidl_typesupport_cExport-noconfig.cmake
-- Installing: /home/jaime/MotorControl/uros_ws/install/frame_data/share/frame_data/cmake/export_frame_data__rosidl_generator_cppExport.cmake
-- Installing: /home/jaime/MotorControl/uros_ws/install/frame_data/share/frame_data/cmake/export_frame_data__rosidl_typesupport_fastrtps_cppExport.cmake
-- Installing: /home/jaime/MotorControl/uros_ws/install/frame_data/share/frame_data/cmake/export_frame_data__rosidl_typesupport_fastrtps_cppExport-noconfig.cmake
-- Installing: /home/jaime/MotorControl/uros_ws/install/frame_data/share/frame_data/cmake/frame_data__rosidl_typesupport_introspection_cppExport.cmake
-- Installing: /home/jaime/MotorControl/uros_ws/install/frame_data/share/frame_data/cmake/frame_data__rosidl_typesupport_introspection_cppExport-noconfig.cmake
-- Installing: /home/jaime/MotorControl/uros_ws/install/frame_data/share/frame_data/cmake/frame_data__rosidl_typesupport_cppExport.cmake
-- Installing: /home/jaime/MotorControl/uros_ws/install/frame_data/share/frame_data/cmake/frame_data__rosidl_typesupport_cppExport-noconfig.cmake
-- Installing: /home/jaime/MotorControl/uros_ws/install/frame_data/share/frame_data/cmake/export_frame_data__rosidl_generator_pyExport.cmake
-- Installing: /home/jaime/MotorControl/uros_ws/install/frame_data/share/frame_data/cmake/export_frame_data__rosidl_generator_pyExport-noconfig.cmake
-- Installing: /home/jaime/MotorControl/uros_ws/install/frame_data/share/frame_data/cmake/rosidl_cmake-extras.cmake
-- Installing: /home/jaime/MotorControl/uros_ws/install/frame_data/share/frame_data/cmake/ament_cmake_export_include_directories-extras.cmake
-- Installing: /home/jaime/MotorControl/uros_ws/install/frame_data/share/frame_data/cmake/ament_cmake_export_libraries-extras.cmake
-- Installing: /home/jaime/MotorControl/uros_ws/install/frame_data/share/frame_data/cmake/ament_cmake_export_targets-extras.cmake
-- Installing: /home/jaime/MotorControl/uros_ws/install/frame_data/share/frame_data/cmake/rosidl_cmake_export_typesupport_targets-extras.cmake
-- Installing: /home/jaime/MotorControl/uros_ws/install/frame_data/share/frame_data/cmake/ament_cmake_export_dependencies-extras.cmake
-- Installing: /home/jaime/MotorControl/uros_ws/install/frame_data/share/frame_data/cmake/rosidl_cmake_export_typesupport_libraries-extras.cmake
-- Installing: /home/jaime/MotorControl/uros_ws/install/frame_data/share/frame_data/cmake/frame_dataConfig.cmake
-- Installing: /home/jaime/MotorControl/uros_ws/install/frame_data/share/frame_data/cmake/frame_dataConfig-version.cmake
-- Installing: /home/jaime/MotorControl/uros_ws/install/frame_data/share/frame_data/package.xml
