-- Found ament_cmake: 1.3.7 (/opt/ros/humble/share/ament_cmake/cmake)
-- Override CMake install command with custom implementation using symlinks instead of copying resources
-- Found rosidl_default_generators: 1.2.0 (/opt/ros/humble/share/rosidl_default_generators/cmake)
-- Using all available rosidl_typesupport_c: rosidl_typesupport_fastrtps_c;rosidl_typesupport_introspection_c
-- Found rosidl_adapter: 3.1.5 (/opt/ros/humble/share/rosidl_adapter/cmake)
-- Using all available rosidl_typesupport_cpp: rosidl_typesupport_fastrtps_cpp;rosidl_typesupport_introspection_cpp
-- Found geometry_msgs: 4.2.3 (/opt/ros/humble/share/geometry_msgs/cmake)
-- Found sensor_msgs: 4.2.3 (/opt/ros/humble/share/sensor_msgs/cmake)
-- Found trajectory_msgs: 4.2.3 (/opt/ros/humble/share/trajectory_msgs/cmake)
-- Found ament_cmake_ros: 0.10.0 (/opt/ros/humble/share/ament_cmake_ros/cmake)
-- Using all available rosidl_typesupport_c: rosidl_typesupport_fastrtps_c;rosidl_typesupport_introspection_c
-- Using all available rosidl_typesupport_cpp: rosidl_typesupport_fastrtps_cpp;rosidl_typesupport_introspection_cpp
-- Found python_cmake_module: 0.10.0 (/opt/ros/humble/share/python_cmake_module/cmake)
-- Using PYTHON_EXECUTABLE: /usr/bin/python3
-- Using PYTHON_INCLUDE_DIRS: /usr/include/python3.10
-- Using PYTHON_LIBRARIES: /usr/lib/x86_64-linux-gnu/libpython3.10.so
-- Found ament_lint_auto: 0.12.10 (/opt/ros/humble/share/ament_lint_auto/cmake)
-- Added test 'lint_cmake' to check CMake code style
-- Added test 'xmllint' to check XML markup files
-- Configuring done
-- Generating done
-- Build files have been written to: /home/jcarballeira/nimble_ws/src/build/nimble_interfaces
[  1%] [34m[1mGenerating C code for ROS interfaces[0m
[  2%] [34m[1mGenerating C++ code for ROS interfaces[0m
[  2%] Built target ament_cmake_python_symlink_nimble_interfaces
running egg_info
writing nimble_interfaces.egg-info/PKG-INFO
writing dependency_links to nimble_interfaces.egg-info/dependency_links.txt
writing top-level names to nimble_interfaces.egg-info/top_level.txt
reading manifest file 'nimble_interfaces.egg-info/SOURCES.txt'
writing manifest file 'nimble_interfaces.egg-info/SOURCES.txt'
[  2%] Built target ament_cmake_python_build_nimble_interfaces_egg
[  2%] Built target nimble_interfaces__cpp
[  6%] [34m[1mGenerating C++ introspection for ROS interfaces[0m
[  6%] [34m[1mGenerating C++ type support for eProsima Fast-RTPS[0m
[  6%] [34m[1mGenerating C++ type support dispatch for ROS interfaces[0m
[35m[1mConsolidate compiler generated dependencies of target nimble_interfaces__rosidl_generator_c[0m
[  8%] [32mBuilding C object CMakeFiles/nimble_interfaces__rosidl_generator_c.dir/rosidl_generator_c/nimble_interfaces/msg/detail/therapy_requirements__functions.c.o[0m
[ 10%] [32mBuilding C object CMakeFiles/nimble_interfaces__rosidl_generator_c.dir/rosidl_generator_c/nimble_interfaces/msg/detail/measurements__functions.c.o[0m
[ 10%] [32mBuilding C object CMakeFiles/nimble_interfaces__rosidl_generator_c.dir/rosidl_generator_c/nimble_interfaces/msg/detail/joints_trajectory__functions.c.o[0m
[ 11%] [32mBuilding C object CMakeFiles/nimble_interfaces__rosidl_generator_c.dir/rosidl_generator_c/nimble_interfaces/msg/detail/cartesian_trajectory__functions.c.o[0m
[ 12%] [32mBuilding C object CMakeFiles/nimble_interfaces__rosidl_generator_c.dir/rosidl_generator_c/nimble_interfaces/msg/detail/frame_state__functions.c.o[0m
[ 15%] [32mBuilding C object CMakeFiles/nimble_interfaces__rosidl_generator_c.dir/rosidl_generator_c/nimble_interfaces/srv/detail/traj_generator_service__functions.c.o[0m
[ 15%] [32mBuilding C object CMakeFiles/nimble_interfaces__rosidl_generator_c.dir/rosidl_generator_c/nimble_interfaces/msg/detail/cartesian_full_trajectory__functions.c.o[0m
[ 16%] [32m[1mLinking C shared library libnimble_interfaces__rosidl_generator_c.so[0m
[ 16%] Built target nimble_interfaces__rosidl_generator_c
[ 17%] [34m[1mGenerating C type support for eProsima Fast-RTPS[0m
[ 18%] [34m[1mGenerating C introspection for ROS interfaces[0m
[ 20%] [34m[1mGenerating C type support dispatch for ROS interfaces[0m
[35m[1mConsolidate compiler generated dependencies of target nimble_interfaces__rosidl_typesupport_cpp[0m
[ 21%] [32mBuilding CXX object CMakeFiles/nimble_interfaces__rosidl_typesupport_cpp.dir/rosidl_typesupport_cpp/nimble_interfaces/msg/frame_state__type_support.cpp.o[0m
[ 22%] [32mBuilding CXX object CMakeFiles/nimble_interfaces__rosidl_typesupport_cpp.dir/rosidl_typesupport_cpp/nimble_interfaces/msg/therapy_requirements__type_support.cpp.o[0m
[ 24%] [32mBuilding CXX object CMakeFiles/nimble_interfaces__rosidl_typesupport_cpp.dir/rosidl_typesupport_cpp/nimble_interfaces/msg/measurements__type_support.cpp.o[0m
[35m[1mConsolidate compiler generated dependencies of target nimble_interfaces__rosidl_typesupport_introspection_cpp[0m
[35m[1mConsolidate compiler generated dependencies of target nimble_interfaces__rosidl_typesupport_fastrtps_cpp[0m
[ 25%] [32mBuilding CXX object CMakeFiles/nimble_interfaces__rosidl_typesupport_introspection_cpp.dir/rosidl_typesupport_introspection_cpp/nimble_interfaces/msg/detail/measurements__type_support.cpp.o[0m
[ 26%] [32mBuilding CXX object CMakeFiles/nimble_interfaces__rosidl_typesupport_fastrtps_cpp.dir/rosidl_typesupport_fastrtps_cpp/nimble_interfaces/msg/detail/dds_fastrtps/measurements__type_support.cpp.o[0m
[35m[1mConsolidate compiler generated dependencies of target nimble_interfaces__rosidl_typesupport_c[0m
[ 27%] [32mBuilding CXX object CMakeFiles/nimble_interfaces__rosidl_typesupport_c.dir/rosidl_typesupport_c/nimble_interfaces/msg/measurements__type_support.cpp.o[0m
[ 29%] [32mBuilding CXX object CMakeFiles/nimble_interfaces__rosidl_typesupport_c.dir/rosidl_typesupport_c/nimble_interfaces/msg/therapy_requirements__type_support.cpp.o[0m
[ 30%] [32mBuilding CXX object CMakeFiles/nimble_interfaces__rosidl_typesupport_cpp.dir/rosidl_typesupport_cpp/nimble_interfaces/msg/joints_trajectory__type_support.cpp.o[0m
[ 31%] [32mBuilding CXX object CMakeFiles/nimble_interfaces__rosidl_typesupport_cpp.dir/rosidl_typesupport_cpp/nimble_interfaces/msg/cartesian_trajectory__type_support.cpp.o[0m
[ 32%] [32mBuilding CXX object CMakeFiles/nimble_interfaces__rosidl_typesupport_c.dir/rosidl_typesupport_c/nimble_interfaces/msg/frame_state__type_support.cpp.o[0m
[ 34%] [32mBuilding CXX object CMakeFiles/nimble_interfaces__rosidl_typesupport_c.dir/rosidl_typesupport_c/nimble_interfaces/msg/joints_trajectory__type_support.cpp.o[0m
[ 35%] [32mBuilding CXX object CMakeFiles/nimble_interfaces__rosidl_typesupport_c.dir/rosidl_typesupport_c/nimble_interfaces/msg/cartesian_trajectory__type_support.cpp.o[0m
[ 36%] [32mBuilding CXX object CMakeFiles/nimble_interfaces__rosidl_typesupport_c.dir/rosidl_typesupport_c/nimble_interfaces/msg/cartesian_full_trajectory__type_support.cpp.o[0m
[ 37%] [32mBuilding CXX object CMakeFiles/nimble_interfaces__rosidl_typesupport_c.dir/rosidl_typesupport_c/nimble_interfaces/srv/traj_generator_service__type_support.cpp.o[0m
[ 39%] [32mBuilding CXX object CMakeFiles/nimble_interfaces__rosidl_typesupport_cpp.dir/rosidl_typesupport_cpp/nimble_interfaces/msg/cartesian_full_trajectory__type_support.cpp.o[0m
[35m[1mConsolidate compiler generated dependencies of target nimble_interfaces__rosidl_typesupport_introspection_c[0m
[ 40%] [32m[1mLinking CXX shared library libnimble_interfaces__rosidl_typesupport_c.so[0m
[ 41%] [32mBuilding C object CMakeFiles/nimble_interfaces__rosidl_typesupport_introspection_c.dir/rosidl_typesupport_introspection_c/nimble_interfaces/msg/detail/measurements__type_support.c.o[0m
[ 43%] [32mBuilding C object CMakeFiles/nimble_interfaces__rosidl_typesupport_introspection_c.dir/rosidl_typesupport_introspection_c/nimble_interfaces/msg/detail/therapy_requirements__type_support.c.o[0m
[ 43%] Built target nimble_interfaces__rosidl_typesupport_c
[ 44%] [32mBuilding C object CMakeFiles/nimble_interfaces__rosidl_typesupport_introspection_c.dir/rosidl_typesupport_introspection_c/nimble_interfaces/msg/detail/frame_state__type_support.c.o[0m
[ 45%] [32mBuilding C object CMakeFiles/nimble_interfaces__rosidl_typesupport_introspection_c.dir/rosidl_typesupport_introspection_c/nimble_interfaces/msg/detail/joints_trajectory__type_support.c.o[0m
[35m[1mConsolidate compiler generated dependencies of target nimble_interfaces__rosidl_typesupport_fastrtps_c[0m
[ 46%] [32mBuilding CXX object CMakeFiles/nimble_interfaces__rosidl_typesupport_fastrtps_c.dir/rosidl_typesupport_fastrtps_c/nimble_interfaces/msg/detail/measurements__type_support_c.cpp.o[0m
[ 48%] [32mBuilding C object CMakeFiles/nimble_interfaces__rosidl_typesupport_introspection_c.dir/rosidl_typesupport_introspection_c/nimble_interfaces/msg/detail/cartesian_trajectory__type_support.c.o[0m
[ 49%] [32mBuilding CXX object CMakeFiles/nimble_interfaces__rosidl_typesupport_fastrtps_c.dir/rosidl_typesupport_fastrtps_c/nimble_interfaces/msg/detail/therapy_requirements__type_support_c.cpp.o[0m
[ 50%] [32mBuilding CXX object CMakeFiles/nimble_interfaces__rosidl_typesupport_cpp.dir/rosidl_typesupport_cpp/nimble_interfaces/srv/traj_generator_service__type_support.cpp.o[0m
[ 51%] [32mBuilding CXX object CMakeFiles/nimble_interfaces__rosidl_typesupport_fastrtps_c.dir/rosidl_typesupport_fastrtps_c/nimble_interfaces/msg/detail/frame_state__type_support_c.cpp.o[0m
[ 53%] [32mBuilding C object CMakeFiles/nimble_interfaces__rosidl_typesupport_introspection_c.dir/rosidl_typesupport_introspection_c/nimble_interfaces/msg/detail/cartesian_full_trajectory__type_support.c.o[0m
[ 54%] [32mBuilding CXX object CMakeFiles/nimble_interfaces__rosidl_typesupport_introspection_cpp.dir/rosidl_typesupport_introspection_cpp/nimble_interfaces/msg/detail/therapy_requirements__type_support.cpp.o[0m
[ 55%] [32mBuilding CXX object CMakeFiles/nimble_interfaces__rosidl_typesupport_fastrtps_cpp.dir/rosidl_typesupport_fastrtps_cpp/nimble_interfaces/msg/detail/dds_fastrtps/therapy_requirements__type_support.cpp.o[0m
[ 56%] [32mBuilding C object CMakeFiles/nimble_interfaces__rosidl_typesupport_introspection_c.dir/rosidl_typesupport_introspection_c/nimble_interfaces/srv/detail/traj_generator_service__type_support.c.o[0m
[ 58%] [32m[1mLinking C shared library libnimble_interfaces__rosidl_typesupport_introspection_c.so[0m
[ 59%] [32mBuilding CXX object CMakeFiles/nimble_interfaces__rosidl_typesupport_fastrtps_cpp.dir/rosidl_typesupport_fastrtps_cpp/nimble_interfaces/msg/detail/dds_fastrtps/frame_state__type_support.cpp.o[0m
[ 59%] Built target nimble_interfaces__rosidl_typesupport_introspection_c
[ 60%] [32mBuilding CXX object CMakeFiles/nimble_interfaces__rosidl_typesupport_fastrtps_cpp.dir/rosidl_typesupport_fastrtps_cpp/nimble_interfaces/msg/detail/dds_fastrtps/joints_trajectory__type_support.cpp.o[0m
[ 62%] [32m[1mLinking CXX shared library libnimble_interfaces__rosidl_typesupport_cpp.so[0m
[ 63%] [32mBuilding CXX object CMakeFiles/nimble_interfaces__rosidl_typesupport_fastrtps_c.dir/rosidl_typesupport_fastrtps_c/nimble_interfaces/msg/detail/joints_trajectory__type_support_c.cpp.o[0m
[ 63%] Built target nimble_interfaces__rosidl_typesupport_cpp
[ 64%] [32mBuilding CXX object CMakeFiles/nimble_interfaces__rosidl_typesupport_fastrtps_c.dir/rosidl_typesupport_fastrtps_c/nimble_interfaces/msg/detail/cartesian_trajectory__type_support_c.cpp.o[0m
[ 65%] [32mBuilding CXX object CMakeFiles/nimble_interfaces__rosidl_typesupport_fastrtps_c.dir/rosidl_typesupport_fastrtps_c/nimble_interfaces/msg/detail/cartesian_full_trajectory__type_support_c.cpp.o[0m
[ 67%] [32mBuilding CXX object CMakeFiles/nimble_interfaces__rosidl_typesupport_fastrtps_c.dir/rosidl_typesupport_fastrtps_c/nimble_interfaces/srv/detail/traj_generator_service__type_support_c.cpp.o[0m
[ 68%] [32mBuilding CXX object CMakeFiles/nimble_interfaces__rosidl_typesupport_fastrtps_cpp.dir/rosidl_typesupport_fastrtps_cpp/nimble_interfaces/msg/detail/dds_fastrtps/cartesian_trajectory__type_support.cpp.o[0m
[ 69%] [32mBuilding CXX object CMakeFiles/nimble_interfaces__rosidl_typesupport_introspection_cpp.dir/rosidl_typesupport_introspection_cpp/nimble_interfaces/msg/detail/frame_state__type_support.cpp.o[0m
[ 70%] [32mBuilding CXX object CMakeFiles/nimble_interfaces__rosidl_typesupport_fastrtps_cpp.dir/rosidl_typesupport_fastrtps_cpp/nimble_interfaces/msg/detail/dds_fastrtps/cartesian_full_trajectory__type_support.cpp.o[0m
[ 72%] [32mBuilding CXX object CMakeFiles/nimble_interfaces__rosidl_typesupport_fastrtps_cpp.dir/rosidl_typesupport_fastrtps_cpp/nimble_interfaces/srv/detail/dds_fastrtps/traj_generator_service__type_support.cpp.o[0m
[ 74%] [32mBuilding CXX object CMakeFiles/nimble_interfaces__rosidl_typesupport_introspection_cpp.dir/rosidl_typesupport_introspection_cpp/nimble_interfaces/msg/detail/joints_trajectory__type_support.cpp.o[0m
[ 74%] [32mBuilding CXX object CMakeFiles/nimble_interfaces__rosidl_typesupport_introspection_cpp.dir/rosidl_typesupport_introspection_cpp/nimble_interfaces/msg/detail/cartesian_trajectory__type_support.cpp.o[0m
[ 75%] [32mBuilding CXX object CMakeFiles/nimble_interfaces__rosidl_typesupport_introspection_cpp.dir/rosidl_typesupport_introspection_cpp/nimble_interfaces/msg/detail/cartesian_full_trajectory__type_support.cpp.o[0m
[ 77%] [32m[1mLinking CXX shared library libnimble_interfaces__rosidl_typesupport_fastrtps_c.so[0m
[ 77%] Built target nimble_interfaces__rosidl_typesupport_fastrtps_c
[ 78%] [32mBuilding CXX object CMakeFiles/nimble_interfaces__rosidl_typesupport_introspection_cpp.dir/rosidl_typesupport_introspection_cpp/nimble_interfaces/srv/detail/traj_generator_service__type_support.cpp.o[0m
gmake[2]: *** [CMakeFiles/nimble_interfaces__rosidl_typesupport_fastrtps_cpp.dir/build.make:282: CMakeFiles/nimble_interfaces__rosidl_typesupport_fastrtps_cpp.dir/rosidl_typesupport_fastrtps_cpp/nimble_interfaces/srv/detail/dds_fastrtps/traj_generator_service__type_support.cpp.o] Interrupt
gmake[2]: *** Deleting file 'CMakeFiles/nimble_interfaces__rosidl_typesupport_introspection_cpp.dir/rosidl_typesupport_introspection_cpp/nimble_interfaces/msg/detail/frame_state__type_support.cpp.o'
gmake[2]: *** wait: No child processes.  Stop.
gmake[2]: *** [CMakeFiles/nimble_interfaces__rosidl_typesupport_introspection_cpp.dir/build.make:240: CMakeFiles/nimble_interfaces__rosidl_typesupport_introspection_cpp.dir/rosidl_typesupport_introspection_cpp/nimble_interfaces/msg/detail/joints_trajectory__type_support.cpp.o] Interrupt
gmake[2]: *** [CMakeFiles/nimble_interfaces__rosidl_typesupport_introspection_cpp.dir/build.make:226: CMakeFiles/nimble_interfaces__rosidl_typesupport_introspection_cpp.dir/rosidl_typesupport_introspection_cpp/nimble_interfaces/msg/detail/frame_state__type_support.cpp.o] Interrupt
gmake[2]: *** [CMakeFiles/nimble_interfaces__rosidl_typesupport_introspection_cpp.dir/build.make:268: CMakeFiles/nimble_interfaces__rosidl_typesupport_introspection_cpp.dir/rosidl_typesupport_introspection_cpp/nimble_interfaces/msg/detail/cartesian_full_trajectory__type_support.cpp.o] Interrupt
gmake[2]: *** Waiting for unfinished jobs....
gmake[2]: *** wait: No child processes.  Stop.
gmake[2]: *** [CMakeFiles/nimble_interfaces__rosidl_typesupport_introspection_cpp.dir/build.make:282: CMakeFiles/nimble_interfaces__rosidl_typesupport_introspection_cpp.dir/rosidl_typesupport_introspection_cpp/nimble_interfaces/srv/detail/traj_generator_service__type_support.cpp.o] Interrupt
gmake[2]: *** wait: No child processes.  Stop.
gmake[2]: *** Waiting for unfinished jobs....
gmake[2]: *** wait: No child processes.  Stop.
gmake[1]: *** [CMakeFiles/Makefile2:343: CMakeFiles/nimble_interfaces__rosidl_typesupport_fastrtps_cpp.dir/all] Error 2
gmake[1]: *** [CMakeFiles/Makefile2:369: CMakeFiles/nimble_interfaces__rosidl_typesupport_introspection_cpp.dir/all] Error 2
gmake: *** [Makefile:146: all] Interrupt
