[0.099s] Invoking command in '/home/jcarballeira/nimble_ws/src/build/nimble_interfaces': CMAKE_PREFIX_PATH=${CMAKE_PREFIX_PATH}:/home/jcarballeira/evloc_ws/install/evloc:/opt/ros/humble /usr/bin/cmake --build /home/jcarballeira/nimble_ws/src/build/nimble_interfaces -- -j8 -l8
[0.147s] [  1%] Built target nimble_interfaces__cpp
[0.149s] [ 12%] Built target nimble_interfaces__rosidl_generator_c
[0.158s] [ 12%] Built target ament_cmake_python_symlink_nimble_interfaces
[0.177s] [ 24%] Built target nimble_interfaces__rosidl_typesupport_introspection_c
[0.180s] [ 43%] Built target nimble_interfaces__rosidl_typesupport_cpp
[0.180s] [ 46%] Built target nimble_interfaces__rosidl_typesupport_c
[0.183s] [ 58%] Built target nimble_interfaces__rosidl_typesupport_introspection_cpp
[0.184s] [ 69%] Built target nimble_interfaces__rosidl_typesupport_fastrtps_cpp
[0.185s] [ 81%] Built target nimble_interfaces__rosidl_typesupport_fastrtps_c
[0.204s] [ 81%] Built target nimble_interfaces
[0.225s] [ 82%] Built target nimble_interfaces__py
[0.249s] [ 92%] Built target nimble_interfaces__rosidl_generator_py
[0.272s] [ 98%] Built target nimble_interfaces__rosidl_typesupport_introspection_c__pyext
[0.272s] [ 98%] Built target nimble_interfaces__rosidl_typesupport_c__pyext
[0.272s] [100%] Built target nimble_interfaces__rosidl_typesupport_fastrtps_c__pyext
[0.467s] running egg_info
[0.467s] writing nimble_interfaces.egg-info/PKG-INFO
[0.467s] writing dependency_links to nimble_interfaces.egg-info/dependency_links.txt
[0.467s] writing top-level names to nimble_interfaces.egg-info/top_level.txt
[0.470s] reading manifest file 'nimble_interfaces.egg-info/SOURCES.txt'
[0.470s] writing manifest file 'nimble_interfaces.egg-info/SOURCES.txt'
[0.495s] [100%] Built target ament_cmake_python_build_nimble_interfaces_egg
[0.506s] Invoked command in '/home/jcarballeira/nimble_ws/src/build/nimble_interfaces' returned '0': CMAKE_PREFIX_PATH=${CMAKE_PREFIX_PATH}:/home/jcarballeira/evloc_ws/install/evloc:/opt/ros/humble /usr/bin/cmake --build /home/jcarballeira/nimble_ws/src/build/nimble_interfaces -- -j8 -l8
[0.668s] Invoking command in '/home/jcarballeira/nimble_ws/src/build/nimble_interfaces': CMAKE_PREFIX_PATH=${CMAKE_PREFIX_PATH}:/home/jcarballeira/evloc_ws/install/evloc:/opt/ros/humble /usr/bin/cmake --install /home/jcarballeira/nimble_ws/src/build/nimble_interfaces
[0.676s] -- Install configuration: ""
[0.677s] -- Execute custom install script
[0.677s] -- Up-to-date symlink: /home/jcarballeira/nimble_ws/src/install/nimble_interfaces/share/ament_index/resource_index/rosidl_interfaces/nimble_interfaces
[0.677s] -- Up-to-date symlink: /home/jcarballeira/nimble_ws/src/install/nimble_interfaces/include/nimble_interfaces/nimble_interfaces/msg/cartesian_full_trajectory.h
[0.678s] -- Up-to-date symlink: /home/jcarballeira/nimble_ws/src/install/nimble_interfaces/include/nimble_interfaces/nimble_interfaces/msg/cartesian_trajectory.h
[0.678s] -- Up-to-date symlink: /home/jcarballeira/nimble_ws/src/install/nimble_interfaces/include/nimble_interfaces/nimble_interfaces/msg/detail/cartesian_full_trajectory__functions.h
[0.678s] -- Up-to-date symlink: /home/jcarballeira/nimble_ws/src/install/nimble_interfaces/include/nimble_interfaces/nimble_interfaces/msg/detail/cartesian_full_trajectory__struct.h
[0.678s] -- Up-to-date symlink: /home/jcarballeira/nimble_ws/src/install/nimble_interfaces/include/nimble_interfaces/nimble_interfaces/msg/detail/cartesian_full_trajectory__type_support.h
[0.678s] -- Up-to-date symlink: /home/jcarballeira/nimble_ws/src/install/nimble_interfaces/include/nimble_interfaces/nimble_interfaces/msg/detail/cartesian_trajectory__functions.h
[0.679s] -- Up-to-date symlink: /home/jcarballeira/nimble_ws/src/install/nimble_interfaces/include/nimble_interfaces/nimble_interfaces/msg/detail/cartesian_trajectory__struct.h
[0.679s] -- Up-to-date symlink: /home/jcarballeira/nimble_ws/src/install/nimble_interfaces/include/nimble_interfaces/nimble_interfaces/msg/detail/cartesian_trajectory__type_support.h
[0.679s] -- Up-to-date symlink: /home/jcarballeira/nimble_ws/src/install/nimble_interfaces/include/nimble_interfaces/nimble_interfaces/msg/detail/frame_state__functions.h
[0.679s] -- Up-to-date symlink: /home/jcarballeira/nimble_ws/src/install/nimble_interfaces/include/nimble_interfaces/nimble_interfaces/msg/detail/frame_state__struct.h
[0.679s] -- Up-to-date symlink: /home/jcarballeira/nimble_ws/src/install/nimble_interfaces/include/nimble_interfaces/nimble_interfaces/msg/detail/frame_state__type_support.h
[0.679s] -- Up-to-date symlink: /home/jcarballeira/nimble_ws/src/install/nimble_interfaces/include/nimble_interfaces/nimble_interfaces/msg/detail/joints_trajectory__functions.h
[0.680s] -- Up-to-date symlink: /home/jcarballeira/nimble_ws/src/install/nimble_interfaces/include/nimble_interfaces/nimble_interfaces/msg/detail/joints_trajectory__struct.h
[0.680s] -- Up-to-date symlink: /home/jcarballeira/nimble_ws/src/install/nimble_interfaces/include/nimble_interfaces/nimble_interfaces/msg/detail/joints_trajectory__type_support.h
[0.680s] -- Up-to-date symlink: /home/jcarballeira/nimble_ws/src/install/nimble_interfaces/include/nimble_interfaces/nimble_interfaces/msg/detail/measurements__functions.h
[0.680s] -- Up-to-date symlink: /home/jcarballeira/nimble_ws/src/install/nimble_interfaces/include/nimble_interfaces/nimble_interfaces/msg/detail/measurements__struct.h
[0.680s] -- Up-to-date symlink: /home/jcarballeira/nimble_ws/src/install/nimble_interfaces/include/nimble_interfaces/nimble_interfaces/msg/detail/measurements__type_support.h
[0.680s] -- Up-to-date symlink: /home/jcarballeira/nimble_ws/src/install/nimble_interfaces/include/nimble_interfaces/nimble_interfaces/msg/detail/therapy_requirements__functions.h
[0.681s] -- Up-to-date symlink: /home/jcarballeira/nimble_ws/src/install/nimble_interfaces/include/nimble_interfaces/nimble_interfaces/msg/detail/therapy_requirements__struct.h
[0.681s] -- Up-to-date symlink: /home/jcarballeira/nimble_ws/src/install/nimble_interfaces/include/nimble_interfaces/nimble_interfaces/msg/detail/therapy_requirements__type_support.h
[0.681s] -- Up-to-date symlink: /home/jcarballeira/nimble_ws/src/install/nimble_interfaces/include/nimble_interfaces/nimble_interfaces/msg/frame_state.h
[0.681s] -- Up-to-date symlink: /home/jcarballeira/nimble_ws/src/install/nimble_interfaces/include/nimble_interfaces/nimble_interfaces/msg/joints_trajectory.h
[0.681s] -- Up-to-date symlink: /home/jcarballeira/nimble_ws/src/install/nimble_interfaces/include/nimble_interfaces/nimble_interfaces/msg/measurements.h
[0.682s] -- Up-to-date symlink: /home/jcarballeira/nimble_ws/src/install/nimble_interfaces/include/nimble_interfaces/nimble_interfaces/msg/rosidl_generator_c__visibility_control.h
[0.682s] -- Up-to-date symlink: /home/jcarballeira/nimble_ws/src/install/nimble_interfaces/include/nimble_interfaces/nimble_interfaces/msg/therapy_requirements.h
[0.682s] -- Up-to-date symlink: /home/jcarballeira/nimble_ws/src/install/nimble_interfaces/include/nimble_interfaces/nimble_interfaces/srv/detail/traj_generator_service__functions.h
[0.682s] -- Up-to-date symlink: /home/jcarballeira/nimble_ws/src/install/nimble_interfaces/include/nimble_interfaces/nimble_interfaces/srv/detail/traj_generator_service__struct.h
[0.682s] -- Up-to-date symlink: /home/jcarballeira/nimble_ws/src/install/nimble_interfaces/include/nimble_interfaces/nimble_interfaces/srv/detail/traj_generator_service__type_support.h
[0.683s] -- Up-to-date symlink: /home/jcarballeira/nimble_ws/src/install/nimble_interfaces/include/nimble_interfaces/nimble_interfaces/srv/traj_generator_service.h
[0.683s] -- Up-to-date symlink: /home/jcarballeira/nimble_ws/src/install/nimble_interfaces/share/nimble_interfaces/environment/library_path.sh
[0.683s] -- Up-to-date symlink: /home/jcarballeira/nimble_ws/src/install/nimble_interfaces/share/nimble_interfaces/environment/library_path.dsv
[0.684s] -- Up-to-date symlink: /home/jcarballeira/nimble_ws/src/install/nimble_interfaces/include/nimble_interfaces/nimble_interfaces/msg/detail/cartesian_full_trajectory__rosidl_typesupport_fastrtps_c.h
[0.684s] -- Up-to-date symlink: /home/jcarballeira/nimble_ws/src/install/nimble_interfaces/include/nimble_interfaces/nimble_interfaces/msg/detail/cartesian_trajectory__rosidl_typesupport_fastrtps_c.h
[0.684s] -- Up-to-date symlink: /home/jcarballeira/nimble_ws/src/install/nimble_interfaces/include/nimble_interfaces/nimble_interfaces/msg/detail/frame_state__rosidl_typesupport_fastrtps_c.h
[0.684s] -- Up-to-date symlink: /home/jcarballeira/nimble_ws/src/install/nimble_interfaces/include/nimble_interfaces/nimble_interfaces/msg/detail/joints_trajectory__rosidl_typesupport_fastrtps_c.h
[0.684s] -- Up-to-date symlink: /home/jcarballeira/nimble_ws/src/install/nimble_interfaces/include/nimble_interfaces/nimble_interfaces/msg/detail/measurements__rosidl_typesupport_fastrtps_c.h
[0.684s] -- Up-to-date symlink: /home/jcarballeira/nimble_ws/src/install/nimble_interfaces/include/nimble_interfaces/nimble_interfaces/msg/detail/therapy_requirements__rosidl_typesupport_fastrtps_c.h
[0.685s] -- Up-to-date symlink: /home/jcarballeira/nimble_ws/src/install/nimble_interfaces/include/nimble_interfaces/nimble_interfaces/msg/rosidl_typesupport_fastrtps_c__visibility_control.h
[0.685s] -- Up-to-date symlink: /home/jcarballeira/nimble_ws/src/install/nimble_interfaces/include/nimble_interfaces/nimble_interfaces/srv/detail/traj_generator_service__rosidl_typesupport_fastrtps_c.h
[0.685s] -- Up-to-date symlink: /home/jcarballeira/nimble_ws/src/install/nimble_interfaces/include/nimble_interfaces/nimble_interfaces/msg/detail/cartesian_full_trajectory__rosidl_typesupport_introspection_c.h
[0.685s] -- Up-to-date symlink: /home/jcarballeira/nimble_ws/src/install/nimble_interfaces/include/nimble_interfaces/nimble_interfaces/msg/detail/cartesian_trajectory__rosidl_typesupport_introspection_c.h
[0.686s] -- Up-to-date symlink: /home/jcarballeira/nimble_ws/src/install/nimble_interfaces/include/nimble_interfaces/nimble_interfaces/msg/detail/frame_state__rosidl_typesupport_introspection_c.h
[0.686s] -- Up-to-date symlink: /home/jcarballeira/nimble_ws/src/install/nimble_interfaces/include/nimble_interfaces/nimble_interfaces/msg/detail/joints_trajectory__rosidl_typesupport_introspection_c.h
[0.686s] -- Up-to-date symlink: /home/jcarballeira/nimble_ws/src/install/nimble_interfaces/include/nimble_interfaces/nimble_interfaces/msg/detail/measurements__rosidl_typesupport_introspection_c.h
[0.686s] -- Up-to-date symlink: /home/jcarballeira/nimble_ws/src/install/nimble_interfaces/include/nimble_interfaces/nimble_interfaces/msg/detail/therapy_requirements__rosidl_typesupport_introspection_c.h
[0.686s] -- Up-to-date symlink: /home/jcarballeira/nimble_ws/src/install/nimble_interfaces/include/nimble_interfaces/nimble_interfaces/msg/rosidl_typesupport_introspection_c__visibility_control.h
[0.687s] -- Up-to-date symlink: /home/jcarballeira/nimble_ws/src/install/nimble_interfaces/include/nimble_interfaces/nimble_interfaces/srv/detail/traj_generator_service__rosidl_typesupport_introspection_c.h
[0.687s] -- Up-to-date symlink: /home/jcarballeira/nimble_ws/src/install/nimble_interfaces/include/nimble_interfaces/nimble_interfaces/msg/cartesian_full_trajectory.hpp
[0.687s] -- Up-to-date symlink: /home/jcarballeira/nimble_ws/src/install/nimble_interfaces/include/nimble_interfaces/nimble_interfaces/msg/cartesian_trajectory.hpp
[0.688s] -- Up-to-date symlink: /home/jcarballeira/nimble_ws/src/install/nimble_interfaces/include/nimble_interfaces/nimble_interfaces/msg/detail/cartesian_full_trajectory__builder.hpp
[0.688s] -- Up-to-date symlink: /home/jcarballeira/nimble_ws/src/install/nimble_interfaces/include/nimble_interfaces/nimble_interfaces/msg/detail/cartesian_full_trajectory__struct.hpp
[0.688s] -- Up-to-date symlink: /home/jcarballeira/nimble_ws/src/install/nimble_interfaces/include/nimble_interfaces/nimble_interfaces/msg/detail/cartesian_full_trajectory__traits.hpp
[0.688s] -- Up-to-date symlink: /home/jcarballeira/nimble_ws/src/install/nimble_interfaces/include/nimble_interfaces/nimble_interfaces/msg/detail/cartesian_trajectory__builder.hpp
[0.688s] -- Up-to-date symlink: /home/jcarballeira/nimble_ws/src/install/nimble_interfaces/include/nimble_interfaces/nimble_interfaces/msg/detail/cartesian_trajectory__struct.hpp
[0.688s] -- Up-to-date symlink: /home/jcarballeira/nimble_ws/src/install/nimble_interfaces/include/nimble_interfaces/nimble_interfaces/msg/detail/cartesian_trajectory__traits.hpp
[0.689s] -- Up-to-date symlink: /home/jcarballeira/nimble_ws/src/install/nimble_interfaces/include/nimble_interfaces/nimble_interfaces/msg/detail/frame_state__builder.hpp
[0.689s] -- Up-to-date symlink: /home/jcarballeira/nimble_ws/src/install/nimble_interfaces/include/nimble_interfaces/nimble_interfaces/msg/detail/frame_state__struct.hpp
[0.689s] -- Up-to-date symlink: /home/jcarballeira/nimble_ws/src/install/nimble_interfaces/include/nimble_interfaces/nimble_interfaces/msg/detail/frame_state__traits.hpp
[0.689s] -- Up-to-date symlink: /home/jcarballeira/nimble_ws/src/install/nimble_interfaces/include/nimble_interfaces/nimble_interfaces/msg/detail/joints_trajectory__builder.hpp
[0.689s] -- Up-to-date symlink: /home/jcarballeira/nimble_ws/src/install/nimble_interfaces/include/nimble_interfaces/nimble_interfaces/msg/detail/joints_trajectory__struct.hpp
[0.689s] -- Up-to-date symlink: /home/jcarballeira/nimble_ws/src/install/nimble_interfaces/include/nimble_interfaces/nimble_interfaces/msg/detail/joints_trajectory__traits.hpp
[0.690s] -- Up-to-date symlink: /home/jcarballeira/nimble_ws/src/install/nimble_interfaces/include/nimble_interfaces/nimble_interfaces/msg/detail/measurements__builder.hpp
[0.690s] -- Up-to-date symlink: /home/jcarballeira/nimble_ws/src/install/nimble_interfaces/include/nimble_interfaces/nimble_interfaces/msg/detail/measurements__struct.hpp
[0.690s] -- Up-to-date symlink: /home/jcarballeira/nimble_ws/src/install/nimble_interfaces/include/nimble_interfaces/nimble_interfaces/msg/detail/measurements__traits.hpp
[0.690s] -- Up-to-date symlink: /home/jcarballeira/nimble_ws/src/install/nimble_interfaces/include/nimble_interfaces/nimble_interfaces/msg/detail/therapy_requirements__builder.hpp
[0.690s] -- Up-to-date symlink: /home/jcarballeira/nimble_ws/src/install/nimble_interfaces/include/nimble_interfaces/nimble_interfaces/msg/detail/therapy_requirements__struct.hpp
[0.690s] -- Up-to-date symlink: /home/jcarballeira/nimble_ws/src/install/nimble_interfaces/include/nimble_interfaces/nimble_interfaces/msg/detail/therapy_requirements__traits.hpp
[0.691s] -- Up-to-date symlink: /home/jcarballeira/nimble_ws/src/install/nimble_interfaces/include/nimble_interfaces/nimble_interfaces/msg/frame_state.hpp
[0.691s] -- Up-to-date symlink: /home/jcarballeira/nimble_ws/src/install/nimble_interfaces/include/nimble_interfaces/nimble_interfaces/msg/joints_trajectory.hpp
[0.691s] -- Up-to-date symlink: /home/jcarballeira/nimble_ws/src/install/nimble_interfaces/include/nimble_interfaces/nimble_interfaces/msg/measurements.hpp
[0.691s] -- Up-to-date symlink: /home/jcarballeira/nimble_ws/src/install/nimble_interfaces/include/nimble_interfaces/nimble_interfaces/msg/therapy_requirements.hpp
[0.691s] -- Up-to-date symlink: /home/jcarballeira/nimble_ws/src/install/nimble_interfaces/include/nimble_interfaces/nimble_interfaces/srv/detail/traj_generator_service__builder.hpp
[0.692s] -- Up-to-date symlink: /home/jcarballeira/nimble_ws/src/install/nimble_interfaces/include/nimble_interfaces/nimble_interfaces/srv/detail/traj_generator_service__struct.hpp
[0.692s] -- Up-to-date symlink: /home/jcarballeira/nimble_ws/src/install/nimble_interfaces/include/nimble_interfaces/nimble_interfaces/srv/detail/traj_generator_service__traits.hpp
[0.692s] -- Up-to-date symlink: /home/jcarballeira/nimble_ws/src/install/nimble_interfaces/include/nimble_interfaces/nimble_interfaces/srv/traj_generator_service.hpp
[0.693s] -- Up-to-date symlink: /home/jcarballeira/nimble_ws/src/install/nimble_interfaces/include/nimble_interfaces/nimble_interfaces/msg/detail/cartesian_full_trajectory__rosidl_typesupport_fastrtps_cpp.hpp
[0.693s] -- Up-to-date symlink: /home/jcarballeira/nimble_ws/src/install/nimble_interfaces/include/nimble_interfaces/nimble_interfaces/msg/detail/cartesian_trajectory__rosidl_typesupport_fastrtps_cpp.hpp
[0.693s] -- Up-to-date symlink: /home/jcarballeira/nimble_ws/src/install/nimble_interfaces/include/nimble_interfaces/nimble_interfaces/msg/detail/frame_state__rosidl_typesupport_fastrtps_cpp.hpp
[0.693s] -- Up-to-date symlink: /home/jcarballeira/nimble_ws/src/install/nimble_interfaces/include/nimble_interfaces/nimble_interfaces/msg/detail/joints_trajectory__rosidl_typesupport_fastrtps_cpp.hpp
[0.693s] -- Up-to-date symlink: /home/jcarballeira/nimble_ws/src/install/nimble_interfaces/include/nimble_interfaces/nimble_interfaces/msg/detail/measurements__rosidl_typesupport_fastrtps_cpp.hpp
[0.693s] -- Up-to-date symlink: /home/jcarballeira/nimble_ws/src/install/nimble_interfaces/include/nimble_interfaces/nimble_interfaces/msg/detail/therapy_requirements__rosidl_typesupport_fastrtps_cpp.hpp
[0.694s] -- Up-to-date symlink: /home/jcarballeira/nimble_ws/src/install/nimble_interfaces/include/nimble_interfaces/nimble_interfaces/msg/rosidl_typesupport_fastrtps_cpp__visibility_control.h
[0.694s] -- Up-to-date symlink: /home/jcarballeira/nimble_ws/src/install/nimble_interfaces/include/nimble_interfaces/nimble_interfaces/srv/detail/traj_generator_service__rosidl_typesupport_fastrtps_cpp.hpp
[0.694s] -- Up-to-date symlink: /home/jcarballeira/nimble_ws/src/install/nimble_interfaces/include/nimble_interfaces/nimble_interfaces/msg/detail/cartesian_full_trajectory__rosidl_typesupport_introspection_cpp.hpp
[0.695s] -- Up-to-date symlink: /home/jcarballeira/nimble_ws/src/install/nimble_interfaces/include/nimble_interfaces/nimble_interfaces/msg/detail/cartesian_trajectory__rosidl_typesupport_introspection_cpp.hpp
[0.695s] -- Up-to-date symlink: /home/jcarballeira/nimble_ws/src/install/nimble_interfaces/include/nimble_interfaces/nimble_interfaces/msg/detail/frame_state__rosidl_typesupport_introspection_cpp.hpp
[0.695s] -- Up-to-date symlink: /home/jcarballeira/nimble_ws/src/install/nimble_interfaces/include/nimble_interfaces/nimble_interfaces/msg/detail/joints_trajectory__rosidl_typesupport_introspection_cpp.hpp
[0.695s] -- Up-to-date symlink: /home/jcarballeira/nimble_ws/src/install/nimble_interfaces/include/nimble_interfaces/nimble_interfaces/msg/detail/measurements__rosidl_typesupport_introspection_cpp.hpp
[0.695s] -- Up-to-date symlink: /home/jcarballeira/nimble_ws/src/install/nimble_interfaces/include/nimble_interfaces/nimble_interfaces/msg/detail/therapy_requirements__rosidl_typesupport_introspection_cpp.hpp
[0.695s] -- Up-to-date symlink: /home/jcarballeira/nimble_ws/src/install/nimble_interfaces/include/nimble_interfaces/nimble_interfaces/srv/detail/traj_generator_service__rosidl_typesupport_introspection_cpp.hpp
[0.696s] -- Up-to-date symlink: /home/jcarballeira/nimble_ws/src/install/nimble_interfaces/share/nimble_interfaces/environment/pythonpath.sh
[0.696s] -- Up-to-date symlink: /home/jcarballeira/nimble_ws/src/install/nimble_interfaces/share/nimble_interfaces/environment/pythonpath.dsv
[0.696s] -- Up-to-date symlink: /home/jcarballeira/nimble_ws/src/install/nimble_interfaces/local/lib/python3.10/dist-packages/nimble_interfaces-0.0.0-py3.10.egg-info/PKG-INFO
[0.696s] -- Up-to-date symlink: /home/jcarballeira/nimble_ws/src/install/nimble_interfaces/local/lib/python3.10/dist-packages/nimble_interfaces-0.0.0-py3.10.egg-info/SOURCES.txt
[0.697s] -- Up-to-date symlink: /home/jcarballeira/nimble_ws/src/install/nimble_interfaces/local/lib/python3.10/dist-packages/nimble_interfaces-0.0.0-py3.10.egg-info/dependency_links.txt
[0.697s] -- Up-to-date symlink: /home/jcarballeira/nimble_ws/src/install/nimble_interfaces/local/lib/python3.10/dist-packages/nimble_interfaces-0.0.0-py3.10.egg-info/top_level.txt
[0.697s] -- Up-to-date symlink: /home/jcarballeira/nimble_ws/src/install/nimble_interfaces/local/lib/python3.10/dist-packages/nimble_interfaces/__init__.py
[0.698s] -- Up-to-date symlink: /home/jcarballeira/nimble_ws/src/install/nimble_interfaces/local/lib/python3.10/dist-packages/nimble_interfaces/_nimble_interfaces_s.ep.rosidl_typesupport_c.c
[0.698s] -- Up-to-date symlink: /home/jcarballeira/nimble_ws/src/install/nimble_interfaces/local/lib/python3.10/dist-packages/nimble_interfaces/_nimble_interfaces_s.ep.rosidl_typesupport_fastrtps_c.c
[0.698s] -- Up-to-date symlink: /home/jcarballeira/nimble_ws/src/install/nimble_interfaces/local/lib/python3.10/dist-packages/nimble_interfaces/_nimble_interfaces_s.ep.rosidl_typesupport_introspection_c.c
[0.698s] -- Up-to-date symlink: /home/jcarballeira/nimble_ws/src/install/nimble_interfaces/local/lib/python3.10/dist-packages/nimble_interfaces/libnimble_interfaces__rosidl_generator_py.so
[0.698s] -- Up-to-date symlink: /home/jcarballeira/nimble_ws/src/install/nimble_interfaces/local/lib/python3.10/dist-packages/nimble_interfaces/msg/__init__.py
[0.699s] -- Up-to-date symlink: /home/jcarballeira/nimble_ws/src/install/nimble_interfaces/local/lib/python3.10/dist-packages/nimble_interfaces/msg/_cartesian_full_trajectory.py
[0.699s] -- Up-to-date symlink: /home/jcarballeira/nimble_ws/src/install/nimble_interfaces/local/lib/python3.10/dist-packages/nimble_interfaces/msg/_cartesian_full_trajectory_s.c
[0.699s] -- Up-to-date symlink: /home/jcarballeira/nimble_ws/src/install/nimble_interfaces/local/lib/python3.10/dist-packages/nimble_interfaces/msg/_cartesian_trajectory.py
[0.699s] -- Up-to-date symlink: /home/jcarballeira/nimble_ws/src/install/nimble_interfaces/local/lib/python3.10/dist-packages/nimble_interfaces/msg/_cartesian_trajectory_s.c
[0.699s] -- Up-to-date symlink: /home/jcarballeira/nimble_ws/src/install/nimble_interfaces/local/lib/python3.10/dist-packages/nimble_interfaces/msg/_frame_state.py
[0.699s] -- Up-to-date symlink: /home/jcarballeira/nimble_ws/src/install/nimble_interfaces/local/lib/python3.10/dist-packages/nimble_interfaces/msg/_frame_state_s.c
[0.700s] -- Up-to-date symlink: /home/jcarballeira/nimble_ws/src/install/nimble_interfaces/local/lib/python3.10/dist-packages/nimble_interfaces/msg/_joints_trajectory.py
[0.700s] -- Up-to-date symlink: /home/jcarballeira/nimble_ws/src/install/nimble_interfaces/local/lib/python3.10/dist-packages/nimble_interfaces/msg/_joints_trajectory_s.c
[0.700s] -- Up-to-date symlink: /home/jcarballeira/nimble_ws/src/install/nimble_interfaces/local/lib/python3.10/dist-packages/nimble_interfaces/msg/_measurements.py
[0.700s] -- Up-to-date symlink: /home/jcarballeira/nimble_ws/src/install/nimble_interfaces/local/lib/python3.10/dist-packages/nimble_interfaces/msg/_measurements_s.c
[0.700s] -- Up-to-date symlink: /home/jcarballeira/nimble_ws/src/install/nimble_interfaces/local/lib/python3.10/dist-packages/nimble_interfaces/msg/_therapy_requirements.py
[0.700s] -- Up-to-date symlink: /home/jcarballeira/nimble_ws/src/install/nimble_interfaces/local/lib/python3.10/dist-packages/nimble_interfaces/msg/_therapy_requirements_s.c
[0.701s] -- Up-to-date symlink: /home/jcarballeira/nimble_ws/src/install/nimble_interfaces/local/lib/python3.10/dist-packages/nimble_interfaces/nimble_interfaces_s__rosidl_typesupport_c.cpython-310-x86_64-linux-gnu.so
[0.701s] -- Up-to-date symlink: /home/jcarballeira/nimble_ws/src/install/nimble_interfaces/local/lib/python3.10/dist-packages/nimble_interfaces/nimble_interfaces_s__rosidl_typesupport_fastrtps_c.cpython-310-x86_64-linux-gnu.so
[0.701s] -- Up-to-date symlink: /home/jcarballeira/nimble_ws/src/install/nimble_interfaces/local/lib/python3.10/dist-packages/nimble_interfaces/nimble_interfaces_s__rosidl_typesupport_introspection_c.cpython-310-x86_64-linux-gnu.so
[0.701s] -- Up-to-date symlink: /home/jcarballeira/nimble_ws/src/install/nimble_interfaces/local/lib/python3.10/dist-packages/nimble_interfaces/srv/__init__.py
[0.701s] -- Up-to-date symlink: /home/jcarballeira/nimble_ws/src/install/nimble_interfaces/local/lib/python3.10/dist-packages/nimble_interfaces/srv/_traj_generator_service.py
[0.701s] -- Up-to-date symlink: /home/jcarballeira/nimble_ws/src/install/nimble_interfaces/local/lib/python3.10/dist-packages/nimble_interfaces/srv/_traj_generator_service_s.c
[0.702s] -- Up-to-date symlink: /home/jcarballeira/nimble_ws/src/install/nimble_interfaces/local/lib/python3.10/dist-packages/nimble_interfaces/nimble_interfaces_s__rosidl_typesupport_fastrtps_c.cpython-310-x86_64-linux-gnu.so
[0.702s] -- Up-to-date symlink: /home/jcarballeira/nimble_ws/src/install/nimble_interfaces/local/lib/python3.10/dist-packages/nimble_interfaces/nimble_interfaces_s__rosidl_typesupport_introspection_c.cpython-310-x86_64-linux-gnu.so
[0.702s] -- Up-to-date symlink: /home/jcarballeira/nimble_ws/src/install/nimble_interfaces/local/lib/python3.10/dist-packages/nimble_interfaces/nimble_interfaces_s__rosidl_typesupport_c.cpython-310-x86_64-linux-gnu.so
[0.703s] -- Up-to-date symlink: /home/jcarballeira/nimble_ws/src/install/nimble_interfaces/share/nimble_interfaces/msg/Measurements.idl
[0.703s] -- Up-to-date symlink: /home/jcarballeira/nimble_ws/src/install/nimble_interfaces/share/nimble_interfaces/msg/TherapyRequirements.idl
[0.703s] -- Up-to-date symlink: /home/jcarballeira/nimble_ws/src/install/nimble_interfaces/share/nimble_interfaces/msg/FrameState.idl
[0.703s] -- Up-to-date symlink: /home/jcarballeira/nimble_ws/src/install/nimble_interfaces/share/nimble_interfaces/msg/JointsTrajectory.idl
[0.704s] -- Up-to-date symlink: /home/jcarballeira/nimble_ws/src/install/nimble_interfaces/share/nimble_interfaces/msg/CartesianTrajectory.idl
[0.704s] -- Up-to-date symlink: /home/jcarballeira/nimble_ws/src/install/nimble_interfaces/share/nimble_interfaces/msg/CartesianFullTrajectory.idl
[0.704s] -- Up-to-date symlink: /home/jcarballeira/nimble_ws/src/install/nimble_interfaces/share/nimble_interfaces/srv/TrajGeneratorService.idl
[0.704s] -- Up-to-date symlink: /home/jcarballeira/nimble_ws/src/install/nimble_interfaces/share/nimble_interfaces/msg/Measurements.msg
[0.704s] -- Up-to-date symlink: /home/jcarballeira/nimble_ws/src/install/nimble_interfaces/share/nimble_interfaces/msg/TherapyRequirements.msg
[0.705s] -- Up-to-date symlink: /home/jcarballeira/nimble_ws/src/install/nimble_interfaces/share/nimble_interfaces/msg/FrameState.msg
[0.705s] -- Up-to-date symlink: /home/jcarballeira/nimble_ws/src/install/nimble_interfaces/share/nimble_interfaces/msg/JointsTrajectory.msg
[0.705s] -- Up-to-date symlink: /home/jcarballeira/nimble_ws/src/install/nimble_interfaces/share/nimble_interfaces/msg/CartesianTrajectory.msg
[0.705s] -- Up-to-date symlink: /home/jcarballeira/nimble_ws/src/install/nimble_interfaces/share/nimble_interfaces/msg/CartesianFullTrajectory.msg
[0.705s] -- Up-to-date symlink: /home/jcarballeira/nimble_ws/src/install/nimble_interfaces/share/nimble_interfaces/srv/TrajGeneratorService.srv
[0.706s] -- Up-to-date symlink: /home/jcarballeira/nimble_ws/src/install/nimble_interfaces/share/nimble_interfaces/srv/TrajGeneratorService_Request.msg
[0.706s] -- Up-to-date symlink: /home/jcarballeira/nimble_ws/src/install/nimble_interfaces/share/nimble_interfaces/srv/TrajGeneratorService_Response.msg
[0.706s] -- Up-to-date symlink: /home/jcarballeira/nimble_ws/src/install/nimble_interfaces/share/ament_index/resource_index/package_run_dependencies/nimble_interfaces
[0.706s] -- Up-to-date symlink: /home/jcarballeira/nimble_ws/src/install/nimble_interfaces/share/ament_index/resource_index/parent_prefix_path/nimble_interfaces
[0.707s] -- Up-to-date symlink: /home/jcarballeira/nimble_ws/src/install/nimble_interfaces/share/nimble_interfaces/environment/ament_prefix_path.sh
[0.707s] -- Up-to-date symlink: /home/jcarballeira/nimble_ws/src/install/nimble_interfaces/share/nimble_interfaces/environment/ament_prefix_path.dsv
[0.707s] -- Up-to-date symlink: /home/jcarballeira/nimble_ws/src/install/nimble_interfaces/share/nimble_interfaces/environment/path.sh
[0.707s] -- Up-to-date symlink: /home/jcarballeira/nimble_ws/src/install/nimble_interfaces/share/nimble_interfaces/environment/path.dsv
[0.707s] -- Up-to-date symlink: /home/jcarballeira/nimble_ws/src/install/nimble_interfaces/share/nimble_interfaces/local_setup.bash
[0.708s] -- Up-to-date symlink: /home/jcarballeira/nimble_ws/src/install/nimble_interfaces/share/nimble_interfaces/local_setup.sh
[0.708s] -- Up-to-date symlink: /home/jcarballeira/nimble_ws/src/install/nimble_interfaces/share/nimble_interfaces/local_setup.zsh
[0.708s] -- Up-to-date symlink: /home/jcarballeira/nimble_ws/src/install/nimble_interfaces/share/nimble_interfaces/local_setup.dsv
[0.708s] -- Symlinking: /home/jcarballeira/nimble_ws/src/install/nimble_interfaces/share/nimble_interfaces/package.dsv
[0.718s] -- Up-to-date symlink: /home/jcarballeira/nimble_ws/src/install/nimble_interfaces/share/ament_index/resource_index/packages/nimble_interfaces
[0.718s] -- Up-to-date symlink: /home/jcarballeira/nimble_ws/src/install/nimble_interfaces/share/nimble_interfaces/cmake/rosidl_cmake-extras.cmake
[0.718s] -- Up-to-date symlink: /home/jcarballeira/nimble_ws/src/install/nimble_interfaces/share/nimble_interfaces/cmake/ament_cmake_export_dependencies-extras.cmake
[0.718s] -- Up-to-date symlink: /home/jcarballeira/nimble_ws/src/install/nimble_interfaces/share/nimble_interfaces/cmake/ament_cmake_export_include_directories-extras.cmake
[0.718s] -- Up-to-date symlink: /home/jcarballeira/nimble_ws/src/install/nimble_interfaces/share/nimble_interfaces/cmake/ament_cmake_export_libraries-extras.cmake
[0.719s] -- Up-to-date symlink: /home/jcarballeira/nimble_ws/src/install/nimble_interfaces/share/nimble_interfaces/cmake/ament_cmake_export_targets-extras.cmake
[0.719s] -- Up-to-date symlink: /home/jcarballeira/nimble_ws/src/install/nimble_interfaces/share/nimble_interfaces/cmake/rosidl_cmake_export_typesupport_targets-extras.cmake
[0.719s] -- Up-to-date symlink: /home/jcarballeira/nimble_ws/src/install/nimble_interfaces/share/nimble_interfaces/cmake/rosidl_cmake_export_typesupport_libraries-extras.cmake
[0.719s] -- Up-to-date symlink: /home/jcarballeira/nimble_ws/src/install/nimble_interfaces/share/nimble_interfaces/cmake/nimble_interfacesConfig.cmake
[0.720s] -- Up-to-date symlink: /home/jcarballeira/nimble_ws/src/install/nimble_interfaces/share/nimble_interfaces/cmake/nimble_interfacesConfig-version.cmake
[0.720s] -- Up-to-date symlink: /home/jcarballeira/nimble_ws/src/install/nimble_interfaces/share/nimble_interfaces/package.xml
[0.720s] -- Up-to-date: /home/jcarballeira/nimble_ws/src/install/nimble_interfaces/lib/libnimble_interfaces__rosidl_generator_c.so
[0.720s] -- Up-to-date: /home/jcarballeira/nimble_ws/src/install/nimble_interfaces/lib/libnimble_interfaces__rosidl_typesupport_fastrtps_c.so
[0.721s] -- Up-to-date: /home/jcarballeira/nimble_ws/src/install/nimble_interfaces/lib/libnimble_interfaces__rosidl_typesupport_introspection_c.so
[0.721s] -- Up-to-date: /home/jcarballeira/nimble_ws/src/install/nimble_interfaces/lib/libnimble_interfaces__rosidl_typesupport_c.so
[0.721s] -- Up-to-date: /home/jcarballeira/nimble_ws/src/install/nimble_interfaces/lib/libnimble_interfaces__rosidl_typesupport_fastrtps_cpp.so
[0.721s] -- Up-to-date: /home/jcarballeira/nimble_ws/src/install/nimble_interfaces/lib/libnimble_interfaces__rosidl_typesupport_introspection_cpp.so
[0.722s] -- Up-to-date: /home/jcarballeira/nimble_ws/src/install/nimble_interfaces/lib/libnimble_interfaces__rosidl_typesupport_cpp.so
[0.760s] Listing '/home/jcarballeira/nimble_ws/src/install/nimble_interfaces/local/lib/python3.10/dist-packages/nimble_interfaces'...
[0.760s] Listing '/home/jcarballeira/nimble_ws/src/install/nimble_interfaces/local/lib/python3.10/dist-packages/nimble_interfaces/msg'...
[0.760s] Listing '/home/jcarballeira/nimble_ws/src/install/nimble_interfaces/local/lib/python3.10/dist-packages/nimble_interfaces/srv'...
[0.766s] -- Up-to-date: /home/jcarballeira/nimble_ws/src/install/nimble_interfaces/lib/libnimble_interfaces__rosidl_generator_py.so
[0.766s] -- Up-to-date: /home/jcarballeira/nimble_ws/src/install/nimble_interfaces/share/nimble_interfaces/cmake/export_nimble_interfaces__rosidl_generator_cExport.cmake
[0.766s] -- Up-to-date: /home/jcarballeira/nimble_ws/src/install/nimble_interfaces/share/nimble_interfaces/cmake/export_nimble_interfaces__rosidl_generator_cExport-noconfig.cmake
[0.766s] -- Up-to-date: /home/jcarballeira/nimble_ws/src/install/nimble_interfaces/share/nimble_interfaces/cmake/export_nimble_interfaces__rosidl_typesupport_fastrtps_cExport.cmake
[0.767s] -- Up-to-date: /home/jcarballeira/nimble_ws/src/install/nimble_interfaces/share/nimble_interfaces/cmake/export_nimble_interfaces__rosidl_typesupport_fastrtps_cExport-noconfig.cmake
[0.767s] -- Up-to-date: /home/jcarballeira/nimble_ws/src/install/nimble_interfaces/share/nimble_interfaces/cmake/nimble_interfaces__rosidl_typesupport_introspection_cExport.cmake
[0.767s] -- Up-to-date: /home/jcarballeira/nimble_ws/src/install/nimble_interfaces/share/nimble_interfaces/cmake/nimble_interfaces__rosidl_typesupport_introspection_cExport-noconfig.cmake
[0.767s] -- Up-to-date: /home/jcarballeira/nimble_ws/src/install/nimble_interfaces/share/nimble_interfaces/cmake/nimble_interfaces__rosidl_typesupport_cExport.cmake
[0.767s] -- Up-to-date: /home/jcarballeira/nimble_ws/src/install/nimble_interfaces/share/nimble_interfaces/cmake/nimble_interfaces__rosidl_typesupport_cExport-noconfig.cmake
[0.767s] -- Up-to-date: /home/jcarballeira/nimble_ws/src/install/nimble_interfaces/share/nimble_interfaces/cmake/export_nimble_interfaces__rosidl_generator_cppExport.cmake
[0.768s] -- Up-to-date: /home/jcarballeira/nimble_ws/src/install/nimble_interfaces/share/nimble_interfaces/cmake/export_nimble_interfaces__rosidl_typesupport_fastrtps_cppExport.cmake
[0.768s] -- Up-to-date: /home/jcarballeira/nimble_ws/src/install/nimble_interfaces/share/nimble_interfaces/cmake/export_nimble_interfaces__rosidl_typesupport_fastrtps_cppExport-noconfig.cmake
[0.768s] -- Up-to-date: /home/jcarballeira/nimble_ws/src/install/nimble_interfaces/share/nimble_interfaces/cmake/nimble_interfaces__rosidl_typesupport_introspection_cppExport.cmake
[0.768s] -- Up-to-date: /home/jcarballeira/nimble_ws/src/install/nimble_interfaces/share/nimble_interfaces/cmake/nimble_interfaces__rosidl_typesupport_introspection_cppExport-noconfig.cmake
[0.768s] -- Up-to-date: /home/jcarballeira/nimble_ws/src/install/nimble_interfaces/share/nimble_interfaces/cmake/nimble_interfaces__rosidl_typesupport_cppExport.cmake
[0.768s] -- Up-to-date: /home/jcarballeira/nimble_ws/src/install/nimble_interfaces/share/nimble_interfaces/cmake/nimble_interfaces__rosidl_typesupport_cppExport-noconfig.cmake
[0.768s] -- Up-to-date: /home/jcarballeira/nimble_ws/src/install/nimble_interfaces/share/nimble_interfaces/cmake/export_nimble_interfaces__rosidl_generator_pyExport.cmake
[0.768s] -- Up-to-date: /home/jcarballeira/nimble_ws/src/install/nimble_interfaces/share/nimble_interfaces/cmake/export_nimble_interfaces__rosidl_generator_pyExport-noconfig.cmake
[0.770s] Invoked command in '/home/jcarballeira/nimble_ws/src/build/nimble_interfaces' returned '0': CMAKE_PREFIX_PATH=${CMAKE_PREFIX_PATH}:/home/jcarballeira/evloc_ws/install/evloc:/opt/ros/humble /usr/bin/cmake --install /home/jcarballeira/nimble_ws/src/build/nimble_interfaces
