[0.100s] Invoking command in '/home/jcarballeira/nimble_ws/src/build/nimble_interfaces': CMAKE_PREFIX_PATH=${CMAKE_PREFIX_PATH}:/home/jcarballeira/evloc_ws/install/evloc:/opt/ros/humble /usr/bin/cmake --build /home/jcarballeira/nimble_ws/src/build/nimble_interfaces -- -j8 -l8
[0.150s] [  1%] Built target nimble_interfaces__cpp
[0.153s] [ 12%] Built target nimble_interfaces__rosidl_generator_c
[0.159s] [ 12%] Built target ament_cmake_python_symlink_nimble_interfaces
[0.181s] [ 24%] Built target nimble_interfaces__rosidl_typesupport_c
[0.182s] [ 35%] Built target nimble_interfaces__rosidl_typesupport_cpp
[0.186s] [ 69%] Built target nimble_interfaces__rosidl_typesupport_introspection_c
[0.186s] [ 69%] Built target nimble_interfaces__rosidl_typesupport_introspection_cpp
[0.186s] [ 69%] Built target nimble_interfaces__rosidl_typesupport_fastrtps_c
[0.189s] [ 81%] Built target nimble_interfaces__rosidl_typesupport_fastrtps_cpp
[0.208s] [ 81%] Built target nimble_interfaces
[0.229s] [ 82%] Built target nimble_interfaces__py
[0.255s] [ 92%] Built target nimble_interfaces__rosidl_generator_py
[0.276s] [100%] Built target nimble_interfaces__rosidl_typesupport_introspection_c__pyext
[0.276s] [100%] Built target nimble_interfaces__rosidl_typesupport_c__pyext
[0.276s] [100%] Built target nimble_interfaces__rosidl_typesupport_fastrtps_c__pyext
[0.460s] running egg_info
[0.461s] writing nimble_interfaces.egg-info/PKG-INFO
[0.461s] writing dependency_links to nimble_interfaces.egg-info/dependency_links.txt
[0.461s] writing top-level names to nimble_interfaces.egg-info/top_level.txt
[0.463s] reading manifest file 'nimble_interfaces.egg-info/SOURCES.txt'
[0.464s] writing manifest file 'nimble_interfaces.egg-info/SOURCES.txt'
[0.489s] [100%] Built target ament_cmake_python_build_nimble_interfaces_egg
[0.500s] Invoked command in '/home/jcarballeira/nimble_ws/src/build/nimble_interfaces' returned '0': CMAKE_PREFIX_PATH=${CMAKE_PREFIX_PATH}:/home/jcarballeira/evloc_ws/install/evloc:/opt/ros/humble /usr/bin/cmake --build /home/jcarballeira/nimble_ws/src/build/nimble_interfaces -- -j8 -l8
[0.647s] Invoking command in '/home/jcarballeira/nimble_ws/src/build/nimble_interfaces': CMAKE_PREFIX_PATH=${CMAKE_PREFIX_PATH}:/home/jcarballeira/evloc_ws/install/evloc:/opt/ros/humble /usr/bin/cmake --install /home/jcarballeira/nimble_ws/src/build/nimble_interfaces
[0.653s] -- Install configuration: ""
[0.654s] -- Execute custom install script
[0.654s] -- Up-to-date symlink: /home/jcarballeira/nimble_ws/src/install/nimble_interfaces/share/ament_index/resource_index/rosidl_interfaces/nimble_interfaces
[0.655s] -- Up-to-date symlink: /home/jcarballeira/nimble_ws/src/install/nimble_interfaces/include/nimble_interfaces/nimble_interfaces/msg/cartesian_full_trajectory.h
[0.655s] -- Up-to-date symlink: /home/jcarballeira/nimble_ws/src/install/nimble_interfaces/include/nimble_interfaces/nimble_interfaces/msg/cartesian_trajectory.h
[0.655s] -- Up-to-date symlink: /home/jcarballeira/nimble_ws/src/install/nimble_interfaces/include/nimble_interfaces/nimble_interfaces/msg/detail/cartesian_full_trajectory__functions.h
[0.655s] -- Up-to-date symlink: /home/jcarballeira/nimble_ws/src/install/nimble_interfaces/include/nimble_interfaces/nimble_interfaces/msg/detail/cartesian_full_trajectory__struct.h
[0.655s] -- Up-to-date symlink: /home/jcarballeira/nimble_ws/src/install/nimble_interfaces/include/nimble_interfaces/nimble_interfaces/msg/detail/cartesian_full_trajectory__type_support.h
[0.655s] -- Up-to-date symlink: /home/jcarballeira/nimble_ws/src/install/nimble_interfaces/include/nimble_interfaces/nimble_interfaces/msg/detail/cartesian_trajectory__functions.h
[0.656s] -- Up-to-date symlink: /home/jcarballeira/nimble_ws/src/install/nimble_interfaces/include/nimble_interfaces/nimble_interfaces/msg/detail/cartesian_trajectory__struct.h
[0.656s] -- Up-to-date symlink: /home/jcarballeira/nimble_ws/src/install/nimble_interfaces/include/nimble_interfaces/nimble_interfaces/msg/detail/cartesian_trajectory__type_support.h
[0.656s] -- Up-to-date symlink: /home/jcarballeira/nimble_ws/src/install/nimble_interfaces/include/nimble_interfaces/nimble_interfaces/msg/detail/frame_state__functions.h
[0.656s] -- Up-to-date symlink: /home/jcarballeira/nimble_ws/src/install/nimble_interfaces/include/nimble_interfaces/nimble_interfaces/msg/detail/frame_state__struct.h
[0.656s] -- Up-to-date symlink: /home/jcarballeira/nimble_ws/src/install/nimble_interfaces/include/nimble_interfaces/nimble_interfaces/msg/detail/frame_state__type_support.h
[0.656s] -- Up-to-date symlink: /home/jcarballeira/nimble_ws/src/install/nimble_interfaces/include/nimble_interfaces/nimble_interfaces/msg/detail/joints_trajectory__functions.h
[0.656s] -- Up-to-date symlink: /home/jcarballeira/nimble_ws/src/install/nimble_interfaces/include/nimble_interfaces/nimble_interfaces/msg/detail/joints_trajectory__struct.h
[0.656s] -- Up-to-date symlink: /home/jcarballeira/nimble_ws/src/install/nimble_interfaces/include/nimble_interfaces/nimble_interfaces/msg/detail/joints_trajectory__type_support.h
[0.657s] -- Up-to-date symlink: /home/jcarballeira/nimble_ws/src/install/nimble_interfaces/include/nimble_interfaces/nimble_interfaces/msg/detail/measurements__functions.h
[0.657s] -- Up-to-date symlink: /home/jcarballeira/nimble_ws/src/install/nimble_interfaces/include/nimble_interfaces/nimble_interfaces/msg/detail/measurements__struct.h
[0.657s] -- Up-to-date symlink: /home/jcarballeira/nimble_ws/src/install/nimble_interfaces/include/nimble_interfaces/nimble_interfaces/msg/detail/measurements__type_support.h
[0.657s] -- Up-to-date symlink: /home/jcarballeira/nimble_ws/src/install/nimble_interfaces/include/nimble_interfaces/nimble_interfaces/msg/detail/therapy_requirements__functions.h
[0.657s] -- Up-to-date symlink: /home/jcarballeira/nimble_ws/src/install/nimble_interfaces/include/nimble_interfaces/nimble_interfaces/msg/detail/therapy_requirements__struct.h
[0.657s] -- Up-to-date symlink: /home/jcarballeira/nimble_ws/src/install/nimble_interfaces/include/nimble_interfaces/nimble_interfaces/msg/detail/therapy_requirements__type_support.h
[0.657s] -- Up-to-date symlink: /home/jcarballeira/nimble_ws/src/install/nimble_interfaces/include/nimble_interfaces/nimble_interfaces/msg/frame_state.h
[0.657s] -- Up-to-date symlink: /home/jcarballeira/nimble_ws/src/install/nimble_interfaces/include/nimble_interfaces/nimble_interfaces/msg/joints_trajectory.h
[0.658s] -- Up-to-date symlink: /home/jcarballeira/nimble_ws/src/install/nimble_interfaces/include/nimble_interfaces/nimble_interfaces/msg/measurements.h
[0.658s] -- Up-to-date symlink: /home/jcarballeira/nimble_ws/src/install/nimble_interfaces/include/nimble_interfaces/nimble_interfaces/msg/rosidl_generator_c__visibility_control.h
[0.658s] -- Up-to-date symlink: /home/jcarballeira/nimble_ws/src/install/nimble_interfaces/include/nimble_interfaces/nimble_interfaces/msg/therapy_requirements.h
[0.658s] -- Up-to-date symlink: /home/jcarballeira/nimble_ws/src/install/nimble_interfaces/include/nimble_interfaces/nimble_interfaces/srv/detail/traj_generator_service__functions.h
[0.658s] -- Up-to-date symlink: /home/jcarballeira/nimble_ws/src/install/nimble_interfaces/include/nimble_interfaces/nimble_interfaces/srv/detail/traj_generator_service__struct.h
[0.658s] -- Up-to-date symlink: /home/jcarballeira/nimble_ws/src/install/nimble_interfaces/include/nimble_interfaces/nimble_interfaces/srv/detail/traj_generator_service__type_support.h
[0.658s] -- Up-to-date symlink: /home/jcarballeira/nimble_ws/src/install/nimble_interfaces/include/nimble_interfaces/nimble_interfaces/srv/traj_generator_service.h
[0.658s] -- Up-to-date symlink: /home/jcarballeira/nimble_ws/src/install/nimble_interfaces/share/nimble_interfaces/environment/library_path.sh
[0.658s] -- Up-to-date symlink: /home/jcarballeira/nimble_ws/src/install/nimble_interfaces/share/nimble_interfaces/environment/library_path.dsv
[0.659s] -- Up-to-date symlink: /home/jcarballeira/nimble_ws/src/install/nimble_interfaces/include/nimble_interfaces/nimble_interfaces/msg/detail/cartesian_full_trajectory__rosidl_typesupport_fastrtps_c.h
[0.659s] -- Up-to-date symlink: /home/jcarballeira/nimble_ws/src/install/nimble_interfaces/include/nimble_interfaces/nimble_interfaces/msg/detail/cartesian_trajectory__rosidl_typesupport_fastrtps_c.h
[0.659s] -- Up-to-date symlink: /home/jcarballeira/nimble_ws/src/install/nimble_interfaces/include/nimble_interfaces/nimble_interfaces/msg/detail/frame_state__rosidl_typesupport_fastrtps_c.h
[0.659s] -- Up-to-date symlink: /home/jcarballeira/nimble_ws/src/install/nimble_interfaces/include/nimble_interfaces/nimble_interfaces/msg/detail/joints_trajectory__rosidl_typesupport_fastrtps_c.h
[0.659s] -- Up-to-date symlink: /home/jcarballeira/nimble_ws/src/install/nimble_interfaces/include/nimble_interfaces/nimble_interfaces/msg/detail/measurements__rosidl_typesupport_fastrtps_c.h
[0.659s] -- Up-to-date symlink: /home/jcarballeira/nimble_ws/src/install/nimble_interfaces/include/nimble_interfaces/nimble_interfaces/msg/detail/therapy_requirements__rosidl_typesupport_fastrtps_c.h
[0.659s] -- Up-to-date symlink: /home/jcarballeira/nimble_ws/src/install/nimble_interfaces/include/nimble_interfaces/nimble_interfaces/msg/rosidl_typesupport_fastrtps_c__visibility_control.h
[0.659s] -- Up-to-date symlink: /home/jcarballeira/nimble_ws/src/install/nimble_interfaces/include/nimble_interfaces/nimble_interfaces/srv/detail/traj_generator_service__rosidl_typesupport_fastrtps_c.h
[0.660s] -- Up-to-date symlink: /home/jcarballeira/nimble_ws/src/install/nimble_interfaces/include/nimble_interfaces/nimble_interfaces/msg/detail/cartesian_full_trajectory__rosidl_typesupport_introspection_c.h
[0.660s] -- Up-to-date symlink: /home/jcarballeira/nimble_ws/src/install/nimble_interfaces/include/nimble_interfaces/nimble_interfaces/msg/detail/cartesian_trajectory__rosidl_typesupport_introspection_c.h
[0.660s] -- Up-to-date symlink: /home/jcarballeira/nimble_ws/src/install/nimble_interfaces/include/nimble_interfaces/nimble_interfaces/msg/detail/frame_state__rosidl_typesupport_introspection_c.h
[0.660s] -- Up-to-date symlink: /home/jcarballeira/nimble_ws/src/install/nimble_interfaces/include/nimble_interfaces/nimble_interfaces/msg/detail/joints_trajectory__rosidl_typesupport_introspection_c.h
[0.660s] -- Up-to-date symlink: /home/jcarballeira/nimble_ws/src/install/nimble_interfaces/include/nimble_interfaces/nimble_interfaces/msg/detail/measurements__rosidl_typesupport_introspection_c.h
[0.660s] -- Up-to-date symlink: /home/jcarballeira/nimble_ws/src/install/nimble_interfaces/include/nimble_interfaces/nimble_interfaces/msg/detail/therapy_requirements__rosidl_typesupport_introspection_c.h
[0.660s] -- Up-to-date symlink: /home/jcarballeira/nimble_ws/src/install/nimble_interfaces/include/nimble_interfaces/nimble_interfaces/msg/rosidl_typesupport_introspection_c__visibility_control.h
[0.660s] -- Up-to-date symlink: /home/jcarballeira/nimble_ws/src/install/nimble_interfaces/include/nimble_interfaces/nimble_interfaces/srv/detail/traj_generator_service__rosidl_typesupport_introspection_c.h
[0.661s] -- Up-to-date symlink: /home/jcarballeira/nimble_ws/src/install/nimble_interfaces/include/nimble_interfaces/nimble_interfaces/msg/cartesian_full_trajectory.hpp
[0.661s] -- Up-to-date symlink: /home/jcarballeira/nimble_ws/src/install/nimble_interfaces/include/nimble_interfaces/nimble_interfaces/msg/cartesian_trajectory.hpp
[0.661s] -- Up-to-date symlink: /home/jcarballeira/nimble_ws/src/install/nimble_interfaces/include/nimble_interfaces/nimble_interfaces/msg/detail/cartesian_full_trajectory__builder.hpp
[0.661s] -- Up-to-date symlink: /home/jcarballeira/nimble_ws/src/install/nimble_interfaces/include/nimble_interfaces/nimble_interfaces/msg/detail/cartesian_full_trajectory__struct.hpp
[0.661s] -- Up-to-date symlink: /home/jcarballeira/nimble_ws/src/install/nimble_interfaces/include/nimble_interfaces/nimble_interfaces/msg/detail/cartesian_full_trajectory__traits.hpp
[0.661s] -- Up-to-date symlink: /home/jcarballeira/nimble_ws/src/install/nimble_interfaces/include/nimble_interfaces/nimble_interfaces/msg/detail/cartesian_trajectory__builder.hpp
[0.662s] -- Up-to-date symlink: /home/jcarballeira/nimble_ws/src/install/nimble_interfaces/include/nimble_interfaces/nimble_interfaces/msg/detail/cartesian_trajectory__struct.hpp
[0.662s] -- Up-to-date symlink: /home/jcarballeira/nimble_ws/src/install/nimble_interfaces/include/nimble_interfaces/nimble_interfaces/msg/detail/cartesian_trajectory__traits.hpp
[0.662s] -- Up-to-date symlink: /home/jcarballeira/nimble_ws/src/install/nimble_interfaces/include/nimble_interfaces/nimble_interfaces/msg/detail/frame_state__builder.hpp
[0.662s] -- Up-to-date symlink: /home/jcarballeira/nimble_ws/src/install/nimble_interfaces/include/nimble_interfaces/nimble_interfaces/msg/detail/frame_state__struct.hpp
[0.662s] -- Up-to-date symlink: /home/jcarballeira/nimble_ws/src/install/nimble_interfaces/include/nimble_interfaces/nimble_interfaces/msg/detail/frame_state__traits.hpp
[0.662s] -- Up-to-date symlink: /home/jcarballeira/nimble_ws/src/install/nimble_interfaces/include/nimble_interfaces/nimble_interfaces/msg/detail/joints_trajectory__builder.hpp
[0.662s] -- Up-to-date symlink: /home/jcarballeira/nimble_ws/src/install/nimble_interfaces/include/nimble_interfaces/nimble_interfaces/msg/detail/joints_trajectory__struct.hpp
[0.662s] -- Up-to-date symlink: /home/jcarballeira/nimble_ws/src/install/nimble_interfaces/include/nimble_interfaces/nimble_interfaces/msg/detail/joints_trajectory__traits.hpp
[0.663s] -- Up-to-date symlink: /home/jcarballeira/nimble_ws/src/install/nimble_interfaces/include/nimble_interfaces/nimble_interfaces/msg/detail/measurements__builder.hpp
[0.663s] -- Up-to-date symlink: /home/jcarballeira/nimble_ws/src/install/nimble_interfaces/include/nimble_interfaces/nimble_interfaces/msg/detail/measurements__struct.hpp
[0.663s] -- Up-to-date symlink: /home/jcarballeira/nimble_ws/src/install/nimble_interfaces/include/nimble_interfaces/nimble_interfaces/msg/detail/measurements__traits.hpp
[0.663s] -- Up-to-date symlink: /home/jcarballeira/nimble_ws/src/install/nimble_interfaces/include/nimble_interfaces/nimble_interfaces/msg/detail/therapy_requirements__builder.hpp
[0.663s] -- Up-to-date symlink: /home/jcarballeira/nimble_ws/src/install/nimble_interfaces/include/nimble_interfaces/nimble_interfaces/msg/detail/therapy_requirements__struct.hpp
[0.663s] -- Up-to-date symlink: /home/jcarballeira/nimble_ws/src/install/nimble_interfaces/include/nimble_interfaces/nimble_interfaces/msg/detail/therapy_requirements__traits.hpp
[0.663s] -- Up-to-date symlink: /home/jcarballeira/nimble_ws/src/install/nimble_interfaces/include/nimble_interfaces/nimble_interfaces/msg/frame_state.hpp
[0.663s] -- Up-to-date symlink: /home/jcarballeira/nimble_ws/src/install/nimble_interfaces/include/nimble_interfaces/nimble_interfaces/msg/joints_trajectory.hpp
[0.663s] -- Up-to-date symlink: /home/jcarballeira/nimble_ws/src/install/nimble_interfaces/include/nimble_interfaces/nimble_interfaces/msg/measurements.hpp
[0.664s] -- Up-to-date symlink: /home/jcarballeira/nimble_ws/src/install/nimble_interfaces/include/nimble_interfaces/nimble_interfaces/msg/therapy_requirements.hpp
[0.664s] -- Up-to-date symlink: /home/jcarballeira/nimble_ws/src/install/nimble_interfaces/include/nimble_interfaces/nimble_interfaces/srv/detail/traj_generator_service__builder.hpp
[0.664s] -- Up-to-date symlink: /home/jcarballeira/nimble_ws/src/install/nimble_interfaces/include/nimble_interfaces/nimble_interfaces/srv/detail/traj_generator_service__struct.hpp
[0.664s] -- Up-to-date symlink: /home/jcarballeira/nimble_ws/src/install/nimble_interfaces/include/nimble_interfaces/nimble_interfaces/srv/detail/traj_generator_service__traits.hpp
[0.664s] -- Up-to-date symlink: /home/jcarballeira/nimble_ws/src/install/nimble_interfaces/include/nimble_interfaces/nimble_interfaces/srv/traj_generator_service.hpp
[0.664s] -- Up-to-date symlink: /home/jcarballeira/nimble_ws/src/install/nimble_interfaces/include/nimble_interfaces/nimble_interfaces/msg/detail/cartesian_full_trajectory__rosidl_typesupport_fastrtps_cpp.hpp
[0.664s] -- Up-to-date symlink: /home/jcarballeira/nimble_ws/src/install/nimble_interfaces/include/nimble_interfaces/nimble_interfaces/msg/detail/cartesian_trajectory__rosidl_typesupport_fastrtps_cpp.hpp
[0.665s] -- Up-to-date symlink: /home/jcarballeira/nimble_ws/src/install/nimble_interfaces/include/nimble_interfaces/nimble_interfaces/msg/detail/frame_state__rosidl_typesupport_fastrtps_cpp.hpp
[0.665s] -- Up-to-date symlink: /home/jcarballeira/nimble_ws/src/install/nimble_interfaces/include/nimble_interfaces/nimble_interfaces/msg/detail/joints_trajectory__rosidl_typesupport_fastrtps_cpp.hpp
[0.665s] -- Up-to-date symlink: /home/jcarballeira/nimble_ws/src/install/nimble_interfaces/include/nimble_interfaces/nimble_interfaces/msg/detail/measurements__rosidl_typesupport_fastrtps_cpp.hpp
[0.665s] -- Up-to-date symlink: /home/jcarballeira/nimble_ws/src/install/nimble_interfaces/include/nimble_interfaces/nimble_interfaces/msg/detail/therapy_requirements__rosidl_typesupport_fastrtps_cpp.hpp
[0.665s] -- Up-to-date symlink: /home/jcarballeira/nimble_ws/src/install/nimble_interfaces/include/nimble_interfaces/nimble_interfaces/msg/rosidl_typesupport_fastrtps_cpp__visibility_control.h
[0.665s] -- Up-to-date symlink: /home/jcarballeira/nimble_ws/src/install/nimble_interfaces/include/nimble_interfaces/nimble_interfaces/srv/detail/traj_generator_service__rosidl_typesupport_fastrtps_cpp.hpp
[0.665s] -- Up-to-date symlink: /home/jcarballeira/nimble_ws/src/install/nimble_interfaces/include/nimble_interfaces/nimble_interfaces/msg/detail/cartesian_full_trajectory__rosidl_typesupport_introspection_cpp.hpp
[0.665s] -- Up-to-date symlink: /home/jcarballeira/nimble_ws/src/install/nimble_interfaces/include/nimble_interfaces/nimble_interfaces/msg/detail/cartesian_trajectory__rosidl_typesupport_introspection_cpp.hpp
[0.666s] -- Up-to-date symlink: /home/jcarballeira/nimble_ws/src/install/nimble_interfaces/include/nimble_interfaces/nimble_interfaces/msg/detail/frame_state__rosidl_typesupport_introspection_cpp.hpp
[0.666s] -- Up-to-date symlink: /home/jcarballeira/nimble_ws/src/install/nimble_interfaces/include/nimble_interfaces/nimble_interfaces/msg/detail/joints_trajectory__rosidl_typesupport_introspection_cpp.hpp
[0.666s] -- Up-to-date symlink: /home/jcarballeira/nimble_ws/src/install/nimble_interfaces/include/nimble_interfaces/nimble_interfaces/msg/detail/measurements__rosidl_typesupport_introspection_cpp.hpp
[0.666s] -- Up-to-date symlink: /home/jcarballeira/nimble_ws/src/install/nimble_interfaces/include/nimble_interfaces/nimble_interfaces/msg/detail/therapy_requirements__rosidl_typesupport_introspection_cpp.hpp
[0.666s] -- Up-to-date symlink: /home/jcarballeira/nimble_ws/src/install/nimble_interfaces/include/nimble_interfaces/nimble_interfaces/srv/detail/traj_generator_service__rosidl_typesupport_introspection_cpp.hpp
[0.666s] -- Up-to-date symlink: /home/jcarballeira/nimble_ws/src/install/nimble_interfaces/share/nimble_interfaces/environment/pythonpath.sh
[0.666s] -- Up-to-date symlink: /home/jcarballeira/nimble_ws/src/install/nimble_interfaces/share/nimble_interfaces/environment/pythonpath.dsv
[0.667s] -- Up-to-date symlink: /home/jcarballeira/nimble_ws/src/install/nimble_interfaces/local/lib/python3.10/dist-packages/nimble_interfaces-0.0.0-py3.10.egg-info/PKG-INFO
[0.667s] -- Up-to-date symlink: /home/jcarballeira/nimble_ws/src/install/nimble_interfaces/local/lib/python3.10/dist-packages/nimble_interfaces-0.0.0-py3.10.egg-info/SOURCES.txt
[0.667s] -- Up-to-date symlink: /home/jcarballeira/nimble_ws/src/install/nimble_interfaces/local/lib/python3.10/dist-packages/nimble_interfaces-0.0.0-py3.10.egg-info/dependency_links.txt
[0.667s] -- Up-to-date symlink: /home/jcarballeira/nimble_ws/src/install/nimble_interfaces/local/lib/python3.10/dist-packages/nimble_interfaces-0.0.0-py3.10.egg-info/top_level.txt
[0.668s] -- Up-to-date symlink: /home/jcarballeira/nimble_ws/src/install/nimble_interfaces/local/lib/python3.10/dist-packages/nimble_interfaces/__init__.py
[0.668s] -- Up-to-date symlink: /home/jcarballeira/nimble_ws/src/install/nimble_interfaces/local/lib/python3.10/dist-packages/nimble_interfaces/_nimble_interfaces_s.ep.rosidl_typesupport_c.c
[0.668s] -- Up-to-date symlink: /home/jcarballeira/nimble_ws/src/install/nimble_interfaces/local/lib/python3.10/dist-packages/nimble_interfaces/_nimble_interfaces_s.ep.rosidl_typesupport_fastrtps_c.c
[0.668s] -- Up-to-date symlink: /home/jcarballeira/nimble_ws/src/install/nimble_interfaces/local/lib/python3.10/dist-packages/nimble_interfaces/_nimble_interfaces_s.ep.rosidl_typesupport_introspection_c.c
[0.668s] -- Up-to-date symlink: /home/jcarballeira/nimble_ws/src/install/nimble_interfaces/local/lib/python3.10/dist-packages/nimble_interfaces/libnimble_interfaces__rosidl_generator_py.so
[0.668s] -- Up-to-date symlink: /home/jcarballeira/nimble_ws/src/install/nimble_interfaces/local/lib/python3.10/dist-packages/nimble_interfaces/msg/__init__.py
[0.668s] -- Up-to-date symlink: /home/jcarballeira/nimble_ws/src/install/nimble_interfaces/local/lib/python3.10/dist-packages/nimble_interfaces/msg/_cartesian_full_trajectory.py
[0.668s] -- Up-to-date symlink: /home/jcarballeira/nimble_ws/src/install/nimble_interfaces/local/lib/python3.10/dist-packages/nimble_interfaces/msg/_cartesian_full_trajectory_s.c
[0.669s] -- Up-to-date symlink: /home/jcarballeira/nimble_ws/src/install/nimble_interfaces/local/lib/python3.10/dist-packages/nimble_interfaces/msg/_cartesian_trajectory.py
[0.669s] -- Up-to-date symlink: /home/jcarballeira/nimble_ws/src/install/nimble_interfaces/local/lib/python3.10/dist-packages/nimble_interfaces/msg/_cartesian_trajectory_s.c
[0.669s] -- Up-to-date symlink: /home/jcarballeira/nimble_ws/src/install/nimble_interfaces/local/lib/python3.10/dist-packages/nimble_interfaces/msg/_frame_state.py
[0.669s] -- Up-to-date symlink: /home/jcarballeira/nimble_ws/src/install/nimble_interfaces/local/lib/python3.10/dist-packages/nimble_interfaces/msg/_frame_state_s.c
[0.669s] -- Up-to-date symlink: /home/jcarballeira/nimble_ws/src/install/nimble_interfaces/local/lib/python3.10/dist-packages/nimble_interfaces/msg/_joints_trajectory.py
[0.669s] -- Up-to-date symlink: /home/jcarballeira/nimble_ws/src/install/nimble_interfaces/local/lib/python3.10/dist-packages/nimble_interfaces/msg/_joints_trajectory_s.c
[0.669s] -- Up-to-date symlink: /home/jcarballeira/nimble_ws/src/install/nimble_interfaces/local/lib/python3.10/dist-packages/nimble_interfaces/msg/_measurements.py
[0.669s] -- Up-to-date symlink: /home/jcarballeira/nimble_ws/src/install/nimble_interfaces/local/lib/python3.10/dist-packages/nimble_interfaces/msg/_measurements_s.c
[0.669s] -- Up-to-date symlink: /home/jcarballeira/nimble_ws/src/install/nimble_interfaces/local/lib/python3.10/dist-packages/nimble_interfaces/msg/_therapy_requirements.py
[0.670s] -- Up-to-date symlink: /home/jcarballeira/nimble_ws/src/install/nimble_interfaces/local/lib/python3.10/dist-packages/nimble_interfaces/msg/_therapy_requirements_s.c
[0.670s] -- Up-to-date symlink: /home/jcarballeira/nimble_ws/src/install/nimble_interfaces/local/lib/python3.10/dist-packages/nimble_interfaces/nimble_interfaces_s__rosidl_typesupport_c.cpython-310-x86_64-linux-gnu.so
[0.670s] -- Up-to-date symlink: /home/jcarballeira/nimble_ws/src/install/nimble_interfaces/local/lib/python3.10/dist-packages/nimble_interfaces/nimble_interfaces_s__rosidl_typesupport_fastrtps_c.cpython-310-x86_64-linux-gnu.so
[0.670s] -- Up-to-date symlink: /home/jcarballeira/nimble_ws/src/install/nimble_interfaces/local/lib/python3.10/dist-packages/nimble_interfaces/nimble_interfaces_s__rosidl_typesupport_introspection_c.cpython-310-x86_64-linux-gnu.so
[0.670s] -- Up-to-date symlink: /home/jcarballeira/nimble_ws/src/install/nimble_interfaces/local/lib/python3.10/dist-packages/nimble_interfaces/srv/__init__.py
[0.670s] -- Up-to-date symlink: /home/jcarballeira/nimble_ws/src/install/nimble_interfaces/local/lib/python3.10/dist-packages/nimble_interfaces/srv/_traj_generator_service.py
[0.670s] -- Up-to-date symlink: /home/jcarballeira/nimble_ws/src/install/nimble_interfaces/local/lib/python3.10/dist-packages/nimble_interfaces/srv/_traj_generator_service_s.c
[0.670s] -- Up-to-date symlink: /home/jcarballeira/nimble_ws/src/install/nimble_interfaces/local/lib/python3.10/dist-packages/nimble_interfaces/nimble_interfaces_s__rosidl_typesupport_fastrtps_c.cpython-310-x86_64-linux-gnu.so
[0.670s] -- Up-to-date symlink: /home/jcarballeira/nimble_ws/src/install/nimble_interfaces/local/lib/python3.10/dist-packages/nimble_interfaces/nimble_interfaces_s__rosidl_typesupport_introspection_c.cpython-310-x86_64-linux-gnu.so
[0.671s] -- Up-to-date symlink: /home/jcarballeira/nimble_ws/src/install/nimble_interfaces/local/lib/python3.10/dist-packages/nimble_interfaces/nimble_interfaces_s__rosidl_typesupport_c.cpython-310-x86_64-linux-gnu.so
[0.671s] -- Up-to-date symlink: /home/jcarballeira/nimble_ws/src/install/nimble_interfaces/share/nimble_interfaces/msg/Measurements.idl
[0.671s] -- Up-to-date symlink: /home/jcarballeira/nimble_ws/src/install/nimble_interfaces/share/nimble_interfaces/msg/TherapyRequirements.idl
[0.671s] -- Up-to-date symlink: /home/jcarballeira/nimble_ws/src/install/nimble_interfaces/share/nimble_interfaces/msg/FrameState.idl
[0.671s] -- Up-to-date symlink: /home/jcarballeira/nimble_ws/src/install/nimble_interfaces/share/nimble_interfaces/msg/JointsTrajectory.idl
[0.671s] -- Up-to-date symlink: /home/jcarballeira/nimble_ws/src/install/nimble_interfaces/share/nimble_interfaces/msg/CartesianTrajectory.idl
[0.671s] -- Up-to-date symlink: /home/jcarballeira/nimble_ws/src/install/nimble_interfaces/share/nimble_interfaces/msg/CartesianFullTrajectory.idl
[0.672s] -- Up-to-date symlink: /home/jcarballeira/nimble_ws/src/install/nimble_interfaces/share/nimble_interfaces/srv/TrajGeneratorService.idl
[0.672s] -- Up-to-date symlink: /home/jcarballeira/nimble_ws/src/install/nimble_interfaces/share/nimble_interfaces/msg/Measurements.msg
[0.672s] -- Up-to-date symlink: /home/jcarballeira/nimble_ws/src/install/nimble_interfaces/share/nimble_interfaces/msg/TherapyRequirements.msg
[0.672s] -- Up-to-date symlink: /home/jcarballeira/nimble_ws/src/install/nimble_interfaces/share/nimble_interfaces/msg/FrameState.msg
[0.672s] -- Up-to-date symlink: /home/jcarballeira/nimble_ws/src/install/nimble_interfaces/share/nimble_interfaces/msg/JointsTrajectory.msg
[0.672s] -- Up-to-date symlink: /home/jcarballeira/nimble_ws/src/install/nimble_interfaces/share/nimble_interfaces/msg/CartesianTrajectory.msg
[0.672s] -- Up-to-date symlink: /home/jcarballeira/nimble_ws/src/install/nimble_interfaces/share/nimble_interfaces/msg/CartesianFullTrajectory.msg
[0.672s] -- Up-to-date symlink: /home/jcarballeira/nimble_ws/src/install/nimble_interfaces/share/nimble_interfaces/srv/TrajGeneratorService.srv
[0.673s] -- Up-to-date symlink: /home/jcarballeira/nimble_ws/src/install/nimble_interfaces/share/nimble_interfaces/srv/TrajGeneratorService_Request.msg
[0.673s] -- Up-to-date symlink: /home/jcarballeira/nimble_ws/src/install/nimble_interfaces/share/nimble_interfaces/srv/TrajGeneratorService_Response.msg
[0.673s] -- Up-to-date symlink: /home/jcarballeira/nimble_ws/src/install/nimble_interfaces/share/ament_index/resource_index/package_run_dependencies/nimble_interfaces
[0.673s] -- Up-to-date symlink: /home/jcarballeira/nimble_ws/src/install/nimble_interfaces/share/ament_index/resource_index/parent_prefix_path/nimble_interfaces
[0.673s] -- Up-to-date symlink: /home/jcarballeira/nimble_ws/src/install/nimble_interfaces/share/nimble_interfaces/environment/ament_prefix_path.sh
[0.673s] -- Up-to-date symlink: /home/jcarballeira/nimble_ws/src/install/nimble_interfaces/share/nimble_interfaces/environment/ament_prefix_path.dsv
[0.673s] -- Up-to-date symlink: /home/jcarballeira/nimble_ws/src/install/nimble_interfaces/share/nimble_interfaces/environment/path.sh
[0.674s] -- Up-to-date symlink: /home/jcarballeira/nimble_ws/src/install/nimble_interfaces/share/nimble_interfaces/environment/path.dsv
[0.674s] -- Up-to-date symlink: /home/jcarballeira/nimble_ws/src/install/nimble_interfaces/share/nimble_interfaces/local_setup.bash
[0.674s] -- Up-to-date symlink: /home/jcarballeira/nimble_ws/src/install/nimble_interfaces/share/nimble_interfaces/local_setup.sh
[0.674s] -- Up-to-date symlink: /home/jcarballeira/nimble_ws/src/install/nimble_interfaces/share/nimble_interfaces/local_setup.zsh
[0.674s] -- Up-to-date symlink: /home/jcarballeira/nimble_ws/src/install/nimble_interfaces/share/nimble_interfaces/local_setup.dsv
[0.674s] -- Symlinking: /home/jcarballeira/nimble_ws/src/install/nimble_interfaces/share/nimble_interfaces/package.dsv
[0.683s] -- Up-to-date symlink: /home/jcarballeira/nimble_ws/src/install/nimble_interfaces/share/ament_index/resource_index/packages/nimble_interfaces
[0.683s] -- Up-to-date symlink: /home/jcarballeira/nimble_ws/src/install/nimble_interfaces/share/nimble_interfaces/cmake/rosidl_cmake-extras.cmake
[0.683s] -- Up-to-date symlink: /home/jcarballeira/nimble_ws/src/install/nimble_interfaces/share/nimble_interfaces/cmake/ament_cmake_export_dependencies-extras.cmake
[0.683s] -- Up-to-date symlink: /home/jcarballeira/nimble_ws/src/install/nimble_interfaces/share/nimble_interfaces/cmake/ament_cmake_export_include_directories-extras.cmake
[0.683s] -- Up-to-date symlink: /home/jcarballeira/nimble_ws/src/install/nimble_interfaces/share/nimble_interfaces/cmake/ament_cmake_export_libraries-extras.cmake
[0.683s] -- Up-to-date symlink: /home/jcarballeira/nimble_ws/src/install/nimble_interfaces/share/nimble_interfaces/cmake/ament_cmake_export_targets-extras.cmake
[0.683s] -- Up-to-date symlink: /home/jcarballeira/nimble_ws/src/install/nimble_interfaces/share/nimble_interfaces/cmake/rosidl_cmake_export_typesupport_targets-extras.cmake
[0.683s] -- Up-to-date symlink: /home/jcarballeira/nimble_ws/src/install/nimble_interfaces/share/nimble_interfaces/cmake/rosidl_cmake_export_typesupport_libraries-extras.cmake
[0.684s] -- Up-to-date symlink: /home/jcarballeira/nimble_ws/src/install/nimble_interfaces/share/nimble_interfaces/cmake/nimble_interfacesConfig.cmake
[0.684s] -- Up-to-date symlink: /home/jcarballeira/nimble_ws/src/install/nimble_interfaces/share/nimble_interfaces/cmake/nimble_interfacesConfig-version.cmake
[0.684s] -- Up-to-date symlink: /home/jcarballeira/nimble_ws/src/install/nimble_interfaces/share/nimble_interfaces/package.xml
[0.684s] -- Up-to-date: /home/jcarballeira/nimble_ws/src/install/nimble_interfaces/lib/libnimble_interfaces__rosidl_generator_c.so
[0.684s] -- Up-to-date: /home/jcarballeira/nimble_ws/src/install/nimble_interfaces/lib/libnimble_interfaces__rosidl_typesupport_fastrtps_c.so
[0.685s] -- Up-to-date: /home/jcarballeira/nimble_ws/src/install/nimble_interfaces/lib/libnimble_interfaces__rosidl_typesupport_introspection_c.so
[0.685s] -- Up-to-date: /home/jcarballeira/nimble_ws/src/install/nimble_interfaces/lib/libnimble_interfaces__rosidl_typesupport_c.so
[0.685s] -- Up-to-date: /home/jcarballeira/nimble_ws/src/install/nimble_interfaces/lib/libnimble_interfaces__rosidl_typesupport_fastrtps_cpp.so
[0.685s] -- Up-to-date: /home/jcarballeira/nimble_ws/src/install/nimble_interfaces/lib/libnimble_interfaces__rosidl_typesupport_introspection_cpp.so
[0.685s] -- Up-to-date: /home/jcarballeira/nimble_ws/src/install/nimble_interfaces/lib/libnimble_interfaces__rosidl_typesupport_cpp.so
[0.716s] Listing '/home/jcarballeira/nimble_ws/src/install/nimble_interfaces/local/lib/python3.10/dist-packages/nimble_interfaces'...
[0.716s] Listing '/home/jcarballeira/nimble_ws/src/install/nimble_interfaces/local/lib/python3.10/dist-packages/nimble_interfaces/msg'...
[0.716s] Listing '/home/jcarballeira/nimble_ws/src/install/nimble_interfaces/local/lib/python3.10/dist-packages/nimble_interfaces/srv'...
[0.720s] -- Up-to-date: /home/jcarballeira/nimble_ws/src/install/nimble_interfaces/lib/libnimble_interfaces__rosidl_generator_py.so
[0.720s] -- Up-to-date: /home/jcarballeira/nimble_ws/src/install/nimble_interfaces/share/nimble_interfaces/cmake/export_nimble_interfaces__rosidl_generator_cExport.cmake
[0.720s] -- Up-to-date: /home/jcarballeira/nimble_ws/src/install/nimble_interfaces/share/nimble_interfaces/cmake/export_nimble_interfaces__rosidl_generator_cExport-noconfig.cmake
[0.720s] -- Up-to-date: /home/jcarballeira/nimble_ws/src/install/nimble_interfaces/share/nimble_interfaces/cmake/export_nimble_interfaces__rosidl_typesupport_fastrtps_cExport.cmake
[0.720s] -- Up-to-date: /home/jcarballeira/nimble_ws/src/install/nimble_interfaces/share/nimble_interfaces/cmake/export_nimble_interfaces__rosidl_typesupport_fastrtps_cExport-noconfig.cmake
[0.720s] -- Up-to-date: /home/jcarballeira/nimble_ws/src/install/nimble_interfaces/share/nimble_interfaces/cmake/nimble_interfaces__rosidl_typesupport_introspection_cExport.cmake
[0.721s] -- Up-to-date: /home/jcarballeira/nimble_ws/src/install/nimble_interfaces/share/nimble_interfaces/cmake/nimble_interfaces__rosidl_typesupport_introspection_cExport-noconfig.cmake
[0.721s] -- Up-to-date: /home/jcarballeira/nimble_ws/src/install/nimble_interfaces/share/nimble_interfaces/cmake/nimble_interfaces__rosidl_typesupport_cExport.cmake
[0.721s] -- Up-to-date: /home/jcarballeira/nimble_ws/src/install/nimble_interfaces/share/nimble_interfaces/cmake/nimble_interfaces__rosidl_typesupport_cExport-noconfig.cmake
[0.721s] -- Up-to-date: /home/jcarballeira/nimble_ws/src/install/nimble_interfaces/share/nimble_interfaces/cmake/export_nimble_interfaces__rosidl_generator_cppExport.cmake
[0.721s] -- Up-to-date: /home/jcarballeira/nimble_ws/src/install/nimble_interfaces/share/nimble_interfaces/cmake/export_nimble_interfaces__rosidl_typesupport_fastrtps_cppExport.cmake
[0.721s] -- Up-to-date: /home/jcarballeira/nimble_ws/src/install/nimble_interfaces/share/nimble_interfaces/cmake/export_nimble_interfaces__rosidl_typesupport_fastrtps_cppExport-noconfig.cmake
[0.721s] -- Up-to-date: /home/jcarballeira/nimble_ws/src/install/nimble_interfaces/share/nimble_interfaces/cmake/nimble_interfaces__rosidl_typesupport_introspection_cppExport.cmake
[0.721s] -- Up-to-date: /home/jcarballeira/nimble_ws/src/install/nimble_interfaces/share/nimble_interfaces/cmake/nimble_interfaces__rosidl_typesupport_introspection_cppExport-noconfig.cmake
[0.721s] -- Up-to-date: /home/jcarballeira/nimble_ws/src/install/nimble_interfaces/share/nimble_interfaces/cmake/nimble_interfaces__rosidl_typesupport_cppExport.cmake
[0.722s] -- Up-to-date: /home/jcarballeira/nimble_ws/src/install/nimble_interfaces/share/nimble_interfaces/cmake/nimble_interfaces__rosidl_typesupport_cppExport-noconfig.cmake
[0.722s] -- Up-to-date: /home/jcarballeira/nimble_ws/src/install/nimble_interfaces/share/nimble_interfaces/cmake/export_nimble_interfaces__rosidl_generator_pyExport.cmake
[0.722s] -- Up-to-date: /home/jcarballeira/nimble_ws/src/install/nimble_interfaces/share/nimble_interfaces/cmake/export_nimble_interfaces__rosidl_generator_pyExport-noconfig.cmake
[0.723s] Invoked command in '/home/jcarballeira/nimble_ws/src/build/nimble_interfaces' returned '0': CMAKE_PREFIX_PATH=${CMAKE_PREFIX_PATH}:/home/jcarballeira/evloc_ws/install/evloc:/opt/ros/humble /usr/bin/cmake --install /home/jcarballeira/nimble_ws/src/build/nimble_interfaces
