[0.010s] Invoking command in '/home/jaime/Downloads/MotorControl/uros_ws/build/micro_ros_msgs': CMAKE_PREFIX_PATH=/opt/ros/humble PS1=\[\033[01;32m\]\u@\h \[\033[01;34m\]\w \[\033[31m\]`git branch 2> /dev/null | grep -e ^* | sed -E s/^\\\\\*\ \(.+\)$/\(\\\\\1\)\ /`\[\033[35m\]$\[\033[00m\] /usr/bin/cmake /home/jaime/Downloads/MotorControl/uros_ws/src/uros/micro_ros_msgs -DCMAKE_INSTALL_PREFIX=/home/jaime/Downloads/MotorControl/uros_ws/install/micro_ros_msgs
[0.042s] -- Found ament_cmake: 1.3.8 (/opt/ros/humble/share/ament_cmake/cmake)
[0.138s] -- Found rosidl_default_generators: 1.2.0 (/opt/ros/humble/share/rosidl_default_generators/cmake)
[0.141s] -- Using all available rosidl_typesupport_c: rosidl_typesupport_fastrtps_c;rosidl_typesupport_introspection_c
[0.144s] -- Found rosidl_adapter: 3.1.5 (/opt/ros/humble/share/rosidl_adapter/cmake)
[0.176s] -- Using all available rosidl_typesupport_cpp: rosidl_typesupport_fastrtps_cpp;rosidl_typesupport_introspection_cpp
[0.197s] -- Found ament_lint_auto: 0.12.10 (/opt/ros/humble/share/ament_lint_auto/cmake)
[0.366s] -- Found ament_cmake_ros: 0.10.0 (/opt/ros/humble/share/ament_cmake_ros/cmake)
[0.487s] -- Using all available rosidl_typesupport_c: rosidl_typesupport_fastrtps_c;rosidl_typesupport_introspection_c
[0.646s] -- Using all available rosidl_typesupport_cpp: rosidl_typesupport_fastrtps_cpp;rosidl_typesupport_introspection_cpp
[0.661s] -- Found python_cmake_module: 0.10.0 (/opt/ros/humble/share/python_cmake_module/cmake)
[0.676s] -- Using PYTHON_EXECUTABLE: /usr/bin/python3
[0.676s] -- Using PYTHON_INCLUDE_DIRS: /usr/include/python3.10
[0.676s] -- Using PYTHON_LIBRARIES: /usr/lib/x86_64-linux-gnu/libpython3.10.so
[0.687s] -- Added test 'copyright' to check source files copyright and LICENSE
[0.692s] -- Added test 'lint_cmake' to check CMake code style
[0.694s] -- Added test 'xmllint' to check XML markup files
[0.702s] -- Configuring done
[0.732s] -- Generating done
[0.733s] -- Build files have been written to: /home/jaime/Downloads/MotorControl/uros_ws/build/micro_ros_msgs
[0.737s] Invoked command in '/home/jaime/Downloads/MotorControl/uros_ws/build/micro_ros_msgs' returned '0': CMAKE_PREFIX_PATH=/opt/ros/humble PS1=\[\033[01;32m\]\u@\h \[\033[01;34m\]\w \[\033[31m\]`git branch 2> /dev/null | grep -e ^* | sed -E s/^\\\\\*\ \(.+\)$/\(\\\\\1\)\ /`\[\033[35m\]$\[\033[00m\] /usr/bin/cmake /home/jaime/Downloads/MotorControl/uros_ws/src/uros/micro_ros_msgs -DCMAKE_INSTALL_PREFIX=/home/jaime/Downloads/MotorControl/uros_ws/install/micro_ros_msgs
[0.738s] Invoking command in '/home/jaime/Downloads/MotorControl/uros_ws/build/micro_ros_msgs': CMAKE_PREFIX_PATH=/opt/ros/humble PS1=\[\033[01;32m\]\u@\h \[\033[01;34m\]\w \[\033[31m\]`git branch 2> /dev/null | grep -e ^* | sed -E s/^\\\\\*\ \(.+\)$/\(\\\\\1\)\ /`\[\033[35m\]$\[\033[00m\] /usr/bin/cmake --build /home/jaime/Downloads/MotorControl/uros_ws/build/micro_ros_msgs -- -j8 -l8
[0.761s] [35m[1mConsolidate compiler generated dependencies of target micro_ros_msgs__rosidl_generator_c[0m
[0.765s] [  2%] Built target micro_ros_msgs__cpp
[0.770s] [ 12%] Built target micro_ros_msgs__rosidl_generator_c
[0.772s] [35m[1mConsolidate compiler generated dependencies of target micro_ros_msgs__rosidl_typesupport_cpp[0m
[0.772s] [35m[1mConsolidate compiler generated dependencies of target micro_ros_msgs__rosidl_typesupport_fastrtps_cpp[0m
[0.772s] [35m[1mConsolidate compiler generated dependencies of target micro_ros_msgs__rosidl_typesupport_introspection_cpp[0m
[0.776s] [ 12%] Built target ament_cmake_python_copy_micro_ros_msgs
[0.776s] [35m[1mConsolidate compiler generated dependencies of target micro_ros_msgs__rosidl_typesupport_c[0m
[0.777s] [35m[1mConsolidate compiler generated dependencies of target micro_ros_msgs__rosidl_typesupport_fastrtps_c[0m
[0.777s] [35m[1mConsolidate compiler generated dependencies of target micro_ros_msgs__rosidl_typesupport_introspection_c[0m
[0.785s] [ 23%] Built target micro_ros_msgs__rosidl_typesupport_c
[0.785s] [ 34%] Built target micro_ros_msgs__rosidl_typesupport_introspection_c
[0.787s] [ 44%] Built target micro_ros_msgs__rosidl_typesupport_cpp
[0.787s] [ 57%] Built target micro_ros_msgs__rosidl_typesupport_introspection_cpp
[0.787s] [ 74%] Built target micro_ros_msgs__rosidl_typesupport_fastrtps_c
[0.787s] [ 76%] Built target micro_ros_msgs__rosidl_typesupport_fastrtps_cpp
[0.798s] [ 76%] Built target micro_ros_msgs
[0.810s] [ 78%] Built target micro_ros_msgs__py
[0.817s] [35m[1mConsolidate compiler generated dependencies of target micro_ros_msgs__rosidl_generator_py[0m
[0.827s] [ 87%] Built target micro_ros_msgs__rosidl_generator_py
[0.834s] [35m[1mConsolidate compiler generated dependencies of target micro_ros_msgs__rosidl_typesupport_fastrtps_c__pyext[0m
[0.834s] [35m[1mConsolidate compiler generated dependencies of target micro_ros_msgs__rosidl_typesupport_introspection_c__pyext[0m
[0.834s] [35m[1mConsolidate compiler generated dependencies of target micro_ros_msgs__rosidl_typesupport_c__pyext[0m
[0.841s] [ 97%] Built target micro_ros_msgs__rosidl_typesupport_c__pyext
[0.841s] [ 97%] Built target micro_ros_msgs__rosidl_typesupport_fastrtps_c__pyext
[0.842s] [100%] Built target micro_ros_msgs__rosidl_typesupport_introspection_c__pyext
[0.921s] running egg_info
[0.922s] writing micro_ros_msgs.egg-info/PKG-INFO
[0.922s] writing dependency_links to micro_ros_msgs.egg-info/dependency_links.txt
[0.922s] writing top-level names to micro_ros_msgs.egg-info/top_level.txt
[0.924s] reading manifest file 'micro_ros_msgs.egg-info/SOURCES.txt'
[0.924s] writing manifest file 'micro_ros_msgs.egg-info/SOURCES.txt'
[0.943s] [100%] Built target ament_cmake_python_build_micro_ros_msgs_egg
[0.950s] Invoked command in '/home/jaime/Downloads/MotorControl/uros_ws/build/micro_ros_msgs' returned '0': CMAKE_PREFIX_PATH=/opt/ros/humble PS1=\[\033[01;32m\]\u@\h \[\033[01;34m\]\w \[\033[31m\]`git branch 2> /dev/null | grep -e ^* | sed -E s/^\\\\\*\ \(.+\)$/\(\\\\\1\)\ /`\[\033[35m\]$\[\033[00m\] /usr/bin/cmake --build /home/jaime/Downloads/MotorControl/uros_ws/build/micro_ros_msgs -- -j8 -l8
[0.990s] Invoking command in '/home/jaime/Downloads/MotorControl/uros_ws/build/micro_ros_msgs': CMAKE_PREFIX_PATH=/opt/ros/humble PS1=\[\033[01;32m\]\u@\h \[\033[01;34m\]\w \[\033[31m\]`git branch 2> /dev/null | grep -e ^* | sed -E s/^\\\\\*\ \(.+\)$/\(\\\\\1\)\ /`\[\033[35m\]$\[\033[00m\] /usr/bin/cmake --install /home/jaime/Downloads/MotorControl/uros_ws/build/micro_ros_msgs
[0.994s] -- Install configuration: ""
[0.994s] -- Up-to-date: /home/jaime/Downloads/MotorControl/uros_ws/install/micro_ros_msgs/share/ament_index/resource_index/rosidl_interfaces/micro_ros_msgs
[0.994s] -- Up-to-date: /home/jaime/Downloads/MotorControl/uros_ws/install/micro_ros_msgs/include/micro_ros_msgs/micro_ros_msgs
[0.995s] -- Up-to-date: /home/jaime/Downloads/MotorControl/uros_ws/install/micro_ros_msgs/include/micro_ros_msgs/micro_ros_msgs/msg
[0.995s] -- Up-to-date: /home/jaime/Downloads/MotorControl/uros_ws/install/micro_ros_msgs/include/micro_ros_msgs/micro_ros_msgs/msg/detail
[0.995s] -- Up-to-date: /home/jaime/Downloads/MotorControl/uros_ws/install/micro_ros_msgs/include/micro_ros_msgs/micro_ros_msgs/msg/detail/graph__functions.c
[0.995s] -- Up-to-date: /home/jaime/Downloads/MotorControl/uros_ws/install/micro_ros_msgs/include/micro_ros_msgs/micro_ros_msgs/msg/detail/graph__type_support.h
[0.995s] -- Up-to-date: /home/jaime/Downloads/MotorControl/uros_ws/install/micro_ros_msgs/include/micro_ros_msgs/micro_ros_msgs/msg/detail/graph__functions.h
[0.995s] -- Up-to-date: /home/jaime/Downloads/MotorControl/uros_ws/install/micro_ros_msgs/include/micro_ros_msgs/micro_ros_msgs/msg/detail/node__type_support.h
[0.995s] -- Up-to-date: /home/jaime/Downloads/MotorControl/uros_ws/install/micro_ros_msgs/include/micro_ros_msgs/micro_ros_msgs/msg/detail/entity__type_support.h
[0.995s] -- Up-to-date: /home/jaime/Downloads/MotorControl/uros_ws/install/micro_ros_msgs/include/micro_ros_msgs/micro_ros_msgs/msg/detail/entity__functions.h
[0.995s] -- Up-to-date: /home/jaime/Downloads/MotorControl/uros_ws/install/micro_ros_msgs/include/micro_ros_msgs/micro_ros_msgs/msg/detail/entity__functions.c
[0.995s] -- Up-to-date: /home/jaime/Downloads/MotorControl/uros_ws/install/micro_ros_msgs/include/micro_ros_msgs/micro_ros_msgs/msg/detail/entity__struct.h
[0.995s] -- Up-to-date: /home/jaime/Downloads/MotorControl/uros_ws/install/micro_ros_msgs/include/micro_ros_msgs/micro_ros_msgs/msg/detail/node__functions.h
[0.995s] -- Up-to-date: /home/jaime/Downloads/MotorControl/uros_ws/install/micro_ros_msgs/include/micro_ros_msgs/micro_ros_msgs/msg/detail/node__struct.h
[0.995s] -- Up-to-date: /home/jaime/Downloads/MotorControl/uros_ws/install/micro_ros_msgs/include/micro_ros_msgs/micro_ros_msgs/msg/detail/graph__struct.h
[0.995s] -- Up-to-date: /home/jaime/Downloads/MotorControl/uros_ws/install/micro_ros_msgs/include/micro_ros_msgs/micro_ros_msgs/msg/detail/node__functions.c
[0.995s] -- Up-to-date: /home/jaime/Downloads/MotorControl/uros_ws/install/micro_ros_msgs/include/micro_ros_msgs/micro_ros_msgs/msg/entity.h
[0.995s] -- Up-to-date: /home/jaime/Downloads/MotorControl/uros_ws/install/micro_ros_msgs/include/micro_ros_msgs/micro_ros_msgs/msg/rosidl_generator_c__visibility_control.h
[0.995s] -- Up-to-date: /home/jaime/Downloads/MotorControl/uros_ws/install/micro_ros_msgs/include/micro_ros_msgs/micro_ros_msgs/msg/graph.h
[0.995s] -- Up-to-date: /home/jaime/Downloads/MotorControl/uros_ws/install/micro_ros_msgs/include/micro_ros_msgs/micro_ros_msgs/msg/node.h
[0.995s] -- Up-to-date: /home/jaime/Downloads/MotorControl/uros_ws/install/micro_ros_msgs/share/micro_ros_msgs/environment/library_path.sh
[0.995s] -- Installing: /home/jaime/Downloads/MotorControl/uros_ws/install/micro_ros_msgs/share/micro_ros_msgs/environment/library_path.dsv
[0.995s] -- Up-to-date: /home/jaime/Downloads/MotorControl/uros_ws/install/micro_ros_msgs/lib/libmicro_ros_msgs__rosidl_generator_c.so
[0.995s] -- Up-to-date: /home/jaime/Downloads/MotorControl/uros_ws/install/micro_ros_msgs/include/micro_ros_msgs/micro_ros_msgs
[0.996s] -- Up-to-date: /home/jaime/Downloads/MotorControl/uros_ws/install/micro_ros_msgs/include/micro_ros_msgs/micro_ros_msgs/msg
[0.996s] -- Up-to-date: /home/jaime/Downloads/MotorControl/uros_ws/install/micro_ros_msgs/include/micro_ros_msgs/micro_ros_msgs/msg/detail
[0.996s] -- Up-to-date: /home/jaime/Downloads/MotorControl/uros_ws/install/micro_ros_msgs/include/micro_ros_msgs/micro_ros_msgs/msg/detail/node__rosidl_typesupport_fastrtps_c.h
[0.996s] -- Up-to-date: /home/jaime/Downloads/MotorControl/uros_ws/install/micro_ros_msgs/include/micro_ros_msgs/micro_ros_msgs/msg/detail/graph__rosidl_typesupport_fastrtps_c.h
[0.996s] -- Up-to-date: /home/jaime/Downloads/MotorControl/uros_ws/install/micro_ros_msgs/include/micro_ros_msgs/micro_ros_msgs/msg/detail/entity__rosidl_typesupport_fastrtps_c.h
[0.996s] -- Up-to-date: /home/jaime/Downloads/MotorControl/uros_ws/install/micro_ros_msgs/include/micro_ros_msgs/micro_ros_msgs/msg/rosidl_typesupport_fastrtps_c__visibility_control.h
[0.996s] -- Up-to-date: /home/jaime/Downloads/MotorControl/uros_ws/install/micro_ros_msgs/lib/libmicro_ros_msgs__rosidl_typesupport_fastrtps_c.so
[0.996s] -- Up-to-date: /home/jaime/Downloads/MotorControl/uros_ws/install/micro_ros_msgs/include/micro_ros_msgs/micro_ros_msgs
[0.996s] -- Up-to-date: /home/jaime/Downloads/MotorControl/uros_ws/install/micro_ros_msgs/include/micro_ros_msgs/micro_ros_msgs/msg
[0.996s] -- Up-to-date: /home/jaime/Downloads/MotorControl/uros_ws/install/micro_ros_msgs/include/micro_ros_msgs/micro_ros_msgs/msg/detail
[0.996s] -- Up-to-date: /home/jaime/Downloads/MotorControl/uros_ws/install/micro_ros_msgs/include/micro_ros_msgs/micro_ros_msgs/msg/detail/graph__type_support.c
[0.996s] -- Up-to-date: /home/jaime/Downloads/MotorControl/uros_ws/install/micro_ros_msgs/include/micro_ros_msgs/micro_ros_msgs/msg/detail/entity__rosidl_typesupport_introspection_c.h
[0.996s] -- Up-to-date: /home/jaime/Downloads/MotorControl/uros_ws/install/micro_ros_msgs/include/micro_ros_msgs/micro_ros_msgs/msg/detail/entity__type_support.c
[0.996s] -- Up-to-date: /home/jaime/Downloads/MotorControl/uros_ws/install/micro_ros_msgs/include/micro_ros_msgs/micro_ros_msgs/msg/detail/node__type_support.c
[0.996s] -- Up-to-date: /home/jaime/Downloads/MotorControl/uros_ws/install/micro_ros_msgs/include/micro_ros_msgs/micro_ros_msgs/msg/detail/graph__rosidl_typesupport_introspection_c.h
[0.996s] -- Up-to-date: /home/jaime/Downloads/MotorControl/uros_ws/install/micro_ros_msgs/include/micro_ros_msgs/micro_ros_msgs/msg/detail/node__rosidl_typesupport_introspection_c.h
[0.996s] -- Up-to-date: /home/jaime/Downloads/MotorControl/uros_ws/install/micro_ros_msgs/include/micro_ros_msgs/micro_ros_msgs/msg/rosidl_typesupport_introspection_c__visibility_control.h
[0.996s] -- Up-to-date: /home/jaime/Downloads/MotorControl/uros_ws/install/micro_ros_msgs/lib/libmicro_ros_msgs__rosidl_typesupport_introspection_c.so
[0.997s] -- Up-to-date: /home/jaime/Downloads/MotorControl/uros_ws/install/micro_ros_msgs/lib/libmicro_ros_msgs__rosidl_typesupport_c.so
[0.997s] -- Up-to-date: /home/jaime/Downloads/MotorControl/uros_ws/install/micro_ros_msgs/include/micro_ros_msgs/micro_ros_msgs
[0.997s] -- Up-to-date: /home/jaime/Downloads/MotorControl/uros_ws/install/micro_ros_msgs/include/micro_ros_msgs/micro_ros_msgs/msg
[0.997s] -- Up-to-date: /home/jaime/Downloads/MotorControl/uros_ws/install/micro_ros_msgs/include/micro_ros_msgs/micro_ros_msgs/msg/detail
[0.997s] -- Up-to-date: /home/jaime/Downloads/MotorControl/uros_ws/install/micro_ros_msgs/include/micro_ros_msgs/micro_ros_msgs/msg/detail/graph__traits.hpp
[0.997s] -- Up-to-date: /home/jaime/Downloads/MotorControl/uros_ws/install/micro_ros_msgs/include/micro_ros_msgs/micro_ros_msgs/msg/detail/entity__builder.hpp
[0.997s] -- Up-to-date: /home/jaime/Downloads/MotorControl/uros_ws/install/micro_ros_msgs/include/micro_ros_msgs/micro_ros_msgs/msg/detail/node__traits.hpp
[0.997s] -- Up-to-date: /home/jaime/Downloads/MotorControl/uros_ws/install/micro_ros_msgs/include/micro_ros_msgs/micro_ros_msgs/msg/detail/node__struct.hpp
[0.997s] -- Up-to-date: /home/jaime/Downloads/MotorControl/uros_ws/install/micro_ros_msgs/include/micro_ros_msgs/micro_ros_msgs/msg/detail/graph__struct.hpp
[0.997s] -- Up-to-date: /home/jaime/Downloads/MotorControl/uros_ws/install/micro_ros_msgs/include/micro_ros_msgs/micro_ros_msgs/msg/detail/graph__builder.hpp
[0.997s] -- Up-to-date: /home/jaime/Downloads/MotorControl/uros_ws/install/micro_ros_msgs/include/micro_ros_msgs/micro_ros_msgs/msg/detail/node__builder.hpp
[0.997s] -- Up-to-date: /home/jaime/Downloads/MotorControl/uros_ws/install/micro_ros_msgs/include/micro_ros_msgs/micro_ros_msgs/msg/detail/entity__struct.hpp
[0.997s] -- Up-to-date: /home/jaime/Downloads/MotorControl/uros_ws/install/micro_ros_msgs/include/micro_ros_msgs/micro_ros_msgs/msg/detail/entity__traits.hpp
[0.997s] -- Up-to-date: /home/jaime/Downloads/MotorControl/uros_ws/install/micro_ros_msgs/include/micro_ros_msgs/micro_ros_msgs/msg/entity.hpp
[0.998s] -- Up-to-date: /home/jaime/Downloads/MotorControl/uros_ws/install/micro_ros_msgs/include/micro_ros_msgs/micro_ros_msgs/msg/node.hpp
[0.998s] -- Up-to-date: /home/jaime/Downloads/MotorControl/uros_ws/install/micro_ros_msgs/include/micro_ros_msgs/micro_ros_msgs/msg/graph.hpp
[0.998s] -- Up-to-date: /home/jaime/Downloads/MotorControl/uros_ws/install/micro_ros_msgs/include/micro_ros_msgs/micro_ros_msgs
[0.998s] -- Up-to-date: /home/jaime/Downloads/MotorControl/uros_ws/install/micro_ros_msgs/include/micro_ros_msgs/micro_ros_msgs/msg
[0.998s] -- Up-to-date: /home/jaime/Downloads/MotorControl/uros_ws/install/micro_ros_msgs/include/micro_ros_msgs/micro_ros_msgs/msg/detail
[0.998s] -- Up-to-date: /home/jaime/Downloads/MotorControl/uros_ws/install/micro_ros_msgs/include/micro_ros_msgs/micro_ros_msgs/msg/detail/entity__rosidl_typesupport_fastrtps_cpp.hpp
[0.998s] -- Up-to-date: /home/jaime/Downloads/MotorControl/uros_ws/install/micro_ros_msgs/include/micro_ros_msgs/micro_ros_msgs/msg/detail/dds_fastrtps
[0.998s] -- Up-to-date: /home/jaime/Downloads/MotorControl/uros_ws/install/micro_ros_msgs/include/micro_ros_msgs/micro_ros_msgs/msg/detail/node__rosidl_typesupport_fastrtps_cpp.hpp
[0.998s] -- Up-to-date: /home/jaime/Downloads/MotorControl/uros_ws/install/micro_ros_msgs/include/micro_ros_msgs/micro_ros_msgs/msg/detail/graph__rosidl_typesupport_fastrtps_cpp.hpp
[0.998s] -- Up-to-date: /home/jaime/Downloads/MotorControl/uros_ws/install/micro_ros_msgs/include/micro_ros_msgs/micro_ros_msgs/msg/rosidl_typesupport_fastrtps_cpp__visibility_control.h
[0.998s] -- Up-to-date: /home/jaime/Downloads/MotorControl/uros_ws/install/micro_ros_msgs/lib/libmicro_ros_msgs__rosidl_typesupport_fastrtps_cpp.so
[0.998s] -- Up-to-date: /home/jaime/Downloads/MotorControl/uros_ws/install/micro_ros_msgs/include/micro_ros_msgs/micro_ros_msgs
[0.998s] -- Up-to-date: /home/jaime/Downloads/MotorControl/uros_ws/install/micro_ros_msgs/include/micro_ros_msgs/micro_ros_msgs/msg
[0.998s] -- Up-to-date: /home/jaime/Downloads/MotorControl/uros_ws/install/micro_ros_msgs/include/micro_ros_msgs/micro_ros_msgs/msg/detail
[0.998s] -- Up-to-date: /home/jaime/Downloads/MotorControl/uros_ws/install/micro_ros_msgs/include/micro_ros_msgs/micro_ros_msgs/msg/detail/entity__type_support.cpp
[0.998s] -- Up-to-date: /home/jaime/Downloads/MotorControl/uros_ws/install/micro_ros_msgs/include/micro_ros_msgs/micro_ros_msgs/msg/detail/node__type_support.cpp
[0.998s] -- Up-to-date: /home/jaime/Downloads/MotorControl/uros_ws/install/micro_ros_msgs/include/micro_ros_msgs/micro_ros_msgs/msg/detail/node__rosidl_typesupport_introspection_cpp.hpp
[0.998s] -- Up-to-date: /home/jaime/Downloads/MotorControl/uros_ws/install/micro_ros_msgs/include/micro_ros_msgs/micro_ros_msgs/msg/detail/entity__rosidl_typesupport_introspection_cpp.hpp
[0.998s] -- Up-to-date: /home/jaime/Downloads/MotorControl/uros_ws/install/micro_ros_msgs/include/micro_ros_msgs/micro_ros_msgs/msg/detail/graph__type_support.cpp
[0.998s] -- Up-to-date: /home/jaime/Downloads/MotorControl/uros_ws/install/micro_ros_msgs/include/micro_ros_msgs/micro_ros_msgs/msg/detail/graph__rosidl_typesupport_introspection_cpp.hpp
[0.999s] -- Up-to-date: /home/jaime/Downloads/MotorControl/uros_ws/install/micro_ros_msgs/lib/libmicro_ros_msgs__rosidl_typesupport_introspection_cpp.so
[0.999s] -- Up-to-date: /home/jaime/Downloads/MotorControl/uros_ws/install/micro_ros_msgs/lib/libmicro_ros_msgs__rosidl_typesupport_cpp.so
[0.999s] -- Up-to-date: /home/jaime/Downloads/MotorControl/uros_ws/install/micro_ros_msgs/share/micro_ros_msgs/environment/pythonpath.sh
[0.999s] -- Installing: /home/jaime/Downloads/MotorControl/uros_ws/install/micro_ros_msgs/share/micro_ros_msgs/environment/pythonpath.dsv
[0.999s] -- Up-to-date: /home/jaime/Downloads/MotorControl/uros_ws/install/micro_ros_msgs/local/lib/python3.10/dist-packages/micro_ros_msgs-3.0.1-py3.10.egg-info
[0.999s] -- Installing: /home/jaime/Downloads/MotorControl/uros_ws/install/micro_ros_msgs/local/lib/python3.10/dist-packages/micro_ros_msgs-3.0.1-py3.10.egg-info/SOURCES.txt
[0.999s] -- Installing: /home/jaime/Downloads/MotorControl/uros_ws/install/micro_ros_msgs/local/lib/python3.10/dist-packages/micro_ros_msgs-3.0.1-py3.10.egg-info/PKG-INFO
[0.999s] -- Installing: /home/jaime/Downloads/MotorControl/uros_ws/install/micro_ros_msgs/local/lib/python3.10/dist-packages/micro_ros_msgs-3.0.1-py3.10.egg-info/dependency_links.txt
[0.999s] -- Installing: /home/jaime/Downloads/MotorControl/uros_ws/install/micro_ros_msgs/local/lib/python3.10/dist-packages/micro_ros_msgs-3.0.1-py3.10.egg-info/top_level.txt
[0.999s] -- Up-to-date: /home/jaime/Downloads/MotorControl/uros_ws/install/micro_ros_msgs/local/lib/python3.10/dist-packages/micro_ros_msgs
[0.999s] -- Up-to-date: /home/jaime/Downloads/MotorControl/uros_ws/install/micro_ros_msgs/local/lib/python3.10/dist-packages/micro_ros_msgs/_micro_ros_msgs_s.ep.rosidl_typesupport_c.c
[0.999s] -- Up-to-date: /home/jaime/Downloads/MotorControl/uros_ws/install/micro_ros_msgs/local/lib/python3.10/dist-packages/micro_ros_msgs/micro_ros_msgs_s__rosidl_typesupport_c.cpython-310-x86_64-linux-gnu.so
[0.999s] -- Up-to-date: /home/jaime/Downloads/MotorControl/uros_ws/install/micro_ros_msgs/local/lib/python3.10/dist-packages/micro_ros_msgs/libmicro_ros_msgs__rosidl_generator_py.so
[0.999s] -- Up-to-date: /home/jaime/Downloads/MotorControl/uros_ws/install/micro_ros_msgs/local/lib/python3.10/dist-packages/micro_ros_msgs/_micro_ros_msgs_s.ep.rosidl_typesupport_fastrtps_c.c
[0.999s] -- Up-to-date: /home/jaime/Downloads/MotorControl/uros_ws/install/micro_ros_msgs/local/lib/python3.10/dist-packages/micro_ros_msgs/micro_ros_msgs_s__rosidl_typesupport_introspection_c.cpython-310-x86_64-linux-gnu.so
[1.000s] -- Installing: /home/jaime/Downloads/MotorControl/uros_ws/install/micro_ros_msgs/local/lib/python3.10/dist-packages/micro_ros_msgs/__init__.py
[1.000s] -- Up-to-date: /home/jaime/Downloads/MotorControl/uros_ws/install/micro_ros_msgs/local/lib/python3.10/dist-packages/micro_ros_msgs/_micro_ros_msgs_s.ep.rosidl_typesupport_introspection_c.c
[1.000s] -- Up-to-date: /home/jaime/Downloads/MotorControl/uros_ws/install/micro_ros_msgs/local/lib/python3.10/dist-packages/micro_ros_msgs/micro_ros_msgs_s__rosidl_typesupport_fastrtps_c.cpython-310-x86_64-linux-gnu.so
[1.000s] -- Up-to-date: /home/jaime/Downloads/MotorControl/uros_ws/install/micro_ros_msgs/local/lib/python3.10/dist-packages/micro_ros_msgs/msg
[1.000s] -- Up-to-date: /home/jaime/Downloads/MotorControl/uros_ws/install/micro_ros_msgs/local/lib/python3.10/dist-packages/micro_ros_msgs/msg/_graph.py
[1.000s] -- Up-to-date: /home/jaime/Downloads/MotorControl/uros_ws/install/micro_ros_msgs/local/lib/python3.10/dist-packages/micro_ros_msgs/msg/_graph_s.c
[1.000s] -- Up-to-date: /home/jaime/Downloads/MotorControl/uros_ws/install/micro_ros_msgs/local/lib/python3.10/dist-packages/micro_ros_msgs/msg/_entity_s.c
[1.000s] -- Up-to-date: /home/jaime/Downloads/MotorControl/uros_ws/install/micro_ros_msgs/local/lib/python3.10/dist-packages/micro_ros_msgs/msg/_node_s.c
[1.000s] -- Up-to-date: /home/jaime/Downloads/MotorControl/uros_ws/install/micro_ros_msgs/local/lib/python3.10/dist-packages/micro_ros_msgs/msg/_node.py
[1.000s] -- Up-to-date: /home/jaime/Downloads/MotorControl/uros_ws/install/micro_ros_msgs/local/lib/python3.10/dist-packages/micro_ros_msgs/msg/_entity.py
[1.000s] -- Up-to-date: /home/jaime/Downloads/MotorControl/uros_ws/install/micro_ros_msgs/local/lib/python3.10/dist-packages/micro_ros_msgs/msg/__init__.py
[1.020s] Listing '/home/jaime/Downloads/MotorControl/uros_ws/install/micro_ros_msgs/local/lib/python3.10/dist-packages/micro_ros_msgs'...
[1.020s] Compiling '/home/jaime/Downloads/MotorControl/uros_ws/install/micro_ros_msgs/local/lib/python3.10/dist-packages/micro_ros_msgs/__init__.py'...
[1.020s] Listing '/home/jaime/Downloads/MotorControl/uros_ws/install/micro_ros_msgs/local/lib/python3.10/dist-packages/micro_ros_msgs/msg'...
[1.023s] -- Up-to-date: /home/jaime/Downloads/MotorControl/uros_ws/install/micro_ros_msgs/local/lib/python3.10/dist-packages/micro_ros_msgs/micro_ros_msgs_s__rosidl_typesupport_fastrtps_c.cpython-310-x86_64-linux-gnu.so
[1.024s] -- Up-to-date: /home/jaime/Downloads/MotorControl/uros_ws/install/micro_ros_msgs/local/lib/python3.10/dist-packages/micro_ros_msgs/micro_ros_msgs_s__rosidl_typesupport_introspection_c.cpython-310-x86_64-linux-gnu.so
[1.024s] -- Up-to-date: /home/jaime/Downloads/MotorControl/uros_ws/install/micro_ros_msgs/local/lib/python3.10/dist-packages/micro_ros_msgs/micro_ros_msgs_s__rosidl_typesupport_c.cpython-310-x86_64-linux-gnu.so
[1.024s] -- Up-to-date: /home/jaime/Downloads/MotorControl/uros_ws/install/micro_ros_msgs/lib/libmicro_ros_msgs__rosidl_generator_py.so
[1.024s] -- Up-to-date: /home/jaime/Downloads/MotorControl/uros_ws/install/micro_ros_msgs/share/micro_ros_msgs/msg/Graph.idl
[1.024s] -- Up-to-date: /home/jaime/Downloads/MotorControl/uros_ws/install/micro_ros_msgs/share/micro_ros_msgs/msg/Node.idl
[1.024s] -- Up-to-date: /home/jaime/Downloads/MotorControl/uros_ws/install/micro_ros_msgs/share/micro_ros_msgs/msg/Entity.idl
[1.024s] -- Up-to-date: /home/jaime/Downloads/MotorControl/uros_ws/install/micro_ros_msgs/share/micro_ros_msgs/msg/Graph.msg
[1.024s] -- Up-to-date: /home/jaime/Downloads/MotorControl/uros_ws/install/micro_ros_msgs/share/micro_ros_msgs/msg/Node.msg
[1.024s] -- Up-to-date: /home/jaime/Downloads/MotorControl/uros_ws/install/micro_ros_msgs/share/micro_ros_msgs/msg/Entity.msg
[1.024s] -- Up-to-date: /home/jaime/Downloads/MotorControl/uros_ws/install/micro_ros_msgs/share/ament_index/resource_index/package_run_dependencies/micro_ros_msgs
[1.024s] -- Installing: /home/jaime/Downloads/MotorControl/uros_ws/install/micro_ros_msgs/share/ament_index/resource_index/parent_prefix_path/micro_ros_msgs
[1.025s] -- Up-to-date: /home/jaime/Downloads/MotorControl/uros_ws/install/micro_ros_msgs/share/micro_ros_msgs/environment/ament_prefix_path.sh
[1.025s] -- Installing: /home/jaime/Downloads/MotorControl/uros_ws/install/micro_ros_msgs/share/micro_ros_msgs/environment/ament_prefix_path.dsv
[1.025s] -- Up-to-date: /home/jaime/Downloads/MotorControl/uros_ws/install/micro_ros_msgs/share/micro_ros_msgs/environment/path.sh
[1.025s] -- Installing: /home/jaime/Downloads/MotorControl/uros_ws/install/micro_ros_msgs/share/micro_ros_msgs/environment/path.dsv
[1.025s] -- Up-to-date: /home/jaime/Downloads/MotorControl/uros_ws/install/micro_ros_msgs/share/micro_ros_msgs/local_setup.bash
[1.025s] -- Up-to-date: /home/jaime/Downloads/MotorControl/uros_ws/install/micro_ros_msgs/share/micro_ros_msgs/local_setup.sh
[1.025s] -- Up-to-date: /home/jaime/Downloads/MotorControl/uros_ws/install/micro_ros_msgs/share/micro_ros_msgs/local_setup.zsh
[1.025s] -- Installing: /home/jaime/Downloads/MotorControl/uros_ws/install/micro_ros_msgs/share/micro_ros_msgs/local_setup.dsv
[1.025s] -- Installing: /home/jaime/Downloads/MotorControl/uros_ws/install/micro_ros_msgs/share/micro_ros_msgs/package.dsv
[1.025s] -- Up-to-date: /home/jaime/Downloads/MotorControl/uros_ws/install/micro_ros_msgs/share/ament_index/resource_index/packages/micro_ros_msgs
[1.025s] -- Up-to-date: /home/jaime/Downloads/MotorControl/uros_ws/install/micro_ros_msgs/share/micro_ros_msgs/cmake/export_micro_ros_msgs__rosidl_generator_cExport.cmake
[1.025s] -- Up-to-date: /home/jaime/Downloads/MotorControl/uros_ws/install/micro_ros_msgs/share/micro_ros_msgs/cmake/export_micro_ros_msgs__rosidl_generator_cExport-noconfig.cmake
[1.026s] -- Up-to-date: /home/jaime/Downloads/MotorControl/uros_ws/install/micro_ros_msgs/share/micro_ros_msgs/cmake/export_micro_ros_msgs__rosidl_typesupport_fastrtps_cExport.cmake
[1.026s] -- Up-to-date: /home/jaime/Downloads/MotorControl/uros_ws/install/micro_ros_msgs/share/micro_ros_msgs/cmake/export_micro_ros_msgs__rosidl_typesupport_fastrtps_cExport-noconfig.cmake
[1.026s] -- Up-to-date: /home/jaime/Downloads/MotorControl/uros_ws/install/micro_ros_msgs/share/micro_ros_msgs/cmake/micro_ros_msgs__rosidl_typesupport_introspection_cExport.cmake
[1.026s] -- Up-to-date: /home/jaime/Downloads/MotorControl/uros_ws/install/micro_ros_msgs/share/micro_ros_msgs/cmake/micro_ros_msgs__rosidl_typesupport_introspection_cExport-noconfig.cmake
[1.026s] -- Up-to-date: /home/jaime/Downloads/MotorControl/uros_ws/install/micro_ros_msgs/share/micro_ros_msgs/cmake/micro_ros_msgs__rosidl_typesupport_cExport.cmake
[1.026s] -- Up-to-date: /home/jaime/Downloads/MotorControl/uros_ws/install/micro_ros_msgs/share/micro_ros_msgs/cmake/micro_ros_msgs__rosidl_typesupport_cExport-noconfig.cmake
[1.026s] -- Up-to-date: /home/jaime/Downloads/MotorControl/uros_ws/install/micro_ros_msgs/share/micro_ros_msgs/cmake/export_micro_ros_msgs__rosidl_generator_cppExport.cmake
[1.026s] -- Up-to-date: /home/jaime/Downloads/MotorControl/uros_ws/install/micro_ros_msgs/share/micro_ros_msgs/cmake/export_micro_ros_msgs__rosidl_typesupport_fastrtps_cppExport.cmake
[1.026s] -- Up-to-date: /home/jaime/Downloads/MotorControl/uros_ws/install/micro_ros_msgs/share/micro_ros_msgs/cmake/export_micro_ros_msgs__rosidl_typesupport_fastrtps_cppExport-noconfig.cmake
[1.026s] -- Up-to-date: /home/jaime/Downloads/MotorControl/uros_ws/install/micro_ros_msgs/share/micro_ros_msgs/cmake/micro_ros_msgs__rosidl_typesupport_introspection_cppExport.cmake
[1.026s] -- Up-to-date: /home/jaime/Downloads/MotorControl/uros_ws/install/micro_ros_msgs/share/micro_ros_msgs/cmake/micro_ros_msgs__rosidl_typesupport_introspection_cppExport-noconfig.cmake
[1.026s] -- Up-to-date: /home/jaime/Downloads/MotorControl/uros_ws/install/micro_ros_msgs/share/micro_ros_msgs/cmake/micro_ros_msgs__rosidl_typesupport_cppExport.cmake
[1.026s] -- Up-to-date: /home/jaime/Downloads/MotorControl/uros_ws/install/micro_ros_msgs/share/micro_ros_msgs/cmake/micro_ros_msgs__rosidl_typesupport_cppExport-noconfig.cmake
[1.027s] -- Up-to-date: /home/jaime/Downloads/MotorControl/uros_ws/install/micro_ros_msgs/share/micro_ros_msgs/cmake/export_micro_ros_msgs__rosidl_generator_pyExport.cmake
[1.027s] -- Up-to-date: /home/jaime/Downloads/MotorControl/uros_ws/install/micro_ros_msgs/share/micro_ros_msgs/cmake/export_micro_ros_msgs__rosidl_generator_pyExport-noconfig.cmake
[1.027s] -- Up-to-date: /home/jaime/Downloads/MotorControl/uros_ws/install/micro_ros_msgs/share/micro_ros_msgs/cmake/rosidl_cmake-extras.cmake
[1.027s] -- Up-to-date: /home/jaime/Downloads/MotorControl/uros_ws/install/micro_ros_msgs/share/micro_ros_msgs/cmake/ament_cmake_export_include_directories-extras.cmake
[1.027s] -- Up-to-date: /home/jaime/Downloads/MotorControl/uros_ws/install/micro_ros_msgs/share/micro_ros_msgs/cmake/ament_cmake_export_libraries-extras.cmake
[1.027s] -- Up-to-date: /home/jaime/Downloads/MotorControl/uros_ws/install/micro_ros_msgs/share/micro_ros_msgs/cmake/ament_cmake_export_targets-extras.cmake
[1.027s] -- Up-to-date: /home/jaime/Downloads/MotorControl/uros_ws/install/micro_ros_msgs/share/micro_ros_msgs/cmake/rosidl_cmake_export_typesupport_targets-extras.cmake
[1.027s] -- Up-to-date: /home/jaime/Downloads/MotorControl/uros_ws/install/micro_ros_msgs/share/micro_ros_msgs/cmake/ament_cmake_export_dependencies-extras.cmake
[1.027s] -- Up-to-date: /home/jaime/Downloads/MotorControl/uros_ws/install/micro_ros_msgs/share/micro_ros_msgs/cmake/rosidl_cmake_export_typesupport_libraries-extras.cmake
[1.027s] -- Up-to-date: /home/jaime/Downloads/MotorControl/uros_ws/install/micro_ros_msgs/share/micro_ros_msgs/cmake/micro_ros_msgsConfig.cmake
[1.027s] -- Up-to-date: /home/jaime/Downloads/MotorControl/uros_ws/install/micro_ros_msgs/share/micro_ros_msgs/cmake/micro_ros_msgsConfig-version.cmake
[1.027s] -- Up-to-date: /home/jaime/Downloads/MotorControl/uros_ws/install/micro_ros_msgs/share/micro_ros_msgs/package.xml
[1.028s] Invoked command in '/home/jaime/Downloads/MotorControl/uros_ws/build/micro_ros_msgs' returned '0': CMAKE_PREFIX_PATH=/opt/ros/humble PS1=\[\033[01;32m\]\u@\h \[\033[01;34m\]\w \[\033[31m\]`git branch 2> /dev/null | grep -e ^* | sed -E s/^\\\\\*\ \(.+\)$/\(\\\\\1\)\ /`\[\033[35m\]$\[\033[00m\] /usr/bin/cmake --install /home/jaime/Downloads/MotorControl/uros_ws/build/micro_ros_msgs
