[0.098s] Invoking command in '/home/jcarballeira/nimble_ws/src/build/nimble': AMENT_PREFIX_PATH=/home/jcarballeira/nimble_ws/src/install/nimble_interfaces:${AMENT_PREFIX_PATH} CMAKE_PREFIX_PATH=/home/jcarballeira/nimble_ws/src/install/nimble_interfaces:/home/jcarballeira/nimble_ws/install/nimble:/home/jcarballeira/nimble_ws/install/nimble_interfaces:/home/jcarballeira/evloc_ws/install/evloc:/opt/ros/humble LD_LIBRARY_PATH=/home/jcarballeira/nimble_ws/src/install/nimble_interfaces/lib:${LD_LIBRARY_PATH} PYTHONPATH=/home/jcarballeira/nimble_ws/src/install/nimble_interfaces/local/lib/python3.10/dist-packages:${PYTHONPATH} /usr/bin/cmake --build /home/jcarballeira/nimble_ws/src/build/nimble -- -j8 -l8
[0.146s] [35m[1mConsolidate compiler generated dependencies of target states_machine[0m
[0.165s] [ 37%] Built target control_MSD
[0.165s] [ 37%] Built target cables_robot
[0.165s] [ 37%] Built target control_ZMP
[0.165s] [ 56%] Built target traj_generator_server
[0.166s] [ 75%] Built target gamming
[0.166s] [ 62%] Built target kinematic_model
[0.172s] [ 87%] Built target frame
[0.174s] [ 93%] [32mBuilding CXX object CMakeFiles/states_machine.dir/src/states_machine.cpp.o[0m
[2.969s] [01m[K/home/jcarballeira/nimble_ws/src/nimble/src/states_machine.cpp:[m[K In member function ‘[01m[Kvoid stateMachine::StatesMachineNode::call_TrajGenerationService(const Measurements&, const TherapyRequirements&)[m[K’:
[2.969s] [01m[K/home/jcarballeira/nimble_ws/src/nimble/src/states_machine.cpp:169:33:[m[K [01;31m[Kerror: [m[Kno match for ‘[01m[Koperator=[m[K’ (operand types are ‘[01m[Kstd::shared_ptr<trajectory_msgs::msg::JointTrajectory_<std::allocator<void> > >[m[K’ and ‘[01m[Knimble_interfaces::srv::TrajGeneratorService_Response_<std::allocator<void> >::_joints_trajectory_type[m[K’ {aka ‘[01m[Ktrajectory_msgs::msg::JointTrajectory_<std::allocator<void> >[m[K’})
[2.969s]   169 |     serv_response=result.get()->[01;31m[Kjoints_trajectory[m[K;
[2.969s]       |                                 [01;31m[K^~~~~~~~~~~~~~~~~[m[K
[2.969s] In file included from [01m[K/usr/include/c++/11/memory:77[m[K,
[2.969s]                  from [01m[K/home/jcarballeira/nimble_ws/src/nimble/src/states_machine.cpp:4[m[K:
[2.969s] [01m[K/usr/include/c++/11/bits/shared_ptr.h:363:9:[m[K [01;36m[Knote: [m[Kcandidate: ‘[01m[Ktemplate<class _Yp> std::shared_ptr<_Tp>::_Assignable<const std::shared_ptr<_Yp>&> std::shared_ptr<_Tp>::operator=(const std::shared_ptr<_Yp>&) [with _Yp = _Yp; _Tp = trajectory_msgs::msg::JointTrajectory_<std::allocator<void> >][m[K’
[2.969s]   363 |         [01;36m[Koperator[m[K=(const shared_ptr<_Yp>& __r) noexcept
[2.969s]       |         [01;36m[K^~~~~~~~[m[K
[2.969s] [01m[K/usr/include/c++/11/bits/shared_ptr.h:363:9:[m[K [01;36m[Knote: [m[K  template argument deduction/substitution failed:
[2.970s] [01m[K/home/jcarballeira/nimble_ws/src/nimble/src/states_machine.cpp:169:33:[m[K [01;36m[Knote: [m[K  ‘[01m[Knimble_interfaces::srv::TrajGeneratorService_Response_<std::allocator<void> >::_joints_trajectory_type[m[K’ {aka ‘[01m[Ktrajectory_msgs::msg::JointTrajectory_<std::allocator<void> >[m[K’} is not derived from ‘[01m[Kconst std::shared_ptr<_Tp>[m[K’
[2.970s]   169 |     serv_response=result.get()->[01;36m[Kjoints_trajectory[m[K;
[2.970s]       |                                 [01;36m[K^~~~~~~~~~~~~~~~~[m[K
[2.970s] In file included from [01m[K/usr/include/c++/11/memory:77[m[K,
[2.970s]                  from [01m[K/home/jcarballeira/nimble_ws/src/nimble/src/states_machine.cpp:4[m[K:
[2.970s] [01m[K/usr/include/c++/11/bits/shared_ptr.h:374:9:[m[K [01;36m[Knote: [m[Kcandidate: ‘[01m[Ktemplate<class _Yp> std::shared_ptr<_Tp>::_Assignable<std::auto_ptr<_Up> > std::shared_ptr<_Tp>::operator=(std::auto_ptr<_Up>&&) [with _Yp = _Yp; _Tp = trajectory_msgs::msg::JointTrajectory_<std::allocator<void> >][m[K’
[2.970s]   374 |         [01;36m[Koperator[m[K=(auto_ptr<_Yp>&& __r)
[2.970s]       |         [01;36m[K^~~~~~~~[m[K
[2.970s] [01m[K/usr/include/c++/11/bits/shared_ptr.h:374:9:[m[K [01;36m[Knote: [m[K  template argument deduction/substitution failed:
[2.970s] [01m[K/home/jcarballeira/nimble_ws/src/nimble/src/states_machine.cpp:169:33:[m[K [01;36m[Knote: [m[K  ‘[01m[Knimble_interfaces::srv::TrajGeneratorService_Response_<std::allocator<void> >::_joints_trajectory_type[m[K’ {aka ‘[01m[Ktrajectory_msgs::msg::JointTrajectory_<std::allocator<void> >[m[K’} is not derived from ‘[01m[Kstd::auto_ptr<_Up>[m[K’
[2.970s]   169 |     serv_response=result.get()->[01;36m[Kjoints_trajectory[m[K;
[2.970s]       |                                 [01;36m[K^~~~~~~~~~~~~~~~~[m[K
[2.970s] In file included from [01m[K/usr/include/c++/11/memory:77[m[K,
[2.970s]                  from [01m[K/home/jcarballeira/nimble_ws/src/nimble/src/states_machine.cpp:4[m[K:
[2.970s] [01m[K/usr/include/c++/11/bits/shared_ptr.h:391:9:[m[K [01;36m[Knote: [m[Kcandidate: ‘[01m[Ktemplate<class _Yp> std::shared_ptr<_Tp>::_Assignable<std::shared_ptr<_Yp> > std::shared_ptr<_Tp>::operator=(std::shared_ptr<_Yp>&&) [with _Yp = _Yp; _Tp = trajectory_msgs::msg::JointTrajectory_<std::allocator<void> >][m[K’
[2.970s]   391 |         [01;36m[Koperator[m[K=(shared_ptr<_Yp>&& __r) noexcept
[2.971s]       |         [01;36m[K^~~~~~~~[m[K
[2.971s] [01m[K/usr/include/c++/11/bits/shared_ptr.h:391:9:[m[K [01;36m[Knote: [m[K  template argument deduction/substitution failed:
[2.971s] [01m[K/home/jcarballeira/nimble_ws/src/nimble/src/states_machine.cpp:169:33:[m[K [01;36m[Knote: [m[K  ‘[01m[Knimble_interfaces::srv::TrajGeneratorService_Response_<std::allocator<void> >::_joints_trajectory_type[m[K’ {aka ‘[01m[Ktrajectory_msgs::msg::JointTrajectory_<std::allocator<void> >[m[K’} is not derived from ‘[01m[Kstd::shared_ptr<_Tp>[m[K’
[2.971s]   169 |     serv_response=result.get()->[01;36m[Kjoints_trajectory[m[K;
[2.971s]       |                                 [01;36m[K^~~~~~~~~~~~~~~~~[m[K
[2.971s] In file included from [01m[K/usr/include/c++/11/memory:77[m[K,
[2.971s]                  from [01m[K/home/jcarballeira/nimble_ws/src/nimble/src/states_machine.cpp:4[m[K:
[2.971s] [01m[K/usr/include/c++/11/bits/shared_ptr.h:399:9:[m[K [01;36m[Knote: [m[Kcandidate: ‘[01m[Ktemplate<class _Yp, class _Del> std::shared_ptr<_Tp>::_Assignable<std::unique_ptr<_Up, _Ep> > std::shared_ptr<_Tp>::operator=(std::unique_ptr<_Up, _Ep>&&) [with _Yp = _Yp; _Del = _Del; _Tp = trajectory_msgs::msg::JointTrajectory_<std::allocator<void> >][m[K’
[2.971s]   399 |         [01;36m[Koperator[m[K=(unique_ptr<_Yp, _Del>&& __r)
[2.971s]       |         [01;36m[K^~~~~~~~[m[K
[2.971s] [01m[K/usr/include/c++/11/bits/shared_ptr.h:399:9:[m[K [01;36m[Knote: [m[K  template argument deduction/substitution failed:
[2.971s] [01m[K/home/jcarballeira/nimble_ws/src/nimble/src/states_machine.cpp:169:33:[m[K [01;36m[Knote: [m[K  ‘[01m[Knimble_interfaces::srv::TrajGeneratorService_Response_<std::allocator<void> >::_joints_trajectory_type[m[K’ {aka ‘[01m[Ktrajectory_msgs::msg::JointTrajectory_<std::allocator<void> >[m[K’} is not derived from ‘[01m[Kstd::unique_ptr<_Tp, _Dp>[m[K’
[2.971s]   169 |     serv_response=result.get()->[01;36m[Kjoints_trajectory[m[K;
[2.971s]       |                                 [01;36m[K^~~~~~~~~~~~~~~~~[m[K
[2.971s] In file included from [01m[K/usr/include/c++/11/memory:77[m[K,
[2.971s]                  from [01m[K/home/jcarballeira/nimble_ws/src/nimble/src/states_machine.cpp:4[m[K:
[2.971s] [01m[K/usr/include/c++/11/bits/shared_ptr.h:359:19:[m[K [01;36m[Knote: [m[Kcandidate: ‘[01m[Kstd::shared_ptr<_Tp>& std::shared_ptr<_Tp>::operator=(const std::shared_ptr<_Tp>&) [with _Tp = trajectory_msgs::msg::JointTrajectory_<std::allocator<void> >][m[K’
[2.972s]   359 |       shared_ptr& [01;36m[Koperator[m[K=(const shared_ptr&) noexcept = default;
[2.972s]       |                   [01;36m[K^~~~~~~~[m[K
[2.972s] [01m[K/usr/include/c++/11/bits/shared_ptr.h:359:29:[m[K [01;36m[Knote: [m[K  no known conversion for argument 1 from ‘[01m[Knimble_interfaces::srv::TrajGeneratorService_Response_<std::allocator<void> >::_joints_trajectory_type[m[K’ {aka ‘[01m[Ktrajectory_msgs::msg::JointTrajectory_<std::allocator<void> >[m[K’} to ‘[01m[Kconst std::shared_ptr<trajectory_msgs::msg::JointTrajectory_<std::allocator<void> > >&[m[K’
[2.972s]   359 |       shared_ptr& operator=([01;36m[Kconst shared_ptr&[m[K) noexcept = default;
[2.972s]       |                             [01;36m[K^~~~~~~~~~~~~~~~~[m[K
[2.972s] [01m[K/usr/include/c++/11/bits/shared_ptr.h:383:7:[m[K [01;36m[Knote: [m[Kcandidate: ‘[01m[Kstd::shared_ptr<_Tp>& std::shared_ptr<_Tp>::operator=(std::shared_ptr<_Tp>&&) [with _Tp = trajectory_msgs::msg::JointTrajectory_<std::allocator<void> >][m[K’
[2.972s]   383 |       [01;36m[Koperator[m[K=(shared_ptr&& __r) noexcept
[2.972s]       |       [01;36m[K^~~~~~~~[m[K
[2.972s] [01m[K/usr/include/c++/11/bits/shared_ptr.h:383:30:[m[K [01;36m[Knote: [m[K  no known conversion for argument 1 from ‘[01m[Knimble_interfaces::srv::TrajGeneratorService_Response_<std::allocator<void> >::_joints_trajectory_type[m[K’ {aka ‘[01m[Ktrajectory_msgs::msg::JointTrajectory_<std::allocator<void> >[m[K’} to ‘[01m[Kstd::shared_ptr<trajectory_msgs::msg::JointTrajectory_<std::allocator<void> > >&&[m[K’
[2.972s]   383 |       operator=([01;36m[Kshared_ptr&& __r[m[K) noexcept
[2.972s]       |                 [01;36m[K~~~~~~~~~~~~~^~~[m[K
[11.601s] gmake[2]: *** [CMakeFiles/states_machine.dir/build.make:76: CMakeFiles/states_machine.dir/src/states_machine.cpp.o] Error 1
[11.602s] gmake[1]: *** [CMakeFiles/Makefile2:177: CMakeFiles/states_machine.dir/all] Error 2
[11.602s] gmake: *** [Makefile:146: all] Error 2
[11.604s] Invoked command in '/home/jcarballeira/nimble_ws/src/build/nimble' returned '2': AMENT_PREFIX_PATH=/home/jcarballeira/nimble_ws/src/install/nimble_interfaces:${AMENT_PREFIX_PATH} CMAKE_PREFIX_PATH=/home/jcarballeira/nimble_ws/src/install/nimble_interfaces:/home/jcarballeira/nimble_ws/install/nimble:/home/jcarballeira/nimble_ws/install/nimble_interfaces:/home/jcarballeira/evloc_ws/install/evloc:/opt/ros/humble LD_LIBRARY_PATH=/home/jcarballeira/nimble_ws/src/install/nimble_interfaces/lib:${LD_LIBRARY_PATH} PYTHONPATH=/home/jcarballeira/nimble_ws/src/install/nimble_interfaces/local/lib/python3.10/dist-packages:${PYTHONPATH} /usr/bin/cmake --build /home/jcarballeira/nimble_ws/src/build/nimble -- -j8 -l8
