[0.122s] Invoking command in '/home/jcarballeira/nimble_ws/src/build/nimble': AMENT_PREFIX_PATH=/home/jcarballeira/nimble_ws/src/install/nimble_interfaces:${AMENT_PREFIX_PATH} CMAKE_PREFIX_PATH=/home/jcarballeira/nimble_ws/src/install/nimble_interfaces:/home/jcarballeira/nimble_ws/install/nimble:/home/jcarballeira/nimble_ws/install/nimble_interfaces:/home/jcarballeira/evloc_ws/install/evloc:/opt/ros/humble LD_LIBRARY_PATH=/home/jcarballeira/nimble_ws/src/install/nimble_interfaces/lib:${LD_LIBRARY_PATH} PYTHONPATH=/home/jcarballeira/nimble_ws/src/install/nimble_interfaces/local/lib/python3.10/dist-packages:${PYTHONPATH} /usr/bin/cmake --build /home/jcarballeira/nimble_ws/src/build/nimble -- -j8 -l8
[0.168s] [35m[1mConsolidate compiler generated dependencies of target kinematic_model[0m
[0.168s] [35m[1mConsolidate compiler generated dependencies of target control_ZMP[0m
[0.170s] [35m[1mConsolidate compiler generated dependencies of target control_MSD[0m
[0.177s] [35m[1mConsolidate compiler generated dependencies of target states_machine[0m
[0.177s] [35m[1mConsolidate compiler generated dependencies of target frame[0m
[0.196s] [ 12%] Built target cables_robot
[0.200s] [ 25%] Built target control_ZMP
[0.203s] [ 37%] Built target control_MSD
[0.203s] [ 62%] Built target states_machine
[0.203s] [ 62%] Built target kinematic_model
[0.206s] [ 75%] Built target frame
[0.212s] [35m[1mConsolidate compiler generated dependencies of target traj_generator_server[0m
[0.214s] [35m[1mConsolidate compiler generated dependencies of target gamming[0m
[0.233s] [ 87%] Built target gamming
[0.234s] [100%] Built target traj_generator_server
[0.246s] Invoked command in '/home/jcarballeira/nimble_ws/src/build/nimble' returned '0': AMENT_PREFIX_PATH=/home/jcarballeira/nimble_ws/src/install/nimble_interfaces:${AMENT_PREFIX_PATH} CMAKE_PREFIX_PATH=/home/jcarballeira/nimble_ws/src/install/nimble_interfaces:/home/jcarballeira/nimble_ws/install/nimble:/home/jcarballeira/nimble_ws/install/nimble_interfaces:/home/jcarballeira/evloc_ws/install/evloc:/opt/ros/humble LD_LIBRARY_PATH=/home/jcarballeira/nimble_ws/src/install/nimble_interfaces/lib:${LD_LIBRARY_PATH} PYTHONPATH=/home/jcarballeira/nimble_ws/src/install/nimble_interfaces/local/lib/python3.10/dist-packages:${PYTHONPATH} /usr/bin/cmake --build /home/jcarballeira/nimble_ws/src/build/nimble -- -j8 -l8
[0.300s] Invoking command in '/home/jcarballeira/nimble_ws/src/build/nimble': AMENT_PREFIX_PATH=/home/jcarballeira/nimble_ws/src/install/nimble_interfaces:${AMENT_PREFIX_PATH} CMAKE_PREFIX_PATH=/home/jcarballeira/nimble_ws/src/install/nimble_interfaces:/home/jcarballeira/nimble_ws/install/nimble:/home/jcarballeira/nimble_ws/install/nimble_interfaces:/home/jcarballeira/evloc_ws/install/evloc:/opt/ros/humble LD_LIBRARY_PATH=/home/jcarballeira/nimble_ws/src/install/nimble_interfaces/lib:${LD_LIBRARY_PATH} PYTHONPATH=/home/jcarballeira/nimble_ws/src/install/nimble_interfaces/local/lib/python3.10/dist-packages:${PYTHONPATH} /usr/bin/cmake --install /home/jcarballeira/nimble_ws/src/build/nimble
[0.307s] -- Install configuration: ""
[0.308s] -- Execute custom install script
[0.308s] -- Up-to-date symlink: /home/jcarballeira/nimble_ws/src/install/nimble/lib/nimble/kinematic_model
[0.308s] -- Up-to-date symlink: /home/jcarballeira/nimble_ws/src/install/nimble/lib/nimble/control_ZMP
[0.308s] -- Up-to-date symlink: /home/jcarballeira/nimble_ws/src/install/nimble/lib/nimble/control_MSD
[0.308s] -- Up-to-date symlink: /home/jcarballeira/nimble_ws/src/install/nimble/lib/nimble/cables_robot
[0.309s] -- Up-to-date symlink: /home/jcarballeira/nimble_ws/src/install/nimble/lib/nimble/gamming
[0.309s] -- Up-to-date symlink: /home/jcarballeira/nimble_ws/src/install/nimble/lib/nimble/frame
[0.309s] -- Up-to-date symlink: /home/jcarballeira/nimble_ws/src/install/nimble/lib/nimble/states_machine
[0.309s] -- Up-to-date symlink: /home/jcarballeira/nimble_ws/src/install/nimble/lib/nimble/traj_generator_server
[0.309s] -- Up-to-date symlink: /home/jcarballeira/nimble_ws/src/install/nimble/share/nimble/launch/__pycache__/nimble_launch.cpython-310.pyc
[0.309s] -- Up-to-date symlink: /home/jcarballeira/nimble_ws/src/install/nimble/share/nimble/launch/nimble_launch.py
[0.310s] -- Up-to-date symlink: /home/jcarballeira/nimble_ws/src/install/nimble/share/nimble/include/kinetik_model/kineticModel.hpp
[0.310s] -- Up-to-date symlink: /home/jcarballeira/nimble_ws/src/install/nimble/share/nimble/include/state_machine/stateMachine.hpp
[0.310s] -- Up-to-date symlink: /home/jcarballeira/nimble_ws/src/install/nimble/share/nimble/config/paciente.yaml
[0.310s] -- Up-to-date symlink: /home/jcarballeira/nimble_ws/src/install/nimble/lib/nimble/hmi.py
[0.310s] -- Up-to-date symlink: /home/jcarballeira/nimble_ws/src/install/nimble/share/ament_index/resource_index/package_run_dependencies/nimble
[0.310s] -- Up-to-date symlink: /home/jcarballeira/nimble_ws/src/install/nimble/share/ament_index/resource_index/parent_prefix_path/nimble
[0.311s] -- Up-to-date symlink: /home/jcarballeira/nimble_ws/src/install/nimble/share/nimble/environment/ament_prefix_path.sh
[0.311s] -- Up-to-date symlink: /home/jcarballeira/nimble_ws/src/install/nimble/share/nimble/environment/ament_prefix_path.dsv
[0.311s] -- Up-to-date symlink: /home/jcarballeira/nimble_ws/src/install/nimble/share/nimble/environment/path.sh
[0.311s] -- Up-to-date symlink: /home/jcarballeira/nimble_ws/src/install/nimble/share/nimble/environment/path.dsv
[0.311s] -- Up-to-date symlink: /home/jcarballeira/nimble_ws/src/install/nimble/share/nimble/local_setup.bash
[0.311s] -- Up-to-date symlink: /home/jcarballeira/nimble_ws/src/install/nimble/share/nimble/local_setup.sh
[0.311s] -- Up-to-date symlink: /home/jcarballeira/nimble_ws/src/install/nimble/share/nimble/local_setup.zsh
[0.312s] -- Up-to-date symlink: /home/jcarballeira/nimble_ws/src/install/nimble/share/nimble/local_setup.dsv
[0.312s] -- Symlinking: /home/jcarballeira/nimble_ws/src/install/nimble/share/nimble/package.dsv
[0.320s] -- Up-to-date symlink: /home/jcarballeira/nimble_ws/src/install/nimble/share/ament_index/resource_index/packages/nimble
[0.320s] -- Up-to-date symlink: /home/jcarballeira/nimble_ws/src/install/nimble/share/nimble/cmake/nimbleConfig.cmake
[0.320s] -- Up-to-date symlink: /home/jcarballeira/nimble_ws/src/install/nimble/share/nimble/cmake/nimbleConfig-version.cmake
[0.321s] -- Up-to-date symlink: /home/jcarballeira/nimble_ws/src/install/nimble/share/nimble/package.xml
[0.324s] Invoked command in '/home/jcarballeira/nimble_ws/src/build/nimble' returned '0': AMENT_PREFIX_PATH=/home/jcarballeira/nimble_ws/src/install/nimble_interfaces:${AMENT_PREFIX_PATH} CMAKE_PREFIX_PATH=/home/jcarballeira/nimble_ws/src/install/nimble_interfaces:/home/jcarballeira/nimble_ws/install/nimble:/home/jcarballeira/nimble_ws/install/nimble_interfaces:/home/jcarballeira/evloc_ws/install/evloc:/opt/ros/humble LD_LIBRARY_PATH=/home/jcarballeira/nimble_ws/src/install/nimble_interfaces/lib:${LD_LIBRARY_PATH} PYTHONPATH=/home/jcarballeira/nimble_ws/src/install/nimble_interfaces/local/lib/python3.10/dist-packages:${PYTHONPATH} /usr/bin/cmake --install /home/jcarballeira/nimble_ws/src/build/nimble
