[0.067s] DEBUG:colcon:Command line arguments: ['/usr/bin/colcon', 'build']
[0.067s] DEBUG:colcon:Parsed command line arguments: Namespace(log_base=None, log_level=None, verb_name='build', build_base='build', install_base='install', merge_install=False, symlink_install=False, test_result_base=None, continue_on_error=False, executor='parallel', parallel_workers=8, event_handlers=None, ignore_user_meta=False, metas=['./colcon.meta'], base_paths=['.'], packages_ignore=None, packages_ignore_regex=None, paths=None, packages_up_to=None, packages_up_to_regex=None, packages_above=None, packages_above_and_dependencies=None, packages_above_depth=None, packages_select_by_dep=None, packages_skip_by_dep=None, packages_skip_up_to=None, packages_select_build_failed=False, packages_skip_build_finished=False, packages_select_test_failures=False, packages_skip_test_passed=False, packages_select=None, packages_skip=None, packages_select_regex=None, packages_skip_regex=None, packages_start=None, packages_end=None, allow_overriding=[], cmake_args=None, cmake_target=None, cmake_target_skip_unavailable=False, cmake_clean_cache=False, cmake_clean_first=False, cmake_force_configure=False, ament_cmake_args=None, catkin_cmake_args=None, catkin_skip_building_tests=False, verb_parser=<colcon_defaults.argument_parser.defaults.DefaultArgumentsDecorator object at 0x78896d548850>, verb_extension=<colcon_core.verb.build.BuildVerb object at 0x78896d50fa90>, main=<bound method BuildVerb.main of <colcon_core.verb.build.BuildVerb object at 0x78896d50fa90>>)
[0.166s] Level 1:colcon.colcon_core.package_discovery:discover_packages(colcon_meta) check parameters
[0.166s] Level 1:colcon.colcon_core.package_discovery:discover_packages(recursive) check parameters
[0.166s] Level 1:colcon.colcon_core.package_discovery:discover_packages(ignore) check parameters
[0.166s] Level 1:colcon.colcon_core.package_discovery:discover_packages(path) check parameters
[0.166s] Level 1:colcon.colcon_core.package_discovery:discover_packages(colcon_meta) discover
[0.166s] Level 1:colcon.colcon_core.package_discovery:discover_packages(recursive) discover
[0.166s] INFO:colcon.colcon_core.package_discovery:Crawling recursively for packages in '/home/jaime/MotorControl/uros_ws'
[0.166s] Level 1:colcon.colcon_core.package_identification:_identify(.) by extensions ['ignore', 'ignore_ament_install']
[0.166s] Level 1:colcon.colcon_core.package_identification:_identify(.) by extension 'ignore'
[0.166s] Level 1:colcon.colcon_core.package_identification:_identify(.) by extension 'ignore_ament_install'
[0.166s] Level 1:colcon.colcon_core.package_identification:_identify(.) by extensions ['colcon_pkg']
[0.166s] Level 1:colcon.colcon_core.package_identification:_identify(.) by extension 'colcon_pkg'
[0.166s] Level 1:colcon.colcon_core.package_identification:_identify(.) by extensions ['colcon_meta']
[0.166s] Level 1:colcon.colcon_core.package_identification:_identify(.) by extension 'colcon_meta'
[0.166s] Level 1:colcon.colcon_core.package_identification:_identify(.) by extensions ['ros']
[0.166s] Level 1:colcon.colcon_core.package_identification:_identify(.) by extension 'ros'
[0.174s] Level 1:colcon.colcon_core.package_identification:_identify(.) by extensions ['cmake', 'python']
[0.174s] Level 1:colcon.colcon_core.package_identification:_identify(.) by extension 'cmake'
[0.174s] Level 1:colcon.colcon_core.package_identification:_identify(.) by extension 'python'
[0.174s] Level 1:colcon.colcon_core.package_identification:_identify(.) by extensions ['python_setup_py']
[0.174s] Level 1:colcon.colcon_core.package_identification:_identify(.) by extension 'python_setup_py'
[0.174s] Level 1:colcon.colcon_core.package_identification:_identify(build) by extensions ['ignore', 'ignore_ament_install']
[0.174s] Level 1:colcon.colcon_core.package_identification:_identify(build) by extension 'ignore'
[0.174s] Level 1:colcon.colcon_core.package_identification:_identify(build) ignored
[0.174s] Level 1:colcon.colcon_core.package_identification:_identify(frame_data) by extensions ['ignore', 'ignore_ament_install']
[0.174s] Level 1:colcon.colcon_core.package_identification:_identify(frame_data) by extension 'ignore'
[0.174s] Level 1:colcon.colcon_core.package_identification:_identify(frame_data) by extension 'ignore_ament_install'
[0.174s] Level 1:colcon.colcon_core.package_identification:_identify(frame_data) by extensions ['colcon_pkg']
[0.174s] Level 1:colcon.colcon_core.package_identification:_identify(frame_data) by extension 'colcon_pkg'
[0.174s] Level 1:colcon.colcon_core.package_identification:_identify(frame_data) by extensions ['colcon_meta']
[0.174s] Level 1:colcon.colcon_core.package_identification:_identify(frame_data) by extension 'colcon_meta'
[0.174s] Level 1:colcon.colcon_core.package_identification:_identify(frame_data) by extensions ['ros']
[0.174s] Level 1:colcon.colcon_core.package_identification:_identify(frame_data) by extension 'ros'
[0.176s] DEBUG:colcon.colcon_core.package_identification:Package 'frame_data' with type 'ros.ament_cmake' and name 'frame_data'
[0.176s] Level 1:colcon.colcon_core.package_identification:_identify(install) by extensions ['ignore', 'ignore_ament_install']
[0.176s] Level 1:colcon.colcon_core.package_identification:_identify(install) by extension 'ignore'
[0.176s] Level 1:colcon.colcon_core.package_identification:_identify(install) ignored
[0.176s] Level 1:colcon.colcon_core.package_identification:_identify(log) by extensions ['ignore', 'ignore_ament_install']
[0.176s] Level 1:colcon.colcon_core.package_identification:_identify(log) by extension 'ignore'
[0.176s] Level 1:colcon.colcon_core.package_identification:_identify(log) ignored
[0.176s] Level 1:colcon.colcon_core.package_identification:_identify(src) by extensions ['ignore', 'ignore_ament_install']
[0.176s] Level 1:colcon.colcon_core.package_identification:_identify(src) by extension 'ignore'
[0.176s] Level 1:colcon.colcon_core.package_identification:_identify(src) by extension 'ignore_ament_install'
[0.176s] Level 1:colcon.colcon_core.package_identification:_identify(src) by extensions ['colcon_pkg']
[0.176s] Level 1:colcon.colcon_core.package_identification:_identify(src) by extension 'colcon_pkg'
[0.177s] Level 1:colcon.colcon_core.package_identification:_identify(src) by extensions ['colcon_meta']
[0.177s] Level 1:colcon.colcon_core.package_identification:_identify(src) by extension 'colcon_meta'
[0.177s] Level 1:colcon.colcon_core.package_identification:_identify(src) by extensions ['ros']
[0.177s] Level 1:colcon.colcon_core.package_identification:_identify(src) by extension 'ros'
[0.177s] Level 1:colcon.colcon_core.package_identification:_identify(src) by extensions ['cmake', 'python']
[0.177s] Level 1:colcon.colcon_core.package_identification:_identify(src) by extension 'cmake'
[0.177s] Level 1:colcon.colcon_core.package_identification:_identify(src) by extension 'python'
[0.177s] Level 1:colcon.colcon_core.package_identification:_identify(src) by extensions ['python_setup_py']
[0.177s] Level 1:colcon.colcon_core.package_identification:_identify(src) by extension 'python_setup_py'
[0.177s] Level 1:colcon.colcon_core.package_identification:_identify(src/micro_ros_setup) by extensions ['ignore', 'ignore_ament_install']
[0.177s] Level 1:colcon.colcon_core.package_identification:_identify(src/micro_ros_setup) by extension 'ignore'
[0.177s] Level 1:colcon.colcon_core.package_identification:_identify(src/micro_ros_setup) by extension 'ignore_ament_install'
[0.177s] Level 1:colcon.colcon_core.package_identification:_identify(src/micro_ros_setup) by extensions ['colcon_pkg']
[0.177s] Level 1:colcon.colcon_core.package_identification:_identify(src/micro_ros_setup) by extension 'colcon_pkg'
[0.177s] Level 1:colcon.colcon_core.package_identification:_identify(src/micro_ros_setup) by extensions ['colcon_meta']
[0.177s] Level 1:colcon.colcon_core.package_identification:_identify(src/micro_ros_setup) by extension 'colcon_meta'
[0.177s] Level 1:colcon.colcon_core.package_identification:_identify(src/micro_ros_setup) by extensions ['ros']
[0.177s] Level 1:colcon.colcon_core.package_identification:_identify(src/micro_ros_setup) by extension 'ros'
[0.178s] DEBUG:colcon.colcon_core.package_identification:Package 'src/micro_ros_setup' with type 'ros.ament_cmake' and name 'micro_ros_setup'
[0.178s] Level 1:colcon.colcon_core.package_identification:_identify(src/uros) by extensions ['ignore', 'ignore_ament_install']
[0.178s] Level 1:colcon.colcon_core.package_identification:_identify(src/uros) by extension 'ignore'
[0.178s] Level 1:colcon.colcon_core.package_identification:_identify(src/uros) by extension 'ignore_ament_install'
[0.178s] Level 1:colcon.colcon_core.package_identification:_identify(src/uros) by extensions ['colcon_pkg']
[0.178s] Level 1:colcon.colcon_core.package_identification:_identify(src/uros) by extension 'colcon_pkg'
[0.178s] Level 1:colcon.colcon_core.package_identification:_identify(src/uros) by extensions ['colcon_meta']
[0.178s] Level 1:colcon.colcon_core.package_identification:_identify(src/uros) by extension 'colcon_meta'
[0.178s] Level 1:colcon.colcon_core.package_identification:_identify(src/uros) by extensions ['ros']
[0.178s] Level 1:colcon.colcon_core.package_identification:_identify(src/uros) by extension 'ros'
[0.178s] Level 1:colcon.colcon_core.package_identification:_identify(src/uros) by extensions ['cmake', 'python']
[0.178s] Level 1:colcon.colcon_core.package_identification:_identify(src/uros) by extension 'cmake'
[0.178s] Level 1:colcon.colcon_core.package_identification:_identify(src/uros) by extension 'python'
[0.178s] Level 1:colcon.colcon_core.package_identification:_identify(src/uros) by extensions ['python_setup_py']
[0.178s] Level 1:colcon.colcon_core.package_identification:_identify(src/uros) by extension 'python_setup_py'
[0.178s] Level 1:colcon.colcon_core.package_identification:_identify(src/uros/micro-ROS-Agent) by extensions ['ignore', 'ignore_ament_install']
[0.178s] Level 1:colcon.colcon_core.package_identification:_identify(src/uros/micro-ROS-Agent) by extension 'ignore'
[0.178s] Level 1:colcon.colcon_core.package_identification:_identify(src/uros/micro-ROS-Agent) by extension 'ignore_ament_install'
[0.178s] Level 1:colcon.colcon_core.package_identification:_identify(src/uros/micro-ROS-Agent) by extensions ['colcon_pkg']
[0.178s] Level 1:colcon.colcon_core.package_identification:_identify(src/uros/micro-ROS-Agent) by extension 'colcon_pkg'
[0.178s] Level 1:colcon.colcon_core.package_identification:_identify(src/uros/micro-ROS-Agent) by extensions ['colcon_meta']
[0.178s] Level 1:colcon.colcon_core.package_identification:_identify(src/uros/micro-ROS-Agent) by extension 'colcon_meta'
[0.178s] Level 1:colcon.colcon_core.package_identification:_identify(src/uros/micro-ROS-Agent) by extensions ['ros']
[0.178s] Level 1:colcon.colcon_core.package_identification:_identify(src/uros/micro-ROS-Agent) by extension 'ros'
[0.178s] Level 1:colcon.colcon_core.package_identification:_identify(src/uros/micro-ROS-Agent) by extensions ['cmake', 'python']
[0.178s] Level 1:colcon.colcon_core.package_identification:_identify(src/uros/micro-ROS-Agent) by extension 'cmake'
[0.178s] Level 1:colcon.colcon_core.package_identification:_identify(src/uros/micro-ROS-Agent) by extension 'python'
[0.178s] Level 1:colcon.colcon_core.package_identification:_identify(src/uros/micro-ROS-Agent) by extensions ['python_setup_py']
[0.178s] Level 1:colcon.colcon_core.package_identification:_identify(src/uros/micro-ROS-Agent) by extension 'python_setup_py'
[0.179s] Level 1:colcon.colcon_core.package_identification:_identify(src/uros/micro-ROS-Agent/micro_ros_agent) by extensions ['ignore', 'ignore_ament_install']
[0.179s] Level 1:colcon.colcon_core.package_identification:_identify(src/uros/micro-ROS-Agent/micro_ros_agent) by extension 'ignore'
[0.179s] Level 1:colcon.colcon_core.package_identification:_identify(src/uros/micro-ROS-Agent/micro_ros_agent) by extension 'ignore_ament_install'
[0.179s] Level 1:colcon.colcon_core.package_identification:_identify(src/uros/micro-ROS-Agent/micro_ros_agent) by extensions ['colcon_pkg']
[0.179s] Level 1:colcon.colcon_core.package_identification:_identify(src/uros/micro-ROS-Agent/micro_ros_agent) by extension 'colcon_pkg'
[0.179s] Level 1:colcon.colcon_core.package_identification:_identify(src/uros/micro-ROS-Agent/micro_ros_agent) by extensions ['colcon_meta']
[0.179s] Level 1:colcon.colcon_core.package_identification:_identify(src/uros/micro-ROS-Agent/micro_ros_agent) by extension 'colcon_meta'
[0.179s] Level 1:colcon.colcon_core.package_identification:_identify(src/uros/micro-ROS-Agent/micro_ros_agent) by extensions ['ros']
[0.179s] Level 1:colcon.colcon_core.package_identification:_identify(src/uros/micro-ROS-Agent/micro_ros_agent) by extension 'ros'
[0.179s] DEBUG:colcon.colcon_core.package_identification:Package 'src/uros/micro-ROS-Agent/micro_ros_agent' with type 'ros.ament_cmake' and name 'micro_ros_agent'
[0.179s] Level 1:colcon.colcon_core.package_identification:_identify(src/uros/micro-ROS-Agent/snap) by extensions ['ignore', 'ignore_ament_install']
[0.179s] Level 1:colcon.colcon_core.package_identification:_identify(src/uros/micro-ROS-Agent/snap) by extension 'ignore'
[0.179s] Level 1:colcon.colcon_core.package_identification:_identify(src/uros/micro-ROS-Agent/snap) by extension 'ignore_ament_install'
[0.179s] Level 1:colcon.colcon_core.package_identification:_identify(src/uros/micro-ROS-Agent/snap) by extensions ['colcon_pkg']
[0.180s] Level 1:colcon.colcon_core.package_identification:_identify(src/uros/micro-ROS-Agent/snap) by extension 'colcon_pkg'
[0.180s] Level 1:colcon.colcon_core.package_identification:_identify(src/uros/micro-ROS-Agent/snap) by extensions ['colcon_meta']
[0.180s] Level 1:colcon.colcon_core.package_identification:_identify(src/uros/micro-ROS-Agent/snap) by extension 'colcon_meta'
[0.180s] Level 1:colcon.colcon_core.package_identification:_identify(src/uros/micro-ROS-Agent/snap) by extensions ['ros']
[0.180s] Level 1:colcon.colcon_core.package_identification:_identify(src/uros/micro-ROS-Agent/snap) by extension 'ros'
[0.180s] Level 1:colcon.colcon_core.package_identification:_identify(src/uros/micro-ROS-Agent/snap) by extensions ['cmake', 'python']
[0.180s] Level 1:colcon.colcon_core.package_identification:_identify(src/uros/micro-ROS-Agent/snap) by extension 'cmake'
[0.180s] Level 1:colcon.colcon_core.package_identification:_identify(src/uros/micro-ROS-Agent/snap) by extension 'python'
[0.180s] Level 1:colcon.colcon_core.package_identification:_identify(src/uros/micro-ROS-Agent/snap) by extensions ['python_setup_py']
[0.180s] Level 1:colcon.colcon_core.package_identification:_identify(src/uros/micro-ROS-Agent/snap) by extension 'python_setup_py'
[0.180s] Level 1:colcon.colcon_core.package_identification:_identify(src/uros/micro-ROS-Agent/snap/hooks) by extensions ['ignore', 'ignore_ament_install']
[0.180s] Level 1:colcon.colcon_core.package_identification:_identify(src/uros/micro-ROS-Agent/snap/hooks) by extension 'ignore'
[0.180s] Level 1:colcon.colcon_core.package_identification:_identify(src/uros/micro-ROS-Agent/snap/hooks) by extension 'ignore_ament_install'
[0.180s] Level 1:colcon.colcon_core.package_identification:_identify(src/uros/micro-ROS-Agent/snap/hooks) by extensions ['colcon_pkg']
[0.180s] Level 1:colcon.colcon_core.package_identification:_identify(src/uros/micro-ROS-Agent/snap/hooks) by extension 'colcon_pkg'
[0.180s] Level 1:colcon.colcon_core.package_identification:_identify(src/uros/micro-ROS-Agent/snap/hooks) by extensions ['colcon_meta']
[0.180s] Level 1:colcon.colcon_core.package_identification:_identify(src/uros/micro-ROS-Agent/snap/hooks) by extension 'colcon_meta'
[0.180s] Level 1:colcon.colcon_core.package_identification:_identify(src/uros/micro-ROS-Agent/snap/hooks) by extensions ['ros']
[0.180s] Level 1:colcon.colcon_core.package_identification:_identify(src/uros/micro-ROS-Agent/snap/hooks) by extension 'ros'
[0.180s] Level 1:colcon.colcon_core.package_identification:_identify(src/uros/micro-ROS-Agent/snap/hooks) by extensions ['cmake', 'python']
[0.180s] Level 1:colcon.colcon_core.package_identification:_identify(src/uros/micro-ROS-Agent/snap/hooks) by extension 'cmake'
[0.180s] Level 1:colcon.colcon_core.package_identification:_identify(src/uros/micro-ROS-Agent/snap/hooks) by extension 'python'
[0.180s] Level 1:colcon.colcon_core.package_identification:_identify(src/uros/micro-ROS-Agent/snap/hooks) by extensions ['python_setup_py']
[0.180s] Level 1:colcon.colcon_core.package_identification:_identify(src/uros/micro-ROS-Agent/snap/hooks) by extension 'python_setup_py'
[0.180s] Level 1:colcon.colcon_core.package_identification:_identify(src/uros/micro-ROS-Agent/snap/local) by extensions ['ignore', 'ignore_ament_install']
[0.180s] Level 1:colcon.colcon_core.package_identification:_identify(src/uros/micro-ROS-Agent/snap/local) by extension 'ignore'
[0.180s] Level 1:colcon.colcon_core.package_identification:_identify(src/uros/micro-ROS-Agent/snap/local) by extension 'ignore_ament_install'
[0.180s] Level 1:colcon.colcon_core.package_identification:_identify(src/uros/micro-ROS-Agent/snap/local) by extensions ['colcon_pkg']
[0.180s] Level 1:colcon.colcon_core.package_identification:_identify(src/uros/micro-ROS-Agent/snap/local) by extension 'colcon_pkg'
[0.180s] Level 1:colcon.colcon_core.package_identification:_identify(src/uros/micro-ROS-Agent/snap/local) by extensions ['colcon_meta']
[0.180s] Level 1:colcon.colcon_core.package_identification:_identify(src/uros/micro-ROS-Agent/snap/local) by extension 'colcon_meta'
[0.180s] Level 1:colcon.colcon_core.package_identification:_identify(src/uros/micro-ROS-Agent/snap/local) by extensions ['ros']
[0.180s] Level 1:colcon.colcon_core.package_identification:_identify(src/uros/micro-ROS-Agent/snap/local) by extension 'ros'
[0.180s] Level 1:colcon.colcon_core.package_identification:_identify(src/uros/micro-ROS-Agent/snap/local) by extensions ['cmake', 'python']
[0.180s] Level 1:colcon.colcon_core.package_identification:_identify(src/uros/micro-ROS-Agent/snap/local) by extension 'cmake'
[0.181s] Level 1:colcon.colcon_core.package_identification:_identify(src/uros/micro-ROS-Agent/snap/local) by extension 'python'
[0.181s] Level 1:colcon.colcon_core.package_identification:_identify(src/uros/micro-ROS-Agent/snap/local) by extensions ['python_setup_py']
[0.181s] Level 1:colcon.colcon_core.package_identification:_identify(src/uros/micro-ROS-Agent/snap/local) by extension 'python_setup_py'
[0.181s] Level 1:colcon.colcon_core.package_identification:_identify(src/uros/micro_ros_msgs) by extensions ['ignore', 'ignore_ament_install']
[0.181s] Level 1:colcon.colcon_core.package_identification:_identify(src/uros/micro_ros_msgs) by extension 'ignore'
[0.181s] Level 1:colcon.colcon_core.package_identification:_identify(src/uros/micro_ros_msgs) by extension 'ignore_ament_install'
[0.181s] Level 1:colcon.colcon_core.package_identification:_identify(src/uros/micro_ros_msgs) by extensions ['colcon_pkg']
[0.181s] Level 1:colcon.colcon_core.package_identification:_identify(src/uros/micro_ros_msgs) by extension 'colcon_pkg'
[0.181s] Level 1:colcon.colcon_core.package_identification:_identify(src/uros/micro_ros_msgs) by extensions ['colcon_meta']
[0.181s] Level 1:colcon.colcon_core.package_identification:_identify(src/uros/micro_ros_msgs) by extension 'colcon_meta'
[0.181s] Level 1:colcon.colcon_core.package_identification:_identify(src/uros/micro_ros_msgs) by extensions ['ros']
[0.181s] Level 1:colcon.colcon_core.package_identification:_identify(src/uros/micro_ros_msgs) by extension 'ros'
[0.181s] DEBUG:colcon.colcon_core.package_identification:Package 'src/uros/micro_ros_msgs' with type 'ros.ament_cmake' and name 'micro_ros_msgs'
[0.181s] Level 1:colcon.colcon_core.package_discovery:discover_packages(recursive) using defaults
[0.181s] Level 1:colcon.colcon_core.package_discovery:discover_packages(ignore) discover
[0.181s] Level 1:colcon.colcon_core.package_discovery:discover_packages(ignore) using defaults
[0.181s] Level 1:colcon.colcon_core.package_discovery:discover_packages(path) discover
[0.181s] Level 1:colcon.colcon_core.package_discovery:discover_packages(path) using defaults
[0.194s] Level 1:colcon.colcon_core.package_discovery:discover_packages(prefix_path) check parameters
[0.194s] Level 1:colcon.colcon_core.package_discovery:discover_packages(prefix_path) discover
[0.195s] WARNING:colcon.colcon_core.prefix_path.colcon:The path '/home/jaime/MotorControl/uros_ws/uros_ws/install' in the environment variable COLCON_PREFIX_PATH doesn't exist
[0.195s] WARNING:colcon.colcon_core.prefix_path.colcon:The path '/home/jaime/nimble_ws/src/MotorControl/uros_ws/install' in the environment variable COLCON_PREFIX_PATH doesn't exist
[0.195s] WARNING:colcon.colcon_ros.prefix_path.ament:The path '/home/jaime/MotorControl/uros_ws/uros_ws/install/micro_ros_setup' in the environment variable AMENT_PREFIX_PATH doesn't exist
[0.195s] WARNING:colcon.colcon_ros.prefix_path.ament:The path '/home/jaime/nimble_ws/src/MotorControl/uros_ws/install/micro_ros_msgs' in the environment variable AMENT_PREFIX_PATH doesn't exist
[0.195s] WARNING:colcon.colcon_ros.prefix_path.ament:The path '/home/jaime/nimble_ws/src/MotorControl/uros_ws/install/micro_ros_setup' in the environment variable AMENT_PREFIX_PATH doesn't exist
[0.195s] WARNING:colcon.colcon_ros.prefix_path.ament:The path '/home/jaime/nimble_ws/src/MotorControl/uros_ws/install/micro_ros_agent' in the environment variable AMENT_PREFIX_PATH doesn't exist
[0.195s] WARNING:colcon.colcon_ros.prefix_path.ament:The path '/home/jaime/nimble_ws/install/micro_ros_setup' in the environment variable AMENT_PREFIX_PATH doesn't exist
[0.195s] WARNING:colcon.colcon_ros.prefix_path.ament:The path '/home/jaime/nimble_ws/install/micro_ros_agent' in the environment variable AMENT_PREFIX_PATH doesn't exist
[0.195s] WARNING:colcon.colcon_ros.prefix_path.ament:The path '/home/jaime/nimble_ws/install/micro_ros_msgs' in the environment variable AMENT_PREFIX_PATH doesn't exist
[0.195s] WARNING:colcon.colcon_ros.prefix_path.catkin:The path '/home/jaime/MotorControl/uros_ws/uros_ws/install/micro_ros_setup' in the environment variable CMAKE_PREFIX_PATH doesn't exist
[0.195s] WARNING:colcon.colcon_ros.prefix_path.catkin:The path '/home/jaime/nimble_ws/src/MotorControl/uros_ws/install/micro_ros_setup' in the environment variable CMAKE_PREFIX_PATH doesn't exist
[0.195s] WARNING:colcon.colcon_ros.prefix_path.catkin:The path '/home/jaime/nimble_ws/src/MotorControl/uros_ws/install/micro_ros_agent' in the environment variable CMAKE_PREFIX_PATH doesn't exist
[0.195s] WARNING:colcon.colcon_ros.prefix_path.catkin:The path '/home/jaime/nimble_ws/src/MotorControl/uros_ws/install/micro_ros_msgs' in the environment variable CMAKE_PREFIX_PATH doesn't exist
[0.195s] WARNING:colcon.colcon_ros.prefix_path.catkin:The path '/home/jaime/nimble_ws/install/micro_ros_setup' in the environment variable CMAKE_PREFIX_PATH doesn't exist
[0.195s] WARNING:colcon.colcon_ros.prefix_path.catkin:The path '/home/jaime/nimble_ws/install/micro_ros_agent' in the environment variable CMAKE_PREFIX_PATH doesn't exist
[0.195s] WARNING:colcon.colcon_ros.prefix_path.catkin:The path '/home/jaime/nimble_ws/install/micro_ros_msgs' in the environment variable CMAKE_PREFIX_PATH doesn't exist
[0.196s] DEBUG:colcon.colcon_installed_package_information.package_discovery:Found 4 installed packages in /home/jaime/MotorControl/uros_ws/install
[0.196s] DEBUG:colcon.colcon_installed_package_information.package_discovery:Found 2 installed packages in /home/jaime/nimble_ws/install
[0.197s] DEBUG:colcon.colcon_installed_package_information.package_discovery:Found 272 installed packages in /opt/ros/humble
[0.198s] Level 1:colcon.colcon_core.package_discovery:discover_packages(prefix_path) using defaults
[0.233s] Level 5:colcon.colcon_core.verb:set package 'frame_data' build argument 'cmake_args' from command line to 'None'
[0.233s] Level 5:colcon.colcon_core.verb:set package 'frame_data' build argument 'cmake_target' from command line to 'None'
[0.233s] Level 5:colcon.colcon_core.verb:set package 'frame_data' build argument 'cmake_target_skip_unavailable' from command line to 'False'
[0.233s] Level 5:colcon.colcon_core.verb:set package 'frame_data' build argument 'cmake_clean_cache' from command line to 'False'
[0.233s] Level 5:colcon.colcon_core.verb:set package 'frame_data' build argument 'cmake_clean_first' from command line to 'False'
[0.233s] Level 5:colcon.colcon_core.verb:set package 'frame_data' build argument 'cmake_force_configure' from command line to 'False'
[0.233s] Level 5:colcon.colcon_core.verb:set package 'frame_data' build argument 'ament_cmake_args' from command line to 'None'
[0.233s] Level 5:colcon.colcon_core.verb:set package 'frame_data' build argument 'catkin_cmake_args' from command line to 'None'
[0.233s] Level 5:colcon.colcon_core.verb:set package 'frame_data' build argument 'catkin_skip_building_tests' from command line to 'False'
[0.233s] DEBUG:colcon.colcon_core.verb:Building package 'frame_data' with the following arguments: {'ament_cmake_args': None, 'build_base': '/home/jaime/MotorControl/uros_ws/build/frame_data', 'catkin_cmake_args': None, 'catkin_skip_building_tests': False, 'cmake_args': None, 'cmake_clean_cache': False, 'cmake_clean_first': False, 'cmake_force_configure': False, 'cmake_target': None, 'cmake_target_skip_unavailable': False, 'install_base': '/home/jaime/MotorControl/uros_ws/install/frame_data', 'merge_install': False, 'path': '/home/jaime/MotorControl/uros_ws/frame_data', 'symlink_install': False, 'test_result_base': None}
[0.233s] Level 5:colcon.colcon_core.verb:set package 'micro_ros_msgs' build argument 'cmake_args' from command line to 'None'
[0.233s] Level 5:colcon.colcon_core.verb:set package 'micro_ros_msgs' build argument 'cmake_target' from command line to 'None'
[0.233s] Level 5:colcon.colcon_core.verb:set package 'micro_ros_msgs' build argument 'cmake_target_skip_unavailable' from command line to 'False'
[0.233s] Level 5:colcon.colcon_core.verb:set package 'micro_ros_msgs' build argument 'cmake_clean_cache' from command line to 'False'
[0.233s] Level 5:colcon.colcon_core.verb:set package 'micro_ros_msgs' build argument 'cmake_clean_first' from command line to 'False'
[0.233s] Level 5:colcon.colcon_core.verb:set package 'micro_ros_msgs' build argument 'cmake_force_configure' from command line to 'False'
[0.233s] Level 5:colcon.colcon_core.verb:set package 'micro_ros_msgs' build argument 'ament_cmake_args' from command line to 'None'
[0.233s] Level 5:colcon.colcon_core.verb:set package 'micro_ros_msgs' build argument 'catkin_cmake_args' from command line to 'None'
[0.233s] Level 5:colcon.colcon_core.verb:set package 'micro_ros_msgs' build argument 'catkin_skip_building_tests' from command line to 'False'
[0.233s] DEBUG:colcon.colcon_core.verb:Building package 'micro_ros_msgs' with the following arguments: {'ament_cmake_args': None, 'build_base': '/home/jaime/MotorControl/uros_ws/build/micro_ros_msgs', 'catkin_cmake_args': None, 'catkin_skip_building_tests': False, 'cmake_args': None, 'cmake_clean_cache': False, 'cmake_clean_first': False, 'cmake_force_configure': False, 'cmake_target': None, 'cmake_target_skip_unavailable': False, 'install_base': '/home/jaime/MotorControl/uros_ws/install/micro_ros_msgs', 'merge_install': False, 'path': '/home/jaime/MotorControl/uros_ws/src/uros/micro_ros_msgs', 'symlink_install': False, 'test_result_base': None}
[0.234s] Level 5:colcon.colcon_core.verb:set package 'micro_ros_setup' build argument 'cmake_args' from command line to 'None'
[0.234s] Level 5:colcon.colcon_core.verb:set package 'micro_ros_setup' build argument 'cmake_target' from command line to 'None'
[0.234s] Level 5:colcon.colcon_core.verb:set package 'micro_ros_setup' build argument 'cmake_target_skip_unavailable' from command line to 'False'
[0.234s] Level 5:colcon.colcon_core.verb:set package 'micro_ros_setup' build argument 'cmake_clean_cache' from command line to 'False'
[0.234s] Level 5:colcon.colcon_core.verb:set package 'micro_ros_setup' build argument 'cmake_clean_first' from command line to 'False'
[0.234s] Level 5:colcon.colcon_core.verb:set package 'micro_ros_setup' build argument 'cmake_force_configure' from command line to 'False'
[0.234s] Level 5:colcon.colcon_core.verb:set package 'micro_ros_setup' build argument 'ament_cmake_args' from command line to 'None'
[0.234s] Level 5:colcon.colcon_core.verb:set package 'micro_ros_setup' build argument 'catkin_cmake_args' from command line to 'None'
[0.234s] Level 5:colcon.colcon_core.verb:set package 'micro_ros_setup' build argument 'catkin_skip_building_tests' from command line to 'False'
[0.234s] DEBUG:colcon.colcon_core.verb:Building package 'micro_ros_setup' with the following arguments: {'ament_cmake_args': None, 'build_base': '/home/jaime/MotorControl/uros_ws/build/micro_ros_setup', 'catkin_cmake_args': None, 'catkin_skip_building_tests': False, 'cmake_args': None, 'cmake_clean_cache': False, 'cmake_clean_first': False, 'cmake_force_configure': False, 'cmake_target': None, 'cmake_target_skip_unavailable': False, 'install_base': '/home/jaime/MotorControl/uros_ws/install/micro_ros_setup', 'merge_install': False, 'path': '/home/jaime/MotorControl/uros_ws/src/micro_ros_setup', 'symlink_install': False, 'test_result_base': None}
[0.234s] Level 5:colcon.colcon_core.verb:set package 'micro_ros_agent' build argument 'cmake_args' from command line to 'None'
[0.234s] Level 5:colcon.colcon_core.verb:set package 'micro_ros_agent' build argument 'cmake_target' from command line to 'None'
[0.234s] Level 5:colcon.colcon_core.verb:set package 'micro_ros_agent' build argument 'cmake_target_skip_unavailable' from command line to 'False'
[0.234s] Level 5:colcon.colcon_core.verb:set package 'micro_ros_agent' build argument 'cmake_clean_cache' from command line to 'False'
[0.234s] Level 5:colcon.colcon_core.verb:set package 'micro_ros_agent' build argument 'cmake_clean_first' from command line to 'False'
[0.234s] Level 5:colcon.colcon_core.verb:set package 'micro_ros_agent' build argument 'cmake_force_configure' from command line to 'False'
[0.234s] Level 5:colcon.colcon_core.verb:set package 'micro_ros_agent' build argument 'ament_cmake_args' from command line to 'None'
[0.234s] Level 5:colcon.colcon_core.verb:set package 'micro_ros_agent' build argument 'catkin_cmake_args' from command line to 'None'
[0.234s] Level 5:colcon.colcon_core.verb:set package 'micro_ros_agent' build argument 'catkin_skip_building_tests' from command line to 'False'
[0.234s] DEBUG:colcon.colcon_core.verb:Building package 'micro_ros_agent' with the following arguments: {'ament_cmake_args': None, 'build_base': '/home/jaime/MotorControl/uros_ws/build/micro_ros_agent', 'catkin_cmake_args': None, 'catkin_skip_building_tests': False, 'cmake_args': None, 'cmake_clean_cache': False, 'cmake_clean_first': False, 'cmake_force_configure': False, 'cmake_target': None, 'cmake_target_skip_unavailable': False, 'install_base': '/home/jaime/MotorControl/uros_ws/install/micro_ros_agent', 'merge_install': False, 'path': '/home/jaime/MotorControl/uros_ws/src/uros/micro-ROS-Agent/micro_ros_agent', 'symlink_install': False, 'test_result_base': None}
[0.234s] INFO:colcon.colcon_core.executor:Executing jobs using 'parallel' executor
[0.235s] DEBUG:colcon.colcon_parallel_executor.executor.parallel:run_until_complete
[0.235s] INFO:colcon.colcon_ros.task.ament_cmake.build:Building ROS package in '/home/jaime/MotorControl/uros_ws/src/uros/micro_ros_msgs' with build type 'ament_cmake'
[0.235s] INFO:colcon.colcon_cmake.task.cmake.build:Building CMake package in '/home/jaime/MotorControl/uros_ws/src/uros/micro_ros_msgs'
[0.237s] INFO:colcon.colcon_core.plugin_system:Skipping extension 'colcon_core.shell.bat': Not used on non-Windows systems
[0.237s] INFO:colcon.colcon_core.shell:Skip shell extension 'powershell' for command environment: Not usable outside of PowerShell
[0.237s] DEBUG:colcon.colcon_core.shell:Skip shell extension 'dsv' for command environment
[0.240s] INFO:colcon.colcon_ros.task.ament_cmake.build:Building ROS package in '/home/jaime/MotorControl/uros_ws/frame_data' with build type 'ament_cmake'
[0.240s] INFO:colcon.colcon_cmake.task.cmake.build:Building CMake package in '/home/jaime/MotorControl/uros_ws/frame_data'
[0.240s] INFO:colcon.colcon_core.shell:Skip shell extension 'powershell' for command environment: Not usable outside of PowerShell
[0.240s] DEBUG:colcon.colcon_core.shell:Skip shell extension 'dsv' for command environment
[0.242s] INFO:colcon.colcon_ros.task.ament_cmake.build:Building ROS package in '/home/jaime/MotorControl/uros_ws/src/micro_ros_setup' with build type 'ament_cmake'
[0.242s] INFO:colcon.colcon_cmake.task.cmake.build:Building CMake package in '/home/jaime/MotorControl/uros_ws/src/micro_ros_setup'
[0.243s] INFO:colcon.colcon_core.shell:Skip shell extension 'powershell' for command environment: Not usable outside of PowerShell
[0.243s] DEBUG:colcon.colcon_core.shell:Skip shell extension 'dsv' for command environment
[0.250s] DEBUG:colcon.colcon_core.event_handler.log_command:Invoking command in '/home/jaime/MotorControl/uros_ws/build/micro_ros_msgs': CMAKE_PREFIX_PATH=${CMAKE_PREFIX_PATH}:/opt/ros/humble PS1=\[\033[01;32m\]\u@\h \[\033[01;34m\]\w \[\033[31m\]`git branch 2> /dev/null | grep -e ^* | sed -E s/^\\\\\*\ \(.+\)$/\(\\\\\1\)\ /`\[\033[35m\]$\[\033[00m\] /usr/bin/cmake --build /home/jaime/MotorControl/uros_ws/build/micro_ros_msgs -- -j8 -l8
[0.253s] DEBUG:colcon.colcon_core.event_handler.log_command:Invoking command in '/home/jaime/MotorControl/uros_ws/build/frame_data': CMAKE_PREFIX_PATH=${CMAKE_PREFIX_PATH}:/opt/ros/humble PS1=\[\033[01;32m\]\u@\h \[\033[01;34m\]\w \[\033[31m\]`git branch 2> /dev/null | grep -e ^* | sed -E s/^\\\\\*\ \(.+\)$/\(\\\\\1\)\ /`\[\033[35m\]$\[\033[00m\] /usr/bin/cmake /home/jaime/MotorControl/uros_ws/frame_data -DCMAKE_INSTALL_PREFIX=/home/jaime/MotorControl/uros_ws/install/frame_data
[0.256s] DEBUG:colcon.colcon_core.event_handler.log_command:Invoking command in '/home/jaime/MotorControl/uros_ws/build/micro_ros_setup': CMAKE_PREFIX_PATH=${CMAKE_PREFIX_PATH}:/opt/ros/humble PS1=\[\033[01;32m\]\u@\h \[\033[01;34m\]\w \[\033[31m\]`git branch 2> /dev/null | grep -e ^* | sed -E s/^\\\\\*\ \(.+\)$/\(\\\\\1\)\ /`\[\033[35m\]$\[\033[00m\] /usr/bin/cmake --build /home/jaime/MotorControl/uros_ws/build/micro_ros_setup -- -j8 -l8
[0.295s] DEBUG:colcon.colcon_core.event_handler.log_command:Invoked command in '/home/jaime/MotorControl/uros_ws/build/micro_ros_setup' returned '0': CMAKE_PREFIX_PATH=${CMAKE_PREFIX_PATH}:/opt/ros/humble PS1=\[\033[01;32m\]\u@\h \[\033[01;34m\]\w \[\033[31m\]`git branch 2> /dev/null | grep -e ^* | sed -E s/^\\\\\*\ \(.+\)$/\(\\\\\1\)\ /`\[\033[35m\]$\[\033[00m\] /usr/bin/cmake --build /home/jaime/MotorControl/uros_ws/build/micro_ros_setup -- -j8 -l8
[0.355s] DEBUG:colcon.colcon_core.event_handler.log_command:Invoking command in '/home/jaime/MotorControl/uros_ws/build/micro_ros_setup': CMAKE_PREFIX_PATH=${CMAKE_PREFIX_PATH}:/opt/ros/humble PS1=\[\033[01;32m\]\u@\h \[\033[01;34m\]\w \[\033[31m\]`git branch 2> /dev/null | grep -e ^* | sed -E s/^\\\\\*\ \(.+\)$/\(\\\\\1\)\ /`\[\033[35m\]$\[\033[00m\] /usr/bin/cmake --install /home/jaime/MotorControl/uros_ws/build/micro_ros_setup
[0.374s] Level 1:colcon.colcon_core.environment:create_environment_scripts_only(micro_ros_setup)
[0.380s] Level 1:colcon.colcon_core.environment:checking '/home/jaime/MotorControl/uros_ws/install/micro_ros_setup' for CMake module files
[0.382s] Level 1:colcon.colcon_core.environment:checking '/home/jaime/MotorControl/uros_ws/install/micro_ros_setup' for CMake config files
[0.386s] DEBUG:colcon.colcon_core.event_handler.log_command:Invoked command in '/home/jaime/MotorControl/uros_ws/build/micro_ros_setup' returned '0': CMAKE_PREFIX_PATH=${CMAKE_PREFIX_PATH}:/opt/ros/humble PS1=\[\033[01;32m\]\u@\h \[\033[01;34m\]\w \[\033[31m\]`git branch 2> /dev/null | grep -e ^* | sed -E s/^\\\\\*\ \(.+\)$/\(\\\\\1\)\ /`\[\033[35m\]$\[\033[00m\] /usr/bin/cmake --install /home/jaime/MotorControl/uros_ws/build/micro_ros_setup
[0.386s] Level 1:colcon.colcon_core.shell:create_environment_hook('micro_ros_setup', 'cmake_prefix_path')
[0.386s] INFO:colcon.colcon_core.shell:Creating environment hook '/home/jaime/MotorControl/uros_ws/install/micro_ros_setup/share/micro_ros_setup/hook/cmake_prefix_path.ps1'
[0.387s] INFO:colcon.colcon_core.shell:Creating environment descriptor '/home/jaime/MotorControl/uros_ws/install/micro_ros_setup/share/micro_ros_setup/hook/cmake_prefix_path.dsv'
[0.388s] INFO:colcon.colcon_core.shell:Creating environment hook '/home/jaime/MotorControl/uros_ws/install/micro_ros_setup/share/micro_ros_setup/hook/cmake_prefix_path.sh'
[0.389s] Level 1:colcon.colcon_core.environment:checking '/home/jaime/MotorControl/uros_ws/install/micro_ros_setup/lib'
[0.390s] Level 1:colcon.colcon_core.environment:checking '/home/jaime/MotorControl/uros_ws/install/micro_ros_setup/bin'
[0.390s] Level 1:colcon.colcon_core.environment:checking '/home/jaime/MotorControl/uros_ws/install/micro_ros_setup/lib/pkgconfig/micro_ros_setup.pc'
[0.390s] Level 1:colcon.colcon_core.environment:checking '/home/jaime/MotorControl/uros_ws/install/micro_ros_setup/lib/python3.10/site-packages'
[0.390s] Level 1:colcon.colcon_core.environment:checking '/home/jaime/MotorControl/uros_ws/install/micro_ros_setup/bin'
[0.391s] INFO:colcon.colcon_core.shell:Creating package script '/home/jaime/MotorControl/uros_ws/install/micro_ros_setup/share/micro_ros_setup/package.ps1'
[0.392s] INFO:colcon.colcon_core.shell:Creating package descriptor '/home/jaime/MotorControl/uros_ws/install/micro_ros_setup/share/micro_ros_setup/package.dsv'
[0.393s] INFO:colcon.colcon_core.shell:Creating package script '/home/jaime/MotorControl/uros_ws/install/micro_ros_setup/share/micro_ros_setup/package.sh'
[0.394s] INFO:colcon.colcon_core.shell:Creating package script '/home/jaime/MotorControl/uros_ws/install/micro_ros_setup/share/micro_ros_setup/package.bash'
[0.395s] INFO:colcon.colcon_core.shell:Creating package script '/home/jaime/MotorControl/uros_ws/install/micro_ros_setup/share/micro_ros_setup/package.zsh'
[0.396s] Level 1:colcon.colcon_core.environment:create_file_with_runtime_dependencies(/home/jaime/MotorControl/uros_ws/install/micro_ros_setup/share/colcon-core/packages/micro_ros_setup)
[0.422s] Level 1:colcon.colcon_core.environment:create_environment_scripts_only(micro_ros_setup)
[0.422s] Level 1:colcon.colcon_core.environment:checking '/home/jaime/MotorControl/uros_ws/install/micro_ros_setup' for CMake module files
[0.423s] Level 1:colcon.colcon_core.environment:checking '/home/jaime/MotorControl/uros_ws/install/micro_ros_setup' for CMake config files
[0.424s] Level 1:colcon.colcon_core.shell:create_environment_hook('micro_ros_setup', 'cmake_prefix_path')
[0.424s] INFO:colcon.colcon_core.shell:Creating environment hook '/home/jaime/MotorControl/uros_ws/install/micro_ros_setup/share/micro_ros_setup/hook/cmake_prefix_path.ps1'
[0.424s] INFO:colcon.colcon_core.shell:Creating environment descriptor '/home/jaime/MotorControl/uros_ws/install/micro_ros_setup/share/micro_ros_setup/hook/cmake_prefix_path.dsv'
[0.425s] INFO:colcon.colcon_core.shell:Creating environment hook '/home/jaime/MotorControl/uros_ws/install/micro_ros_setup/share/micro_ros_setup/hook/cmake_prefix_path.sh'
[0.425s] Level 1:colcon.colcon_core.environment:checking '/home/jaime/MotorControl/uros_ws/install/micro_ros_setup/lib'
[0.425s] Level 1:colcon.colcon_core.environment:checking '/home/jaime/MotorControl/uros_ws/install/micro_ros_setup/bin'
[0.426s] Level 1:colcon.colcon_core.environment:checking '/home/jaime/MotorControl/uros_ws/install/micro_ros_setup/lib/pkgconfig/micro_ros_setup.pc'
[0.426s] Level 1:colcon.colcon_core.environment:checking '/home/jaime/MotorControl/uros_ws/install/micro_ros_setup/lib/python3.10/site-packages'
[0.426s] Level 1:colcon.colcon_core.environment:checking '/home/jaime/MotorControl/uros_ws/install/micro_ros_setup/bin'
[0.427s] INFO:colcon.colcon_core.shell:Creating package script '/home/jaime/MotorControl/uros_ws/install/micro_ros_setup/share/micro_ros_setup/package.ps1'
[0.428s] INFO:colcon.colcon_core.shell:Creating package descriptor '/home/jaime/MotorControl/uros_ws/install/micro_ros_setup/share/micro_ros_setup/package.dsv'
[0.428s] INFO:colcon.colcon_core.shell:Creating package script '/home/jaime/MotorControl/uros_ws/install/micro_ros_setup/share/micro_ros_setup/package.sh'
[0.429s] INFO:colcon.colcon_core.shell:Creating package script '/home/jaime/MotorControl/uros_ws/install/micro_ros_setup/share/micro_ros_setup/package.bash'
[0.430s] INFO:colcon.colcon_core.shell:Creating package script '/home/jaime/MotorControl/uros_ws/install/micro_ros_setup/share/micro_ros_setup/package.zsh'
[0.430s] Level 1:colcon.colcon_core.environment:create_file_with_runtime_dependencies(/home/jaime/MotorControl/uros_ws/install/micro_ros_setup/share/colcon-core/packages/micro_ros_setup)
[0.594s] DEBUG:colcon.colcon_core.event_handler.log_command:Invoked command in '/home/jaime/MotorControl/uros_ws/build/micro_ros_msgs' returned '0': CMAKE_PREFIX_PATH=${CMAKE_PREFIX_PATH}:/opt/ros/humble PS1=\[\033[01;32m\]\u@\h \[\033[01;34m\]\w \[\033[31m\]`git branch 2> /dev/null | grep -e ^* | sed -E s/^\\\\\*\ \(.+\)$/\(\\\\\1\)\ /`\[\033[35m\]$\[\033[00m\] /usr/bin/cmake --build /home/jaime/MotorControl/uros_ws/build/micro_ros_msgs -- -j8 -l8
[0.697s] DEBUG:colcon.colcon_core.event_handler.log_command:Invoking command in '/home/jaime/MotorControl/uros_ws/build/micro_ros_msgs': CMAKE_PREFIX_PATH=${CMAKE_PREFIX_PATH}:/opt/ros/humble PS1=\[\033[01;32m\]\u@\h \[\033[01;34m\]\w \[\033[31m\]`git branch 2> /dev/null | grep -e ^* | sed -E s/^\\\\\*\ \(.+\)$/\(\\\\\1\)\ /`\[\033[35m\]$\[\033[00m\] /usr/bin/cmake --install /home/jaime/MotorControl/uros_ws/build/micro_ros_msgs
[0.746s] Level 1:colcon.colcon_core.environment:create_environment_scripts_only(micro_ros_msgs)
[0.747s] Level 1:colcon.colcon_core.environment:checking '/home/jaime/MotorControl/uros_ws/install/micro_ros_msgs' for CMake module files
[0.747s] DEBUG:colcon.colcon_core.event_handler.log_command:Invoked command in '/home/jaime/MotorControl/uros_ws/build/micro_ros_msgs' returned '0': CMAKE_PREFIX_PATH=${CMAKE_PREFIX_PATH}:/opt/ros/humble PS1=\[\033[01;32m\]\u@\h \[\033[01;34m\]\w \[\033[31m\]`git branch 2> /dev/null | grep -e ^* | sed -E s/^\\\\\*\ \(.+\)$/\(\\\\\1\)\ /`\[\033[35m\]$\[\033[00m\] /usr/bin/cmake --install /home/jaime/MotorControl/uros_ws/build/micro_ros_msgs
[0.747s] Level 1:colcon.colcon_core.environment:checking '/home/jaime/MotorControl/uros_ws/install/micro_ros_msgs' for CMake config files
[0.748s] Level 1:colcon.colcon_core.shell:create_environment_hook('micro_ros_msgs', 'cmake_prefix_path')
[0.748s] INFO:colcon.colcon_core.shell:Creating environment hook '/home/jaime/MotorControl/uros_ws/install/micro_ros_msgs/share/micro_ros_msgs/hook/cmake_prefix_path.ps1'
[0.748s] INFO:colcon.colcon_core.shell:Creating environment descriptor '/home/jaime/MotorControl/uros_ws/install/micro_ros_msgs/share/micro_ros_msgs/hook/cmake_prefix_path.dsv'
[0.748s] INFO:colcon.colcon_core.shell:Creating environment hook '/home/jaime/MotorControl/uros_ws/install/micro_ros_msgs/share/micro_ros_msgs/hook/cmake_prefix_path.sh'
[0.749s] Level 1:colcon.colcon_core.environment:checking '/home/jaime/MotorControl/uros_ws/install/micro_ros_msgs/lib'
[0.749s] Level 1:colcon.colcon_core.shell:create_environment_hook('micro_ros_msgs', 'ld_library_path_lib')
[0.749s] INFO:colcon.colcon_core.shell:Creating environment hook '/home/jaime/MotorControl/uros_ws/install/micro_ros_msgs/share/micro_ros_msgs/hook/ld_library_path_lib.ps1'
[0.749s] INFO:colcon.colcon_core.shell:Creating environment descriptor '/home/jaime/MotorControl/uros_ws/install/micro_ros_msgs/share/micro_ros_msgs/hook/ld_library_path_lib.dsv'
[0.750s] INFO:colcon.colcon_core.shell:Creating environment hook '/home/jaime/MotorControl/uros_ws/install/micro_ros_msgs/share/micro_ros_msgs/hook/ld_library_path_lib.sh'
[0.750s] Level 1:colcon.colcon_core.environment:checking '/home/jaime/MotorControl/uros_ws/install/micro_ros_msgs/bin'
[0.750s] Level 1:colcon.colcon_core.environment:checking '/home/jaime/MotorControl/uros_ws/install/micro_ros_msgs/lib/pkgconfig/micro_ros_msgs.pc'
[0.750s] Level 1:colcon.colcon_core.environment:checking '/home/jaime/MotorControl/uros_ws/install/micro_ros_msgs/lib/python3.10/site-packages'
[0.750s] Level 1:colcon.colcon_core.environment:checking '/home/jaime/MotorControl/uros_ws/install/micro_ros_msgs/bin'
[0.750s] INFO:colcon.colcon_core.shell:Creating package script '/home/jaime/MotorControl/uros_ws/install/micro_ros_msgs/share/micro_ros_msgs/package.ps1'
[0.751s] INFO:colcon.colcon_core.shell:Creating package descriptor '/home/jaime/MotorControl/uros_ws/install/micro_ros_msgs/share/micro_ros_msgs/package.dsv'
[0.751s] INFO:colcon.colcon_core.shell:Creating package script '/home/jaime/MotorControl/uros_ws/install/micro_ros_msgs/share/micro_ros_msgs/package.sh'
[0.751s] INFO:colcon.colcon_core.shell:Creating package script '/home/jaime/MotorControl/uros_ws/install/micro_ros_msgs/share/micro_ros_msgs/package.bash'
[0.752s] INFO:colcon.colcon_core.shell:Creating package script '/home/jaime/MotorControl/uros_ws/install/micro_ros_msgs/share/micro_ros_msgs/package.zsh'
[0.752s] Level 1:colcon.colcon_core.environment:create_file_with_runtime_dependencies(/home/jaime/MotorControl/uros_ws/install/micro_ros_msgs/share/colcon-core/packages/micro_ros_msgs)
[0.854s] Level 1:colcon.colcon_core.environment:create_environment_scripts_only(micro_ros_msgs)
[0.854s] Level 1:colcon.colcon_core.environment:checking '/home/jaime/MotorControl/uros_ws/install/micro_ros_msgs' for CMake module files
[0.854s] Level 1:colcon.colcon_core.environment:checking '/home/jaime/MotorControl/uros_ws/install/micro_ros_msgs' for CMake config files
[0.855s] Level 1:colcon.colcon_core.shell:create_environment_hook('micro_ros_msgs', 'cmake_prefix_path')
[0.855s] INFO:colcon.colcon_core.shell:Creating environment hook '/home/jaime/MotorControl/uros_ws/install/micro_ros_msgs/share/micro_ros_msgs/hook/cmake_prefix_path.ps1'
[0.855s] INFO:colcon.colcon_core.shell:Creating environment descriptor '/home/jaime/MotorControl/uros_ws/install/micro_ros_msgs/share/micro_ros_msgs/hook/cmake_prefix_path.dsv'
[0.855s] INFO:colcon.colcon_core.shell:Creating environment hook '/home/jaime/MotorControl/uros_ws/install/micro_ros_msgs/share/micro_ros_msgs/hook/cmake_prefix_path.sh'
[0.856s] Level 1:colcon.colcon_core.environment:checking '/home/jaime/MotorControl/uros_ws/install/micro_ros_msgs/lib'
[0.856s] Level 1:colcon.colcon_core.shell:create_environment_hook('micro_ros_msgs', 'ld_library_path_lib')
[0.856s] INFO:colcon.colcon_core.shell:Creating environment hook '/home/jaime/MotorControl/uros_ws/install/micro_ros_msgs/share/micro_ros_msgs/hook/ld_library_path_lib.ps1'
[0.856s] INFO:colcon.colcon_core.shell:Creating environment descriptor '/home/jaime/MotorControl/uros_ws/install/micro_ros_msgs/share/micro_ros_msgs/hook/ld_library_path_lib.dsv'
[0.856s] INFO:colcon.colcon_core.shell:Creating environment hook '/home/jaime/MotorControl/uros_ws/install/micro_ros_msgs/share/micro_ros_msgs/hook/ld_library_path_lib.sh'
[0.857s] Level 1:colcon.colcon_core.environment:checking '/home/jaime/MotorControl/uros_ws/install/micro_ros_msgs/bin'
[0.857s] Level 1:colcon.colcon_core.environment:checking '/home/jaime/MotorControl/uros_ws/install/micro_ros_msgs/lib/pkgconfig/micro_ros_msgs.pc'
[0.857s] Level 1:colcon.colcon_core.environment:checking '/home/jaime/MotorControl/uros_ws/install/micro_ros_msgs/lib/python3.10/site-packages'
[0.857s] Level 1:colcon.colcon_core.environment:checking '/home/jaime/MotorControl/uros_ws/install/micro_ros_msgs/bin'
[0.857s] INFO:colcon.colcon_core.shell:Creating package script '/home/jaime/MotorControl/uros_ws/install/micro_ros_msgs/share/micro_ros_msgs/package.ps1'
[0.858s] INFO:colcon.colcon_core.shell:Creating package descriptor '/home/jaime/MotorControl/uros_ws/install/micro_ros_msgs/share/micro_ros_msgs/package.dsv'
[0.858s] INFO:colcon.colcon_core.shell:Creating package script '/home/jaime/MotorControl/uros_ws/install/micro_ros_msgs/share/micro_ros_msgs/package.sh'
[0.858s] INFO:colcon.colcon_core.shell:Creating package script '/home/jaime/MotorControl/uros_ws/install/micro_ros_msgs/share/micro_ros_msgs/package.bash'
[0.858s] INFO:colcon.colcon_core.shell:Creating package script '/home/jaime/MotorControl/uros_ws/install/micro_ros_msgs/share/micro_ros_msgs/package.zsh'
[0.859s] Level 1:colcon.colcon_core.environment:create_file_with_runtime_dependencies(/home/jaime/MotorControl/uros_ws/install/micro_ros_msgs/share/colcon-core/packages/micro_ros_msgs)
[0.859s] INFO:colcon.colcon_ros.task.ament_cmake.build:Building ROS package in '/home/jaime/MotorControl/uros_ws/src/uros/micro-ROS-Agent/micro_ros_agent' with build type 'ament_cmake'
[0.859s] INFO:colcon.colcon_cmake.task.cmake.build:Building CMake package in '/home/jaime/MotorControl/uros_ws/src/uros/micro-ROS-Agent/micro_ros_agent'
[0.860s] INFO:colcon.colcon_core.shell:Skip shell extension 'powershell' for command environment: Not usable outside of PowerShell
[0.860s] DEBUG:colcon.colcon_core.shell:Skip shell extension 'dsv' for command environment
[0.870s] DEBUG:colcon.colcon_core.event_handler.log_command:Invoking command in '/home/jaime/MotorControl/uros_ws/build/micro_ros_agent': CMAKE_PREFIX_PATH=/home/jaime/MotorControl/uros_ws/install/micro_ros_msgs:/home/jaime/MotorControl/uros_ws/install/micro_ros_agent:/home/jaime/MotorControl/uros_ws/install/micro_ros_setup:/home/jaime/MotorControl/uros_ws/uros_ws/install/micro_ros_setup:/home/jaime/nimble_ws/src/MotorControl/uros_ws/install/micro_ros_setup:/home/jaime/nimble_ws/src/MotorControl/uros_ws/install/micro_ros_agent:/home/jaime/nimble_ws/src/MotorControl/uros_ws/install/micro_ros_msgs:/home/jaime/nimble_ws/install/nimble:/home/jaime/nimble_ws/install/nimble_interfaces:/home/jaime/nimble_ws/install/micro_ros_setup:/home/jaime/nimble_ws/install/micro_ros_agent:/home/jaime/nimble_ws/install/micro_ros_msgs:/opt/ros/humble LD_LIBRARY_PATH=/home/jaime/MotorControl/uros_ws/install/micro_ros_msgs/lib:/home/jaime/MotorControl/uros_ws/install/micro_ros_agent/lib:/home/jaime/nimble_ws/src/MotorControl/uros_ws/install/micro_ros_agent/lib:/home/jaime/nimble_ws/src/MotorControl/uros_ws/install/micro_ros_msgs/lib:/home/jaime/nimble_ws/install/nimble_interfaces/lib:/home/jaime/nimble_ws/install/micro_ros_agent/lib:/home/jaime/nimble_ws/install/micro_ros_msgs/lib:/opt/ros/humble/opt/rviz_ogre_vendor/lib:/opt/ros/humble/lib/x86_64-linux-gnu:/opt/ros/humble/lib PS1=\[\033[01;32m\]\u@\h \[\033[01;34m\]\w \[\033[31m\]`git branch 2> /dev/null | grep -e ^* | sed -E s/^\\\\\*\ \(.+\)$/\(\\\\\1\)\ /`\[\033[35m\]$\[\033[00m\] /usr/bin/cmake /home/jaime/MotorControl/uros_ws/src/uros/micro-ROS-Agent/micro_ros_agent -DCMAKE_INSTALL_PREFIX=/home/jaime/MotorControl/uros_ws/install/micro_ros_agent
[1.174s] DEBUG:colcon.colcon_core.event_handler.log_command:Invoked command in '/home/jaime/MotorControl/uros_ws/build/frame_data' returned '0': CMAKE_PREFIX_PATH=${CMAKE_PREFIX_PATH}:/opt/ros/humble PS1=\[\033[01;32m\]\u@\h \[\033[01;34m\]\w \[\033[31m\]`git branch 2> /dev/null | grep -e ^* | sed -E s/^\\\\\*\ \(.+\)$/\(\\\\\1\)\ /`\[\033[35m\]$\[\033[00m\] /usr/bin/cmake /home/jaime/MotorControl/uros_ws/frame_data -DCMAKE_INSTALL_PREFIX=/home/jaime/MotorControl/uros_ws/install/frame_data
[1.174s] DEBUG:colcon.colcon_core.event_handler.log_command:Invoking command in '/home/jaime/MotorControl/uros_ws/build/frame_data': CMAKE_PREFIX_PATH=${CMAKE_PREFIX_PATH}:/opt/ros/humble PS1=\[\033[01;32m\]\u@\h \[\033[01;34m\]\w \[\033[31m\]`git branch 2> /dev/null | grep -e ^* | sed -E s/^\\\\\*\ \(.+\)$/\(\\\\\1\)\ /`\[\033[35m\]$\[\033[00m\] /usr/bin/cmake --build /home/jaime/MotorControl/uros_ws/build/frame_data -- -j8 -l8
[1.195s] DEBUG:colcon.colcon_core.event_handler.log_command:Invoked command in '/home/jaime/MotorControl/uros_ws/build/micro_ros_agent' returned '0': CMAKE_PREFIX_PATH=/home/jaime/MotorControl/uros_ws/install/micro_ros_msgs:/home/jaime/MotorControl/uros_ws/install/micro_ros_agent:/home/jaime/MotorControl/uros_ws/install/micro_ros_setup:/home/jaime/MotorControl/uros_ws/uros_ws/install/micro_ros_setup:/home/jaime/nimble_ws/src/MotorControl/uros_ws/install/micro_ros_setup:/home/jaime/nimble_ws/src/MotorControl/uros_ws/install/micro_ros_agent:/home/jaime/nimble_ws/src/MotorControl/uros_ws/install/micro_ros_msgs:/home/jaime/nimble_ws/install/nimble:/home/jaime/nimble_ws/install/nimble_interfaces:/home/jaime/nimble_ws/install/micro_ros_setup:/home/jaime/nimble_ws/install/micro_ros_agent:/home/jaime/nimble_ws/install/micro_ros_msgs:/opt/ros/humble LD_LIBRARY_PATH=/home/jaime/MotorControl/uros_ws/install/micro_ros_msgs/lib:/home/jaime/MotorControl/uros_ws/install/micro_ros_agent/lib:/home/jaime/nimble_ws/src/MotorControl/uros_ws/install/micro_ros_agent/lib:/home/jaime/nimble_ws/src/MotorControl/uros_ws/install/micro_ros_msgs/lib:/home/jaime/nimble_ws/install/nimble_interfaces/lib:/home/jaime/nimble_ws/install/micro_ros_agent/lib:/home/jaime/nimble_ws/install/micro_ros_msgs/lib:/opt/ros/humble/opt/rviz_ogre_vendor/lib:/opt/ros/humble/lib/x86_64-linux-gnu:/opt/ros/humble/lib PS1=\[\033[01;32m\]\u@\h \[\033[01;34m\]\w \[\033[31m\]`git branch 2> /dev/null | grep -e ^* | sed -E s/^\\\\\*\ \(.+\)$/\(\\\\\1\)\ /`\[\033[35m\]$\[\033[00m\] /usr/bin/cmake /home/jaime/MotorControl/uros_ws/src/uros/micro-ROS-Agent/micro_ros_agent -DCMAKE_INSTALL_PREFIX=/home/jaime/MotorControl/uros_ws/install/micro_ros_agent
[1.196s] DEBUG:colcon.colcon_core.event_handler.log_command:Invoking command in '/home/jaime/MotorControl/uros_ws/build/micro_ros_agent': CMAKE_PREFIX_PATH=/home/jaime/MotorControl/uros_ws/install/micro_ros_msgs:/home/jaime/MotorControl/uros_ws/install/micro_ros_agent:/home/jaime/MotorControl/uros_ws/install/micro_ros_setup:/home/jaime/MotorControl/uros_ws/uros_ws/install/micro_ros_setup:/home/jaime/nimble_ws/src/MotorControl/uros_ws/install/micro_ros_setup:/home/jaime/nimble_ws/src/MotorControl/uros_ws/install/micro_ros_agent:/home/jaime/nimble_ws/src/MotorControl/uros_ws/install/micro_ros_msgs:/home/jaime/nimble_ws/install/nimble:/home/jaime/nimble_ws/install/nimble_interfaces:/home/jaime/nimble_ws/install/micro_ros_setup:/home/jaime/nimble_ws/install/micro_ros_agent:/home/jaime/nimble_ws/install/micro_ros_msgs:/opt/ros/humble LD_LIBRARY_PATH=/home/jaime/MotorControl/uros_ws/install/micro_ros_msgs/lib:/home/jaime/MotorControl/uros_ws/install/micro_ros_agent/lib:/home/jaime/nimble_ws/src/MotorControl/uros_ws/install/micro_ros_agent/lib:/home/jaime/nimble_ws/src/MotorControl/uros_ws/install/micro_ros_msgs/lib:/home/jaime/nimble_ws/install/nimble_interfaces/lib:/home/jaime/nimble_ws/install/micro_ros_agent/lib:/home/jaime/nimble_ws/install/micro_ros_msgs/lib:/opt/ros/humble/opt/rviz_ogre_vendor/lib:/opt/ros/humble/lib/x86_64-linux-gnu:/opt/ros/humble/lib PS1=\[\033[01;32m\]\u@\h \[\033[01;34m\]\w \[\033[31m\]`git branch 2> /dev/null | grep -e ^* | sed -E s/^\\\\\*\ \(.+\)$/\(\\\\\1\)\ /`\[\033[35m\]$\[\033[00m\] /usr/bin/cmake --build /home/jaime/MotorControl/uros_ws/build/micro_ros_agent -- -j8 -l8
[1.269s] DEBUG:colcon.colcon_core.event_handler.log_command:Invoked command in '/home/jaime/MotorControl/uros_ws/build/micro_ros_agent' returned '0': CMAKE_PREFIX_PATH=/home/jaime/MotorControl/uros_ws/install/micro_ros_msgs:/home/jaime/MotorControl/uros_ws/install/micro_ros_agent:/home/jaime/MotorControl/uros_ws/install/micro_ros_setup:/home/jaime/MotorControl/uros_ws/uros_ws/install/micro_ros_setup:/home/jaime/nimble_ws/src/MotorControl/uros_ws/install/micro_ros_setup:/home/jaime/nimble_ws/src/MotorControl/uros_ws/install/micro_ros_agent:/home/jaime/nimble_ws/src/MotorControl/uros_ws/install/micro_ros_msgs:/home/jaime/nimble_ws/install/nimble:/home/jaime/nimble_ws/install/nimble_interfaces:/home/jaime/nimble_ws/install/micro_ros_setup:/home/jaime/nimble_ws/install/micro_ros_agent:/home/jaime/nimble_ws/install/micro_ros_msgs:/opt/ros/humble LD_LIBRARY_PATH=/home/jaime/MotorControl/uros_ws/install/micro_ros_msgs/lib:/home/jaime/MotorControl/uros_ws/install/micro_ros_agent/lib:/home/jaime/nimble_ws/src/MotorControl/uros_ws/install/micro_ros_agent/lib:/home/jaime/nimble_ws/src/MotorControl/uros_ws/install/micro_ros_msgs/lib:/home/jaime/nimble_ws/install/nimble_interfaces/lib:/home/jaime/nimble_ws/install/micro_ros_agent/lib:/home/jaime/nimble_ws/install/micro_ros_msgs/lib:/opt/ros/humble/opt/rviz_ogre_vendor/lib:/opt/ros/humble/lib/x86_64-linux-gnu:/opt/ros/humble/lib PS1=\[\033[01;32m\]\u@\h \[\033[01;34m\]\w \[\033[31m\]`git branch 2> /dev/null | grep -e ^* | sed -E s/^\\\\\*\ \(.+\)$/\(\\\\\1\)\ /`\[\033[35m\]$\[\033[00m\] /usr/bin/cmake --build /home/jaime/MotorControl/uros_ws/build/micro_ros_agent -- -j8 -l8
[1.308s] DEBUG:colcon.colcon_core.event_handler.log_command:Invoking command in '/home/jaime/MotorControl/uros_ws/build/micro_ros_agent': CMAKE_PREFIX_PATH=/home/jaime/MotorControl/uros_ws/install/micro_ros_msgs:/home/jaime/MotorControl/uros_ws/install/micro_ros_agent:/home/jaime/MotorControl/uros_ws/install/micro_ros_setup:/home/jaime/MotorControl/uros_ws/uros_ws/install/micro_ros_setup:/home/jaime/nimble_ws/src/MotorControl/uros_ws/install/micro_ros_setup:/home/jaime/nimble_ws/src/MotorControl/uros_ws/install/micro_ros_agent:/home/jaime/nimble_ws/src/MotorControl/uros_ws/install/micro_ros_msgs:/home/jaime/nimble_ws/install/nimble:/home/jaime/nimble_ws/install/nimble_interfaces:/home/jaime/nimble_ws/install/micro_ros_setup:/home/jaime/nimble_ws/install/micro_ros_agent:/home/jaime/nimble_ws/install/micro_ros_msgs:/opt/ros/humble LD_LIBRARY_PATH=/home/jaime/MotorControl/uros_ws/install/micro_ros_msgs/lib:/home/jaime/MotorControl/uros_ws/install/micro_ros_agent/lib:/home/jaime/nimble_ws/src/MotorControl/uros_ws/install/micro_ros_agent/lib:/home/jaime/nimble_ws/src/MotorControl/uros_ws/install/micro_ros_msgs/lib:/home/jaime/nimble_ws/install/nimble_interfaces/lib:/home/jaime/nimble_ws/install/micro_ros_agent/lib:/home/jaime/nimble_ws/install/micro_ros_msgs/lib:/opt/ros/humble/opt/rviz_ogre_vendor/lib:/opt/ros/humble/lib/x86_64-linux-gnu:/opt/ros/humble/lib PS1=\[\033[01;32m\]\u@\h \[\033[01;34m\]\w \[\033[31m\]`git branch 2> /dev/null | grep -e ^* | sed -E s/^\\\\\*\ \(.+\)$/\(\\\\\1\)\ /`\[\033[35m\]$\[\033[00m\] /usr/bin/cmake --install /home/jaime/MotorControl/uros_ws/build/micro_ros_agent
[1.319s] Level 1:colcon.colcon_core.environment:create_environment_scripts_only(micro_ros_agent)
[1.320s] Level 1:colcon.colcon_core.environment:checking '/home/jaime/MotorControl/uros_ws/install/micro_ros_agent' for CMake module files
[1.320s] DEBUG:colcon.colcon_core.event_handler.log_command:Invoked command in '/home/jaime/MotorControl/uros_ws/build/micro_ros_agent' returned '0': CMAKE_PREFIX_PATH=/home/jaime/MotorControl/uros_ws/install/micro_ros_msgs:/home/jaime/MotorControl/uros_ws/install/micro_ros_agent:/home/jaime/MotorControl/uros_ws/install/micro_ros_setup:/home/jaime/MotorControl/uros_ws/uros_ws/install/micro_ros_setup:/home/jaime/nimble_ws/src/MotorControl/uros_ws/install/micro_ros_setup:/home/jaime/nimble_ws/src/MotorControl/uros_ws/install/micro_ros_agent:/home/jaime/nimble_ws/src/MotorControl/uros_ws/install/micro_ros_msgs:/home/jaime/nimble_ws/install/nimble:/home/jaime/nimble_ws/install/nimble_interfaces:/home/jaime/nimble_ws/install/micro_ros_setup:/home/jaime/nimble_ws/install/micro_ros_agent:/home/jaime/nimble_ws/install/micro_ros_msgs:/opt/ros/humble LD_LIBRARY_PATH=/home/jaime/MotorControl/uros_ws/install/micro_ros_msgs/lib:/home/jaime/MotorControl/uros_ws/install/micro_ros_agent/lib:/home/jaime/nimble_ws/src/MotorControl/uros_ws/install/micro_ros_agent/lib:/home/jaime/nimble_ws/src/MotorControl/uros_ws/install/micro_ros_msgs/lib:/home/jaime/nimble_ws/install/nimble_interfaces/lib:/home/jaime/nimble_ws/install/micro_ros_agent/lib:/home/jaime/nimble_ws/install/micro_ros_msgs/lib:/opt/ros/humble/opt/rviz_ogre_vendor/lib:/opt/ros/humble/lib/x86_64-linux-gnu:/opt/ros/humble/lib PS1=\[\033[01;32m\]\u@\h \[\033[01;34m\]\w \[\033[31m\]`git branch 2> /dev/null | grep -e ^* | sed -E s/^\\\\\*\ \(.+\)$/\(\\\\\1\)\ /`\[\033[35m\]$\[\033[00m\] /usr/bin/cmake --install /home/jaime/MotorControl/uros_ws/build/micro_ros_agent
[1.321s] Level 1:colcon.colcon_core.environment:checking '/home/jaime/MotorControl/uros_ws/install/micro_ros_agent' for CMake config files
[1.321s] Level 1:colcon.colcon_core.shell:create_environment_hook('micro_ros_agent', 'cmake_prefix_path')
[1.322s] INFO:colcon.colcon_core.shell:Creating environment hook '/home/jaime/MotorControl/uros_ws/install/micro_ros_agent/share/micro_ros_agent/hook/cmake_prefix_path.ps1'
[1.322s] INFO:colcon.colcon_core.shell:Creating environment descriptor '/home/jaime/MotorControl/uros_ws/install/micro_ros_agent/share/micro_ros_agent/hook/cmake_prefix_path.dsv'
[1.323s] INFO:colcon.colcon_core.shell:Creating environment hook '/home/jaime/MotorControl/uros_ws/install/micro_ros_agent/share/micro_ros_agent/hook/cmake_prefix_path.sh'
[1.323s] Level 1:colcon.colcon_core.environment:checking '/home/jaime/MotorControl/uros_ws/install/micro_ros_agent/lib'
[1.323s] Level 1:colcon.colcon_core.shell:create_environment_hook('micro_ros_agent', 'ld_library_path_lib')
[1.324s] INFO:colcon.colcon_core.shell:Creating environment hook '/home/jaime/MotorControl/uros_ws/install/micro_ros_agent/share/micro_ros_agent/hook/ld_library_path_lib.ps1'
[1.324s] INFO:colcon.colcon_core.shell:Creating environment descriptor '/home/jaime/MotorControl/uros_ws/install/micro_ros_agent/share/micro_ros_agent/hook/ld_library_path_lib.dsv'
[1.324s] INFO:colcon.colcon_core.shell:Creating environment hook '/home/jaime/MotorControl/uros_ws/install/micro_ros_agent/share/micro_ros_agent/hook/ld_library_path_lib.sh'
[1.325s] Level 1:colcon.colcon_core.environment:checking '/home/jaime/MotorControl/uros_ws/install/micro_ros_agent/bin'
[1.325s] Level 1:colcon.colcon_core.environment:checking '/home/jaime/MotorControl/uros_ws/install/micro_ros_agent/lib/pkgconfig/micro_ros_agent.pc'
[1.325s] Level 1:colcon.colcon_core.environment:checking '/home/jaime/MotorControl/uros_ws/install/micro_ros_agent/lib/python3.10/site-packages'
[1.325s] Level 1:colcon.colcon_core.environment:checking '/home/jaime/MotorControl/uros_ws/install/micro_ros_agent/bin'
[1.326s] INFO:colcon.colcon_core.shell:Creating package script '/home/jaime/MotorControl/uros_ws/install/micro_ros_agent/share/micro_ros_agent/package.ps1'
[1.327s] INFO:colcon.colcon_core.shell:Creating package descriptor '/home/jaime/MotorControl/uros_ws/install/micro_ros_agent/share/micro_ros_agent/package.dsv'
[1.327s] INFO:colcon.colcon_core.shell:Creating package script '/home/jaime/MotorControl/uros_ws/install/micro_ros_agent/share/micro_ros_agent/package.sh'
[1.327s] INFO:colcon.colcon_core.shell:Creating package script '/home/jaime/MotorControl/uros_ws/install/micro_ros_agent/share/micro_ros_agent/package.bash'
[1.328s] INFO:colcon.colcon_core.shell:Creating package script '/home/jaime/MotorControl/uros_ws/install/micro_ros_agent/share/micro_ros_agent/package.zsh'
[1.328s] Level 1:colcon.colcon_core.environment:create_file_with_runtime_dependencies(/home/jaime/MotorControl/uros_ws/install/micro_ros_agent/share/colcon-core/packages/micro_ros_agent)
[1.367s] Level 1:colcon.colcon_core.environment:create_environment_scripts_only(micro_ros_agent)
[1.368s] Level 1:colcon.colcon_core.environment:checking '/home/jaime/MotorControl/uros_ws/install/micro_ros_agent' for CMake module files
[1.369s] Level 1:colcon.colcon_core.environment:checking '/home/jaime/MotorControl/uros_ws/install/micro_ros_agent' for CMake config files
[1.369s] Level 1:colcon.colcon_core.shell:create_environment_hook('micro_ros_agent', 'cmake_prefix_path')
[1.369s] INFO:colcon.colcon_core.shell:Creating environment hook '/home/jaime/MotorControl/uros_ws/install/micro_ros_agent/share/micro_ros_agent/hook/cmake_prefix_path.ps1'
[1.370s] INFO:colcon.colcon_core.shell:Creating environment descriptor '/home/jaime/MotorControl/uros_ws/install/micro_ros_agent/share/micro_ros_agent/hook/cmake_prefix_path.dsv'
[1.370s] INFO:colcon.colcon_core.shell:Creating environment hook '/home/jaime/MotorControl/uros_ws/install/micro_ros_agent/share/micro_ros_agent/hook/cmake_prefix_path.sh'
[1.371s] Level 1:colcon.colcon_core.environment:checking '/home/jaime/MotorControl/uros_ws/install/micro_ros_agent/lib'
[1.371s] Level 1:colcon.colcon_core.shell:create_environment_hook('micro_ros_agent', 'ld_library_path_lib')
[1.372s] INFO:colcon.colcon_core.shell:Creating environment hook '/home/jaime/MotorControl/uros_ws/install/micro_ros_agent/share/micro_ros_agent/hook/ld_library_path_lib.ps1'
[1.373s] INFO:colcon.colcon_core.shell:Creating environment descriptor '/home/jaime/MotorControl/uros_ws/install/micro_ros_agent/share/micro_ros_agent/hook/ld_library_path_lib.dsv'
[1.373s] INFO:colcon.colcon_core.shell:Creating environment hook '/home/jaime/MotorControl/uros_ws/install/micro_ros_agent/share/micro_ros_agent/hook/ld_library_path_lib.sh'
[1.373s] Level 1:colcon.colcon_core.environment:checking '/home/jaime/MotorControl/uros_ws/install/micro_ros_agent/bin'
[1.373s] Level 1:colcon.colcon_core.environment:checking '/home/jaime/MotorControl/uros_ws/install/micro_ros_agent/lib/pkgconfig/micro_ros_agent.pc'
[1.374s] Level 1:colcon.colcon_core.environment:checking '/home/jaime/MotorControl/uros_ws/install/micro_ros_agent/lib/python3.10/site-packages'
[1.374s] Level 1:colcon.colcon_core.environment:checking '/home/jaime/MotorControl/uros_ws/install/micro_ros_agent/bin'
[1.375s] INFO:colcon.colcon_core.shell:Creating package script '/home/jaime/MotorControl/uros_ws/install/micro_ros_agent/share/micro_ros_agent/package.ps1'
[1.375s] INFO:colcon.colcon_core.shell:Creating package descriptor '/home/jaime/MotorControl/uros_ws/install/micro_ros_agent/share/micro_ros_agent/package.dsv'
[1.376s] INFO:colcon.colcon_core.shell:Creating package script '/home/jaime/MotorControl/uros_ws/install/micro_ros_agent/share/micro_ros_agent/package.sh'
[1.376s] INFO:colcon.colcon_core.shell:Creating package script '/home/jaime/MotorControl/uros_ws/install/micro_ros_agent/share/micro_ros_agent/package.bash'
[1.377s] INFO:colcon.colcon_core.shell:Creating package script '/home/jaime/MotorControl/uros_ws/install/micro_ros_agent/share/micro_ros_agent/package.zsh'
[1.377s] Level 1:colcon.colcon_core.environment:create_file_with_runtime_dependencies(/home/jaime/MotorControl/uros_ws/install/micro_ros_agent/share/colcon-core/packages/micro_ros_agent)
[2.917s] DEBUG:colcon.colcon_core.event_handler.log_command:Invoked command in '/home/jaime/MotorControl/uros_ws/build/frame_data' returned '0': CMAKE_PREFIX_PATH=${CMAKE_PREFIX_PATH}:/opt/ros/humble PS1=\[\033[01;32m\]\u@\h \[\033[01;34m\]\w \[\033[31m\]`git branch 2> /dev/null | grep -e ^* | sed -E s/^\\\\\*\ \(.+\)$/\(\\\\\1\)\ /`\[\033[35m\]$\[\033[00m\] /usr/bin/cmake --build /home/jaime/MotorControl/uros_ws/build/frame_data -- -j8 -l8
[2.981s] DEBUG:colcon.colcon_core.event_handler.log_command:Invoking command in '/home/jaime/MotorControl/uros_ws/build/frame_data': CMAKE_PREFIX_PATH=${CMAKE_PREFIX_PATH}:/opt/ros/humble PS1=\[\033[01;32m\]\u@\h \[\033[01;34m\]\w \[\033[31m\]`git branch 2> /dev/null | grep -e ^* | sed -E s/^\\\\\*\ \(.+\)$/\(\\\\\1\)\ /`\[\033[35m\]$\[\033[00m\] /usr/bin/cmake --install /home/jaime/MotorControl/uros_ws/build/frame_data
[3.026s] Level 1:colcon.colcon_core.environment:create_environment_scripts_only(frame_data)
[3.027s] Level 1:colcon.colcon_core.environment:checking '/home/jaime/MotorControl/uros_ws/install/frame_data' for CMake module files
[3.027s] DEBUG:colcon.colcon_core.event_handler.log_command:Invoked command in '/home/jaime/MotorControl/uros_ws/build/frame_data' returned '0': CMAKE_PREFIX_PATH=${CMAKE_PREFIX_PATH}:/opt/ros/humble PS1=\[\033[01;32m\]\u@\h \[\033[01;34m\]\w \[\033[31m\]`git branch 2> /dev/null | grep -e ^* | sed -E s/^\\\\\*\ \(.+\)$/\(\\\\\1\)\ /`\[\033[35m\]$\[\033[00m\] /usr/bin/cmake --install /home/jaime/MotorControl/uros_ws/build/frame_data
[3.028s] Level 1:colcon.colcon_core.environment:checking '/home/jaime/MotorControl/uros_ws/install/frame_data' for CMake config files
[3.028s] Level 1:colcon.colcon_core.shell:create_environment_hook('frame_data', 'cmake_prefix_path')
[3.028s] INFO:colcon.colcon_core.shell:Creating environment hook '/home/jaime/MotorControl/uros_ws/install/frame_data/share/frame_data/hook/cmake_prefix_path.ps1'
[3.028s] INFO:colcon.colcon_core.shell:Creating environment descriptor '/home/jaime/MotorControl/uros_ws/install/frame_data/share/frame_data/hook/cmake_prefix_path.dsv'
[3.028s] INFO:colcon.colcon_core.shell:Creating environment hook '/home/jaime/MotorControl/uros_ws/install/frame_data/share/frame_data/hook/cmake_prefix_path.sh'
[3.029s] Level 1:colcon.colcon_core.environment:checking '/home/jaime/MotorControl/uros_ws/install/frame_data/lib'
[3.029s] Level 1:colcon.colcon_core.shell:create_environment_hook('frame_data', 'ld_library_path_lib')
[3.029s] INFO:colcon.colcon_core.shell:Creating environment hook '/home/jaime/MotorControl/uros_ws/install/frame_data/share/frame_data/hook/ld_library_path_lib.ps1'
[3.029s] INFO:colcon.colcon_core.shell:Creating environment descriptor '/home/jaime/MotorControl/uros_ws/install/frame_data/share/frame_data/hook/ld_library_path_lib.dsv'
[3.029s] INFO:colcon.colcon_core.shell:Creating environment hook '/home/jaime/MotorControl/uros_ws/install/frame_data/share/frame_data/hook/ld_library_path_lib.sh'
[3.029s] Level 1:colcon.colcon_core.environment:checking '/home/jaime/MotorControl/uros_ws/install/frame_data/bin'
[3.029s] Level 1:colcon.colcon_core.environment:checking '/home/jaime/MotorControl/uros_ws/install/frame_data/lib/pkgconfig/frame_data.pc'
[3.030s] Level 1:colcon.colcon_core.environment:checking '/home/jaime/MotorControl/uros_ws/install/frame_data/lib/python3.10/site-packages'
[3.030s] Level 1:colcon.colcon_core.environment:checking '/home/jaime/MotorControl/uros_ws/install/frame_data/bin'
[3.030s] INFO:colcon.colcon_core.shell:Creating package script '/home/jaime/MotorControl/uros_ws/install/frame_data/share/frame_data/package.ps1'
[3.030s] INFO:colcon.colcon_core.shell:Creating package descriptor '/home/jaime/MotorControl/uros_ws/install/frame_data/share/frame_data/package.dsv'
[3.030s] INFO:colcon.colcon_core.shell:Creating package script '/home/jaime/MotorControl/uros_ws/install/frame_data/share/frame_data/package.sh'
[3.031s] INFO:colcon.colcon_core.shell:Creating package script '/home/jaime/MotorControl/uros_ws/install/frame_data/share/frame_data/package.bash'
[3.031s] INFO:colcon.colcon_core.shell:Creating package script '/home/jaime/MotorControl/uros_ws/install/frame_data/share/frame_data/package.zsh'
[3.031s] Level 1:colcon.colcon_core.environment:create_file_with_runtime_dependencies(/home/jaime/MotorControl/uros_ws/install/frame_data/share/colcon-core/packages/frame_data)
[3.093s] Level 1:colcon.colcon_core.environment:create_environment_scripts_only(frame_data)
[3.093s] Level 1:colcon.colcon_core.environment:checking '/home/jaime/MotorControl/uros_ws/install/frame_data' for CMake module files
[3.094s] Level 1:colcon.colcon_core.environment:checking '/home/jaime/MotorControl/uros_ws/install/frame_data' for CMake config files
[3.094s] Level 1:colcon.colcon_core.shell:create_environment_hook('frame_data', 'cmake_prefix_path')
[3.094s] INFO:colcon.colcon_core.shell:Creating environment hook '/home/jaime/MotorControl/uros_ws/install/frame_data/share/frame_data/hook/cmake_prefix_path.ps1'
[3.094s] INFO:colcon.colcon_core.shell:Creating environment descriptor '/home/jaime/MotorControl/uros_ws/install/frame_data/share/frame_data/hook/cmake_prefix_path.dsv'
[3.095s] INFO:colcon.colcon_core.shell:Creating environment hook '/home/jaime/MotorControl/uros_ws/install/frame_data/share/frame_data/hook/cmake_prefix_path.sh'
[3.095s] Level 1:colcon.colcon_core.environment:checking '/home/jaime/MotorControl/uros_ws/install/frame_data/lib'
[3.095s] Level 1:colcon.colcon_core.shell:create_environment_hook('frame_data', 'ld_library_path_lib')
[3.096s] INFO:colcon.colcon_core.shell:Creating environment hook '/home/jaime/MotorControl/uros_ws/install/frame_data/share/frame_data/hook/ld_library_path_lib.ps1'
[3.096s] INFO:colcon.colcon_core.shell:Creating environment descriptor '/home/jaime/MotorControl/uros_ws/install/frame_data/share/frame_data/hook/ld_library_path_lib.dsv'
[3.096s] INFO:colcon.colcon_core.shell:Creating environment hook '/home/jaime/MotorControl/uros_ws/install/frame_data/share/frame_data/hook/ld_library_path_lib.sh'
[3.097s] Level 1:colcon.colcon_core.environment:checking '/home/jaime/MotorControl/uros_ws/install/frame_data/bin'
[3.097s] Level 1:colcon.colcon_core.environment:checking '/home/jaime/MotorControl/uros_ws/install/frame_data/lib/pkgconfig/frame_data.pc'
[3.097s] Level 1:colcon.colcon_core.environment:checking '/home/jaime/MotorControl/uros_ws/install/frame_data/lib/python3.10/site-packages'
[3.097s] Level 1:colcon.colcon_core.environment:checking '/home/jaime/MotorControl/uros_ws/install/frame_data/bin'
[3.098s] INFO:colcon.colcon_core.shell:Creating package script '/home/jaime/MotorControl/uros_ws/install/frame_data/share/frame_data/package.ps1'
[3.098s] INFO:colcon.colcon_core.shell:Creating package descriptor '/home/jaime/MotorControl/uros_ws/install/frame_data/share/frame_data/package.dsv'
[3.099s] INFO:colcon.colcon_core.shell:Creating package script '/home/jaime/MotorControl/uros_ws/install/frame_data/share/frame_data/package.sh'
[3.099s] INFO:colcon.colcon_core.shell:Creating package script '/home/jaime/MotorControl/uros_ws/install/frame_data/share/frame_data/package.bash'
[3.099s] INFO:colcon.colcon_core.shell:Creating package script '/home/jaime/MotorControl/uros_ws/install/frame_data/share/frame_data/package.zsh'
[3.100s] Level 1:colcon.colcon_core.environment:create_file_with_runtime_dependencies(/home/jaime/MotorControl/uros_ws/install/frame_data/share/colcon-core/packages/frame_data)
[3.100s] DEBUG:colcon.colcon_parallel_executor.executor.parallel:closing loop
[3.100s] DEBUG:colcon.colcon_parallel_executor.executor.parallel:loop closed
[3.100s] DEBUG:colcon.colcon_parallel_executor.executor.parallel:run_until_complete finished with '0'
[3.100s] DEBUG:colcon.colcon_core.event_reactor:joining thread
[3.105s] INFO:colcon.colcon_core.plugin_system:Skipping extension 'colcon_notification.desktop_notification.terminal_notifier': Not used on non-Darwin systems
[3.105s] INFO:colcon.colcon_core.plugin_system:Skipping extension 'colcon_notification.desktop_notification.win32': Not used on non-Windows systems
[3.105s] INFO:colcon.colcon_notification.desktop_notification:Sending desktop notification using 'notify2'
[3.118s] DEBUG:colcon.colcon_core.event_reactor:joined thread
[3.118s] INFO:colcon.colcon_core.shell:Creating prefix script '/home/jaime/MotorControl/uros_ws/install/local_setup.ps1'
[3.119s] INFO:colcon.colcon_core.shell:Creating prefix util module '/home/jaime/MotorControl/uros_ws/install/_local_setup_util_ps1.py'
[3.120s] INFO:colcon.colcon_core.shell:Creating prefix chain script '/home/jaime/MotorControl/uros_ws/install/setup.ps1'
[3.121s] INFO:colcon.colcon_core.shell:Creating prefix script '/home/jaime/MotorControl/uros_ws/install/local_setup.sh'
[3.122s] INFO:colcon.colcon_core.shell:Creating prefix util module '/home/jaime/MotorControl/uros_ws/install/_local_setup_util_sh.py'
[3.122s] INFO:colcon.colcon_core.shell:Creating prefix chain script '/home/jaime/MotorControl/uros_ws/install/setup.sh'
[3.123s] INFO:colcon.colcon_core.shell:Creating prefix script '/home/jaime/MotorControl/uros_ws/install/local_setup.bash'
[3.124s] INFO:colcon.colcon_core.shell:Creating prefix chain script '/home/jaime/MotorControl/uros_ws/install/setup.bash'
[3.125s] INFO:colcon.colcon_core.shell:Creating prefix script '/home/jaime/MotorControl/uros_ws/install/local_setup.zsh'
[3.125s] INFO:colcon.colcon_core.shell:Creating prefix chain script '/home/jaime/MotorControl/uros_ws/install/setup.zsh'
