[1.085s] DEBUG:colcon:Command line arguments: ['/usr/bin/colcon', 'build', '--symlink-install']
[1.086s] DEBUG:colcon:Parsed command line arguments: Namespace(log_base=None, log_level=None, verb_name='build', build_base='build', install_base='install', merge_install=False, symlink_install=True, test_result_base=None, continue_on_error=False, executor='parallel', parallel_workers=8, event_handlers=None, ignore_user_meta=False, metas=['./colcon.meta'], base_paths=['.'], packages_ignore=None, packages_ignore_regex=None, paths=None, packages_up_to=None, packages_up_to_regex=None, packages_above=None, packages_above_and_dependencies=None, packages_above_depth=None, packages_select_by_dep=None, packages_skip_by_dep=None, packages_skip_up_to=None, packages_select_build_failed=False, packages_skip_build_finished=False, packages_select_test_failures=False, packages_skip_test_passed=False, packages_select=None, packages_skip=None, packages_select_regex=None, packages_skip_regex=None, packages_start=None, packages_end=None, allow_overriding=[], cmake_args=None, cmake_target=None, cmake_target_skip_unavailable=False, cmake_clean_cache=False, cmake_clean_first=False, cmake_force_configure=False, ament_cmake_args=None, catkin_cmake_args=None, catkin_skip_building_tests=False, verb_parser=<colcon_defaults.argument_parser.defaults.DefaultArgumentsDecorator object at 0x7f1c1270de40>, verb_extension=<colcon_core.verb.build.BuildVerb object at 0x7f1c12cd3d30>, main=<bound method BuildVerb.main of <colcon_core.verb.build.BuildVerb object at 0x7f1c12cd3d30>>)
[1.132s] Level 1:colcon.colcon_core.package_discovery:discover_packages(colcon_meta) check parameters
[1.132s] Level 1:colcon.colcon_core.package_discovery:discover_packages(recursive) check parameters
[1.132s] Level 1:colcon.colcon_core.package_discovery:discover_packages(ignore) check parameters
[1.132s] Level 1:colcon.colcon_core.package_discovery:discover_packages(path) check parameters
[1.133s] Level 1:colcon.colcon_core.package_discovery:discover_packages(colcon_meta) discover
[1.133s] Level 1:colcon.colcon_core.package_discovery:discover_packages(recursive) discover
[1.133s] INFO:colcon.colcon_core.package_discovery:Crawling recursively for packages in '/home/jcarballeira/nimble_ws/src'
[1.133s] Level 1:colcon.colcon_core.package_identification:_identify(.) by extensions ['ignore', 'ignore_ament_install']
[1.133s] Level 1:colcon.colcon_core.package_identification:_identify(.) by extension 'ignore'
[1.133s] Level 1:colcon.colcon_core.package_identification:_identify(.) by extension 'ignore_ament_install'
[1.133s] Level 1:colcon.colcon_core.package_identification:_identify(.) by extensions ['colcon_pkg']
[1.133s] Level 1:colcon.colcon_core.package_identification:_identify(.) by extension 'colcon_pkg'
[1.133s] Level 1:colcon.colcon_core.package_identification:_identify(.) by extensions ['colcon_meta']
[1.133s] Level 1:colcon.colcon_core.package_identification:_identify(.) by extension 'colcon_meta'
[1.133s] Level 1:colcon.colcon_core.package_identification:_identify(.) by extensions ['ros']
[1.133s] Level 1:colcon.colcon_core.package_identification:_identify(.) by extension 'ros'
[1.144s] Level 1:colcon.colcon_core.package_identification:_identify(.) by extensions ['cmake', 'python']
[1.144s] Level 1:colcon.colcon_core.package_identification:_identify(.) by extension 'cmake'
[1.144s] Level 1:colcon.colcon_core.package_identification:_identify(.) by extension 'python'
[1.144s] Level 1:colcon.colcon_core.package_identification:_identify(.) by extensions ['python_setup_py']
[1.144s] Level 1:colcon.colcon_core.package_identification:_identify(.) by extension 'python_setup_py'
[1.144s] Level 1:colcon.colcon_core.package_identification:_identify(build) by extensions ['ignore', 'ignore_ament_install']
[1.144s] Level 1:colcon.colcon_core.package_identification:_identify(build) by extension 'ignore'
[1.144s] Level 1:colcon.colcon_core.package_identification:_identify(build) ignored
[1.145s] Level 1:colcon.colcon_core.package_identification:_identify(docs) by extensions ['ignore', 'ignore_ament_install']
[1.145s] Level 1:colcon.colcon_core.package_identification:_identify(docs) by extension 'ignore'
[1.145s] Level 1:colcon.colcon_core.package_identification:_identify(docs) by extension 'ignore_ament_install'
[1.145s] Level 1:colcon.colcon_core.package_identification:_identify(docs) by extensions ['colcon_pkg']
[1.145s] Level 1:colcon.colcon_core.package_identification:_identify(docs) by extension 'colcon_pkg'
[1.145s] Level 1:colcon.colcon_core.package_identification:_identify(docs) by extensions ['colcon_meta']
[1.145s] Level 1:colcon.colcon_core.package_identification:_identify(docs) by extension 'colcon_meta'
[1.145s] Level 1:colcon.colcon_core.package_identification:_identify(docs) by extensions ['ros']
[1.145s] Level 1:colcon.colcon_core.package_identification:_identify(docs) by extension 'ros'
[1.145s] Level 1:colcon.colcon_core.package_identification:_identify(docs) by extensions ['cmake', 'python']
[1.145s] Level 1:colcon.colcon_core.package_identification:_identify(docs) by extension 'cmake'
[1.145s] Level 1:colcon.colcon_core.package_identification:_identify(docs) by extension 'python'
[1.145s] Level 1:colcon.colcon_core.package_identification:_identify(docs) by extensions ['python_setup_py']
[1.145s] Level 1:colcon.colcon_core.package_identification:_identify(docs) by extension 'python_setup_py'
[1.145s] Level 1:colcon.colcon_core.package_identification:_identify(docs/assets) by extensions ['ignore', 'ignore_ament_install']
[1.145s] Level 1:colcon.colcon_core.package_identification:_identify(docs/assets) by extension 'ignore'
[1.145s] Level 1:colcon.colcon_core.package_identification:_identify(docs/assets) by extension 'ignore_ament_install'
[1.145s] Level 1:colcon.colcon_core.package_identification:_identify(docs/assets) by extensions ['colcon_pkg']
[1.145s] Level 1:colcon.colcon_core.package_identification:_identify(docs/assets) by extension 'colcon_pkg'
[1.145s] Level 1:colcon.colcon_core.package_identification:_identify(docs/assets) by extensions ['colcon_meta']
[1.146s] Level 1:colcon.colcon_core.package_identification:_identify(docs/assets) by extension 'colcon_meta'
[1.146s] Level 1:colcon.colcon_core.package_identification:_identify(docs/assets) by extensions ['ros']
[1.146s] Level 1:colcon.colcon_core.package_identification:_identify(docs/assets) by extension 'ros'
[1.146s] Level 1:colcon.colcon_core.package_identification:_identify(docs/assets) by extensions ['cmake', 'python']
[1.146s] Level 1:colcon.colcon_core.package_identification:_identify(docs/assets) by extension 'cmake'
[1.146s] Level 1:colcon.colcon_core.package_identification:_identify(docs/assets) by extension 'python'
[1.146s] Level 1:colcon.colcon_core.package_identification:_identify(docs/assets) by extensions ['python_setup_py']
[1.146s] Level 1:colcon.colcon_core.package_identification:_identify(docs/assets) by extension 'python_setup_py'
[1.146s] Level 1:colcon.colcon_core.package_identification:_identify(docs/assets/images) by extensions ['ignore', 'ignore_ament_install']
[1.146s] Level 1:colcon.colcon_core.package_identification:_identify(docs/assets/images) by extension 'ignore'
[1.146s] Level 1:colcon.colcon_core.package_identification:_identify(docs/assets/images) by extension 'ignore_ament_install'
[1.146s] Level 1:colcon.colcon_core.package_identification:_identify(docs/assets/images) by extensions ['colcon_pkg']
[1.146s] Level 1:colcon.colcon_core.package_identification:_identify(docs/assets/images) by extension 'colcon_pkg'
[1.146s] Level 1:colcon.colcon_core.package_identification:_identify(docs/assets/images) by extensions ['colcon_meta']
[1.146s] Level 1:colcon.colcon_core.package_identification:_identify(docs/assets/images) by extension 'colcon_meta'
[1.146s] Level 1:colcon.colcon_core.package_identification:_identify(docs/assets/images) by extensions ['ros']
[1.146s] Level 1:colcon.colcon_core.package_identification:_identify(docs/assets/images) by extension 'ros'
[1.146s] Level 1:colcon.colcon_core.package_identification:_identify(docs/assets/images) by extensions ['cmake', 'python']
[1.146s] Level 1:colcon.colcon_core.package_identification:_identify(docs/assets/images) by extension 'cmake'
[1.146s] Level 1:colcon.colcon_core.package_identification:_identify(docs/assets/images) by extension 'python'
[1.147s] Level 1:colcon.colcon_core.package_identification:_identify(docs/assets/images) by extensions ['python_setup_py']
[1.147s] Level 1:colcon.colcon_core.package_identification:_identify(docs/assets/images) by extension 'python_setup_py'
[1.147s] Level 1:colcon.colcon_core.package_identification:_identify(install) by extensions ['ignore', 'ignore_ament_install']
[1.147s] Level 1:colcon.colcon_core.package_identification:_identify(install) by extension 'ignore'
[1.147s] Level 1:colcon.colcon_core.package_identification:_identify(install) ignored
[1.147s] Level 1:colcon.colcon_core.package_identification:_identify(log) by extensions ['ignore', 'ignore_ament_install']
[1.147s] Level 1:colcon.colcon_core.package_identification:_identify(log) by extension 'ignore'
[1.147s] Level 1:colcon.colcon_core.package_identification:_identify(log) ignored
[1.147s] Level 1:colcon.colcon_core.package_identification:_identify(nimble) by extensions ['ignore', 'ignore_ament_install']
[1.147s] Level 1:colcon.colcon_core.package_identification:_identify(nimble) by extension 'ignore'
[1.147s] Level 1:colcon.colcon_core.package_identification:_identify(nimble) by extension 'ignore_ament_install'
[1.147s] Level 1:colcon.colcon_core.package_identification:_identify(nimble) by extensions ['colcon_pkg']
[1.147s] Level 1:colcon.colcon_core.package_identification:_identify(nimble) by extension 'colcon_pkg'
[1.147s] Level 1:colcon.colcon_core.package_identification:_identify(nimble) by extensions ['colcon_meta']
[1.147s] Level 1:colcon.colcon_core.package_identification:_identify(nimble) by extension 'colcon_meta'
[1.147s] Level 1:colcon.colcon_core.package_identification:_identify(nimble) by extensions ['ros']
[1.147s] Level 1:colcon.colcon_core.package_identification:_identify(nimble) by extension 'ros'
[1.150s] DEBUG:colcon.colcon_core.package_identification:Package 'nimble' with type 'ros.ament_cmake' and name 'nimble'
[1.150s] Level 1:colcon.colcon_core.package_identification:_identify(nimble_interfaces) by extensions ['ignore', 'ignore_ament_install']
[1.150s] Level 1:colcon.colcon_core.package_identification:_identify(nimble_interfaces) by extension 'ignore'
[1.150s] Level 1:colcon.colcon_core.package_identification:_identify(nimble_interfaces) by extension 'ignore_ament_install'
[1.150s] Level 1:colcon.colcon_core.package_identification:_identify(nimble_interfaces) by extensions ['colcon_pkg']
[1.150s] Level 1:colcon.colcon_core.package_identification:_identify(nimble_interfaces) by extension 'colcon_pkg'
[1.150s] Level 1:colcon.colcon_core.package_identification:_identify(nimble_interfaces) by extensions ['colcon_meta']
[1.151s] Level 1:colcon.colcon_core.package_identification:_identify(nimble_interfaces) by extension 'colcon_meta'
[1.151s] Level 1:colcon.colcon_core.package_identification:_identify(nimble_interfaces) by extensions ['ros']
[1.151s] Level 1:colcon.colcon_core.package_identification:_identify(nimble_interfaces) by extension 'ros'
[1.151s] DEBUG:colcon.colcon_core.package_identification:Package 'nimble_interfaces' with type 'ros.ament_cmake' and name 'nimble_interfaces'
[1.151s] Level 1:colcon.colcon_core.package_identification:_identify(scripts) by extensions ['ignore', 'ignore_ament_install']
[1.151s] Level 1:colcon.colcon_core.package_identification:_identify(scripts) by extension 'ignore'
[1.151s] Level 1:colcon.colcon_core.package_identification:_identify(scripts) by extension 'ignore_ament_install'
[1.151s] Level 1:colcon.colcon_core.package_identification:_identify(scripts) by extensions ['colcon_pkg']
[1.151s] Level 1:colcon.colcon_core.package_identification:_identify(scripts) by extension 'colcon_pkg'
[1.151s] Level 1:colcon.colcon_core.package_identification:_identify(scripts) by extensions ['colcon_meta']
[1.151s] Level 1:colcon.colcon_core.package_identification:_identify(scripts) by extension 'colcon_meta'
[1.151s] Level 1:colcon.colcon_core.package_identification:_identify(scripts) by extensions ['ros']
[1.152s] Level 1:colcon.colcon_core.package_identification:_identify(scripts) by extension 'ros'
[1.152s] Level 1:colcon.colcon_core.package_identification:_identify(scripts) by extensions ['cmake', 'python']
[1.152s] Level 1:colcon.colcon_core.package_identification:_identify(scripts) by extension 'cmake'
[1.152s] Level 1:colcon.colcon_core.package_identification:_identify(scripts) by extension 'python'
[1.152s] Level 1:colcon.colcon_core.package_identification:_identify(scripts) by extensions ['python_setup_py']
[1.152s] Level 1:colcon.colcon_core.package_identification:_identify(scripts) by extension 'python_setup_py'
[1.152s] Level 1:colcon.colcon_core.package_discovery:discover_packages(recursive) using defaults
[1.152s] Level 1:colcon.colcon_core.package_discovery:discover_packages(ignore) discover
[1.152s] Level 1:colcon.colcon_core.package_discovery:discover_packages(ignore) using defaults
[1.152s] Level 1:colcon.colcon_core.package_discovery:discover_packages(path) discover
[1.152s] Level 1:colcon.colcon_core.package_discovery:discover_packages(path) using defaults
[1.253s] Level 1:colcon.colcon_core.package_discovery:discover_packages(prefix_path) check parameters
[1.253s] Level 1:colcon.colcon_core.package_discovery:discover_packages(prefix_path) discover
[1.285s] DEBUG:colcon.colcon_installed_package_information.package_discovery:Found 1 installed packages in /home/jcarballeira/evloc_ws/install
[1.312s] DEBUG:colcon.colcon_installed_package_information.package_discovery:Found 2 installed packages in /home/jcarballeira/nimble_ws/install
[1.332s] DEBUG:colcon.colcon_installed_package_information.package_discovery:Found 413 installed packages in /opt/ros/humble
[1.334s] Level 1:colcon.colcon_core.package_discovery:discover_packages(prefix_path) using defaults
[1.443s] Level 5:colcon.colcon_core.verb:set package 'nimble_interfaces' build argument 'cmake_args' from command line to 'None'
[1.443s] Level 5:colcon.colcon_core.verb:set package 'nimble_interfaces' build argument 'cmake_target' from command line to 'None'
[1.443s] Level 5:colcon.colcon_core.verb:set package 'nimble_interfaces' build argument 'cmake_target_skip_unavailable' from command line to 'False'
[1.443s] Level 5:colcon.colcon_core.verb:set package 'nimble_interfaces' build argument 'cmake_clean_cache' from command line to 'False'
[1.443s] Level 5:colcon.colcon_core.verb:set package 'nimble_interfaces' build argument 'cmake_clean_first' from command line to 'False'
[1.443s] Level 5:colcon.colcon_core.verb:set package 'nimble_interfaces' build argument 'cmake_force_configure' from command line to 'False'
[1.443s] Level 5:colcon.colcon_core.verb:set package 'nimble_interfaces' build argument 'ament_cmake_args' from command line to 'None'
[1.443s] Level 5:colcon.colcon_core.verb:set package 'nimble_interfaces' build argument 'catkin_cmake_args' from command line to 'None'
[1.443s] Level 5:colcon.colcon_core.verb:set package 'nimble_interfaces' build argument 'catkin_skip_building_tests' from command line to 'False'
[1.443s] DEBUG:colcon.colcon_core.verb:Building package 'nimble_interfaces' with the following arguments: {'ament_cmake_args': None, 'build_base': '/home/jcarballeira/nimble_ws/src/build/nimble_interfaces', 'catkin_cmake_args': None, 'catkin_skip_building_tests': False, 'cmake_args': None, 'cmake_clean_cache': False, 'cmake_clean_first': False, 'cmake_force_configure': False, 'cmake_target': None, 'cmake_target_skip_unavailable': False, 'install_base': '/home/jcarballeira/nimble_ws/src/install/nimble_interfaces', 'merge_install': False, 'path': '/home/jcarballeira/nimble_ws/src/nimble_interfaces', 'symlink_install': True, 'test_result_base': None}
[1.459s] Level 5:colcon.colcon_core.verb:set package 'nimble' build argument 'cmake_args' from command line to 'None'
[1.459s] Level 5:colcon.colcon_core.verb:set package 'nimble' build argument 'cmake_target' from command line to 'None'
[1.459s] Level 5:colcon.colcon_core.verb:set package 'nimble' build argument 'cmake_target_skip_unavailable' from command line to 'False'
[1.459s] Level 5:colcon.colcon_core.verb:set package 'nimble' build argument 'cmake_clean_cache' from command line to 'False'
[1.459s] Level 5:colcon.colcon_core.verb:set package 'nimble' build argument 'cmake_clean_first' from command line to 'False'
[1.459s] Level 5:colcon.colcon_core.verb:set package 'nimble' build argument 'cmake_force_configure' from command line to 'False'
[1.459s] Level 5:colcon.colcon_core.verb:set package 'nimble' build argument 'ament_cmake_args' from command line to 'None'
[1.459s] Level 5:colcon.colcon_core.verb:set package 'nimble' build argument 'catkin_cmake_args' from command line to 'None'
[1.459s] Level 5:colcon.colcon_core.verb:set package 'nimble' build argument 'catkin_skip_building_tests' from command line to 'False'
[1.459s] DEBUG:colcon.colcon_core.verb:Building package 'nimble' with the following arguments: {'ament_cmake_args': None, 'build_base': '/home/jcarballeira/nimble_ws/src/build/nimble', 'catkin_cmake_args': None, 'catkin_skip_building_tests': False, 'cmake_args': None, 'cmake_clean_cache': False, 'cmake_clean_first': False, 'cmake_force_configure': False, 'cmake_target': None, 'cmake_target_skip_unavailable': False, 'install_base': '/home/jcarballeira/nimble_ws/src/install/nimble', 'merge_install': False, 'path': '/home/jcarballeira/nimble_ws/src/nimble', 'symlink_install': True, 'test_result_base': None}
[1.475s] INFO:colcon.colcon_core.executor:Executing jobs using 'parallel' executor
[1.492s] DEBUG:colcon.colcon_parallel_executor.executor.parallel:run_until_complete
[1.492s] INFO:colcon.colcon_ros.task.ament_cmake.build:Building ROS package in '/home/jcarballeira/nimble_ws/src/nimble_interfaces' with build type 'ament_cmake'
[1.492s] INFO:colcon.colcon_cmake.task.cmake.build:Building CMake package in '/home/jcarballeira/nimble_ws/src/nimble_interfaces'
[1.510s] INFO:colcon.colcon_core.plugin_system:Skipping extension 'colcon_core.shell.bat': Not used on non-Windows systems
[1.511s] INFO:colcon.colcon_core.shell:Skip shell extension 'powershell' for command environment: Not usable outside of PowerShell
[1.511s] DEBUG:colcon.colcon_core.shell:Skip shell extension 'dsv' for command environment
[1.591s] DEBUG:colcon.colcon_core.event_handler.log_command:Invoking command in '/home/jcarballeira/nimble_ws/src/build/nimble_interfaces': CMAKE_PREFIX_PATH=${CMAKE_PREFIX_PATH}:/home/jcarballeira/evloc_ws/install/evloc:/opt/ros/humble /usr/bin/cmake --build /home/jcarballeira/nimble_ws/src/build/nimble_interfaces -- -j8 -l8
[1.991s] DEBUG:colcon.colcon_core.event_handler.log_command:Invoked command in '/home/jcarballeira/nimble_ws/src/build/nimble_interfaces' returned '0': CMAKE_PREFIX_PATH=${CMAKE_PREFIX_PATH}:/home/jcarballeira/evloc_ws/install/evloc:/opt/ros/humble /usr/bin/cmake --build /home/jcarballeira/nimble_ws/src/build/nimble_interfaces -- -j8 -l8
[2.133s] DEBUG:colcon.colcon_core.event_handler.log_command:Invoking command in '/home/jcarballeira/nimble_ws/src/build/nimble_interfaces': CMAKE_PREFIX_PATH=${CMAKE_PREFIX_PATH}:/home/jcarballeira/evloc_ws/install/evloc:/opt/ros/humble /usr/bin/cmake --install /home/jcarballeira/nimble_ws/src/build/nimble_interfaces
[2.228s] Level 1:colcon.colcon_core.environment:create_environment_scripts_only(nimble_interfaces)
[2.229s] DEBUG:colcon.colcon_core.event_handler.log_command:Invoked command in '/home/jcarballeira/nimble_ws/src/build/nimble_interfaces' returned '0': CMAKE_PREFIX_PATH=${CMAKE_PREFIX_PATH}:/home/jcarballeira/evloc_ws/install/evloc:/opt/ros/humble /usr/bin/cmake --install /home/jcarballeira/nimble_ws/src/build/nimble_interfaces
[2.250s] Level 1:colcon.colcon_core.environment:checking '/home/jcarballeira/nimble_ws/src/install/nimble_interfaces' for CMake module files
[2.250s] Level 1:colcon.colcon_core.environment:checking '/home/jcarballeira/nimble_ws/src/install/nimble_interfaces' for CMake config files
[2.251s] Level 1:colcon.colcon_core.shell:create_environment_hook('nimble_interfaces', 'cmake_prefix_path')
[2.270s] INFO:colcon.colcon_core.shell:Creating environment hook '/home/jcarballeira/nimble_ws/src/install/nimble_interfaces/share/nimble_interfaces/hook/cmake_prefix_path.ps1'
[2.270s] INFO:colcon.colcon_core.shell:Creating environment descriptor '/home/jcarballeira/nimble_ws/src/install/nimble_interfaces/share/nimble_interfaces/hook/cmake_prefix_path.dsv'
[2.271s] INFO:colcon.colcon_core.shell:Creating environment hook '/home/jcarballeira/nimble_ws/src/install/nimble_interfaces/share/nimble_interfaces/hook/cmake_prefix_path.sh'
[2.272s] Level 1:colcon.colcon_core.environment:checking '/home/jcarballeira/nimble_ws/src/install/nimble_interfaces/lib'
[2.272s] Level 1:colcon.colcon_core.shell:create_environment_hook('nimble_interfaces', 'ld_library_path_lib')
[2.290s] INFO:colcon.colcon_core.shell:Creating environment hook '/home/jcarballeira/nimble_ws/src/install/nimble_interfaces/share/nimble_interfaces/hook/ld_library_path_lib.ps1'
[2.291s] INFO:colcon.colcon_core.shell:Creating environment descriptor '/home/jcarballeira/nimble_ws/src/install/nimble_interfaces/share/nimble_interfaces/hook/ld_library_path_lib.dsv'
[2.291s] INFO:colcon.colcon_core.shell:Creating environment hook '/home/jcarballeira/nimble_ws/src/install/nimble_interfaces/share/nimble_interfaces/hook/ld_library_path_lib.sh'
[2.291s] Level 1:colcon.colcon_core.environment:checking '/home/jcarballeira/nimble_ws/src/install/nimble_interfaces/bin'
[2.291s] Level 1:colcon.colcon_core.environment:checking '/home/jcarballeira/nimble_ws/src/install/nimble_interfaces/lib/pkgconfig/nimble_interfaces.pc'
[2.291s] Level 1:colcon.colcon_core.environment:checking '/home/jcarballeira/nimble_ws/src/install/nimble_interfaces/lib/python3.10/site-packages'
[2.292s] Level 1:colcon.colcon_core.environment:checking '/home/jcarballeira/nimble_ws/src/install/nimble_interfaces/bin'
[2.311s] INFO:colcon.colcon_core.shell:Creating package script '/home/jcarballeira/nimble_ws/src/install/nimble_interfaces/share/nimble_interfaces/package.ps1'
[2.312s] INFO:colcon.colcon_core.shell:Creating package descriptor '/home/jcarballeira/nimble_ws/src/install/nimble_interfaces/share/nimble_interfaces/package.dsv'
[2.312s] INFO:colcon.colcon_core.shell:Creating package script '/home/jcarballeira/nimble_ws/src/install/nimble_interfaces/share/nimble_interfaces/package.sh'
[2.313s] INFO:colcon.colcon_core.shell:Creating package script '/home/jcarballeira/nimble_ws/src/install/nimble_interfaces/share/nimble_interfaces/package.bash'
[2.314s] INFO:colcon.colcon_core.shell:Creating package script '/home/jcarballeira/nimble_ws/src/install/nimble_interfaces/share/nimble_interfaces/package.zsh'
[2.314s] Level 1:colcon.colcon_core.environment:create_file_with_runtime_dependencies(/home/jcarballeira/nimble_ws/src/install/nimble_interfaces/share/colcon-core/packages/nimble_interfaces)
[2.468s] Level 1:colcon.colcon_core.environment:create_environment_scripts_only(nimble_interfaces)
[2.486s] Level 1:colcon.colcon_core.environment:checking '/home/jcarballeira/nimble_ws/src/install/nimble_interfaces' for CMake module files
[2.487s] Level 1:colcon.colcon_core.environment:checking '/home/jcarballeira/nimble_ws/src/install/nimble_interfaces' for CMake config files
[2.487s] Level 1:colcon.colcon_core.shell:create_environment_hook('nimble_interfaces', 'cmake_prefix_path')
[2.505s] INFO:colcon.colcon_core.shell:Creating environment hook '/home/jcarballeira/nimble_ws/src/install/nimble_interfaces/share/nimble_interfaces/hook/cmake_prefix_path.ps1'
[2.506s] INFO:colcon.colcon_core.shell:Creating environment descriptor '/home/jcarballeira/nimble_ws/src/install/nimble_interfaces/share/nimble_interfaces/hook/cmake_prefix_path.dsv'
[2.506s] INFO:colcon.colcon_core.shell:Creating environment hook '/home/jcarballeira/nimble_ws/src/install/nimble_interfaces/share/nimble_interfaces/hook/cmake_prefix_path.sh'
[2.506s] Level 1:colcon.colcon_core.environment:checking '/home/jcarballeira/nimble_ws/src/install/nimble_interfaces/lib'
[2.506s] Level 1:colcon.colcon_core.shell:create_environment_hook('nimble_interfaces', 'ld_library_path_lib')
[2.525s] INFO:colcon.colcon_core.shell:Creating environment hook '/home/jcarballeira/nimble_ws/src/install/nimble_interfaces/share/nimble_interfaces/hook/ld_library_path_lib.ps1'
[2.525s] INFO:colcon.colcon_core.shell:Creating environment descriptor '/home/jcarballeira/nimble_ws/src/install/nimble_interfaces/share/nimble_interfaces/hook/ld_library_path_lib.dsv'
[2.525s] INFO:colcon.colcon_core.shell:Creating environment hook '/home/jcarballeira/nimble_ws/src/install/nimble_interfaces/share/nimble_interfaces/hook/ld_library_path_lib.sh'
[2.526s] Level 1:colcon.colcon_core.environment:checking '/home/jcarballeira/nimble_ws/src/install/nimble_interfaces/bin'
[2.526s] Level 1:colcon.colcon_core.environment:checking '/home/jcarballeira/nimble_ws/src/install/nimble_interfaces/lib/pkgconfig/nimble_interfaces.pc'
[2.526s] Level 1:colcon.colcon_core.environment:checking '/home/jcarballeira/nimble_ws/src/install/nimble_interfaces/lib/python3.10/site-packages'
[2.526s] Level 1:colcon.colcon_core.environment:checking '/home/jcarballeira/nimble_ws/src/install/nimble_interfaces/bin'
[2.545s] INFO:colcon.colcon_core.shell:Creating package script '/home/jcarballeira/nimble_ws/src/install/nimble_interfaces/share/nimble_interfaces/package.ps1'
[2.545s] INFO:colcon.colcon_core.shell:Creating package descriptor '/home/jcarballeira/nimble_ws/src/install/nimble_interfaces/share/nimble_interfaces/package.dsv'
[2.546s] INFO:colcon.colcon_core.shell:Creating package script '/home/jcarballeira/nimble_ws/src/install/nimble_interfaces/share/nimble_interfaces/package.sh'
[2.546s] INFO:colcon.colcon_core.shell:Creating package script '/home/jcarballeira/nimble_ws/src/install/nimble_interfaces/share/nimble_interfaces/package.bash'
[2.547s] INFO:colcon.colcon_core.shell:Creating package script '/home/jcarballeira/nimble_ws/src/install/nimble_interfaces/share/nimble_interfaces/package.zsh'
[2.547s] Level 1:colcon.colcon_core.environment:create_file_with_runtime_dependencies(/home/jcarballeira/nimble_ws/src/install/nimble_interfaces/share/colcon-core/packages/nimble_interfaces)
[2.547s] INFO:colcon.colcon_ros.task.ament_cmake.build:Building ROS package in '/home/jcarballeira/nimble_ws/src/nimble' with build type 'ament_cmake'
[2.548s] INFO:colcon.colcon_cmake.task.cmake.build:Building CMake package in '/home/jcarballeira/nimble_ws/src/nimble'
[2.567s] INFO:colcon.colcon_core.shell:Skip shell extension 'powershell' for command environment: Not usable outside of PowerShell
[2.567s] DEBUG:colcon.colcon_core.shell:Skip shell extension 'dsv' for command environment
[2.650s] DEBUG:colcon.colcon_core.event_handler.log_command:Invoking command in '/home/jcarballeira/nimble_ws/src/build/nimble': AMENT_PREFIX_PATH=/home/jcarballeira/nimble_ws/src/install/nimble_interfaces:${AMENT_PREFIX_PATH} CMAKE_PREFIX_PATH=/home/jcarballeira/nimble_ws/src/install/nimble_interfaces:/home/jcarballeira/nimble_ws/install/nimble:/home/jcarballeira/nimble_ws/install/nimble_interfaces:/home/jcarballeira/evloc_ws/install/evloc:/opt/ros/humble LD_LIBRARY_PATH=/home/jcarballeira/nimble_ws/src/install/nimble_interfaces/lib:${LD_LIBRARY_PATH} PYTHONPATH=/home/jcarballeira/nimble_ws/src/install/nimble_interfaces/local/lib/python3.10/dist-packages:${PYTHONPATH} /usr/bin/cmake --build /home/jcarballeira/nimble_ws/src/build/nimble -- -j8 -l8
[14.340s] DEBUG:colcon.colcon_core.event_handler.log_command:Invoked command in '/home/jcarballeira/nimble_ws/src/build/nimble' returned '2': AMENT_PREFIX_PATH=/home/jcarballeira/nimble_ws/src/install/nimble_interfaces:${AMENT_PREFIX_PATH} CMAKE_PREFIX_PATH=/home/jcarballeira/nimble_ws/src/install/nimble_interfaces:/home/jcarballeira/nimble_ws/install/nimble:/home/jcarballeira/nimble_ws/install/nimble_interfaces:/home/jcarballeira/evloc_ws/install/evloc:/opt/ros/humble LD_LIBRARY_PATH=/home/jcarballeira/nimble_ws/src/install/nimble_interfaces/lib:${LD_LIBRARY_PATH} PYTHONPATH=/home/jcarballeira/nimble_ws/src/install/nimble_interfaces/local/lib/python3.10/dist-packages:${PYTHONPATH} /usr/bin/cmake --build /home/jcarballeira/nimble_ws/src/build/nimble -- -j8 -l8
[14.403s] Level 1:colcon.colcon_core.environment:create_environment_scripts_only(nimble)
[14.421s] Level 1:colcon.colcon_core.environment:checking '/home/jcarballeira/nimble_ws/src/install/nimble' for CMake module files
[14.422s] Level 1:colcon.colcon_core.environment:checking '/home/jcarballeira/nimble_ws/src/install/nimble' for CMake config files
[14.422s] Level 1:colcon.colcon_core.shell:create_environment_hook('nimble', 'cmake_prefix_path')
[14.441s] INFO:colcon.colcon_core.shell:Creating environment hook '/home/jcarballeira/nimble_ws/src/install/nimble/share/nimble/hook/cmake_prefix_path.ps1'
[14.441s] INFO:colcon.colcon_core.shell:Creating environment descriptor '/home/jcarballeira/nimble_ws/src/install/nimble/share/nimble/hook/cmake_prefix_path.dsv'
[14.441s] INFO:colcon.colcon_core.shell:Creating environment hook '/home/jcarballeira/nimble_ws/src/install/nimble/share/nimble/hook/cmake_prefix_path.sh'
[14.442s] Level 1:colcon.colcon_core.environment:checking '/home/jcarballeira/nimble_ws/src/install/nimble/lib'
[14.442s] Level 1:colcon.colcon_core.environment:checking '/home/jcarballeira/nimble_ws/src/install/nimble/bin'
[14.442s] Level 1:colcon.colcon_core.environment:checking '/home/jcarballeira/nimble_ws/src/install/nimble/lib/pkgconfig/nimble.pc'
[14.442s] Level 1:colcon.colcon_core.environment:checking '/home/jcarballeira/nimble_ws/src/install/nimble/lib/python3.10/site-packages'
[14.443s] Level 1:colcon.colcon_core.environment:checking '/home/jcarballeira/nimble_ws/src/install/nimble/bin'
[14.462s] INFO:colcon.colcon_core.shell:Creating package script '/home/jcarballeira/nimble_ws/src/install/nimble/share/nimble/package.ps1'
[14.463s] INFO:colcon.colcon_core.shell:Creating package descriptor '/home/jcarballeira/nimble_ws/src/install/nimble/share/nimble/package.dsv'
[14.463s] INFO:colcon.colcon_core.shell:Creating package script '/home/jcarballeira/nimble_ws/src/install/nimble/share/nimble/package.sh'
[14.463s] INFO:colcon.colcon_core.shell:Creating package script '/home/jcarballeira/nimble_ws/src/install/nimble/share/nimble/package.bash'
[14.464s] INFO:colcon.colcon_core.shell:Creating package script '/home/jcarballeira/nimble_ws/src/install/nimble/share/nimble/package.zsh'
[14.464s] Level 1:colcon.colcon_core.environment:create_file_with_runtime_dependencies(/home/jcarballeira/nimble_ws/src/install/nimble/share/colcon-core/packages/nimble)
[14.475s] DEBUG:colcon.colcon_parallel_executor.executor.parallel:closing loop
[14.475s] DEBUG:colcon.colcon_parallel_executor.executor.parallel:loop closed
[14.475s] DEBUG:colcon.colcon_parallel_executor.executor.parallel:run_until_complete finished with '2'
[14.475s] DEBUG:colcon.colcon_core.event_reactor:joining thread
[14.500s] INFO:colcon.colcon_core.plugin_system:Skipping extension 'colcon_notification.desktop_notification.terminal_notifier': Not used on non-Darwin systems
[14.501s] INFO:colcon.colcon_core.plugin_system:Skipping extension 'colcon_notification.desktop_notification.win32': Not used on non-Windows systems
[14.501s] INFO:colcon.colcon_notification.desktop_notification:Sending desktop notification using 'notify2'
[14.513s] DEBUG:colcon.colcon_core.event_reactor:joined thread
[14.533s] INFO:colcon.colcon_core.shell:Creating prefix script '/home/jcarballeira/nimble_ws/src/install/local_setup.ps1'
[14.534s] INFO:colcon.colcon_core.shell:Creating prefix util module '/home/jcarballeira/nimble_ws/src/install/_local_setup_util_ps1.py'
[14.536s] INFO:colcon.colcon_core.shell:Creating prefix chain script '/home/jcarballeira/nimble_ws/src/install/setup.ps1'
[14.560s] INFO:colcon.colcon_core.shell:Creating prefix script '/home/jcarballeira/nimble_ws/src/install/local_setup.sh'
[14.561s] INFO:colcon.colcon_core.shell:Creating prefix util module '/home/jcarballeira/nimble_ws/src/install/_local_setup_util_sh.py'
[14.561s] INFO:colcon.colcon_core.shell:Creating prefix chain script '/home/jcarballeira/nimble_ws/src/install/setup.sh'
[14.584s] INFO:colcon.colcon_core.shell:Creating prefix script '/home/jcarballeira/nimble_ws/src/install/local_setup.bash'
[14.585s] INFO:colcon.colcon_core.shell:Creating prefix chain script '/home/jcarballeira/nimble_ws/src/install/setup.bash'
[14.605s] INFO:colcon.colcon_core.shell:Creating prefix script '/home/jcarballeira/nimble_ws/src/install/local_setup.zsh'
[14.605s] INFO:colcon.colcon_core.shell:Creating prefix chain script '/home/jcarballeira/nimble_ws/src/install/setup.zsh'
