-- Found ament_cmake: 1.3.7 (/opt/ros/humble/share/ament_cmake/cmake)
-- Override CMake install command with custom implementation using symlinks instead of copying resources
-- Found rclcpp: 16.0.8 (/opt/ros/humble/share/rclcpp/cmake)
-- Found rosidl_generator_c: 3.1.5 (/opt/ros/humble/share/rosidl_generator_c/cmake)
-- Found rosidl_adapter: 3.1.5 (/opt/ros/humble/share/rosidl_adapter/cmake)
-- Found rosidl_generator_cpp: 3.1.5 (/opt/ros/humble/share/rosidl_generator_cpp/cmake)
-- Using all available rosidl_typesupport_c: rosidl_typesupport_fastrtps_c;rosidl_typesupport_introspection_c
-- Using all available rosidl_typesupport_cpp: rosidl_typesupport_fastrtps_cpp;rosidl_typesupport_introspection_cpp
-- Found rmw_implementation_cmake: 6.1.1 (/opt/ros/humble/share/rmw_implementation_cmake/cmake)
-- Found rmw_fastrtps_cpp: 6.2.6 (/opt/ros/humble/share/rmw_fastrtps_cpp/cmake)
-- Using RMW implementation 'rmw_fastrtps_cpp' as default
-- Found nimble_interfaces: 0.0.0 (/home/jcarballeira/nimble_ws/src/install/nimble_interfaces/share/nimble_interfaces/cmake)
-- Found sensor_msgs: 4.2.3 (/opt/ros/humble/share/sensor_msgs/cmake)
-- Found rosidl_default_generators: 1.2.0 (/opt/ros/humble/share/rosidl_default_generators/cmake)
-- Found ament_lint_auto: 0.12.10 (/opt/ros/humble/share/ament_lint_auto/cmake)
-- Added test 'cppcheck' to perform static code analysis on C / C++ code
-- Configured cppcheck include dirs: /home/jcarballeira/nimble_ws/src/nimble/include
-- Configured cppcheck exclude dirs and/or files: 
-- Added test 'flake8' to check Python code syntax and style conventions
-- Added test 'lint_cmake' to check CMake code style
-- Added test 'pep257' to check Python code against some of the docstring style conventions in PEP 257
-- Added test 'uncrustify' to check C / C++ code style
-- Configured uncrustify additional arguments: 
-- Added test 'xmllint' to check XML markup files
-- Configuring done
-- Generating done
-- Build files have been written to: /home/jcarballeira/nimble_ws/src/build/nimble
[35m[1mConsolidate compiler generated dependencies of target kinematic_model[0m
[35m[1mConsolidate compiler generated dependencies of target control_ZMP[0m
[35m[1mConsolidate compiler generated dependencies of target control_MSD[0m
[35m[1mConsolidate compiler generated dependencies of target states_machine[0m
[  5%] [32mBuilding CXX object CMakeFiles/fake_H3_node.dir/src/fake_H3_node.cpp.o[0m
[ 10%] [32mBuilding CXX object CMakeFiles/control_ZMP.dir/src/control_ZMP.cpp.o[0m
[ 20%] [32mBuilding CXX object CMakeFiles/control_MSD.dir/src/control_MSD.cpp.o[0m
[ 20%] [32mBuilding CXX object CMakeFiles/kinematic_model.dir/src/kinematic_model.cpp.o[0m
[ 25%] [32mBuilding CXX object CMakeFiles/states_machine.dir/src/states_machine.cpp.o[0m
[35m[1mConsolidate compiler generated dependencies of target gamming[0m
[35m[1mConsolidate compiler generated dependencies of target frame[0m
[ 30%] [32mBuilding CXX object CMakeFiles/gait_control.dir/src/gait_control.cpp.o[0m
[ 35%] [32mBuilding CXX object CMakeFiles/gamming.dir/src/gamming.cpp.o[0m
[ 40%] [32mBuilding CXX object CMakeFiles/frame.dir/src/frame.cpp.o[0m
[ 45%] [32m[1mLinking CXX executable frame[0m
[ 50%] [32m[1mLinking CXX executable fake_H3_node[0m
[ 50%] Built target frame
[ 50%] Built target fake_H3_node
[ 55%] [32m[1mLinking CXX executable gamming[0m
[ 55%] Built target gamming
[ 60%] [32m[1mLinking CXX executable kinematic_model[0m
[ 60%] Built target kinematic_model
[ 65%] [32m[1mLinking CXX executable gait_control[0m
[ 65%] Built target gait_control
[ 70%] [32m[1mLinking CXX executable control_ZMP[0m
[ 75%] [32m[1mLinking CXX executable control_MSD[0m
[ 75%] Built target control_ZMP
[ 75%] Built target control_MSD
[ 80%] [32m[1mLinking CXX executable states_machine[0m
[ 80%] Built target states_machine
[ 85%] [32mBuilding CXX object CMakeFiles/cartesian_traj_server.dir/src/cartesian_traj_service.cpp.o[0m
