[0.108s] Invoking command in '/home/jcarballeira/nimble_ws/src/build/nimble': AMENT_PREFIX_PATH=/home/jcarballeira/nimble_ws/src/install/nimble_interfaces:${AMENT_PREFIX_PATH} CMAKE_PREFIX_PATH=/home/jcarballeira/nimble_ws/src/install/nimble_interfaces:/home/jcarballeira/nimble_ws/install/nimble:/home/jcarballeira/nimble_ws/install/nimble_interfaces:/home/jcarballeira/evloc_ws/install/evloc:/opt/ros/humble LD_LIBRARY_PATH=/home/jcarballeira/nimble_ws/src/install/nimble_interfaces/lib:${LD_LIBRARY_PATH} PYTHONPATH=/home/jcarballeira/nimble_ws/src/install/nimble_interfaces/local/lib/python3.10/dist-packages:${PYTHONPATH} /usr/bin/cmake --build /home/jcarballeira/nimble_ws/src/build/nimble -- -j8 -l8
[0.162s] [35m[1mConsolidate compiler generated dependencies of target states_machine[0m
[0.183s] [ 12%] [32m[1mLinking CXX executable control_MSD[0m
[0.184s] [ 12%] [32mBuilding CXX object CMakeFiles/control_ZMP.dir/src/control_ZMP.cpp.o[0m
[0.185s] [ 18%] [32mBuilding CXX object CMakeFiles/frame.dir/src/frame.cpp.o[0m
[0.187s] [ 31%] Built target cables_robot
[0.188s] [ 37%] [32mBuilding CXX object CMakeFiles/gamming.dir/src/gamming.cpp.o[0m
[0.195s] [ 43%] [32mBuilding CXX object CMakeFiles/states_machine.dir/src/states_machine.cpp.o[0m
[0.196s] [ 50%] [32mBuilding CXX object CMakeFiles/traj_generator_server.dir/src/traj_generator_service.cpp.o[0m
[0.199s] [ 56%] [32mBuilding CXX object CMakeFiles/kinematic_model.dir/src/kinematic_model.cpp.o[0m
[3.340s] [ 62%] Built target control_MSD
[9.010s] [01m[K/home/jcarballeira/nimble_ws/src/nimble/src/kinematic_model.cpp:[m[K In member function ‘[01m[Kvoid kineticModel::KinematicModelNode::call_back_state_cables(const JointState&)[m[K’:
[9.012s] [01m[K/home/jcarballeira/nimble_ws/src/nimble/src/kinematic_model.cpp:172:41:[m[K [01;35m[Kwarning: [m[Kunused parameter ‘[01m[Kjoint_state_cables_msg[m[K’ [[01;35m[K]8;;https://gcc.gnu.org/onlinedocs/gcc/Warning-Options.html#index-Wunused-parameter-Wunused-parameter]8;;[m[K]
[9.014s]   172 |     [01;35m[Kconst sensor_msgs::msg::JointState &joint_state_cables_msg[m[K) {
[9.014s]       |     [01;35m[K~~~~~~~~~~~~~~~~~~~~~~~~~~~~~~~~~~~~^~~~~~~~~~~~~~~~~~~~~~[m[K
[10.390s] [ 68%] [32m[1mLinking CXX executable traj_generator_server[0m
[10.932s] [ 68%] Built target traj_generator_server
[19.183s] [ 75%] [32m[1mLinking CXX executable frame[0m
[20.318s] [ 75%] Built target frame
[24.249s] [ 81%] [32m[1mLinking CXX executable gamming[0m
[25.476s] [ 81%] Built target gamming
[31.953s] [ 87%] [32m[1mLinking CXX executable kinematic_model[0m
[33.270s] [ 87%] Built target kinematic_model
[35.650s] [ 93%] [32m[1mLinking CXX executable control_ZMP[0m
[37.342s] [ 93%] Built target control_ZMP
[42.016s] [100%] [32m[1mLinking CXX executable states_machine[0m
[43.973s] [100%] Built target states_machine
[43.987s] Invoked command in '/home/jcarballeira/nimble_ws/src/build/nimble' returned '0': AMENT_PREFIX_PATH=/home/jcarballeira/nimble_ws/src/install/nimble_interfaces:${AMENT_PREFIX_PATH} CMAKE_PREFIX_PATH=/home/jcarballeira/nimble_ws/src/install/nimble_interfaces:/home/jcarballeira/nimble_ws/install/nimble:/home/jcarballeira/nimble_ws/install/nimble_interfaces:/home/jcarballeira/evloc_ws/install/evloc:/opt/ros/humble LD_LIBRARY_PATH=/home/jcarballeira/nimble_ws/src/install/nimble_interfaces/lib:${LD_LIBRARY_PATH} PYTHONPATH=/home/jcarballeira/nimble_ws/src/install/nimble_interfaces/local/lib/python3.10/dist-packages:${PYTHONPATH} /usr/bin/cmake --build /home/jcarballeira/nimble_ws/src/build/nimble -- -j8 -l8
[44.038s] Invoking command in '/home/jcarballeira/nimble_ws/src/build/nimble': AMENT_PREFIX_PATH=/home/jcarballeira/nimble_ws/src/install/nimble_interfaces:${AMENT_PREFIX_PATH} CMAKE_PREFIX_PATH=/home/jcarballeira/nimble_ws/src/install/nimble_interfaces:/home/jcarballeira/nimble_ws/install/nimble:/home/jcarballeira/nimble_ws/install/nimble_interfaces:/home/jcarballeira/evloc_ws/install/evloc:/opt/ros/humble LD_LIBRARY_PATH=/home/jcarballeira/nimble_ws/src/install/nimble_interfaces/lib:${LD_LIBRARY_PATH} PYTHONPATH=/home/jcarballeira/nimble_ws/src/install/nimble_interfaces/local/lib/python3.10/dist-packages:${PYTHONPATH} /usr/bin/cmake --install /home/jcarballeira/nimble_ws/src/build/nimble
[44.046s] -- Install configuration: ""
[44.046s] -- Execute custom install script
[44.047s] -- Up-to-date symlink: /home/jcarballeira/nimble_ws/src/install/nimble/lib/nimble/kinematic_model
[44.047s] -- Up-to-date symlink: /home/jcarballeira/nimble_ws/src/install/nimble/lib/nimble/control_ZMP
[44.047s] -- Up-to-date symlink: /home/jcarballeira/nimble_ws/src/install/nimble/lib/nimble/control_MSD
[44.048s] -- Up-to-date symlink: /home/jcarballeira/nimble_ws/src/install/nimble/lib/nimble/cables_robot
[44.048s] -- Up-to-date symlink: /home/jcarballeira/nimble_ws/src/install/nimble/lib/nimble/gamming
[44.048s] -- Up-to-date symlink: /home/jcarballeira/nimble_ws/src/install/nimble/lib/nimble/frame
[44.048s] -- Up-to-date symlink: /home/jcarballeira/nimble_ws/src/install/nimble/lib/nimble/states_machine
[44.049s] -- Up-to-date symlink: /home/jcarballeira/nimble_ws/src/install/nimble/lib/nimble/traj_generator_server
[44.049s] -- Up-to-date symlink: /home/jcarballeira/nimble_ws/src/install/nimble/share/nimble/launch/__pycache__/nimble_launch.cpython-310.pyc
[44.050s] -- Up-to-date symlink: /home/jcarballeira/nimble_ws/src/install/nimble/share/nimble/launch/nimble_launch.py
[44.050s] -- Up-to-date symlink: /home/jcarballeira/nimble_ws/src/install/nimble/share/nimble/include/kinetik_model/kineticModel.hpp
[44.050s] -- Up-to-date symlink: /home/jcarballeira/nimble_ws/src/install/nimble/share/nimble/include/state_machine/stateMachine.hpp
[44.051s] -- Up-to-date symlink: /home/jcarballeira/nimble_ws/src/install/nimble/share/nimble/config/paciente.yaml
[44.051s] -- Up-to-date symlink: /home/jcarballeira/nimble_ws/src/install/nimble/lib/nimble/hmi.py
[44.051s] -- Up-to-date symlink: /home/jcarballeira/nimble_ws/src/install/nimble/share/ament_index/resource_index/package_run_dependencies/nimble
[44.052s] -- Up-to-date symlink: /home/jcarballeira/nimble_ws/src/install/nimble/share/ament_index/resource_index/parent_prefix_path/nimble
[44.052s] -- Up-to-date symlink: /home/jcarballeira/nimble_ws/src/install/nimble/share/nimble/environment/ament_prefix_path.sh
[44.052s] -- Up-to-date symlink: /home/jcarballeira/nimble_ws/src/install/nimble/share/nimble/environment/ament_prefix_path.dsv
[44.053s] -- Up-to-date symlink: /home/jcarballeira/nimble_ws/src/install/nimble/share/nimble/environment/path.sh
[44.054s] -- Up-to-date symlink: /home/jcarballeira/nimble_ws/src/install/nimble/share/nimble/environment/path.dsv
[44.054s] -- Up-to-date symlink: /home/jcarballeira/nimble_ws/src/install/nimble/share/nimble/local_setup.bash
[44.054s] -- Up-to-date symlink: /home/jcarballeira/nimble_ws/src/install/nimble/share/nimble/local_setup.sh
[44.054s] -- Up-to-date symlink: /home/jcarballeira/nimble_ws/src/install/nimble/share/nimble/local_setup.zsh
[44.055s] -- Up-to-date symlink: /home/jcarballeira/nimble_ws/src/install/nimble/share/nimble/local_setup.dsv
[44.055s] -- Symlinking: /home/jcarballeira/nimble_ws/src/install/nimble/share/nimble/package.dsv
[44.065s] -- Up-to-date symlink: /home/jcarballeira/nimble_ws/src/install/nimble/share/ament_index/resource_index/packages/nimble
[44.065s] -- Up-to-date symlink: /home/jcarballeira/nimble_ws/src/install/nimble/share/nimble/cmake/nimbleConfig.cmake
[44.065s] -- Up-to-date symlink: /home/jcarballeira/nimble_ws/src/install/nimble/share/nimble/cmake/nimbleConfig-version.cmake
[44.065s] -- Up-to-date symlink: /home/jcarballeira/nimble_ws/src/install/nimble/share/nimble/package.xml
[44.068s] Invoked command in '/home/jcarballeira/nimble_ws/src/build/nimble' returned '0': AMENT_PREFIX_PATH=/home/jcarballeira/nimble_ws/src/install/nimble_interfaces:${AMENT_PREFIX_PATH} CMAKE_PREFIX_PATH=/home/jcarballeira/nimble_ws/src/install/nimble_interfaces:/home/jcarballeira/nimble_ws/install/nimble:/home/jcarballeira/nimble_ws/install/nimble_interfaces:/home/jcarballeira/evloc_ws/install/evloc:/opt/ros/humble LD_LIBRARY_PATH=/home/jcarballeira/nimble_ws/src/install/nimble_interfaces/lib:${LD_LIBRARY_PATH} PYTHONPATH=/home/jcarballeira/nimble_ws/src/install/nimble_interfaces/local/lib/python3.10/dist-packages:${PYTHONPATH} /usr/bin/cmake --install /home/jcarballeira/nimble_ws/src/build/nimble
