[0.006s] Invoking command in '/home/jaime/Downloads/MotorControl/uros_ws/build/micro_ros_msgs': CMAKE_PREFIX_PATH=${CMAKE_PREFIX_PATH}:/opt/ros/humble /usr/bin/cmake /home/jaime/Downloads/MotorControl/uros_ws/src/uros/micro_ros_msgs -DUAGENT_BUILD_EXECUTABLE=OFF -DUAGENT_P2P_PROFILE=OFF --no-warn-unused-cli -DCMAKE_INSTALL_PREFIX=/home/jaime/Downloads/MotorControl/uros_ws/install/micro_ros_msgs
[0.010s] Not searching for unused variables given on the command line.
[0.013s] -- Found ament_cmake: 1.3.8 (/opt/ros/humble/share/ament_cmake/cmake)
[0.092s] -- Found rosidl_default_generators: 1.2.0 (/opt/ros/humble/share/rosidl_default_generators/cmake)
[0.092s] -- Using all available rosidl_typesupport_c: rosidl_typesupport_fastrtps_c;rosidl_typesupport_introspection_c
[0.094s] -- Found rosidl_adapter: 3.1.5 (/opt/ros/humble/share/rosidl_adapter/cmake)
[0.115s] -- Using all available rosidl_typesupport_cpp: rosidl_typesupport_fastrtps_cpp;rosidl_typesupport_introspection_cpp
[0.131s] -- Found ament_lint_auto: 0.12.10 (/opt/ros/humble/share/ament_lint_auto/cmake)
[0.293s] -- Found ament_cmake_ros: 0.10.0 (/opt/ros/humble/share/ament_cmake_ros/cmake)
[0.404s] -- Using all available rosidl_typesupport_c: rosidl_typesupport_fastrtps_c;rosidl_typesupport_introspection_c
[0.551s] -- Using all available rosidl_typesupport_cpp: rosidl_typesupport_fastrtps_cpp;rosidl_typesupport_introspection_cpp
[0.565s] -- Found python_cmake_module: 0.10.0 (/opt/ros/humble/share/python_cmake_module/cmake)
[0.579s] -- Using PYTHON_EXECUTABLE: /usr/bin/python3
[0.579s] -- Using PYTHON_INCLUDE_DIRS: /usr/include/python3.10
[0.579s] -- Using PYTHON_LIBRARIES: /usr/lib/x86_64-linux-gnu/libpython3.10.so
[0.587s] -- Added test 'copyright' to check source files copyright and LICENSE
[0.590s] -- Added test 'lint_cmake' to check CMake code style
[0.592s] -- Added test 'xmllint' to check XML markup files
[0.594s] -- Configuring done
[0.610s] -- Generating done
[0.611s] -- Build files have been written to: /home/jaime/Downloads/MotorControl/uros_ws/build/micro_ros_msgs
[0.615s] Invoked command in '/home/jaime/Downloads/MotorControl/uros_ws/build/micro_ros_msgs' returned '0': CMAKE_PREFIX_PATH=${CMAKE_PREFIX_PATH}:/opt/ros/humble /usr/bin/cmake /home/jaime/Downloads/MotorControl/uros_ws/src/uros/micro_ros_msgs -DUAGENT_BUILD_EXECUTABLE=OFF -DUAGENT_P2P_PROFILE=OFF --no-warn-unused-cli -DCMAKE_INSTALL_PREFIX=/home/jaime/Downloads/MotorControl/uros_ws/install/micro_ros_msgs
[0.616s] Invoking command in '/home/jaime/Downloads/MotorControl/uros_ws/build/micro_ros_msgs': CMAKE_PREFIX_PATH=${CMAKE_PREFIX_PATH}:/opt/ros/humble /usr/bin/cmake --build /home/jaime/Downloads/MotorControl/uros_ws/build/micro_ros_msgs -- -j8 -l8
[0.639s] [35m[1mConsolidate compiler generated dependencies of target micro_ros_msgs__rosidl_generator_c[0m
[0.644s] [  2%] Built target micro_ros_msgs__cpp
[0.645s] [ 12%] Built target micro_ros_msgs__rosidl_generator_c
[0.650s] [ 12%] Built target ament_cmake_python_copy_micro_ros_msgs
[0.651s] [35m[1mConsolidate compiler generated dependencies of target micro_ros_msgs__rosidl_typesupport_cpp[0m
[0.652s] [35m[1mConsolidate compiler generated dependencies of target micro_ros_msgs__rosidl_typesupport_introspection_cpp[0m
[0.652s] [35m[1mConsolidate compiler generated dependencies of target micro_ros_msgs__rosidl_typesupport_fastrtps_cpp[0m
[0.652s] [35m[1mConsolidate compiler generated dependencies of target micro_ros_msgs__rosidl_typesupport_c[0m
[0.652s] [35m[1mConsolidate compiler generated dependencies of target micro_ros_msgs__rosidl_typesupport_fastrtps_c[0m
[0.652s] [35m[1mConsolidate compiler generated dependencies of target micro_ros_msgs__rosidl_typesupport_introspection_c[0m
[0.663s] [ 23%] Built target micro_ros_msgs__rosidl_typesupport_cpp
[0.663s] [ 36%] Built target micro_ros_msgs__rosidl_typesupport_introspection_cpp
[0.663s] [ 48%] Built target micro_ros_msgs__rosidl_typesupport_introspection_c
[0.663s] [ 55%] Built target micro_ros_msgs__rosidl_typesupport_c
[0.666s] [ 76%] Built target micro_ros_msgs__rosidl_typesupport_fastrtps_cpp
[0.666s] [ 76%] Built target micro_ros_msgs__rosidl_typesupport_fastrtps_c
[0.677s] [ 76%] Built target micro_ros_msgs
[0.688s] [ 78%] Built target micro_ros_msgs__py
[0.695s] [35m[1mConsolidate compiler generated dependencies of target micro_ros_msgs__rosidl_generator_py[0m
[0.703s] [ 87%] Built target micro_ros_msgs__rosidl_generator_py
[0.709s] [35m[1mConsolidate compiler generated dependencies of target micro_ros_msgs__rosidl_typesupport_c__pyext[0m
[0.709s] [35m[1mConsolidate compiler generated dependencies of target micro_ros_msgs__rosidl_typesupport_fastrtps_c__pyext[0m
[0.709s] [35m[1mConsolidate compiler generated dependencies of target micro_ros_msgs__rosidl_typesupport_introspection_c__pyext[0m
[0.716s] [100%] Built target micro_ros_msgs__rosidl_typesupport_c__pyext
[0.716s] [100%] Built target micro_ros_msgs__rosidl_typesupport_fastrtps_c__pyext
[0.716s] [100%] Built target micro_ros_msgs__rosidl_typesupport_introspection_c__pyext
[0.797s] running egg_info
[0.797s] writing micro_ros_msgs.egg-info/PKG-INFO
[0.797s] writing dependency_links to micro_ros_msgs.egg-info/dependency_links.txt
[0.797s] writing top-level names to micro_ros_msgs.egg-info/top_level.txt
[0.799s] reading manifest file 'micro_ros_msgs.egg-info/SOURCES.txt'
[0.799s] writing manifest file 'micro_ros_msgs.egg-info/SOURCES.txt'
[0.816s] [100%] Built target ament_cmake_python_build_micro_ros_msgs_egg
[0.823s] Invoked command in '/home/jaime/Downloads/MotorControl/uros_ws/build/micro_ros_msgs' returned '0': CMAKE_PREFIX_PATH=${CMAKE_PREFIX_PATH}:/opt/ros/humble /usr/bin/cmake --build /home/jaime/Downloads/MotorControl/uros_ws/build/micro_ros_msgs -- -j8 -l8
[0.876s] Invoking command in '/home/jaime/Downloads/MotorControl/uros_ws/build/micro_ros_msgs': CMAKE_PREFIX_PATH=${CMAKE_PREFIX_PATH}:/opt/ros/humble /usr/bin/cmake --install /home/jaime/Downloads/MotorControl/uros_ws/build/micro_ros_msgs
[0.880s] -- Install configuration: ""
[0.880s] -- Up-to-date: /home/jaime/Downloads/MotorControl/uros_ws/install/micro_ros_msgs/share/ament_index/resource_index/rosidl_interfaces/micro_ros_msgs
[0.880s] -- Up-to-date: /home/jaime/Downloads/MotorControl/uros_ws/install/micro_ros_msgs/include/micro_ros_msgs/micro_ros_msgs
[0.880s] -- Up-to-date: /home/jaime/Downloads/MotorControl/uros_ws/install/micro_ros_msgs/include/micro_ros_msgs/micro_ros_msgs/msg
[0.880s] -- Up-to-date: /home/jaime/Downloads/MotorControl/uros_ws/install/micro_ros_msgs/include/micro_ros_msgs/micro_ros_msgs/msg/detail
[0.880s] -- Up-to-date: /home/jaime/Downloads/MotorControl/uros_ws/install/micro_ros_msgs/include/micro_ros_msgs/micro_ros_msgs/msg/detail/graph__functions.c
[0.880s] -- Up-to-date: /home/jaime/Downloads/MotorControl/uros_ws/install/micro_ros_msgs/include/micro_ros_msgs/micro_ros_msgs/msg/detail/graph__type_support.h
[0.880s] -- Up-to-date: /home/jaime/Downloads/MotorControl/uros_ws/install/micro_ros_msgs/include/micro_ros_msgs/micro_ros_msgs/msg/detail/graph__functions.h
[0.880s] -- Up-to-date: /home/jaime/Downloads/MotorControl/uros_ws/install/micro_ros_msgs/include/micro_ros_msgs/micro_ros_msgs/msg/detail/node__type_support.h
[0.881s] -- Up-to-date: /home/jaime/Downloads/MotorControl/uros_ws/install/micro_ros_msgs/include/micro_ros_msgs/micro_ros_msgs/msg/detail/entity__type_support.h
[0.881s] -- Up-to-date: /home/jaime/Downloads/MotorControl/uros_ws/install/micro_ros_msgs/include/micro_ros_msgs/micro_ros_msgs/msg/detail/entity__functions.h
[0.881s] -- Up-to-date: /home/jaime/Downloads/MotorControl/uros_ws/install/micro_ros_msgs/include/micro_ros_msgs/micro_ros_msgs/msg/detail/entity__functions.c
[0.881s] -- Up-to-date: /home/jaime/Downloads/MotorControl/uros_ws/install/micro_ros_msgs/include/micro_ros_msgs/micro_ros_msgs/msg/detail/entity__struct.h
[0.881s] -- Up-to-date: /home/jaime/Downloads/MotorControl/uros_ws/install/micro_ros_msgs/include/micro_ros_msgs/micro_ros_msgs/msg/detail/node__functions.h
[0.881s] -- Up-to-date: /home/jaime/Downloads/MotorControl/uros_ws/install/micro_ros_msgs/include/micro_ros_msgs/micro_ros_msgs/msg/detail/node__struct.h
[0.881s] -- Up-to-date: /home/jaime/Downloads/MotorControl/uros_ws/install/micro_ros_msgs/include/micro_ros_msgs/micro_ros_msgs/msg/detail/graph__struct.h
[0.881s] -- Up-to-date: /home/jaime/Downloads/MotorControl/uros_ws/install/micro_ros_msgs/include/micro_ros_msgs/micro_ros_msgs/msg/detail/node__functions.c
[0.881s] -- Up-to-date: /home/jaime/Downloads/MotorControl/uros_ws/install/micro_ros_msgs/include/micro_ros_msgs/micro_ros_msgs/msg/entity.h
[0.881s] -- Up-to-date: /home/jaime/Downloads/MotorControl/uros_ws/install/micro_ros_msgs/include/micro_ros_msgs/micro_ros_msgs/msg/rosidl_generator_c__visibility_control.h
[0.881s] -- Up-to-date: /home/jaime/Downloads/MotorControl/uros_ws/install/micro_ros_msgs/include/micro_ros_msgs/micro_ros_msgs/msg/graph.h
[0.881s] -- Up-to-date: /home/jaime/Downloads/MotorControl/uros_ws/install/micro_ros_msgs/include/micro_ros_msgs/micro_ros_msgs/msg/node.h
[0.881s] -- Up-to-date: /home/jaime/Downloads/MotorControl/uros_ws/install/micro_ros_msgs/share/micro_ros_msgs/environment/library_path.sh
[0.881s] -- Installing: /home/jaime/Downloads/MotorControl/uros_ws/install/micro_ros_msgs/share/micro_ros_msgs/environment/library_path.dsv
[0.881s] -- Up-to-date: /home/jaime/Downloads/MotorControl/uros_ws/install/micro_ros_msgs/lib/libmicro_ros_msgs__rosidl_generator_c.so
[0.881s] -- Up-to-date: /home/jaime/Downloads/MotorControl/uros_ws/install/micro_ros_msgs/include/micro_ros_msgs/micro_ros_msgs
[0.881s] -- Up-to-date: /home/jaime/Downloads/MotorControl/uros_ws/install/micro_ros_msgs/include/micro_ros_msgs/micro_ros_msgs/msg
[0.881s] -- Up-to-date: /home/jaime/Downloads/MotorControl/uros_ws/install/micro_ros_msgs/include/micro_ros_msgs/micro_ros_msgs/msg/detail
[0.881s] -- Up-to-date: /home/jaime/Downloads/MotorControl/uros_ws/install/micro_ros_msgs/include/micro_ros_msgs/micro_ros_msgs/msg/detail/node__rosidl_typesupport_fastrtps_c.h
[0.881s] -- Up-to-date: /home/jaime/Downloads/MotorControl/uros_ws/install/micro_ros_msgs/include/micro_ros_msgs/micro_ros_msgs/msg/detail/graph__rosidl_typesupport_fastrtps_c.h
[0.881s] -- Up-to-date: /home/jaime/Downloads/MotorControl/uros_ws/install/micro_ros_msgs/include/micro_ros_msgs/micro_ros_msgs/msg/detail/entity__rosidl_typesupport_fastrtps_c.h
[0.881s] -- Up-to-date: /home/jaime/Downloads/MotorControl/uros_ws/install/micro_ros_msgs/include/micro_ros_msgs/micro_ros_msgs/msg/rosidl_typesupport_fastrtps_c__visibility_control.h
[0.881s] -- Up-to-date: /home/jaime/Downloads/MotorControl/uros_ws/install/micro_ros_msgs/lib/libmicro_ros_msgs__rosidl_typesupport_fastrtps_c.so
[0.881s] -- Up-to-date: /home/jaime/Downloads/MotorControl/uros_ws/install/micro_ros_msgs/include/micro_ros_msgs/micro_ros_msgs
[0.881s] -- Up-to-date: /home/jaime/Downloads/MotorControl/uros_ws/install/micro_ros_msgs/include/micro_ros_msgs/micro_ros_msgs/msg
[0.881s] -- Up-to-date: /home/jaime/Downloads/MotorControl/uros_ws/install/micro_ros_msgs/include/micro_ros_msgs/micro_ros_msgs/msg/detail
[0.882s] -- Up-to-date: /home/jaime/Downloads/MotorControl/uros_ws/install/micro_ros_msgs/include/micro_ros_msgs/micro_ros_msgs/msg/detail/graph__type_support.c
[0.882s] -- Up-to-date: /home/jaime/Downloads/MotorControl/uros_ws/install/micro_ros_msgs/include/micro_ros_msgs/micro_ros_msgs/msg/detail/entity__rosidl_typesupport_introspection_c.h
[0.882s] -- Up-to-date: /home/jaime/Downloads/MotorControl/uros_ws/install/micro_ros_msgs/include/micro_ros_msgs/micro_ros_msgs/msg/detail/entity__type_support.c
[0.882s] -- Up-to-date: /home/jaime/Downloads/MotorControl/uros_ws/install/micro_ros_msgs/include/micro_ros_msgs/micro_ros_msgs/msg/detail/node__type_support.c
[0.882s] -- Up-to-date: /home/jaime/Downloads/MotorControl/uros_ws/install/micro_ros_msgs/include/micro_ros_msgs/micro_ros_msgs/msg/detail/graph__rosidl_typesupport_introspection_c.h
[0.882s] -- Up-to-date: /home/jaime/Downloads/MotorControl/uros_ws/install/micro_ros_msgs/include/micro_ros_msgs/micro_ros_msgs/msg/detail/node__rosidl_typesupport_introspection_c.h
[0.882s] -- Up-to-date: /home/jaime/Downloads/MotorControl/uros_ws/install/micro_ros_msgs/include/micro_ros_msgs/micro_ros_msgs/msg/rosidl_typesupport_introspection_c__visibility_control.h
[0.882s] -- Up-to-date: /home/jaime/Downloads/MotorControl/uros_ws/install/micro_ros_msgs/lib/libmicro_ros_msgs__rosidl_typesupport_introspection_c.so
[0.882s] -- Up-to-date: /home/jaime/Downloads/MotorControl/uros_ws/install/micro_ros_msgs/lib/libmicro_ros_msgs__rosidl_typesupport_c.so
[0.882s] -- Up-to-date: /home/jaime/Downloads/MotorControl/uros_ws/install/micro_ros_msgs/include/micro_ros_msgs/micro_ros_msgs
[0.882s] -- Up-to-date: /home/jaime/Downloads/MotorControl/uros_ws/install/micro_ros_msgs/include/micro_ros_msgs/micro_ros_msgs/msg
[0.882s] -- Up-to-date: /home/jaime/Downloads/MotorControl/uros_ws/install/micro_ros_msgs/include/micro_ros_msgs/micro_ros_msgs/msg/detail
[0.882s] -- Up-to-date: /home/jaime/Downloads/MotorControl/uros_ws/install/micro_ros_msgs/include/micro_ros_msgs/micro_ros_msgs/msg/detail/graph__traits.hpp
[0.882s] -- Up-to-date: /home/jaime/Downloads/MotorControl/uros_ws/install/micro_ros_msgs/include/micro_ros_msgs/micro_ros_msgs/msg/detail/entity__builder.hpp
[0.882s] -- Up-to-date: /home/jaime/Downloads/MotorControl/uros_ws/install/micro_ros_msgs/include/micro_ros_msgs/micro_ros_msgs/msg/detail/node__traits.hpp
[0.882s] -- Up-to-date: /home/jaime/Downloads/MotorControl/uros_ws/install/micro_ros_msgs/include/micro_ros_msgs/micro_ros_msgs/msg/detail/node__struct.hpp
[0.882s] -- Up-to-date: /home/jaime/Downloads/MotorControl/uros_ws/install/micro_ros_msgs/include/micro_ros_msgs/micro_ros_msgs/msg/detail/graph__struct.hpp
[0.882s] -- Up-to-date: /home/jaime/Downloads/MotorControl/uros_ws/install/micro_ros_msgs/include/micro_ros_msgs/micro_ros_msgs/msg/detail/graph__builder.hpp
[0.882s] -- Up-to-date: /home/jaime/Downloads/MotorControl/uros_ws/install/micro_ros_msgs/include/micro_ros_msgs/micro_ros_msgs/msg/detail/node__builder.hpp
[0.882s] -- Up-to-date: /home/jaime/Downloads/MotorControl/uros_ws/install/micro_ros_msgs/include/micro_ros_msgs/micro_ros_msgs/msg/detail/entity__struct.hpp
[0.882s] -- Up-to-date: /home/jaime/Downloads/MotorControl/uros_ws/install/micro_ros_msgs/include/micro_ros_msgs/micro_ros_msgs/msg/detail/entity__traits.hpp
[0.882s] -- Up-to-date: /home/jaime/Downloads/MotorControl/uros_ws/install/micro_ros_msgs/include/micro_ros_msgs/micro_ros_msgs/msg/entity.hpp
[0.882s] -- Up-to-date: /home/jaime/Downloads/MotorControl/uros_ws/install/micro_ros_msgs/include/micro_ros_msgs/micro_ros_msgs/msg/node.hpp
[0.882s] -- Up-to-date: /home/jaime/Downloads/MotorControl/uros_ws/install/micro_ros_msgs/include/micro_ros_msgs/micro_ros_msgs/msg/graph.hpp
[0.882s] -- Up-to-date: /home/jaime/Downloads/MotorControl/uros_ws/install/micro_ros_msgs/include/micro_ros_msgs/micro_ros_msgs
[0.882s] -- Up-to-date: /home/jaime/Downloads/MotorControl/uros_ws/install/micro_ros_msgs/include/micro_ros_msgs/micro_ros_msgs/msg
[0.882s] -- Up-to-date: /home/jaime/Downloads/MotorControl/uros_ws/install/micro_ros_msgs/include/micro_ros_msgs/micro_ros_msgs/msg/detail
[0.883s] -- Up-to-date: /home/jaime/Downloads/MotorControl/uros_ws/install/micro_ros_msgs/include/micro_ros_msgs/micro_ros_msgs/msg/detail/entity__rosidl_typesupport_fastrtps_cpp.hpp
[0.883s] -- Up-to-date: /home/jaime/Downloads/MotorControl/uros_ws/install/micro_ros_msgs/include/micro_ros_msgs/micro_ros_msgs/msg/detail/dds_fastrtps
[0.883s] -- Up-to-date: /home/jaime/Downloads/MotorControl/uros_ws/install/micro_ros_msgs/include/micro_ros_msgs/micro_ros_msgs/msg/detail/node__rosidl_typesupport_fastrtps_cpp.hpp
[0.883s] -- Up-to-date: /home/jaime/Downloads/MotorControl/uros_ws/install/micro_ros_msgs/include/micro_ros_msgs/micro_ros_msgs/msg/detail/graph__rosidl_typesupport_fastrtps_cpp.hpp
[0.883s] -- Up-to-date: /home/jaime/Downloads/MotorControl/uros_ws/install/micro_ros_msgs/include/micro_ros_msgs/micro_ros_msgs/msg/rosidl_typesupport_fastrtps_cpp__visibility_control.h
[0.883s] -- Up-to-date: /home/jaime/Downloads/MotorControl/uros_ws/install/micro_ros_msgs/lib/libmicro_ros_msgs__rosidl_typesupport_fastrtps_cpp.so
[0.883s] -- Up-to-date: /home/jaime/Downloads/MotorControl/uros_ws/install/micro_ros_msgs/include/micro_ros_msgs/micro_ros_msgs
[0.883s] -- Up-to-date: /home/jaime/Downloads/MotorControl/uros_ws/install/micro_ros_msgs/include/micro_ros_msgs/micro_ros_msgs/msg
[0.883s] -- Up-to-date: /home/jaime/Downloads/MotorControl/uros_ws/install/micro_ros_msgs/include/micro_ros_msgs/micro_ros_msgs/msg/detail
[0.883s] -- Up-to-date: /home/jaime/Downloads/MotorControl/uros_ws/install/micro_ros_msgs/include/micro_ros_msgs/micro_ros_msgs/msg/detail/entity__type_support.cpp
[0.883s] -- Up-to-date: /home/jaime/Downloads/MotorControl/uros_ws/install/micro_ros_msgs/include/micro_ros_msgs/micro_ros_msgs/msg/detail/node__type_support.cpp
[0.883s] -- Up-to-date: /home/jaime/Downloads/MotorControl/uros_ws/install/micro_ros_msgs/include/micro_ros_msgs/micro_ros_msgs/msg/detail/node__rosidl_typesupport_introspection_cpp.hpp
[0.883s] -- Up-to-date: /home/jaime/Downloads/MotorControl/uros_ws/install/micro_ros_msgs/include/micro_ros_msgs/micro_ros_msgs/msg/detail/entity__rosidl_typesupport_introspection_cpp.hpp
[0.883s] -- Up-to-date: /home/jaime/Downloads/MotorControl/uros_ws/install/micro_ros_msgs/include/micro_ros_msgs/micro_ros_msgs/msg/detail/graph__type_support.cpp
[0.883s] -- Up-to-date: /home/jaime/Downloads/MotorControl/uros_ws/install/micro_ros_msgs/include/micro_ros_msgs/micro_ros_msgs/msg/detail/graph__rosidl_typesupport_introspection_cpp.hpp
[0.883s] -- Up-to-date: /home/jaime/Downloads/MotorControl/uros_ws/install/micro_ros_msgs/lib/libmicro_ros_msgs__rosidl_typesupport_introspection_cpp.so
[0.883s] -- Up-to-date: /home/jaime/Downloads/MotorControl/uros_ws/install/micro_ros_msgs/lib/libmicro_ros_msgs__rosidl_typesupport_cpp.so
[0.883s] -- Up-to-date: /home/jaime/Downloads/MotorControl/uros_ws/install/micro_ros_msgs/share/micro_ros_msgs/environment/pythonpath.sh
[0.883s] -- Installing: /home/jaime/Downloads/MotorControl/uros_ws/install/micro_ros_msgs/share/micro_ros_msgs/environment/pythonpath.dsv
[0.883s] -- Up-to-date: /home/jaime/Downloads/MotorControl/uros_ws/install/micro_ros_msgs/local/lib/python3.10/dist-packages/micro_ros_msgs-3.0.1-py3.10.egg-info
[0.883s] -- Installing: /home/jaime/Downloads/MotorControl/uros_ws/install/micro_ros_msgs/local/lib/python3.10/dist-packages/micro_ros_msgs-3.0.1-py3.10.egg-info/SOURCES.txt
[0.883s] -- Installing: /home/jaime/Downloads/MotorControl/uros_ws/install/micro_ros_msgs/local/lib/python3.10/dist-packages/micro_ros_msgs-3.0.1-py3.10.egg-info/PKG-INFO
[0.883s] -- Installing: /home/jaime/Downloads/MotorControl/uros_ws/install/micro_ros_msgs/local/lib/python3.10/dist-packages/micro_ros_msgs-3.0.1-py3.10.egg-info/dependency_links.txt
[0.883s] -- Installing: /home/jaime/Downloads/MotorControl/uros_ws/install/micro_ros_msgs/local/lib/python3.10/dist-packages/micro_ros_msgs-3.0.1-py3.10.egg-info/top_level.txt
[0.883s] -- Up-to-date: /home/jaime/Downloads/MotorControl/uros_ws/install/micro_ros_msgs/local/lib/python3.10/dist-packages/micro_ros_msgs
[0.883s] -- Up-to-date: /home/jaime/Downloads/MotorControl/uros_ws/install/micro_ros_msgs/local/lib/python3.10/dist-packages/micro_ros_msgs/_micro_ros_msgs_s.ep.rosidl_typesupport_c.c
[0.883s] -- Up-to-date: /home/jaime/Downloads/MotorControl/uros_ws/install/micro_ros_msgs/local/lib/python3.10/dist-packages/micro_ros_msgs/micro_ros_msgs_s__rosidl_typesupport_c.cpython-310-x86_64-linux-gnu.so
[0.883s] -- Up-to-date: /home/jaime/Downloads/MotorControl/uros_ws/install/micro_ros_msgs/local/lib/python3.10/dist-packages/micro_ros_msgs/libmicro_ros_msgs__rosidl_generator_py.so
[0.883s] -- Up-to-date: /home/jaime/Downloads/MotorControl/uros_ws/install/micro_ros_msgs/local/lib/python3.10/dist-packages/micro_ros_msgs/_micro_ros_msgs_s.ep.rosidl_typesupport_fastrtps_c.c
[0.883s] -- Up-to-date: /home/jaime/Downloads/MotorControl/uros_ws/install/micro_ros_msgs/local/lib/python3.10/dist-packages/micro_ros_msgs/micro_ros_msgs_s__rosidl_typesupport_introspection_c.cpython-310-x86_64-linux-gnu.so
[0.884s] -- Installing: /home/jaime/Downloads/MotorControl/uros_ws/install/micro_ros_msgs/local/lib/python3.10/dist-packages/micro_ros_msgs/__init__.py
[0.884s] -- Up-to-date: /home/jaime/Downloads/MotorControl/uros_ws/install/micro_ros_msgs/local/lib/python3.10/dist-packages/micro_ros_msgs/_micro_ros_msgs_s.ep.rosidl_typesupport_introspection_c.c
[0.884s] -- Up-to-date: /home/jaime/Downloads/MotorControl/uros_ws/install/micro_ros_msgs/local/lib/python3.10/dist-packages/micro_ros_msgs/micro_ros_msgs_s__rosidl_typesupport_fastrtps_c.cpython-310-x86_64-linux-gnu.so
[0.884s] -- Up-to-date: /home/jaime/Downloads/MotorControl/uros_ws/install/micro_ros_msgs/local/lib/python3.10/dist-packages/micro_ros_msgs/msg
[0.884s] -- Up-to-date: /home/jaime/Downloads/MotorControl/uros_ws/install/micro_ros_msgs/local/lib/python3.10/dist-packages/micro_ros_msgs/msg/_graph.py
[0.884s] -- Up-to-date: /home/jaime/Downloads/MotorControl/uros_ws/install/micro_ros_msgs/local/lib/python3.10/dist-packages/micro_ros_msgs/msg/_graph_s.c
[0.884s] -- Up-to-date: /home/jaime/Downloads/MotorControl/uros_ws/install/micro_ros_msgs/local/lib/python3.10/dist-packages/micro_ros_msgs/msg/_entity_s.c
[0.884s] -- Up-to-date: /home/jaime/Downloads/MotorControl/uros_ws/install/micro_ros_msgs/local/lib/python3.10/dist-packages/micro_ros_msgs/msg/_node_s.c
[0.884s] -- Up-to-date: /home/jaime/Downloads/MotorControl/uros_ws/install/micro_ros_msgs/local/lib/python3.10/dist-packages/micro_ros_msgs/msg/_node.py
[0.884s] -- Up-to-date: /home/jaime/Downloads/MotorControl/uros_ws/install/micro_ros_msgs/local/lib/python3.10/dist-packages/micro_ros_msgs/msg/_entity.py
[0.884s] -- Up-to-date: /home/jaime/Downloads/MotorControl/uros_ws/install/micro_ros_msgs/local/lib/python3.10/dist-packages/micro_ros_msgs/msg/__init__.py
[0.902s] Listing '/home/jaime/Downloads/MotorControl/uros_ws/install/micro_ros_msgs/local/lib/python3.10/dist-packages/micro_ros_msgs'...
[0.902s] Compiling '/home/jaime/Downloads/MotorControl/uros_ws/install/micro_ros_msgs/local/lib/python3.10/dist-packages/micro_ros_msgs/__init__.py'...
[0.902s] Listing '/home/jaime/Downloads/MotorControl/uros_ws/install/micro_ros_msgs/local/lib/python3.10/dist-packages/micro_ros_msgs/msg'...
[0.905s] -- Up-to-date: /home/jaime/Downloads/MotorControl/uros_ws/install/micro_ros_msgs/local/lib/python3.10/dist-packages/micro_ros_msgs/micro_ros_msgs_s__rosidl_typesupport_fastrtps_c.cpython-310-x86_64-linux-gnu.so
[0.905s] -- Up-to-date: /home/jaime/Downloads/MotorControl/uros_ws/install/micro_ros_msgs/local/lib/python3.10/dist-packages/micro_ros_msgs/micro_ros_msgs_s__rosidl_typesupport_introspection_c.cpython-310-x86_64-linux-gnu.so
[0.905s] -- Up-to-date: /home/jaime/Downloads/MotorControl/uros_ws/install/micro_ros_msgs/local/lib/python3.10/dist-packages/micro_ros_msgs/micro_ros_msgs_s__rosidl_typesupport_c.cpython-310-x86_64-linux-gnu.so
[0.905s] -- Up-to-date: /home/jaime/Downloads/MotorControl/uros_ws/install/micro_ros_msgs/lib/libmicro_ros_msgs__rosidl_generator_py.so
[0.905s] -- Up-to-date: /home/jaime/Downloads/MotorControl/uros_ws/install/micro_ros_msgs/share/micro_ros_msgs/msg/Graph.idl
[0.905s] -- Up-to-date: /home/jaime/Downloads/MotorControl/uros_ws/install/micro_ros_msgs/share/micro_ros_msgs/msg/Node.idl
[0.905s] -- Up-to-date: /home/jaime/Downloads/MotorControl/uros_ws/install/micro_ros_msgs/share/micro_ros_msgs/msg/Entity.idl
[0.905s] -- Up-to-date: /home/jaime/Downloads/MotorControl/uros_ws/install/micro_ros_msgs/share/micro_ros_msgs/msg/Graph.msg
[0.905s] -- Up-to-date: /home/jaime/Downloads/MotorControl/uros_ws/install/micro_ros_msgs/share/micro_ros_msgs/msg/Node.msg
[0.905s] -- Up-to-date: /home/jaime/Downloads/MotorControl/uros_ws/install/micro_ros_msgs/share/micro_ros_msgs/msg/Entity.msg
[0.905s] -- Up-to-date: /home/jaime/Downloads/MotorControl/uros_ws/install/micro_ros_msgs/share/ament_index/resource_index/package_run_dependencies/micro_ros_msgs
[0.906s] -- Up-to-date: /home/jaime/Downloads/MotorControl/uros_ws/install/micro_ros_msgs/share/ament_index/resource_index/parent_prefix_path/micro_ros_msgs
[0.906s] -- Up-to-date: /home/jaime/Downloads/MotorControl/uros_ws/install/micro_ros_msgs/share/micro_ros_msgs/environment/ament_prefix_path.sh
[0.906s] -- Installing: /home/jaime/Downloads/MotorControl/uros_ws/install/micro_ros_msgs/share/micro_ros_msgs/environment/ament_prefix_path.dsv
[0.906s] -- Up-to-date: /home/jaime/Downloads/MotorControl/uros_ws/install/micro_ros_msgs/share/micro_ros_msgs/environment/path.sh
[0.906s] -- Installing: /home/jaime/Downloads/MotorControl/uros_ws/install/micro_ros_msgs/share/micro_ros_msgs/environment/path.dsv
[0.906s] -- Up-to-date: /home/jaime/Downloads/MotorControl/uros_ws/install/micro_ros_msgs/share/micro_ros_msgs/local_setup.bash
[0.906s] -- Up-to-date: /home/jaime/Downloads/MotorControl/uros_ws/install/micro_ros_msgs/share/micro_ros_msgs/local_setup.sh
[0.906s] -- Up-to-date: /home/jaime/Downloads/MotorControl/uros_ws/install/micro_ros_msgs/share/micro_ros_msgs/local_setup.zsh
[0.906s] -- Installing: /home/jaime/Downloads/MotorControl/uros_ws/install/micro_ros_msgs/share/micro_ros_msgs/local_setup.dsv
[0.906s] -- Installing: /home/jaime/Downloads/MotorControl/uros_ws/install/micro_ros_msgs/share/micro_ros_msgs/package.dsv
[0.906s] -- Up-to-date: /home/jaime/Downloads/MotorControl/uros_ws/install/micro_ros_msgs/share/ament_index/resource_index/packages/micro_ros_msgs
[0.906s] -- Up-to-date: /home/jaime/Downloads/MotorControl/uros_ws/install/micro_ros_msgs/share/micro_ros_msgs/cmake/export_micro_ros_msgs__rosidl_generator_cExport.cmake
[0.906s] -- Up-to-date: /home/jaime/Downloads/MotorControl/uros_ws/install/micro_ros_msgs/share/micro_ros_msgs/cmake/export_micro_ros_msgs__rosidl_generator_cExport-noconfig.cmake
[0.906s] -- Up-to-date: /home/jaime/Downloads/MotorControl/uros_ws/install/micro_ros_msgs/share/micro_ros_msgs/cmake/export_micro_ros_msgs__rosidl_typesupport_fastrtps_cExport.cmake
[0.906s] -- Up-to-date: /home/jaime/Downloads/MotorControl/uros_ws/install/micro_ros_msgs/share/micro_ros_msgs/cmake/export_micro_ros_msgs__rosidl_typesupport_fastrtps_cExport-noconfig.cmake
[0.906s] -- Up-to-date: /home/jaime/Downloads/MotorControl/uros_ws/install/micro_ros_msgs/share/micro_ros_msgs/cmake/micro_ros_msgs__rosidl_typesupport_introspection_cExport.cmake
[0.906s] -- Up-to-date: /home/jaime/Downloads/MotorControl/uros_ws/install/micro_ros_msgs/share/micro_ros_msgs/cmake/micro_ros_msgs__rosidl_typesupport_introspection_cExport-noconfig.cmake
[0.906s] -- Up-to-date: /home/jaime/Downloads/MotorControl/uros_ws/install/micro_ros_msgs/share/micro_ros_msgs/cmake/micro_ros_msgs__rosidl_typesupport_cExport.cmake
[0.906s] -- Up-to-date: /home/jaime/Downloads/MotorControl/uros_ws/install/micro_ros_msgs/share/micro_ros_msgs/cmake/micro_ros_msgs__rosidl_typesupport_cExport-noconfig.cmake
[0.906s] -- Up-to-date: /home/jaime/Downloads/MotorControl/uros_ws/install/micro_ros_msgs/share/micro_ros_msgs/cmake/export_micro_ros_msgs__rosidl_generator_cppExport.cmake
[0.907s] -- Up-to-date: /home/jaime/Downloads/MotorControl/uros_ws/install/micro_ros_msgs/share/micro_ros_msgs/cmake/export_micro_ros_msgs__rosidl_typesupport_fastrtps_cppExport.cmake
[0.907s] -- Up-to-date: /home/jaime/Downloads/MotorControl/uros_ws/install/micro_ros_msgs/share/micro_ros_msgs/cmake/export_micro_ros_msgs__rosidl_typesupport_fastrtps_cppExport-noconfig.cmake
[0.907s] -- Up-to-date: /home/jaime/Downloads/MotorControl/uros_ws/install/micro_ros_msgs/share/micro_ros_msgs/cmake/micro_ros_msgs__rosidl_typesupport_introspection_cppExport.cmake
[0.907s] -- Up-to-date: /home/jaime/Downloads/MotorControl/uros_ws/install/micro_ros_msgs/share/micro_ros_msgs/cmake/micro_ros_msgs__rosidl_typesupport_introspection_cppExport-noconfig.cmake
[0.907s] -- Up-to-date: /home/jaime/Downloads/MotorControl/uros_ws/install/micro_ros_msgs/share/micro_ros_msgs/cmake/micro_ros_msgs__rosidl_typesupport_cppExport.cmake
[0.907s] -- Up-to-date: /home/jaime/Downloads/MotorControl/uros_ws/install/micro_ros_msgs/share/micro_ros_msgs/cmake/micro_ros_msgs__rosidl_typesupport_cppExport-noconfig.cmake
[0.907s] -- Up-to-date: /home/jaime/Downloads/MotorControl/uros_ws/install/micro_ros_msgs/share/micro_ros_msgs/cmake/export_micro_ros_msgs__rosidl_generator_pyExport.cmake
[0.907s] -- Up-to-date: /home/jaime/Downloads/MotorControl/uros_ws/install/micro_ros_msgs/share/micro_ros_msgs/cmake/export_micro_ros_msgs__rosidl_generator_pyExport-noconfig.cmake
[0.907s] -- Up-to-date: /home/jaime/Downloads/MotorControl/uros_ws/install/micro_ros_msgs/share/micro_ros_msgs/cmake/rosidl_cmake-extras.cmake
[0.907s] -- Up-to-date: /home/jaime/Downloads/MotorControl/uros_ws/install/micro_ros_msgs/share/micro_ros_msgs/cmake/ament_cmake_export_include_directories-extras.cmake
[0.907s] -- Up-to-date: /home/jaime/Downloads/MotorControl/uros_ws/install/micro_ros_msgs/share/micro_ros_msgs/cmake/ament_cmake_export_libraries-extras.cmake
[0.907s] -- Up-to-date: /home/jaime/Downloads/MotorControl/uros_ws/install/micro_ros_msgs/share/micro_ros_msgs/cmake/ament_cmake_export_targets-extras.cmake
[0.907s] -- Up-to-date: /home/jaime/Downloads/MotorControl/uros_ws/install/micro_ros_msgs/share/micro_ros_msgs/cmake/rosidl_cmake_export_typesupport_targets-extras.cmake
[0.907s] -- Up-to-date: /home/jaime/Downloads/MotorControl/uros_ws/install/micro_ros_msgs/share/micro_ros_msgs/cmake/ament_cmake_export_dependencies-extras.cmake
[0.907s] -- Up-to-date: /home/jaime/Downloads/MotorControl/uros_ws/install/micro_ros_msgs/share/micro_ros_msgs/cmake/rosidl_cmake_export_typesupport_libraries-extras.cmake
[0.907s] -- Up-to-date: /home/jaime/Downloads/MotorControl/uros_ws/install/micro_ros_msgs/share/micro_ros_msgs/cmake/micro_ros_msgsConfig.cmake
[0.907s] -- Up-to-date: /home/jaime/Downloads/MotorControl/uros_ws/install/micro_ros_msgs/share/micro_ros_msgs/cmake/micro_ros_msgsConfig-version.cmake
[0.907s] -- Up-to-date: /home/jaime/Downloads/MotorControl/uros_ws/install/micro_ros_msgs/share/micro_ros_msgs/package.xml
[0.908s] Invoked command in '/home/jaime/Downloads/MotorControl/uros_ws/build/micro_ros_msgs' returned '0': CMAKE_PREFIX_PATH=${CMAKE_PREFIX_PATH}:/opt/ros/humble /usr/bin/cmake --install /home/jaime/Downloads/MotorControl/uros_ws/build/micro_ros_msgs
