[0.106s] Invoking command in '/home/jcarballeira/nimble_ws/src/build/nimble': AMENT_PREFIX_PATH=/home/jcarballeira/nimble_ws/src/install/nimble_interfaces:${AMENT_PREFIX_PATH} CMAKE_PREFIX_PATH=/home/jcarballeira/nimble_ws/src/install/nimble_interfaces:/home/jcarballeira/nimble_ws/install/nimble:/home/jcarballeira/nimble_ws/install/nimble_interfaces:/home/jcarballeira/evloc_ws/install/evloc:/opt/ros/humble LD_LIBRARY_PATH=/home/jcarballeira/nimble_ws/src/install/nimble_interfaces/lib:${LD_LIBRARY_PATH} PYTHONPATH=/home/jcarballeira/nimble_ws/src/install/nimble_interfaces/local/lib/python3.10/dist-packages:${PYTHONPATH} /usr/bin/cmake --build /home/jcarballeira/nimble_ws/src/build/nimble -- -j8 -l8
[0.163s] [35m[1mConsolidate compiler generated dependencies of target gamming[0m
[0.163s] [35m[1mConsolidate compiler generated dependencies of target kinematic_model[0m
[0.163s] [35m[1mConsolidate compiler generated dependencies of target frame[0m
[0.163s] [35m[1mConsolidate compiler generated dependencies of target control_MSD[0m
[0.163s] [35m[1mConsolidate compiler generated dependencies of target control_ZMP[0m
[0.164s] [35m[1mConsolidate compiler generated dependencies of target cables_robot[0m
[0.164s] [35m[1mConsolidate compiler generated dependencies of target states_machine[0m
[0.164s] [35m[1mConsolidate compiler generated dependencies of target traj_generator_server[0m
[0.177s] [  6%] [32mBuilding CXX object CMakeFiles/frame.dir/src/frame.cpp.o[0m
[0.181s] [ 18%] [32m[1mLinking CXX executable control_MSD[0m
[0.181s] [ 18%] [32mBuilding CXX object CMakeFiles/control_ZMP.dir/src/control_ZMP.cpp.o[0m
[0.185s] [ 31%] Built target cables_robot
[0.187s] [ 37%] [32mBuilding CXX object CMakeFiles/kinematic_model.dir/src/kinematic_model.cpp.o[0m
[0.191s] [ 43%] [32mBuilding CXX object CMakeFiles/states_machine.dir/src/states_machine.cpp.o[0m
[0.199s] [ 50%] [32mBuilding CXX object CMakeFiles/gamming.dir/src/gamming.cpp.o[0m
[0.200s] [ 56%] [32mBuilding CXX object CMakeFiles/traj_generator_server.dir/src/traj_generator_service.cpp.o[0m
[2.615s] [ 62%] Built target control_MSD
[5.014s] In file included from [01m[K/home/jcarballeira/nimble_ws/src/nimble/src/states_machine.cpp:8[m[K:
[5.014s] [01m[K/home/jcarballeira/nimble_ws/src/nimble/include/state_machine/stateMachine.hpp:25:29:[m[K [01;31m[Kerror: [m[K‘[01m[KJointTrajectory[m[K’ in namespace ‘[01m[Knimble_interfaces::msg[m[K’ does not name a type; did you mean ‘[01m[KJointsTrajectory[m[K’?
[5.014s]    25 |     nimble_interfaces::msg::[01;31m[KJointTrajectory[m[K joints_trajectory;
[5.014s]       |                             [01;31m[K^~~~~~~~~~~~~~~[m[K
[5.015s]       |                             [32m[KJointsTrajectory[m[K
[5.018s] [01m[K/home/jcarballeira/nimble_ws/src/nimble/src/traj_generator_service.cpp:[m[K In function ‘[01m[Kvoid generate_trajectory(std::shared_ptr<nimble_interfaces::srv::TrajGeneratorService_Request_<std::allocator<void> > >, std::shared_ptr<nimble_interfaces::srv::TrajGeneratorService_Response_<std::allocator<void> > >)[m[K’:
[5.018s] [01m[K/home/jcarballeira/nimble_ws/src/nimble/src/traj_generator_service.cpp:127:15:[m[K [01;31m[Kerror: [m[K‘[01m[Kusing element_type = struct nimble_interfaces::srv::TrajGeneratorService_Response_<std::allocator<void> >[m[K’ {aka ‘[01m[Kstruct nimble_interfaces::srv::TrajGeneratorService_Response_<std::allocator<void> >[m[K’} has no member named ‘[01m[Kjoints_target[m[K’; did you mean ‘[01m[Kjoints_trajectory[m[K’?
[5.019s]   127 |     response->[01;31m[Kjoints_target[m[K = *joint_trajectory;
[5.019s]       |               [01;31m[K^~~~~~~~~~~~~[m[K
[5.019s]       |               [32m[Kjoints_trajectory[m[K
[5.780s] [01m[K/home/jcarballeira/nimble_ws/src/nimble/src/states_machine.cpp:[m[K In lambda function:
[5.781s] [01m[K/home/jcarballeira/nimble_ws/src/nimble/src/states_machine.cpp:28:13:[m[K [01;31m[Kerror: [m[K‘[01m[Kcall_back_cartesian_trajectory[m[K’ was not declared in this scope; did you mean ‘[01m[Kcall_back_cartesian_target[m[K’?
[5.782s]    28 |             [01;31m[Kcall_back_cartesian_trajectory[m[K(msg);});
[5.783s]       |             [01;31m[K^~~~~~~~~~~~~~~~~~~~~~~~~~~~~~[m[K
[5.784s]       |             [32m[Kcall_back_cartesian_target[m[K
[5.788s] [01m[K/home/jcarballeira/nimble_ws/src/nimble/src/states_machine.cpp:[m[K In constructor ‘[01m[KstateMachine::StatesMachineNode::StatesMachineNode()[m[K’:
[5.788s] [01m[K/home/jcarballeira/nimble_ws/src/nimble/src/states_machine.cpp:65:111:[m[K [01;31m[Kerror: [m[Kno match for ‘[01m[Koperator=[m[K’ (operand types are ‘[01m[Krclcpp::Publisher<trajectory_msgs::msg::JointTrajectory_<std::allocator<void> > >::SharedPtr[m[K’ {aka ‘[01m[Kstd::shared_ptr<rclcpp::Publisher<trajectory_msgs::msg::JointTrajectory_<std::allocator<void> > > >[m[K’} and ‘[01m[Kstd::shared_ptr<rclcpp::Publisher<nimble_interfaces::msg::JointsTrajectory_<std::allocator<void> > > >[m[K’)
[5.788s]    65 |   publisher_joints_trajectory = create_publisher<nimble_interfaces::msg::JointsTrajectory>("joints_target", 10[01;31m[K)[m[K;
[5.788s]       |                                                                                                               [01;31m[K^[m[K
[5.788s] In file included from [01m[K/usr/include/c++/11/memory:77[m[K,
[5.788s]                  from [01m[K/home/jcarballeira/nimble_ws/src/nimble/src/states_machine.cpp:4[m[K:
[5.788s] [01m[K/usr/include/c++/11/bits/shared_ptr.h:363:9:[m[K [01;36m[Knote: [m[Kcandidate: ‘[01m[Ktemplate<class _Yp> std::shared_ptr<_Tp>::_Assignable<const std::shared_ptr<_Yp>&> std::shared_ptr<_Tp>::operator=(const std::shared_ptr<_Yp>&) [with _Yp = _Yp; _Tp = rclcpp::Publisher<trajectory_msgs::msg::JointTrajectory_<std::allocator<void> > >][m[K’
[5.789s]   363 |         [01;36m[Koperator[m[K=(const shared_ptr<_Yp>& __r) noexcept
[5.789s]       |         [01;36m[K^~~~~~~~[m[K
[5.789s] [01m[K/usr/include/c++/11/bits/shared_ptr.h:363:9:[m[K [01;36m[Knote: [m[K  template argument deduction/substitution failed:
[5.789s] /usr/include/c++/11/bits/shared_ptr.h: In substitution of ‘[01m[Ktemplate<class _Tp> template<class _Arg> using _Assignable = typename std::enable_if<std::is_assignable<std::__shared_ptr<_Tp>&, _Arg>::value, std::shared_ptr<_Tp>&>::type [with _Arg = const std::shared_ptr<rclcpp::Publisher<nimble_interfaces::msg::JointsTrajectory_<std::allocator<void> > > >&; _Tp = rclcpp::Publisher<trajectory_msgs::msg::JointTrajectory_<std::allocator<void> > >][m[K’:
[5.789s] [01m[K/usr/include/c++/11/bits/shared_ptr.h:363:2:[m[K   required by substitution of ‘[01m[Ktemplate<class _Yp> std::shared_ptr<rclcpp::Publisher<trajectory_msgs::msg::JointTrajectory_<std::allocator<void> > > >::_Assignable<const std::shared_ptr<_Tp>&> std::shared_ptr<rclcpp::Publisher<trajectory_msgs::msg::JointTrajectory_<std::allocator<void> > > >::operator=<_Yp>(const std::shared_ptr<_Tp>&) [with _Yp = rclcpp::Publisher<nimble_interfaces::msg::JointsTrajectory_<std::allocator<void> > >][m[K’
[5.789s] [01m[K/home/jcarballeira/nimble_ws/src/nimble/src/states_machine.cpp:65:111:[m[K   required from here
[5.789s] [01m[K/usr/include/c++/11/bits/shared_ptr.h:130:15:[m[K [01;31m[Kerror: [m[Kno type named ‘[01m[Ktype[m[K’ in ‘[01m[Kstruct std::enable_if<false, std::shared_ptr<rclcpp::Publisher<trajectory_msgs::msg::JointTrajectory_<std::allocator<void> > > >&>[m[K’
[5.796s]   130 |         using [01;31m[K_Assignable[m[K = typename enable_if<
[5.797s]       |               [01;31m[K^~~~~~~~~~~[m[K
[5.797s] [01m[K/usr/include/c++/11/bits/shared_ptr.h:374:9:[m[K [01;36m[Knote: [m[Kcandidate: ‘[01m[Ktemplate<class _Yp> std::shared_ptr<_Tp>::_Assignable<std::auto_ptr<_Up> > std::shared_ptr<_Tp>::operator=(std::auto_ptr<_Up>&&) [with _Yp = _Yp; _Tp = rclcpp::Publisher<trajectory_msgs::msg::JointTrajectory_<std::allocator<void> > >][m[K’
[5.798s]   374 |         [01;36m[Koperator[m[K=(auto_ptr<_Yp>&& __r)
[5.799s]       |         [01;36m[K^~~~~~~~[m[K
[5.800s] [01m[K/usr/include/c++/11/bits/shared_ptr.h:374:9:[m[K [01;36m[Knote: [m[K  template argument deduction/substitution failed:
[5.801s] [01m[K/home/jcarballeira/nimble_ws/src/nimble/src/states_machine.cpp:65:111:[m[K [01;36m[Knote: [m[K  ‘[01m[Kstd::shared_ptr<rclcpp::Publisher<nimble_interfaces::msg::JointsTrajectory_<std::allocator<void> > > >[m[K’ is not derived from ‘[01m[Kstd::auto_ptr<_Up>[m[K’
[5.802s]    65 |   publisher_joints_trajectory = create_publisher<nimble_interfaces::msg::JointsTrajectory>("joints_target", 10[01;36m[K)[m[K;
[5.803s]       |                                                                                                               [01;36m[K^[m[K
[5.803s] In file included from [01m[K/usr/include/c++/11/memory:77[m[K,
[5.804s]                  from [01m[K/home/jcarballeira/nimble_ws/src/nimble/src/states_machine.cpp:4[m[K:
[5.805s] [01m[K/usr/include/c++/11/bits/shared_ptr.h:391:9:[m[K [01;36m[Knote: [m[Kcandidate: ‘[01m[Ktemplate<class _Yp> std::shared_ptr<_Tp>::_Assignable<std::shared_ptr<_Yp> > std::shared_ptr<_Tp>::operator=(std::shared_ptr<_Yp>&&) [with _Yp = _Yp; _Tp = rclcpp::Publisher<trajectory_msgs::msg::JointTrajectory_<std::allocator<void> > >][m[K’
[5.806s]   391 |         [01;36m[Koperator[m[K=(shared_ptr<_Yp>&& __r) noexcept
[5.806s]       |         [01;36m[K^~~~~~~~[m[K
[5.807s] [01m[K/usr/include/c++/11/bits/shared_ptr.h:391:9:[m[K [01;36m[Knote: [m[K  template argument deduction/substitution failed:
[5.808s] /usr/include/c++/11/bits/shared_ptr.h: In substitution of ‘[01m[Ktemplate<class _Tp> template<class _Arg> using _Assignable = typename std::enable_if<std::is_assignable<std::__shared_ptr<_Tp>&, _Arg>::value, std::shared_ptr<_Tp>&>::type [with _Arg = std::shared_ptr<rclcpp::Publisher<nimble_interfaces::msg::JointsTrajectory_<std::allocator<void> > > >; _Tp = rclcpp::Publisher<trajectory_msgs::msg::JointTrajectory_<std::allocator<void> > >][m[K’:
[5.809s] [01m[K/usr/include/c++/11/bits/shared_ptr.h:391:2:[m[K   required by substitution of ‘[01m[Ktemplate<class _Yp> std::shared_ptr<rclcpp::Publisher<trajectory_msgs::msg::JointTrajectory_<std::allocator<void> > > >::_Assignable<std::shared_ptr<_Tp> > std::shared_ptr<rclcpp::Publisher<trajectory_msgs::msg::JointTrajectory_<std::allocator<void> > > >::operator=<_Yp>(std::shared_ptr<_Tp>&&) [with _Yp = rclcpp::Publisher<nimble_interfaces::msg::JointsTrajectory_<std::allocator<void> > >][m[K’
[5.810s] [01m[K/home/jcarballeira/nimble_ws/src/nimble/src/states_machine.cpp:65:111:[m[K   required from here
[5.811s] [01m[K/usr/include/c++/11/bits/shared_ptr.h:130:15:[m[K [01;31m[Kerror: [m[Kno type named ‘[01m[Ktype[m[K’ in ‘[01m[Kstruct std::enable_if<false, std::shared_ptr<rclcpp::Publisher<trajectory_msgs::msg::JointTrajectory_<std::allocator<void> > > >&>[m[K’
[5.812s]   130 |         using [01;31m[K_Assignable[m[K = typename enable_if<
[5.812s]       |               [01;31m[K^~~~~~~~~~~[m[K
[5.812s] [01m[K/usr/include/c++/11/bits/shared_ptr.h:399:9:[m[K [01;36m[Knote: [m[Kcandidate: ‘[01m[Ktemplate<class _Yp, class _Del> std::shared_ptr<_Tp>::_Assignable<std::unique_ptr<_Up, _Ep> > std::shared_ptr<_Tp>::operator=(std::unique_ptr<_Up, _Ep>&&) [with _Yp = _Yp; _Del = _Del; _Tp = rclcpp::Publisher<trajectory_msgs::msg::JointTrajectory_<std::allocator<void> > >][m[K’
[5.812s]   399 |         [01;36m[Koperator[m[K=(unique_ptr<_Yp, _Del>&& __r)
[5.812s]       |         [01;36m[K^~~~~~~~[m[K
[5.812s] [01m[K/usr/include/c++/11/bits/shared_ptr.h:399:9:[m[K [01;36m[Knote: [m[K  template argument deduction/substitution failed:
[5.813s] [01m[K/home/jcarballeira/nimble_ws/src/nimble/src/states_machine.cpp:65:111:[m[K [01;36m[Knote: [m[K  ‘[01m[Kstd::shared_ptr<rclcpp::Publisher<nimble_interfaces::msg::JointsTrajectory_<std::allocator<void> > > >[m[K’ is not derived from ‘[01m[Kstd::unique_ptr<_Tp, _Dp>[m[K’
[5.813s]    65 |   publisher_joints_trajectory = create_publisher<nimble_interfaces::msg::JointsTrajectory>("joints_target", 10[01;36m[K)[m[K;
[5.813s]       |                                                                                                               [01;36m[K^[m[K
[5.813s] In file included from [01m[K/usr/include/c++/11/memory:77[m[K,
[5.813s]                  from [01m[K/home/jcarballeira/nimble_ws/src/nimble/src/states_machine.cpp:4[m[K:
[5.813s] [01m[K/usr/include/c++/11/bits/shared_ptr.h:359:19:[m[K [01;36m[Knote: [m[Kcandidate: ‘[01m[Kstd::shared_ptr<_Tp>& std::shared_ptr<_Tp>::operator=(const std::shared_ptr<_Tp>&) [with _Tp = rclcpp::Publisher<trajectory_msgs::msg::JointTrajectory_<std::allocator<void> > >][m[K’
[5.813s]   359 |       shared_ptr& [01;36m[Koperator[m[K=(const shared_ptr&) noexcept = default;
[5.813s]       |                   [01;36m[K^~~~~~~~[m[K
[5.813s] [01m[K/usr/include/c++/11/bits/shared_ptr.h:359:29:[m[K [01;36m[Knote: [m[K  no known conversion for argument 1 from ‘[01m[Kstd::shared_ptr<rclcpp::Publisher<nimble_interfaces::msg::JointsTrajectory_<std::allocator<void> > > >[m[K’ to ‘[01m[Kconst std::shared_ptr<rclcpp::Publisher<trajectory_msgs::msg::JointTrajectory_<std::allocator<void> > > >&[m[K’
[5.814s]   359 |       shared_ptr& operator=([01;36m[Kconst shared_ptr&[m[K) noexcept = default;
[5.814s]       |                             [01;36m[K^~~~~~~~~~~~~~~~~[m[K
[5.814s] [01m[K/usr/include/c++/11/bits/shared_ptr.h:383:7:[m[K [01;36m[Knote: [m[Kcandidate: ‘[01m[Kstd::shared_ptr<_Tp>& std::shared_ptr<_Tp>::operator=(std::shared_ptr<_Tp>&&) [with _Tp = rclcpp::Publisher<trajectory_msgs::msg::JointTrajectory_<std::allocator<void> > >][m[K’
[5.814s]   383 |       [01;36m[Koperator[m[K=(shared_ptr&& __r) noexcept
[5.814s]       |       [01;36m[K^~~~~~~~[m[K
[5.814s] [01m[K/usr/include/c++/11/bits/shared_ptr.h:383:30:[m[K [01;36m[Knote: [m[K  no known conversion for argument 1 from ‘[01m[Kstd::shared_ptr<rclcpp::Publisher<nimble_interfaces::msg::JointsTrajectory_<std::allocator<void> > > >[m[K’ to ‘[01m[Kstd::shared_ptr<rclcpp::Publisher<trajectory_msgs::msg::JointTrajectory_<std::allocator<void> > > >&&[m[K’
[5.814s]   383 |       operator=([01;36m[Kshared_ptr&& __r[m[K) noexcept
[5.814s]       |                 [01;36m[K~~~~~~~~~~~~~^~~[m[K
[5.817s] [01m[K/home/jcarballeira/nimble_ws/src/nimble/src/states_machine.cpp:79:53:[m[K [01;31m[Kerror: [m[K‘[01m[Kjoints_trajectory_ts[m[K’ was not declared in this scope
[5.817s]    79 |   timer_joint_trajectory_ = this->create_wall_timer([01;31m[Kjoints_trajectory_ts[m[K, std::bind(&StatesMachineNode::call_back_joints_trajectory_timer, this));
[5.817s]       |                                                     [01;31m[K^~~~~~~~~~~~~~~~~~~~[m[K
[5.833s] [01m[K/home/jcarballeira/nimble_ws/src/nimble/src/states_machine.cpp:80:48:[m[K [01;31m[Kerror: [m[K‘[01m[Kjoints_target_ts[m[K’ was not declared in this scope
[5.834s]    80 |   timer_joint_target_= this->create_wall_timer([01;31m[Kjoints_target_ts[m[K, std::bind(&StatesMachineNode::call_back_joints_current_target, this));
[5.834s]       |                                                [01;31m[K^~~~~~~~~~~~~~~~[m[K
[5.847s] [01m[K/home/jcarballeira/nimble_ws/src/nimble/src/states_machine.cpp:[m[K In member function ‘[01m[Kvoid stateMachine::StatesMachineNode::call_TrajGenerationService(const Measurements&, const TherapyRequirements&)[m[K’:
[5.847s] [01m[K/home/jcarballeira/nimble_ws/src/nimble/src/states_machine.cpp:190:18:[m[K [01;31m[Kerror: [m[K‘[01m[Kstruct stateMachine::SharedData[m[K’ has no member named ‘[01m[Kjoints_trajectory[m[K’
[5.847s]   190 |     shared_data_.[01;31m[Kjoints_trajectory[m[K = result.get()->joints_trajectory;
[5.847s]       |                  [01;31m[K^~~~~~~~~~~~~~~~~[m[K
[5.862s] [01m[K/home/jcarballeira/nimble_ws/src/nimble/src/states_machine.cpp:196:54:[m[K [01;31m[Kerror: [m[K‘[01m[Kjoints_target_ts[m[K’ was not declared in this scope
[5.862s]   196 |     float ps=shared_data_.therapy_requirements.speed*[01;31m[Kjoints_target_ts[m[K/shared_data_.therapy_requirements.step_length/;
[5.862s]       |                                                      [01;31m[K^~~~~~~~~~~~~~~~[m[K
[5.863s] [01m[K/home/jcarballeira/nimble_ws/src/nimble/src/states_machine.cpp:196:117:[m[K [01;31m[Kerror: [m[Kexpected primary-expression before ‘[01m[K;[m[K’ token
[5.863s]   196 |     float ps=shared_data_.therapy_requirements.speed*joints_target_ts/shared_data_.therapy_requirements.step_length/[01;31m[K;[m[K
[5.863s]       |                                                                                                                     [01;31m[K^[m[K
[5.864s] [01m[K/home/jcarballeira/nimble_ws/src/nimble/src/states_machine.cpp:201:15:[m[K [01;31m[Kerror: [m[K‘[01m[Kstruct std_msgs::msg::Float32MultiArray_<std::allocator<void> >[m[K’ has no member named ‘[01m[Kpush_back[m[K’
[5.864s]   201 |         phase.[01;31m[Kpush_back[m[K(i);
[5.864s]       |               [01;31m[K^~~~~~~~~[m[K
[5.865s] [01m[K/home/jcarballeira/nimble_ws/src/nimble/src/states_machine.cpp:203:38:[m[K [01;31m[Kerror: [m[Kexpected ‘[01m[K;[m[K’ before ‘[01m[K}[m[K’ token
[5.865s]   203 |         traj.points.push_back(target)
[5.865s]       |                                      [01;31m[K^[m[K
[5.865s]       |                                      [32m[K;[m[K
[5.866s]   204 |     [32m[K}[m[K
[5.866s]       |     [32m[K~[m[K                                 
[5.866s] [01m[K/home/jcarballeira/nimble_ws/src/nimble/src/states_machine.cpp:205:18:[m[K [01;31m[Kerror: [m[K‘[01m[Kstruct stateMachine::SharedData[m[K’ has no member named ‘[01m[Kjoints_trajectory[m[K’
[5.866s]   205 |     shared_data_.[01;31m[Kjoints_trajectory[m[K.phase=phase;
[5.867s]       |                  [01;31m[K^~~~~~~~~~~~~~~~~[m[K
[5.867s] [01m[K/home/jcarballeira/nimble_ws/src/nimble/src/states_machine.cpp:206:18:[m[K [01;31m[Kerror: [m[K‘[01m[Kstruct stateMachine::SharedData[m[K’ has no member named ‘[01m[Kjoints_trajectory[m[K’
[5.867s]   206 |     shared_data_.[01;31m[Kjoints_trajectory[m[K.joint_trajectory=traj;
[5.867s]       |                  [01;31m[K^~~~~~~~~~~~~~~~~[m[K
[5.868s] [01m[K/home/jcarballeira/nimble_ws/src/nimble/src/states_machine.cpp:209:42:[m[K [01;31m[Kerror: [m[Kqualified-id in declaration before ‘[01m[K([m[K’ token
[5.868s]   209 | float StatesMachineNode::get_step_percent[01;31m[K([m[K) {
[5.868s]       |                                          [01;31m[K^[m[K
[5.868s] [01m[K/home/jcarballeira/nimble_ws/src/nimble/src/states_machine.cpp:238:85:[m[K [01;31m[Kerror: [m[Kqualified-id in declaration before ‘[01m[K([m[K’ token
[5.869s]   238 | trajectory_msgs::msg::JointTrajectoryPoint StatesMachineNode::get_actual_joint_state[01;31m[K([m[Kfloat step_percent) {
[5.869s]       |                                                                                     [01;31m[K^[m[K
[5.869s] [01m[K/home/jcarballeira/nimble_ws/src/nimble/src/states_machine.cpp:278:47:[m[K [01;31m[Kerror: [m[Kqualified-id in declaration before ‘[01m[K([m[K’ token
[5.869s]   278 | void StatesMachineNode::call_back_joints_state[01;31m[K([m[Kconst sensor_msgs::msg::JointState& joint_state_msg) {
[5.870s]       |                                               [01;31m[K^[m[K
[5.870s] [01m[K/home/jcarballeira/nimble_ws/src/nimble/src/states_machine.cpp:283:55:[m[K [01;31m[Kerror: [m[Kqualified-id in declaration before ‘[01m[K([m[K’ token
[5.870s]   283 | void StatesMachineNode::call_back_cartesian_trajectory[01;31m[K([m[Kconst nimble_interfaces::msg::CartesianTrajectory& cartesian_trajectory_msg) {
[5.870s]       |                                                       [01;31m[K^[m[K
[5.871s] [01m[K/home/jcarballeira/nimble_ws/src/nimble/src/states_machine.cpp:287:50:[m[K [01;31m[Kerror: [m[Kqualified-id in declaration before ‘[01m[K([m[K’ token
[5.871s]   287 | void StatesMachineNode::call_back_cartesian_state[01;31m[K([m[Kconst nimble_interfaces::msg::CartesianTrajectory& cartesian_state_msg) {
[5.871s]       |                                                  [01;31m[K^[m[K
[5.871s] [01m[K/home/jcarballeira/nimble_ws/src/nimble/src/states_machine.cpp:292:47:[m[K [01;31m[Kerror: [m[Kqualified-id in declaration before ‘[01m[K([m[K’ token
[5.871s]   292 | void StatesMachineNode::call_back_state_cables[01;31m[K([m[Kconst sensor_msgs::msg::JointState& joint_state_cables_msg) {
[5.874s]       |                                               [01;31m[K^[m[K
[5.874s] [01m[K/home/jcarballeira/nimble_ws/src/nimble/src/states_machine.cpp:297:46:[m[K [01;31m[Kerror: [m[Kqualified-id in declaration before ‘[01m[K([m[K’ token
[5.874s]   297 | void StatesMachineNode::call_back_step_target[01;31m[K([m[Kconst nimble_interfaces::msg::TherapyRequirements& step_target_msg) {
[5.874s]       |                                              [01;31m[K^[m[K
[5.874s] [01m[K/home/jcarballeira/nimble_ws/src/nimble/src/states_machine.cpp:302:55:[m[K [01;31m[Kerror: [m[Kqualified-id in declaration before ‘[01m[K([m[K’ token
[5.875s]   302 | void StatesMachineNode::call_back_therapy_requirements[01;31m[K([m[Kconst nimble_interfaces::msg::TherapyRequirements&therapy_requirements_msg) {
[5.875s]       |                                                       [01;31m[K^[m[K
[5.875s] [01m[K/home/jcarballeira/nimble_ws/src/nimble/src/states_machine.cpp:307:47:[m[K [01;31m[Kerror: [m[Kqualified-id in declaration before ‘[01m[K([m[K’ token
[5.875s]   307 | void StatesMachineNode::call_back_measurements[01;31m[K([m[Kconst nimble_interfaces::msg::Measurements& measurements_msg) {
[5.875s]       |                                               [01;31m[K^[m[K
[5.875s] [01m[K/home/jcarballeira/nimble_ws/src/nimble/src/states_machine.cpp:312:53:[m[K [01;31m[Kerror: [m[Kqualified-id in declaration before ‘[01m[K([m[K’ token
[5.875s]   312 | void StatesMachineNode::call_back_interaction_torque[01;31m[K([m[Kconst std_msgs::msg::Float32MultiArray& interaction_torque_msg) {
[5.875s]       |                                                     [01;31m[K^[m[K
[5.876s] [01m[K/home/jcarballeira/nimble_ws/src/nimble/src/states_machine.cpp:317:38:[m[K [01;31m[Kerror: [m[Kqualified-id in declaration before ‘[01m[K([m[K’ token
[5.876s]   317 | void StatesMachineNode::call_back_FSR[01;31m[K([m[Kconst std_msgs::msg::ByteMultiArray& FSR_msg) {
[5.876s]       |                                      [01;31m[K^[m[K
[5.876s] [01m[K/home/jcarballeira/nimble_ws/src/nimble/src/states_machine.cpp:322:56:[m[K [01;31m[Kerror: [m[Kqualified-id in declaration before ‘[01m[K([m[K’ token
[5.876s]   322 | void StatesMachineNode::call_back_joints_current_target[01;31m[K([m[K) {
[5.876s]       |                                                        [01;31m[K^[m[K
[5.876s] [01m[K/home/jcarballeira/nimble_ws/src/nimble/src/states_machine.cpp:337:58:[m[K [01;31m[Kerror: [m[Kqualified-id in declaration before ‘[01m[K([m[K’ token
[5.877s]   337 | void StatesMachineNode::call_back_joints_trajectory_timer[01;31m[K([m[K) {
[5.877s]       |                                                          [01;31m[K^[m[K
[5.877s] [01m[K/home/jcarballeira/nimble_ws/src/nimble/src/states_machine.cpp:348:36:[m[K [01;31m[Kerror: [m[Kqualified-id in declaration before ‘[01m[K([m[K’ token
[5.877s]   348 | void StatesMachineNode::processData[01;31m[K([m[K) {
[5.877s]       |                                    [01;31m[K^[m[K
[5.886s] [01m[K/home/jcarballeira/nimble_ws/src/nimble/src/states_machine.cpp:[m[K At global scope:
[5.886s] [01m[K/home/jcarballeira/nimble_ws/src/nimble/src/states_machine.cpp:377:2:[m[K [01;31m[Kerror: [m[Kexpected ‘[01m[K}[m[K’ at end of input
[5.886s]   377 | }
[5.887s]       |  [01;31m[K^[m[K
[5.887s] [01m[K/home/jcarballeira/nimble_ws/src/nimble/src/states_machine.cpp:12:24:[m[K [01;36m[Knote: [m[Kto match this ‘[01m[K{[m[K’
[5.887s]    12 | namespace stateMachine [01;36m[K{[m[K
[5.887s]       |                        [01;36m[K^[m[K
[6.315s] gmake[2]: *** [CMakeFiles/traj_generator_server.dir/build.make:76: CMakeFiles/traj_generator_server.dir/src/traj_generator_service.cpp.o] Error 1
[6.315s] gmake[1]: *** [CMakeFiles/Makefile2:333: CMakeFiles/traj_generator_server.dir/all] Error 2
[6.315s] gmake[1]: *** Waiting for unfinished jobs....
[7.169s] [01m[K/home/jcarballeira/nimble_ws/src/nimble/src/kinematic_model.cpp:[m[K In member function ‘[01m[Kvoid kineticModel::KinematicModelNode::call_back_state_cables(const JointState&)[m[K’:
[7.169s] [01m[K/home/jcarballeira/nimble_ws/src/nimble/src/kinematic_model.cpp:172:41:[m[K [01;35m[Kwarning: [m[Kunused parameter ‘[01m[Kjoint_state_cables_msg[m[K’ [[01;35m[K]8;;https://gcc.gnu.org/onlinedocs/gcc/Warning-Options.html#index-Wunused-parameter-Wunused-parameter]8;;[m[K]
[7.169s]   172 |     [01;35m[Kconst sensor_msgs::msg::JointState &joint_state_cables_msg[m[K) {
[7.169s]       |     [01;35m[K~~~~~~~~~~~~~~~~~~~~~~~~~~~~~~~~~~~~^~~~~~~~~~~~~~~~~~~~~~[m[K
[16.736s] [ 68%] [32m[1mLinking CXX executable frame[0m
[17.582s] [ 68%] Built target frame
[19.315s] [ 75%] [32m[1mLinking CXX executable gamming[0m
[19.320s] gmake[2]: *** [CMakeFiles/states_machine.dir/build.make:76: CMakeFiles/states_machine.dir/src/states_machine.cpp.o] Error 1
[19.320s] gmake[1]: *** [CMakeFiles/Makefile2:177: CMakeFiles/states_machine.dir/all] Error 2
[20.123s] [ 75%] Built target gamming
[25.255s] [ 81%] [32m[1mLinking CXX executable kinematic_model[0m
[26.329s] [ 81%] Built target kinematic_model
[28.598s] [ 87%] [32m[1mLinking CXX executable control_ZMP[0m
[30.113s] [ 87%] Built target control_ZMP
[30.114s] gmake: *** [Makefile:146: all] Error 2
[30.116s] Invoked command in '/home/jcarballeira/nimble_ws/src/build/nimble' returned '2': AMENT_PREFIX_PATH=/home/jcarballeira/nimble_ws/src/install/nimble_interfaces:${AMENT_PREFIX_PATH} CMAKE_PREFIX_PATH=/home/jcarballeira/nimble_ws/src/install/nimble_interfaces:/home/jcarballeira/nimble_ws/install/nimble:/home/jcarballeira/nimble_ws/install/nimble_interfaces:/home/jcarballeira/evloc_ws/install/evloc:/opt/ros/humble LD_LIBRARY_PATH=/home/jcarballeira/nimble_ws/src/install/nimble_interfaces/lib:${LD_LIBRARY_PATH} PYTHONPATH=/home/jcarballeira/nimble_ws/src/install/nimble_interfaces/local/lib/python3.10/dist-packages:${PYTHONPATH} /usr/bin/cmake --build /home/jcarballeira/nimble_ws/src/build/nimble -- -j8 -l8
