[0.012s] Invoking command in '/home/jaime/MotorControl/uros_ws/build/frame_data': CMAKE_PREFIX_PATH=${CMAKE_PREFIX_PATH}:/opt/ros/humble PS1=\[\033[01;32m\]\u@\h \[\033[01;34m\]\w \[\033[31m\]`git branch 2> /dev/null | grep -e ^* | sed -E s/^\\\\\*\ \(.+\)$/\(\\\\\1\)\ /`\[\033[35m\]$\[\033[00m\] /usr/bin/cmake /home/jaime/MotorControl/uros_ws/frame_data -DCMAKE_INSTALL_PREFIX=/home/jaime/MotorControl/uros_ws/install/frame_data
[0.022s] -- Found rosidl_default_generators: 1.2.0 (/opt/ros/humble/share/rosidl_default_generators/cmake)
[0.022s] -- Found ament_cmake_core: 1.3.8 (/opt/ros/humble/share/ament_cmake_core/cmake)
[0.179s] -- Using all available rosidl_typesupport_c: rosidl_typesupport_fastrtps_c;rosidl_typesupport_introspection_c
[0.183s] -- Found rosidl_adapter: 3.1.5 (/opt/ros/humble/share/rosidl_adapter/cmake)
[0.227s] -- Using all available rosidl_typesupport_cpp: rosidl_typesupport_fastrtps_cpp;rosidl_typesupport_introspection_cpp
[0.386s] [31mCMake Error at /opt/ros/humble/share/rosidl_adapter/cmake/rosidl_adapt_interfaces.cmake:59 (message):
[0.386s]   execute_process(/usr/bin/python3 -m rosidl_adapter --package-name
[0.386s]   frame_data --arguments-file
[0.386s]   /home/jaime/MotorControl/uros_ws/build/frame_data/rosidl_adapter__arguments__frame_data.json
[0.386s]   --output-dir
[0.386s]   /home/jaime/MotorControl/uros_ws/build/frame_data/rosidl_adapter/frame_data
[0.386s]   --output-file
[0.386s]   /home/jaime/MotorControl/uros_ws/build/frame_data/rosidl_adapter/frame_data.idls)
[0.386s]   returned error code 1:
[0.386s] 
[0.386s]   Traceback (most recent call last):
[0.386s] 
[0.386s]     File "/usr/lib/python3.10/runpy.py", line 196, in _run_module_as_main
[0.386s]       return _run_code(code, main_globals, None,
[0.386s]     File "/usr/lib/python3.10/runpy.py", line 86, in _run_code
[0.386s]       exec(code, run_globals)
[0.386s]     File "/opt/ros/humble/local/lib/python3.10/dist-packages/rosidl_adapter/__main__.py", line 19, in <module>
[0.387s]       sys.exit(main())
[0.387s]     File "/opt/ros/humble/local/lib/python3.10/dist-packages/rosidl_adapter/main.py", line 53, in main
[0.387s]       abs_idl_file = convert_to_idl(
[0.387s]     File "/opt/ros/humble/local/lib/python3.10/dist-packages/rosidl_adapter/__init__.py", line 19, in convert_to_idl
[0.387s]       return convert_msg_to_idl(
[0.387s]     File "/opt/ros/humble/local/lib/python3.10/dist-packages/rosidl_adapter/msg/__init__.py", line 28, in convert_msg_to_idl
[0.387s]       msg = parse_message_string(package_name, input_file.stem, content)
[0.387s]     File "/opt/ros/humble/local/lib/python3.10/dist-packages/rosidl_adapter/parser.py", line 544, in parse_message_string
[0.387s]       msg = MessageSpecification(pkg_name, msg_name, fields, constants)
[0.387s]     File "/opt/ros/humble/local/lib/python3.10/dist-packages/rosidl_adapter/parser.py", line 388, in __init__
[0.387s]       self.base_type = BaseType(
[0.387s]     File "/opt/ros/humble/local/lib/python3.10/dist-packages/rosidl_adapter/parser.py", line 205, in __init__
[0.387s]       raise InvalidResourceName(
[0.387s] 
[0.387s]   rosidl_adapter.parser.InvalidResourceName: 'Frame_Data' is an invalid
[0.387s]   message name.  It should have the pattern '^[A-Z][A-Za-z0-9]*$'
[0.387s] 
[0.387s] Call Stack (most recent call first):
[0.387s]   /opt/ros/humble/share/rosidl_cmake/cmake/rosidl_generate_interfaces.cmake:130 (rosidl_adapt_interfaces)
[0.387s]   CMakeLists.txt:7 (rosidl_generate_interfaces)
[0.388s] 
[0.388s] [0m
[0.388s] -- Configuring incomplete, errors occurred!
[0.388s] See also "/home/jaime/MotorControl/uros_ws/build/frame_data/CMakeFiles/CMakeOutput.log".
[0.390s] Invoked command in '/home/jaime/MotorControl/uros_ws/build/frame_data' returned '1': CMAKE_PREFIX_PATH=${CMAKE_PREFIX_PATH}:/opt/ros/humble PS1=\[\033[01;32m\]\u@\h \[\033[01;34m\]\w \[\033[31m\]`git branch 2> /dev/null | grep -e ^* | sed -E s/^\\\\\*\ \(.+\)$/\(\\\\\1\)\ /`\[\033[35m\]$\[\033[00m\] /usr/bin/cmake /home/jaime/MotorControl/uros_ws/frame_data -DCMAKE_INSTALL_PREFIX=/home/jaime/MotorControl/uros_ws/install/frame_data
