[0.093s] Invoking command in '/home/jcarballeira/nimble_ws/src/build/nimble': AMENT_PREFIX_PATH=/home/jcarballeira/nimble_ws/src/install/nimble_interfaces:${AMENT_PREFIX_PATH} CMAKE_PREFIX_PATH=/home/jcarballeira/nimble_ws/src/install/nimble_interfaces:/home/jcarballeira/nimble_ws/install/nimble:/home/jcarballeira/nimble_ws/install/nimble_interfaces:/home/jcarballeira/evloc_ws/install/evloc:/opt/ros/humble LD_LIBRARY_PATH=/home/jcarballeira/nimble_ws/src/install/nimble_interfaces/lib:${LD_LIBRARY_PATH} PYTHONPATH=/home/jcarballeira/nimble_ws/src/install/nimble_interfaces/local/lib/python3.10/dist-packages:${PYTHONPATH} /usr/bin/cmake /home/jcarballeira/nimble_ws/src/nimble -DAMENT_CMAKE_SYMLINK_INSTALL=1 -DCMAKE_INSTALL_PREFIX=/home/jcarballeira/nimble_ws/src/install/nimble
[0.142s] -- The C compiler identification is GNU 11.4.0
[0.192s] -- The CXX compiler identification is GNU 11.4.0
[0.199s] -- Detecting C compiler ABI info
[0.260s] -- Detecting C compiler ABI info - done
[0.268s] -- Check for working C compiler: /usr/bin/cc - skipped
[0.268s] -- Detecting C compile features
[0.269s] -- Detecting C compile features - done
[0.271s] -- Detecting CXX compiler ABI info
[0.343s] -- Detecting CXX compiler ABI info - done
[0.351s] -- Check for working CXX compiler: /usr/bin/c++ - skipped
[0.351s] -- Detecting CXX compile features
[0.351s] -- Detecting CXX compile features - done
[0.354s] -- Found ament_cmake: 1.3.7 (/opt/ros/humble/share/ament_cmake/cmake)
[0.525s] -- Found Python3: /usr/bin/python3.10 (found version "3.10.12") found components: Interpreter 
[0.586s] -- Override CMake install command with custom implementation using symlinks instead of copying resources
[0.622s] -- Found rclcpp: 16.0.8 (/opt/ros/humble/share/rclcpp/cmake)
[0.670s] -- Found rosidl_generator_c: 3.1.5 (/opt/ros/humble/share/rosidl_generator_c/cmake)
[0.675s] -- Found rosidl_adapter: 3.1.5 (/opt/ros/humble/share/rosidl_adapter/cmake)
[0.683s] -- Found rosidl_generator_cpp: 3.1.5 (/opt/ros/humble/share/rosidl_generator_cpp/cmake)
[0.696s] -- Using all available rosidl_typesupport_c: rosidl_typesupport_fastrtps_c;rosidl_typesupport_introspection_c
[0.715s] -- Using all available rosidl_typesupport_cpp: rosidl_typesupport_fastrtps_cpp;rosidl_typesupport_introspection_cpp
[0.800s] -- Found rmw_implementation_cmake: 6.1.1 (/opt/ros/humble/share/rmw_implementation_cmake/cmake)
[0.803s] -- Found rmw_fastrtps_cpp: 6.2.6 (/opt/ros/humble/share/rmw_fastrtps_cpp/cmake)
[0.900s] -- Found OpenSSL: /usr/lib/x86_64-linux-gnu/libcrypto.so (found version "3.0.2")  
[0.929s] -- Found FastRTPS: /opt/ros/humble/include  
[0.977s] -- Using RMW implementation 'rmw_fastrtps_cpp' as default
[0.990s] -- Looking for pthread.h
[1.055s] -- Looking for pthread.h - found
[1.055s] -- Performing Test CMAKE_HAVE_LIBC_PTHREAD
[1.121s] -- Performing Test CMAKE_HAVE_LIBC_PTHREAD - Success
[1.122s] -- Found Threads: TRUE  
[1.290s] -- Found nimble_interfaces: 0.0.0 (/home/jcarballeira/nimble_ws/src/install/nimble_interfaces/share/nimble_interfaces/cmake)
[1.519s] -- Found sensor_msgs: 4.2.3 (/opt/ros/humble/share/sensor_msgs/cmake)
[1.601s] -- Found rosidl_default_generators: 1.2.0 (/opt/ros/humble/share/rosidl_default_generators/cmake)
[1.621s] -- Found ament_lint_auto: 0.12.10 (/opt/ros/humble/share/ament_lint_auto/cmake)
[1.733s] -- Added test 'cppcheck' to perform static code analysis on C / C++ code
[1.734s] -- Configured cppcheck include dirs: /home/jcarballeira/nimble_ws/src/nimble/include
[1.734s] -- Configured cppcheck exclude dirs and/or files: 
[1.738s] -- Added test 'flake8' to check Python code syntax and style conventions
[1.747s] -- Added test 'lint_cmake' to check CMake code style
[1.752s] -- Added test 'pep257' to check Python code against some of the docstring style conventions in PEP 257
[1.784s] -- Added test 'uncrustify' to check C / C++ code style
[1.784s] -- Configured uncrustify additional arguments: 
[1.788s] -- Added test 'xmllint' to check XML markup files
[1.789s] -- Configuring done
[1.820s] -- Generating done
[1.822s] -- Build files have been written to: /home/jcarballeira/nimble_ws/src/build/nimble
[1.832s] Invoked command in '/home/jcarballeira/nimble_ws/src/build/nimble' returned '0': AMENT_PREFIX_PATH=/home/jcarballeira/nimble_ws/src/install/nimble_interfaces:${AMENT_PREFIX_PATH} CMAKE_PREFIX_PATH=/home/jcarballeira/nimble_ws/src/install/nimble_interfaces:/home/jcarballeira/nimble_ws/install/nimble:/home/jcarballeira/nimble_ws/install/nimble_interfaces:/home/jcarballeira/evloc_ws/install/evloc:/opt/ros/humble LD_LIBRARY_PATH=/home/jcarballeira/nimble_ws/src/install/nimble_interfaces/lib:${LD_LIBRARY_PATH} PYTHONPATH=/home/jcarballeira/nimble_ws/src/install/nimble_interfaces/local/lib/python3.10/dist-packages:${PYTHONPATH} /usr/bin/cmake /home/jcarballeira/nimble_ws/src/nimble -DAMENT_CMAKE_SYMLINK_INSTALL=1 -DCMAKE_INSTALL_PREFIX=/home/jcarballeira/nimble_ws/src/install/nimble
[1.834s] Invoking command in '/home/jcarballeira/nimble_ws/src/build/nimble': AMENT_PREFIX_PATH=/home/jcarballeira/nimble_ws/src/install/nimble_interfaces:${AMENT_PREFIX_PATH} CMAKE_PREFIX_PATH=/home/jcarballeira/nimble_ws/src/install/nimble_interfaces:/home/jcarballeira/nimble_ws/install/nimble:/home/jcarballeira/nimble_ws/install/nimble_interfaces:/home/jcarballeira/evloc_ws/install/evloc:/opt/ros/humble LD_LIBRARY_PATH=/home/jcarballeira/nimble_ws/src/install/nimble_interfaces/lib:${LD_LIBRARY_PATH} PYTHONPATH=/home/jcarballeira/nimble_ws/src/install/nimble_interfaces/local/lib/python3.10/dist-packages:${PYTHONPATH} /usr/bin/cmake --build /home/jcarballeira/nimble_ws/src/build/nimble -- -j8 -l8
[1.887s] [ 43%] [32mBuilding CXX object CMakeFiles/frame.dir/src/frame.cpp.o[0m
[1.887s] [ 43%] [32mBuilding CXX object CMakeFiles/gamming.dir/src/gamming.cpp.o[0m
[1.887s] [ 43%] [32mBuilding CXX object CMakeFiles/control_MSD.dir/src/control_MSD.cpp.o[0m
[1.887s] [ 50%] [32mBuilding CXX object CMakeFiles/traj_generator_server.dir/src/traj_generator_service.cpp.o[0m
[1.887s] [ 50%] [32mBuilding CXX object CMakeFiles/control_ZMP.dir/src/control_ZMP.cpp.o[0m
[1.888s] [ 43%] [32mBuilding CXX object CMakeFiles/states_machine.dir/src/states_machine.cpp.o[0m
[1.888s] [ 43%] [32mBuilding CXX object CMakeFiles/cables_robot.dir/src/cables_robot.cpp.o[0m
[1.888s] [ 50%] [32mBuilding CXX object CMakeFiles/kinematic_model.dir/src/kinematic_model.cpp.o[0m
[7.385s] [01m[K/home/jcarballeira/nimble_ws/src/nimble/src/states_machine.cpp:[m[K In member function ‘[01m[Ktrajectory_msgs::msg::JointTrajectoryPoint stateMachine::StatesMachineNode::get_actual_joint_state(int)[m[K’:
[7.385s] [01m[K/home/jcarballeira/nimble_ws/src/nimble/src/states_machine.cpp:300:9:[m[K [01;35m[Kwarning: [m[Kunused variable ‘[01m[Kind[m[K’ [[01;35m[K]8;;https://gcc.gnu.org/onlinedocs/gcc/Warning-Options.html#index-Wunused-variable-Wunused-variable]8;;[m[K]
[7.385s]   300 |     int [01;35m[Kind[m[K = 0;
[7.385s]       |         [01;35m[K^~~[m[K
[8.555s] [01m[K/home/jcarballeira/nimble_ws/src/nimble/src/kinematic_model.cpp:[m[K In member function ‘[01m[Kvoid kineticModel::KinematicModelNode::call_back_state_cables(const JointState&)[m[K’:
[8.555s] [01m[K/home/jcarballeira/nimble_ws/src/nimble/src/kinematic_model.cpp:172:41:[m[K [01;35m[Kwarning: [m[Kunused parameter ‘[01m[Kjoint_state_cables_msg[m[K’ [[01;35m[K]8;;https://gcc.gnu.org/onlinedocs/gcc/Warning-Options.html#index-Wunused-parameter-Wunused-parameter]8;;[m[K]
[8.555s]   172 |     [01;35m[Kconst sensor_msgs::msg::JointState &joint_state_cables_msg[m[K) {
[8.556s]       |     [01;35m[K~~~~~~~~~~~~~~~~~~~~~~~~~~~~~~~~~~~~^~~~~~~~~~~~~~~~~~~~~~[m[K
[9.440s] [ 56%] [32m[1mLinking CXX executable traj_generator_server[0m
[9.888s] [ 56%] Built target traj_generator_server
[16.900s] [ 62%] [32m[1mLinking CXX executable cables_robot[0m
[17.867s] [ 62%] Built target cables_robot
[17.902s] [ 68%] [32m[1mLinking CXX executable frame[0m
[18.583s] [ 68%] Built target frame
[22.191s] [ 75%] [32m[1mLinking CXX executable gamming[0m
[23.349s] [ 75%] Built target gamming
[26.670s] [ 81%] [32m[1mLinking CXX executable kinematic_model[0m
[27.817s] [ 81%] Built target kinematic_model
[30.948s] [ 87%] [32m[1mLinking CXX executable control_MSD[0m
[31.768s] [ 93%] [32m[1mLinking CXX executable control_ZMP[0m
[32.557s] [ 93%] Built target control_MSD
[33.140s] [ 93%] Built target control_ZMP
[37.716s] [100%] [32m[1mLinking CXX executable states_machine[0m
[39.298s] [100%] Built target states_machine
[39.309s] Invoked command in '/home/jcarballeira/nimble_ws/src/build/nimble' returned '0': AMENT_PREFIX_PATH=/home/jcarballeira/nimble_ws/src/install/nimble_interfaces:${AMENT_PREFIX_PATH} CMAKE_PREFIX_PATH=/home/jcarballeira/nimble_ws/src/install/nimble_interfaces:/home/jcarballeira/nimble_ws/install/nimble:/home/jcarballeira/nimble_ws/install/nimble_interfaces:/home/jcarballeira/evloc_ws/install/evloc:/opt/ros/humble LD_LIBRARY_PATH=/home/jcarballeira/nimble_ws/src/install/nimble_interfaces/lib:${LD_LIBRARY_PATH} PYTHONPATH=/home/jcarballeira/nimble_ws/src/install/nimble_interfaces/local/lib/python3.10/dist-packages:${PYTHONPATH} /usr/bin/cmake --build /home/jcarballeira/nimble_ws/src/build/nimble -- -j8 -l8
[39.347s] Invoking command in '/home/jcarballeira/nimble_ws/src/build/nimble': AMENT_PREFIX_PATH=/home/jcarballeira/nimble_ws/src/install/nimble_interfaces:${AMENT_PREFIX_PATH} CMAKE_PREFIX_PATH=/home/jcarballeira/nimble_ws/src/install/nimble_interfaces:/home/jcarballeira/nimble_ws/install/nimble:/home/jcarballeira/nimble_ws/install/nimble_interfaces:/home/jcarballeira/evloc_ws/install/evloc:/opt/ros/humble LD_LIBRARY_PATH=/home/jcarballeira/nimble_ws/src/install/nimble_interfaces/lib:${LD_LIBRARY_PATH} PYTHONPATH=/home/jcarballeira/nimble_ws/src/install/nimble_interfaces/local/lib/python3.10/dist-packages:${PYTHONPATH} /usr/bin/cmake --install /home/jcarballeira/nimble_ws/src/build/nimble
[39.354s] -- Install configuration: ""
[39.355s] -- Execute custom install script
[39.355s] -- Symlinking: /home/jcarballeira/nimble_ws/src/install/nimble/lib/nimble/kinematic_model
[39.363s] -- Symlinking: /home/jcarballeira/nimble_ws/src/install/nimble/lib/nimble/control_ZMP
[39.371s] -- Symlinking: /home/jcarballeira/nimble_ws/src/install/nimble/lib/nimble/control_MSD
[39.380s] -- Symlinking: /home/jcarballeira/nimble_ws/src/install/nimble/lib/nimble/cables_robot
[39.388s] -- Symlinking: /home/jcarballeira/nimble_ws/src/install/nimble/lib/nimble/gamming
[39.397s] -- Symlinking: /home/jcarballeira/nimble_ws/src/install/nimble/lib/nimble/frame
[39.405s] -- Symlinking: /home/jcarballeira/nimble_ws/src/install/nimble/lib/nimble/states_machine
[39.414s] -- Symlinking: /home/jcarballeira/nimble_ws/src/install/nimble/lib/nimble/traj_generator_server
[39.428s] -- Symlinking: /home/jcarballeira/nimble_ws/src/install/nimble/share/nimble/launch/__pycache__/nimble_launch.cpython-310.pyc
[39.444s] -- Symlinking: /home/jcarballeira/nimble_ws/src/install/nimble/share/nimble/launch/nimble_launch.py
[39.454s] -- Symlinking: /home/jcarballeira/nimble_ws/src/install/nimble/share/nimble/include/kinetik_model/kineticModel.hpp
[39.463s] -- Symlinking: /home/jcarballeira/nimble_ws/src/install/nimble/share/nimble/include/state_machine/stateMachine.hpp
[39.471s] -- Symlinking: /home/jcarballeira/nimble_ws/src/install/nimble/share/nimble/config/paciente.yaml
[39.480s] -- Symlinking: /home/jcarballeira/nimble_ws/src/install/nimble/lib/nimble/hmi.py
[39.488s] -- Symlinking: /home/jcarballeira/nimble_ws/src/install/nimble/share/ament_index/resource_index/package_run_dependencies/nimble
[39.497s] -- Symlinking: /home/jcarballeira/nimble_ws/src/install/nimble/share/ament_index/resource_index/parent_prefix_path/nimble
[39.505s] -- Symlinking: /home/jcarballeira/nimble_ws/src/install/nimble/share/nimble/environment/ament_prefix_path.sh
[39.513s] -- Symlinking: /home/jcarballeira/nimble_ws/src/install/nimble/share/nimble/environment/ament_prefix_path.dsv
[39.522s] -- Symlinking: /home/jcarballeira/nimble_ws/src/install/nimble/share/nimble/environment/path.sh
[39.530s] -- Symlinking: /home/jcarballeira/nimble_ws/src/install/nimble/share/nimble/environment/path.dsv
[39.539s] -- Symlinking: /home/jcarballeira/nimble_ws/src/install/nimble/share/nimble/local_setup.bash
[39.547s] -- Symlinking: /home/jcarballeira/nimble_ws/src/install/nimble/share/nimble/local_setup.sh
[39.556s] -- Symlinking: /home/jcarballeira/nimble_ws/src/install/nimble/share/nimble/local_setup.zsh
[39.564s] -- Symlinking: /home/jcarballeira/nimble_ws/src/install/nimble/share/nimble/local_setup.dsv
[39.573s] -- Symlinking: /home/jcarballeira/nimble_ws/src/install/nimble/share/nimble/package.dsv
[39.582s] -- Symlinking: /home/jcarballeira/nimble_ws/src/install/nimble/share/ament_index/resource_index/packages/nimble
[39.590s] -- Symlinking: /home/jcarballeira/nimble_ws/src/install/nimble/share/nimble/cmake/nimbleConfig.cmake
[39.598s] -- Symlinking: /home/jcarballeira/nimble_ws/src/install/nimble/share/nimble/cmake/nimbleConfig-version.cmake
[39.606s] -- Symlinking: /home/jcarballeira/nimble_ws/src/install/nimble/share/nimble/package.xml
[39.616s] Invoked command in '/home/jcarballeira/nimble_ws/src/build/nimble' returned '0': AMENT_PREFIX_PATH=/home/jcarballeira/nimble_ws/src/install/nimble_interfaces:${AMENT_PREFIX_PATH} CMAKE_PREFIX_PATH=/home/jcarballeira/nimble_ws/src/install/nimble_interfaces:/home/jcarballeira/nimble_ws/install/nimble:/home/jcarballeira/nimble_ws/install/nimble_interfaces:/home/jcarballeira/evloc_ws/install/evloc:/opt/ros/humble LD_LIBRARY_PATH=/home/jcarballeira/nimble_ws/src/install/nimble_interfaces/lib:${LD_LIBRARY_PATH} PYTHONPATH=/home/jcarballeira/nimble_ws/src/install/nimble_interfaces/local/lib/python3.10/dist-packages:${PYTHONPATH} /usr/bin/cmake --install /home/jcarballeira/nimble_ws/src/build/nimble
