[01m[K/home/jcarballeira/nimble_ws/src/nimble/src/states_machine.cpp:[m[K In member function ‘[01m[Kvoid stateMachine::StatesMachineNode::call_TrajGenerationService(const Measurements&, const TherapyRequirements&)[m[K’:
[01m[K/home/jcarballeira/nimble_ws/src/nimble/src/states_machine.cpp:207:47:[m[K [01;31m[Kerror: [m[Kno match for ‘[01m[Koperator=[m[K’ (operand types are ‘[01m[Kstd_msgs::msg::Float32MultiArray_<std::allocator<void> >::_data_type[m[K’ {aka ‘[01m[Kstd::vector<float>[m[K’} and ‘[01m[Kstd_msgs::msg::Float32MultiArray[m[K’ {aka ‘[01m[Kstd_msgs::msg::Float32MultiArray_<std::allocator<void> >[m[K’})
  207 |     shared_data_.joints_trajectory.phase.data=[01;31m[Kphases_msg[m[K;
      |                                               [01;31m[K^~~~~~~~~~[m[K
In file included from [01m[K/usr/include/c++/11/vector:72[m[K,
                 from [01m[K/usr/include/c++/11/functional:62[m[K,
                 from [01m[K/home/jcarballeira/nimble_ws/src/nimble/src/states_machine.cpp:3[m[K:
[01m[K/usr/include/c++/11/bits/vector.tcc:198:5:[m[K [01;36m[Knote: [m[Kcandidate: ‘[01m[Kstd::vector<_Tp, _Alloc>& std::vector<_Tp, _Alloc>::operator=(const std::vector<_Tp, _Alloc>&) [with _Tp = float; _Alloc = std::allocator<float>][m[K’
  198 |     [01;36m[Kvector<_Tp, _Alloc>[m[K::
      |     [01;36m[K^~~~~~~~~~~~~~~~~~~[m[K
[01m[K/usr/include/c++/11/bits/vector.tcc:199:42:[m[K [01;36m[Knote: [m[K  no known conversion for argument 1 from ‘[01m[Kstd_msgs::msg::Float32MultiArray[m[K’ {aka ‘[01m[Kstd_msgs::msg::Float32MultiArray_<std::allocator<void> >[m[K’} to ‘[01m[Kconst std::vector<float>&[m[K’
  199 |     operator=([01;36m[Kconst vector<_Tp, _Alloc>& __x[m[K)
      |               [01;36m[K~~~~~~~~~~~~~~~~~~~~~~~~~~~^~~[m[K
In file included from [01m[K/usr/include/c++/11/vector:67[m[K,
                 from [01m[K/usr/include/c++/11/functional:62[m[K,
                 from [01m[K/home/jcarballeira/nimble_ws/src/nimble/src/states_machine.cpp:3[m[K:
[01m[K/usr/include/c++/11/bits/stl_vector.h:709:7:[m[K [01;36m[Knote: [m[Kcandidate: ‘[01m[Kstd::vector<_Tp, _Alloc>& std::vector<_Tp, _Alloc>::operator=(std::vector<_Tp, _Alloc>&&) [with _Tp = float; _Alloc = std::allocator<float>][m[K’
  709 |       [01;36m[Koperator[m[K=(vector&& __x) noexcept(_Alloc_traits::_S_nothrow_move())
      |       [01;36m[K^~~~~~~~[m[K
[01m[K/usr/include/c++/11/bits/stl_vector.h:709:26:[m[K [01;36m[Knote: [m[K  no known conversion for argument 1 from ‘[01m[Kstd_msgs::msg::Float32MultiArray[m[K’ {aka ‘[01m[Kstd_msgs::msg::Float32MultiArray_<std::allocator<void> >[m[K’} to ‘[01m[Kstd::vector<float>&&[m[K’
  709 |       operator=([01;36m[Kvector&& __x[m[K) noexcept(_Alloc_traits::_S_nothrow_move())
      |                 [01;36m[K~~~~~~~~~^~~[m[K
[01m[K/usr/include/c++/11/bits/stl_vector.h:730:7:[m[K [01;36m[Knote: [m[Kcandidate: ‘[01m[Kstd::vector<_Tp, _Alloc>& std::vector<_Tp, _Alloc>::operator=(std::initializer_list<_Tp>) [with _Tp = float; _Alloc = std::allocator<float>][m[K’
  730 |       [01;36m[Koperator[m[K=(initializer_list<value_type> __l)
      |       [01;36m[K^~~~~~~~[m[K
[01m[K/usr/include/c++/11/bits/stl_vector.h:730:46:[m[K [01;36m[Knote: [m[K  no known conversion for argument 1 from ‘[01m[Kstd_msgs::msg::Float32MultiArray[m[K’ {aka ‘[01m[Kstd_msgs::msg::Float32MultiArray_<std::allocator<void> >[m[K’} to ‘[01m[Kstd::initializer_list<float>[m[K’
  730 |       operator=([01;36m[Kinitializer_list<value_type> __l[m[K)
      |                 [01;36m[K~~~~~~~~~~~~~~~~~~~~~~~~~~~~~^~~[m[K
[01m[K/home/jcarballeira/nimble_ws/src/nimble/src/states_machine.cpp:[m[K In member function ‘[01m[Kvoid stateMachine::StatesMachineNode::call_back_joints_current_target()[m[K’:
[01m[K/home/jcarballeira/nimble_ws/src/nimble/src/states_machine.cpp:333:33:[m[K [01;31m[Kerror: [m[K‘[01m[Kstd_msgs::msg::Float32MultiArray[m[K’ {aka ‘[01m[Kstd_msgs::msg::Float32MultiArray_<std::allocator<void> >[m[K’} is not a template
  333 |     curr_target_message.phase = [01;31m[Kstd_msgs[m[K::msg::Float32MultiArray<float>(percent);
      |                                 [01;31m[K^~~~~~~~[m[K
[01m[K/home/jcarballeira/nimble_ws/src/nimble/src/states_machine.cpp:333:80:[m[K [01;31m[Kerror: [m[Kno matching function for call to ‘[01m[Kstd_msgs::msg::Float32MultiArray_<std::allocator<void> >::Float32MultiArray_(float&)[m[K’
  333 |     curr_target_message.phase = std_msgs::msg::Float32MultiArray<float>(percent[01;31m[K)[m[K;
      |                                                                                [01;31m[K^[m[K
In file included from [01m[K/opt/ros/humble/include/std_msgs/std_msgs/msg/float32_multi_array.hpp:7[m[K,
                 from [01m[K/home/jcarballeira/nimble_ws/src/nimble/include/state_machine/stateMachine.hpp:8[m[K,
                 from [01m[K/home/jcarballeira/nimble_ws/src/nimble/src/states_machine.cpp:8[m[K:
[01m[K/opt/ros/humble/include/std_msgs/std_msgs/msg/detail/float32_multi_array__struct.hpp:46:12:[m[K [01;36m[Knote: [m[Kcandidate: ‘[01m[Kstd_msgs::msg::Float32MultiArray_<ContainerAllocator>::Float32MultiArray_(const ContainerAllocator&, rosidl_runtime_cpp::MessageInitialization) [with ContainerAllocator = std::allocator<void>][m[K’
   46 |   explicit [01;36m[KFloat32MultiArray_[m[K(const ContainerAllocator & _alloc, rosidl_runtime_cpp::MessageInitialization _init = rosidl_runtime_cpp::MessageInitialization::ALL)
      |            [01;36m[K^~~~~~~~~~~~~~~~~~[m[K
[01m[K/opt/ros/humble/include/std_msgs/std_msgs/msg/detail/float32_multi_array__struct.hpp:46:58:[m[K [01;36m[Knote: [m[K  no known conversion for argument 1 from ‘[01m[Kfloat[m[K’ to ‘[01m[Kconst std::allocator<void>&[m[K’
   46 |   explicit Float32MultiArray_([01;36m[Kconst ContainerAllocator & _alloc[m[K, rosidl_runtime_cpp::MessageInitialization _init = rosidl_runtime_cpp::MessageInitialization::ALL)
      |                               [01;36m[K~~~~~~~~~~~~~~~~~~~~~~~~~~~^~~~~~[m[K
In file included from [01m[K/opt/ros/humble/include/std_msgs/std_msgs/msg/float32_multi_array.hpp:7[m[K,
                 from [01m[K/home/jcarballeira/nimble_ws/src/nimble/include/state_machine/stateMachine.hpp:8[m[K,
                 from [01m[K/home/jcarballeira/nimble_ws/src/nimble/src/states_machine.cpp:8[m[K:
[01m[K/opt/ros/humble/include/std_msgs/std_msgs/msg/detail/float32_multi_array__struct.hpp:40:12:[m[K [01;36m[Knote: [m[Kcandidate: ‘[01m[Kstd_msgs::msg::Float32MultiArray_<ContainerAllocator>::Float32MultiArray_(rosidl_runtime_cpp::MessageInitialization) [with ContainerAllocator = std::allocator<void>][m[K’
   40 |   explicit [01;36m[KFloat32MultiArray_[m[K(rosidl_runtime_cpp::MessageInitialization _init = rosidl_runtime_cpp::MessageInitialization::ALL)
      |            [01;36m[K^~~~~~~~~~~~~~~~~~[m[K
[01m[K/opt/ros/humble/include/std_msgs/std_msgs/msg/detail/float32_multi_array__struct.hpp:40:73:[m[K [01;36m[Knote: [m[K  no known conversion for argument 1 from ‘[01m[Kfloat[m[K’ to ‘[01m[Krosidl_runtime_cpp::MessageInitialization[m[K’
   40 |   explicit Float32MultiArray_([01;36m[Krosidl_runtime_cpp::MessageInitialization _init = rosidl_runtime_cpp::MessageInitialization::ALL[m[K)
      |                               [01;36m[K~~~~~~~~~~~~~~~~~~~~~~~~~~~~~~~~~~~~~~~~~~^~~~~~~~~~~~~~~~~~~~~~~~~~~~~~~~~~~~~~~~~~~~~~~~~~~~~~[m[K
[01m[K/opt/ros/humble/include/std_msgs/std_msgs/msg/detail/float32_multi_array__struct.hpp:36:8:[m[K [01;36m[Knote: [m[Kcandidate: ‘[01m[Kstd_msgs::msg::Float32MultiArray_<std::allocator<void> >::Float32MultiArray_(const std_msgs::msg::Float32MultiArray_<std::allocator<void> >&)[m[K’
   36 | struct [01;36m[KFloat32MultiArray_[m[K
      |        [01;36m[K^~~~~~~~~~~~~~~~~~[m[K
[01m[K/opt/ros/humble/include/std_msgs/std_msgs/msg/detail/float32_multi_array__struct.hpp:36:8:[m[K [01;36m[Knote: [m[K  no known conversion for argument 1 from ‘[01m[Kfloat[m[K’ to ‘[01m[Kconst std_msgs::msg::Float32MultiArray_<std::allocator<void> >&[m[K’
[01m[K/opt/ros/humble/include/std_msgs/std_msgs/msg/detail/float32_multi_array__struct.hpp:36:8:[m[K [01;36m[Knote: [m[Kcandidate: ‘[01m[Kstd_msgs::msg::Float32MultiArray_<std::allocator<void> >::Float32MultiArray_(std_msgs::msg::Float32MultiArray_<std::allocator<void> >&&)[m[K’
[01m[K/opt/ros/humble/include/std_msgs/std_msgs/msg/detail/float32_multi_array__struct.hpp:36:8:[m[K [01;36m[Knote: [m[K  no known conversion for argument 1 from ‘[01m[Kfloat[m[K’ to ‘[01m[Kstd_msgs::msg::Float32MultiArray_<std::allocator<void> >&&[m[K’
gmake[2]: *** [CMakeFiles/states_machine.dir/build.make:76: CMakeFiles/states_machine.dir/src/states_machine.cpp.o] Error 1
gmake[1]: *** [CMakeFiles/Makefile2:177: CMakeFiles/states_machine.dir/all] Error 2
gmake: *** [Makefile:146: all] Error 2
