[0.112s] Invoking command in '/home/jcarballeira/nimble_ws/src/build/nimble': AMENT_PREFIX_PATH=/home/jcarballeira/nimble_ws/src/install/nimble_interfaces:${AMENT_PREFIX_PATH} CMAKE_PREFIX_PATH=/home/jcarballeira/nimble_ws/src/install/nimble_interfaces:/home/jcarballeira/nimble_ws/install/nimble:/home/jcarballeira/nimble_ws/install/nimble_interfaces:/home/jcarballeira/evloc_ws/install/evloc:/opt/ros/humble LD_LIBRARY_PATH=/home/jcarballeira/nimble_ws/src/install/nimble_interfaces/lib:${LD_LIBRARY_PATH} PYTHONPATH=/home/jcarballeira/nimble_ws/src/install/nimble_interfaces/local/lib/python3.10/dist-packages:${PYTHONPATH} /usr/bin/cmake --build /home/jcarballeira/nimble_ws/src/build/nimble -- -j8 -l8
[0.161s] [35m[1mConsolidate compiler generated dependencies of target states_machine[0m
[0.180s] [ 31%] Built target control_ZMP
[0.180s] [ 43%] Built target gamming
[0.181s] [ 31%] Built target kinematic_model
[0.182s] [ 50%] Built target cables_robot
[0.183s] [ 62%] Built target control_MSD
[0.183s] [ 75%] Built target traj_generator_server
[0.187s] [ 87%] Built target frame
[0.189s] [ 93%] [32mBuilding CXX object CMakeFiles/states_machine.dir/src/states_machine.cpp.o[0m
[3.075s] In file included from [01m[K/home/jcarballeira/nimble_ws/src/nimble/src/states_machine.cpp:8[m[K:
[3.076s] [01m[K/home/jcarballeira/nimble_ws/src/nimble/include/state_machine/stateMachine.hpp:86:47:[m[K [01;31m[Kerror: [m[K‘[01m[KJointTrajectory[m[K’ is not a member of ‘[01m[Knimble_interfaces::msg[m[K’; did you mean ‘[01m[KJointsTrajectory[m[K’?
[3.076s]    86 |     rclcpp::Publisher<nimble_interfaces::msg::[01;31m[KJointTrajectory[m[K>::SharedPtr publisher_joints_trajectory;
[3.076s]       |                                               [01;31m[K^~~~~~~~~~~~~~~[m[K
[3.076s]       |                                               [32m[KJointsTrajectory[m[K
[3.076s] [01m[K/home/jcarballeira/nimble_ws/src/nimble/include/state_machine/stateMachine.hpp:86:62:[m[K [01;31m[Kerror: [m[Ktemplate argument 1 is invalid
[3.076s]    86 |     rclcpp::Publisher<nimble_interfaces::msg::JointTrajectory[01;31m[K>[m[K::SharedPtr publisher_joints_trajectory;
[3.076s]       |                                                              [01;31m[K^[m[K
[3.076s] [01m[K/home/jcarballeira/nimble_ws/src/nimble/include/state_machine/stateMachine.hpp:86:65:[m[K [01;31m[Kerror: [m[Kexpected ‘[01m[K;[m[K’ at end of member declaration
[3.076s]    86 |     rclcpp::Publisher<nimble_interfaces::msg::JointTrajectory>::[01;31m[KSharedPtr[m[K publisher_joints_trajectory;
[3.076s]       |                                                                 [01;31m[K^~~~~~~~~[m[K
[3.076s]       |                                                                          [32m[K;[m[K
[3.081s] [01m[K/home/jcarballeira/nimble_ws/src/nimble/include/state_machine/stateMachine.hpp:86:75:[m[K [01;31m[Kerror: [m[K‘[01m[Kpublisher_joints_trajectory[m[K’ does not name a type
[3.081s]    86 |     rclcpp::Publisher<nimble_interfaces::msg::JointTrajectory>::SharedPtr [01;31m[Kpublisher_joints_trajectory[m[K;
[3.081s]       |                                                                           [01;31m[K^~~~~~~~~~~~~~~~~~~~~~~~~~~[m[K
[3.111s] [01m[K/home/jcarballeira/nimble_ws/src/nimble/src/states_machine.cpp:[m[K In constructor ‘[01m[KstateMachine::StatesMachineNode::StatesMachineNode()[m[K’:
[3.111s] [01m[K/home/jcarballeira/nimble_ws/src/nimble/src/states_machine.cpp:65:3:[m[K [01;31m[Kerror: [m[K‘[01m[Kpublisher_joints_trajectory[m[K’ was not declared in this scope; did you mean ‘[01m[Kpublisher_joints_target[m[K’?
[3.111s]    65 |   [01;31m[Kpublisher_joints_trajectory[m[K = create_publisher<nimble_interfaces::msg::JointsTrajectory>("joints_trajectory", 10);
[3.111s]       |   [01;31m[K^~~~~~~~~~~~~~~~~~~~~~~~~~~[m[K
[3.111s]       |   [32m[Kpublisher_joints_target[m[K
[3.126s] [01m[K/home/jcarballeira/nimble_ws/src/nimble/src/states_machine.cpp:79:53:[m[K [01;31m[Kerror: [m[K‘[01m[Kjoints_trajectory_ts[m[K’ was not declared in this scope
[3.126s]    79 |   timer_joint_trajectory_ = this->create_wall_timer([01;31m[Kjoints_trajectory_ts[m[K, std::bind(&StatesMachineNode::call_back_joints_trajectory_timer, this));
[3.126s]       |                                                     [01;31m[K^~~~~~~~~~~~~~~~~~~~[m[K
[3.141s] [01m[K/home/jcarballeira/nimble_ws/src/nimble/src/states_machine.cpp:80:48:[m[K [01;31m[Kerror: [m[K‘[01m[Kjoints_target_ts[m[K’ was not declared in this scope
[3.142s]    80 |   timer_joint_target_= this->create_wall_timer([01;31m[Kjoints_target_ts[m[K, std::bind(&StatesMachineNode::call_back_joints_current_target, this));
[3.142s]       |                                                [01;31m[K^~~~~~~~~~~~~~~~[m[K
[3.153s] [01m[K/home/jcarballeira/nimble_ws/src/nimble/src/states_machine.cpp:[m[K In member function ‘[01m[Kvoid stateMachine::StatesMachineNode::call_TrajGenerationService(const Measurements&, const TherapyRequirements&)[m[K’:
[3.154s] [01m[K/home/jcarballeira/nimble_ws/src/nimble/src/states_machine.cpp:190:52:[m[K [01;31m[Kerror: [m[Kno match for ‘[01m[Koperator=[m[K’ (operand types are ‘[01m[Knimble_interfaces::msg::JointsTrajectory[m[K’ {aka ‘[01m[Knimble_interfaces::msg::JointsTrajectory_<std::allocator<void> >[m[K’} and ‘[01m[Knimble_interfaces::srv::TrajGeneratorService_Response_<std::allocator<void> >::_joints_trajectory_type[m[K’ {aka ‘[01m[Ktrajectory_msgs::msg::JointTrajectory_<std::allocator<void> >[m[K’})
[3.154s]   190 |     shared_data_.joints_trajectory = result.get()->[01;31m[Kjoints_trajectory[m[K;
[3.154s]       |                                                    [01;31m[K^~~~~~~~~~~~~~~~~[m[K
[3.154s] In file included from [01m[K/home/jcarballeira/nimble_ws/src/build/nimble_interfaces/rosidl_generator_cpp/nimble_interfaces/msg/joints_trajectory.hpp:7[m[K,
[3.154s]                  from [01m[K/home/jcarballeira/nimble_ws/src/nimble/include/state_machine/stateMachine.hpp:15[m[K,
[3.154s]                  from [01m[K/home/jcarballeira/nimble_ws/src/nimble/src/states_machine.cpp:8[m[K:
[3.154s] [01m[K/home/jcarballeira/nimble_ws/src/build/nimble_interfaces/rosidl_generator_cpp/nimble_interfaces/msg/detail/joints_trajectory__struct.hpp:40:8:[m[K [01;36m[Knote: [m[Kcandidate: ‘[01m[Knimble_interfaces::msg::JointsTrajectory_<std::allocator<void> >& nimble_interfaces::msg::JointsTrajectory_<std::allocator<void> >::operator=(const nimble_interfaces::msg::JointsTrajectory_<std::allocator<void> >&)[m[K’
[3.154s]    40 | struct [01;36m[KJointsTrajectory_[m[K
[3.154s]       |        [01;36m[K^~~~~~~~~~~~~~~~~[m[K
[3.154s] [01m[K/home/jcarballeira/nimble_ws/src/build/nimble_interfaces/rosidl_generator_cpp/nimble_interfaces/msg/detail/joints_trajectory__struct.hpp:40:8:[m[K [01;36m[Knote: [m[K  no known conversion for argument 1 from ‘[01m[Knimble_interfaces::srv::TrajGeneratorService_Response_<std::allocator<void> >::_joints_trajectory_type[m[K’ {aka ‘[01m[Ktrajectory_msgs::msg::JointTrajectory_<std::allocator<void> >[m[K’} to ‘[01m[Kconst nimble_interfaces::msg::JointsTrajectory_<std::allocator<void> >&[m[K’
[3.154s] [01m[K/home/jcarballeira/nimble_ws/src/build/nimble_interfaces/rosidl_generator_cpp/nimble_interfaces/msg/detail/joints_trajectory__struct.hpp:40:8:[m[K [01;36m[Knote: [m[Kcandidate: ‘[01m[Knimble_interfaces::msg::JointsTrajectory_<std::allocator<void> >& nimble_interfaces::msg::JointsTrajectory_<std::allocator<void> >::operator=(nimble_interfaces::msg::JointsTrajectory_<std::allocator<void> >&&)[m[K’
[3.154s] [01m[K/home/jcarballeira/nimble_ws/src/build/nimble_interfaces/rosidl_generator_cpp/nimble_interfaces/msg/detail/joints_trajectory__struct.hpp:40:8:[m[K [01;36m[Knote: [m[K  no known conversion for argument 1 from ‘[01m[Knimble_interfaces::srv::TrajGeneratorService_Response_<std::allocator<void> >::_joints_trajectory_type[m[K’ {aka ‘[01m[Ktrajectory_msgs::msg::JointTrajectory_<std::allocator<void> >[m[K’} to ‘[01m[Knimble_interfaces::msg::JointsTrajectory_<std::allocator<void> >&&[m[K’
[3.164s] [01m[K/home/jcarballeira/nimble_ws/src/nimble/src/states_machine.cpp:196:54:[m[K [01;31m[Kerror: [m[K‘[01m[Kjoints_target_ts[m[K’ was not declared in this scope
[3.164s]   196 |     float ps=shared_data_.therapy_requirements.speed*[01;31m[Kjoints_target_ts[m[K/shared_data_.therapy_requirements.step_length/;
[3.165s]       |                                                      [01;31m[K^~~~~~~~~~~~~~~~[m[K
[3.165s] [01m[K/home/jcarballeira/nimble_ws/src/nimble/src/states_machine.cpp:196:117:[m[K [01;31m[Kerror: [m[Kexpected primary-expression before ‘[01m[K;[m[K’ token
[3.165s]   196 |     float ps=shared_data_.therapy_requirements.speed*joints_target_ts/shared_data_.therapy_requirements.step_length/[01;31m[K;[m[K
[3.165s]       |                                                                                                                     [01;31m[K^[m[K
[3.165s] [01m[K/home/jcarballeira/nimble_ws/src/nimble/src/states_machine.cpp:201:15:[m[K [01;31m[Kerror: [m[K‘[01m[Kstruct std_msgs::msg::Float32MultiArray_<std::allocator<void> >[m[K’ has no member named ‘[01m[Kpush_back[m[K’
[3.165s]   201 |         phase.[01;31m[Kpush_back[m[K(i);
[3.165s]       |               [01;31m[K^~~~~~~~~[m[K
[3.166s] [01m[K/home/jcarballeira/nimble_ws/src/nimble/src/states_machine.cpp:203:38:[m[K [01;31m[Kerror: [m[Kexpected ‘[01m[K;[m[K’ before ‘[01m[K}[m[K’ token
[3.166s]   203 |         traj.points.push_back(target)
[3.166s]       |                                      [01;31m[K^[m[K
[3.166s]       |                                      [32m[K;[m[K
[3.166s]   204 |     [32m[K}[m[K
[3.166s]       |     [32m[K~[m[K                                 
[3.166s] [01m[K/home/jcarballeira/nimble_ws/src/nimble/src/states_machine.cpp:209:42:[m[K [01;31m[Kerror: [m[Kqualified-id in declaration before ‘[01m[K([m[K’ token
[3.166s]   209 | float StatesMachineNode::get_step_percent[01;31m[K([m[K) {
[3.166s]       |                                          [01;31m[K^[m[K
[3.166s] [01m[K/home/jcarballeira/nimble_ws/src/nimble/src/states_machine.cpp:238:85:[m[K [01;31m[Kerror: [m[Kqualified-id in declaration before ‘[01m[K([m[K’ token
[3.166s]   238 | trajectory_msgs::msg::JointTrajectoryPoint StatesMachineNode::get_actual_joint_state[01;31m[K([m[Kfloat step_percent) {
[3.166s]       |                                                                                     [01;31m[K^[m[K
[3.166s] [01m[K/home/jcarballeira/nimble_ws/src/nimble/src/states_machine.cpp:278:47:[m[K [01;31m[Kerror: [m[Kqualified-id in declaration before ‘[01m[K([m[K’ token
[3.166s]   278 | void StatesMachineNode::call_back_joints_state[01;31m[K([m[Kconst sensor_msgs::msg::JointState& joint_state_msg) {
[3.166s]       |                                               [01;31m[K^[m[K
[3.167s] [01m[K/home/jcarballeira/nimble_ws/src/nimble/src/states_machine.cpp:283:55:[m[K [01;31m[Kerror: [m[Kqualified-id in declaration before ‘[01m[K([m[K’ token
[3.167s]   283 | void StatesMachineNode::call_back_cartesian_trajectory[01;31m[K([m[Kconst nimble_interfaces::msg::CartesianTrajectory& cartesian_trajectory_msg) {
[3.167s]       |                                                       [01;31m[K^[m[K
[3.167s] [01m[K/home/jcarballeira/nimble_ws/src/nimble/src/states_machine.cpp:287:50:[m[K [01;31m[Kerror: [m[Kqualified-id in declaration before ‘[01m[K([m[K’ token
[3.167s]   287 | void StatesMachineNode::call_back_cartesian_state[01;31m[K([m[Kconst nimble_interfaces::msg::CartesianTrajectory& cartesian_state_msg) {
[3.167s]       |                                                  [01;31m[K^[m[K
[3.167s] [01m[K/home/jcarballeira/nimble_ws/src/nimble/src/states_machine.cpp:292:47:[m[K [01;31m[Kerror: [m[Kqualified-id in declaration before ‘[01m[K([m[K’ token
[3.167s]   292 | void StatesMachineNode::call_back_state_cables[01;31m[K([m[Kconst sensor_msgs::msg::JointState& joint_state_cables_msg) {
[3.167s]       |                                               [01;31m[K^[m[K
[3.167s] [01m[K/home/jcarballeira/nimble_ws/src/nimble/src/states_machine.cpp:297:46:[m[K [01;31m[Kerror: [m[Kqualified-id in declaration before ‘[01m[K([m[K’ token
[3.167s]   297 | void StatesMachineNode::call_back_step_target[01;31m[K([m[Kconst nimble_interfaces::msg::TherapyRequirements& step_target_msg) {
[3.167s]       |                                              [01;31m[K^[m[K
[3.167s] [01m[K/home/jcarballeira/nimble_ws/src/nimble/src/states_machine.cpp:302:55:[m[K [01;31m[Kerror: [m[Kqualified-id in declaration before ‘[01m[K([m[K’ token
[3.167s]   302 | void StatesMachineNode::call_back_therapy_requirements[01;31m[K([m[Kconst nimble_interfaces::msg::TherapyRequirements&therapy_requirements_msg) {
[3.167s]       |                                                       [01;31m[K^[m[K
[3.167s] [01m[K/home/jcarballeira/nimble_ws/src/nimble/src/states_machine.cpp:307:47:[m[K [01;31m[Kerror: [m[Kqualified-id in declaration before ‘[01m[K([m[K’ token
[3.167s]   307 | void StatesMachineNode::call_back_measurements[01;31m[K([m[Kconst nimble_interfaces::msg::Measurements& measurements_msg) {
[3.168s]       |                                               [01;31m[K^[m[K
[3.168s] [01m[K/home/jcarballeira/nimble_ws/src/nimble/src/states_machine.cpp:312:53:[m[K [01;31m[Kerror: [m[Kqualified-id in declaration before ‘[01m[K([m[K’ token
[3.168s]   312 | void StatesMachineNode::call_back_interaction_torque[01;31m[K([m[Kconst std_msgs::msg::Float32MultiArray& interaction_torque_msg) {
[3.168s]       |                                                     [01;31m[K^[m[K
[3.168s] [01m[K/home/jcarballeira/nimble_ws/src/nimble/src/states_machine.cpp:317:38:[m[K [01;31m[Kerror: [m[Kqualified-id in declaration before ‘[01m[K([m[K’ token
[3.168s]   317 | void StatesMachineNode::call_back_FSR[01;31m[K([m[Kconst std_msgs::msg::ByteMultiArray& FSR_msg) {
[3.168s]       |                                      [01;31m[K^[m[K
[3.168s] [01m[K/home/jcarballeira/nimble_ws/src/nimble/src/states_machine.cpp:322:56:[m[K [01;31m[Kerror: [m[Kqualified-id in declaration before ‘[01m[K([m[K’ token
[3.168s]   322 | void StatesMachineNode::call_back_joints_current_target[01;31m[K([m[K) {
[3.168s]       |                                                        [01;31m[K^[m[K
[3.168s] [01m[K/home/jcarballeira/nimble_ws/src/nimble/src/states_machine.cpp:337:58:[m[K [01;31m[Kerror: [m[Kqualified-id in declaration before ‘[01m[K([m[K’ token
[3.168s]   337 | void StatesMachineNode::call_back_joints_trajectory_timer[01;31m[K([m[K) {
[3.168s]       |                                                          [01;31m[K^[m[K
[3.168s] [01m[K/home/jcarballeira/nimble_ws/src/nimble/src/states_machine.cpp:348:36:[m[K [01;31m[Kerror: [m[Kqualified-id in declaration before ‘[01m[K([m[K’ token
[3.168s]   348 | void StatesMachineNode::processData[01;31m[K([m[K) {
[3.168s]       |                                    [01;31m[K^[m[K
[3.170s] [01m[K/home/jcarballeira/nimble_ws/src/nimble/src/states_machine.cpp:[m[K At global scope:
[3.170s] [01m[K/home/jcarballeira/nimble_ws/src/nimble/src/states_machine.cpp:377:2:[m[K [01;31m[Kerror: [m[Kexpected ‘[01m[K}[m[K’ at end of input
[3.170s]   377 | }
[3.170s]       |  [01;31m[K^[m[K
[3.170s] [01m[K/home/jcarballeira/nimble_ws/src/nimble/src/states_machine.cpp:12:24:[m[K [01;36m[Knote: [m[Kto match this ‘[01m[K{[m[K’
[3.170s]    12 | namespace stateMachine [01;36m[K{[m[K
[3.170s]       |                        [01;36m[K^[m[K
[12.053s] gmake[2]: *** [CMakeFiles/states_machine.dir/build.make:76: CMakeFiles/states_machine.dir/src/states_machine.cpp.o] Error 1
[12.054s] gmake[1]: *** [CMakeFiles/Makefile2:177: CMakeFiles/states_machine.dir/all] Error 2
[12.054s] gmake: *** [Makefile:146: all] Error 2
[12.056s] Invoked command in '/home/jcarballeira/nimble_ws/src/build/nimble' returned '2': AMENT_PREFIX_PATH=/home/jcarballeira/nimble_ws/src/install/nimble_interfaces:${AMENT_PREFIX_PATH} CMAKE_PREFIX_PATH=/home/jcarballeira/nimble_ws/src/install/nimble_interfaces:/home/jcarballeira/nimble_ws/install/nimble:/home/jcarballeira/nimble_ws/install/nimble_interfaces:/home/jcarballeira/evloc_ws/install/evloc:/opt/ros/humble LD_LIBRARY_PATH=/home/jcarballeira/nimble_ws/src/install/nimble_interfaces/lib:${LD_LIBRARY_PATH} PYTHONPATH=/home/jcarballeira/nimble_ws/src/install/nimble_interfaces/local/lib/python3.10/dist-packages:${PYTHONPATH} /usr/bin/cmake --build /home/jcarballeira/nimble_ws/src/build/nimble -- -j8 -l8
