[0.095s] Invoking command in '/home/jcarballeira/nimble_ws/src/build/nimble': AMENT_PREFIX_PATH=/home/jcarballeira/nimble_ws/src/install/nimble_interfaces:${AMENT_PREFIX_PATH} CMAKE_PREFIX_PATH=/home/jcarballeira/nimble_ws/src/install/nimble_interfaces:/home/jcarballeira/nimble_ws/install/nimble:/home/jcarballeira/nimble_ws/install/nimble_interfaces:/home/jcarballeira/evloc_ws/install/evloc:/opt/ros/humble LD_LIBRARY_PATH=/home/jcarballeira/nimble_ws/src/install/nimble_interfaces/lib:${LD_LIBRARY_PATH} PYTHONPATH=/home/jcarballeira/nimble_ws/src/install/nimble_interfaces/local/lib/python3.10/dist-packages:${PYTHONPATH} /usr/bin/cmake --build /home/jcarballeira/nimble_ws/src/build/nimble -- -j8 -l8
[0.138s] [35m[1mConsolidate compiler generated dependencies of target states_machine[0m
[0.153s] [35m[1mConsolidate compiler generated dependencies of target traj_generator_server[0m
[0.158s] [ 25%] Built target gamming
[0.159s] [ 25%] Built target control_ZMP
[0.161s] [ 37%] Built target control_MSD
[0.166s] [ 50%] Built target kinematic_model
[0.169s] [ 62%] Built target cables_robot
[0.171s] [ 68%] [32mBuilding CXX object CMakeFiles/states_machine.dir/src/states_machine.cpp.o[0m
[0.171s] [ 81%] Built target frame
[0.180s] [ 93%] Built target traj_generator_server
[2.914s] [01m[K/home/jcarballeira/nimble_ws/src/nimble/src/states_machine.cpp:[m[K In member function ‘[01m[Kvoid stateMachine::StatesMachineNode::call_TrajGenerationService(const Measurements&, const TherapyRequirements&)[m[K’:
[2.914s] [01m[K/home/jcarballeira/nimble_ws/src/nimble/src/states_machine.cpp:203:15:[m[K [01;31m[Kerror: [m[K‘[01m[Kstruct std_msgs::msg::Float32MultiArray_<std::allocator<void> >[m[K’ has no member named ‘[01m[Kpush_back[m[K’
[2.915s]   203 |         phase.[01;31m[Kpush_back[m[K(i);
[2.915s]       |               [01;31m[K^~~~~~~~~[m[K
[2.915s] [01m[K/home/jcarballeira/nimble_ws/src/nimble/src/states_machine.cpp:205:38:[m[K [01;31m[Kerror: [m[Kexpected ‘[01m[K;[m[K’ before ‘[01m[K}[m[K’ token
[2.915s]   205 |         traj.points.push_back(target)
[2.915s]       |                                      [01;31m[K^[m[K
[2.915s]       |                                      [32m[K;[m[K
[2.915s]   206 |     [32m[K}[m[K
[2.915s]       |     [32m[K~[m[K                                 
[2.915s] [01m[K/home/jcarballeira/nimble_ws/src/nimble/src/states_machine.cpp:211:42:[m[K [01;31m[Kerror: [m[Kqualified-id in declaration before ‘[01m[K([m[K’ token
[2.915s]   211 | float StatesMachineNode::get_step_percent[01;31m[K([m[K) {
[2.915s]       |                                          [01;31m[K^[m[K
[2.915s] [01m[K/home/jcarballeira/nimble_ws/src/nimble/src/states_machine.cpp:240:85:[m[K [01;31m[Kerror: [m[Kqualified-id in declaration before ‘[01m[K([m[K’ token
[2.915s]   240 | trajectory_msgs::msg::JointTrajectoryPoint StatesMachineNode::get_actual_joint_state[01;31m[K([m[Kfloat step_percent) {
[2.915s]       |                                                                                     [01;31m[K^[m[K
[2.915s] [01m[K/home/jcarballeira/nimble_ws/src/nimble/src/states_machine.cpp:280:47:[m[K [01;31m[Kerror: [m[Kqualified-id in declaration before ‘[01m[K([m[K’ token
[2.915s]   280 | void StatesMachineNode::call_back_joints_state[01;31m[K([m[Kconst sensor_msgs::msg::JointState& joint_state_msg) {
[2.915s]       |                                               [01;31m[K^[m[K
[2.916s] [01m[K/home/jcarballeira/nimble_ws/src/nimble/src/states_machine.cpp:285:55:[m[K [01;31m[Kerror: [m[Kqualified-id in declaration before ‘[01m[K([m[K’ token
[2.916s]   285 | void StatesMachineNode::call_back_cartesian_trajectory[01;31m[K([m[Kconst nimble_interfaces::msg::CartesianTrajectory& cartesian_trajectory_msg) {
[2.916s]       |                                                       [01;31m[K^[m[K
[2.916s] [01m[K/home/jcarballeira/nimble_ws/src/nimble/src/states_machine.cpp:289:50:[m[K [01;31m[Kerror: [m[Kqualified-id in declaration before ‘[01m[K([m[K’ token
[2.916s]   289 | void StatesMachineNode::call_back_cartesian_state[01;31m[K([m[Kconst nimble_interfaces::msg::CartesianTrajectory& cartesian_state_msg) {
[2.916s]       |                                                  [01;31m[K^[m[K
[2.916s] [01m[K/home/jcarballeira/nimble_ws/src/nimble/src/states_machine.cpp:294:47:[m[K [01;31m[Kerror: [m[Kqualified-id in declaration before ‘[01m[K([m[K’ token
[2.916s]   294 | void StatesMachineNode::call_back_state_cables[01;31m[K([m[Kconst sensor_msgs::msg::JointState& joint_state_cables_msg) {
[2.916s]       |                                               [01;31m[K^[m[K
[2.916s] [01m[K/home/jcarballeira/nimble_ws/src/nimble/src/states_machine.cpp:299:46:[m[K [01;31m[Kerror: [m[Kqualified-id in declaration before ‘[01m[K([m[K’ token
[2.916s]   299 | void StatesMachineNode::call_back_step_target[01;31m[K([m[Kconst nimble_interfaces::msg::TherapyRequirements& step_target_msg) {
[2.916s]       |                                              [01;31m[K^[m[K
[2.916s] [01m[K/home/jcarballeira/nimble_ws/src/nimble/src/states_machine.cpp:304:55:[m[K [01;31m[Kerror: [m[Kqualified-id in declaration before ‘[01m[K([m[K’ token
[2.916s]   304 | void StatesMachineNode::call_back_therapy_requirements[01;31m[K([m[Kconst nimble_interfaces::msg::TherapyRequirements&therapy_requirements_msg) {
[2.916s]       |                                                       [01;31m[K^[m[K
[2.916s] [01m[K/home/jcarballeira/nimble_ws/src/nimble/src/states_machine.cpp:309:47:[m[K [01;31m[Kerror: [m[Kqualified-id in declaration before ‘[01m[K([m[K’ token
[2.917s]   309 | void StatesMachineNode::call_back_measurements[01;31m[K([m[Kconst nimble_interfaces::msg::Measurements& measurements_msg) {
[2.917s]       |                                               [01;31m[K^[m[K
[2.917s] [01m[K/home/jcarballeira/nimble_ws/src/nimble/src/states_machine.cpp:314:53:[m[K [01;31m[Kerror: [m[Kqualified-id in declaration before ‘[01m[K([m[K’ token
[2.917s]   314 | void StatesMachineNode::call_back_interaction_torque[01;31m[K([m[Kconst std_msgs::msg::Float32MultiArray& interaction_torque_msg) {
[2.917s]       |                                                     [01;31m[K^[m[K
[2.917s] [01m[K/home/jcarballeira/nimble_ws/src/nimble/src/states_machine.cpp:319:38:[m[K [01;31m[Kerror: [m[Kqualified-id in declaration before ‘[01m[K([m[K’ token
[2.917s]   319 | void StatesMachineNode::call_back_FSR[01;31m[K([m[Kconst std_msgs::msg::ByteMultiArray& FSR_msg) {
[2.917s]       |                                      [01;31m[K^[m[K
[2.917s] [01m[K/home/jcarballeira/nimble_ws/src/nimble/src/states_machine.cpp:324:56:[m[K [01;31m[Kerror: [m[Kqualified-id in declaration before ‘[01m[K([m[K’ token
[2.917s]   324 | void StatesMachineNode::call_back_joints_current_target[01;31m[K([m[K) {
[2.917s]       |                                                        [01;31m[K^[m[K
[2.917s] [01m[K/home/jcarballeira/nimble_ws/src/nimble/src/states_machine.cpp:339:58:[m[K [01;31m[Kerror: [m[Kqualified-id in declaration before ‘[01m[K([m[K’ token
[2.917s]   339 | void StatesMachineNode::call_back_joints_trajectory_timer[01;31m[K([m[K) {
[2.917s]       |                                                          [01;31m[K^[m[K
[2.917s] [01m[K/home/jcarballeira/nimble_ws/src/nimble/src/states_machine.cpp:350:36:[m[K [01;31m[Kerror: [m[Kqualified-id in declaration before ‘[01m[K([m[K’ token
[2.917s]   350 | void StatesMachineNode::processData[01;31m[K([m[K) {
[2.917s]       |                                    [01;31m[K^[m[K
[2.919s] [01m[K/home/jcarballeira/nimble_ws/src/nimble/src/states_machine.cpp:[m[K At global scope:
[2.919s] [01m[K/home/jcarballeira/nimble_ws/src/nimble/src/states_machine.cpp:379:2:[m[K [01;31m[Kerror: [m[Kexpected ‘[01m[K}[m[K’ at end of input
[2.919s]   379 | }
[2.919s]       |  [01;31m[K^[m[K
[2.919s] [01m[K/home/jcarballeira/nimble_ws/src/nimble/src/states_machine.cpp:12:24:[m[K [01;36m[Knote: [m[Kto match this ‘[01m[K{[m[K’
[2.920s]    12 | namespace stateMachine [01;36m[K{[m[K
[2.920s]       |                        [01;36m[K^[m[K
[11.410s] gmake[2]: *** [CMakeFiles/states_machine.dir/build.make:76: CMakeFiles/states_machine.dir/src/states_machine.cpp.o] Error 1
[11.410s] gmake[1]: *** [CMakeFiles/Makefile2:177: CMakeFiles/states_machine.dir/all] Error 2
[11.411s] gmake: *** [Makefile:146: all] Error 2
[11.413s] Invoked command in '/home/jcarballeira/nimble_ws/src/build/nimble' returned '2': AMENT_PREFIX_PATH=/home/jcarballeira/nimble_ws/src/install/nimble_interfaces:${AMENT_PREFIX_PATH} CMAKE_PREFIX_PATH=/home/jcarballeira/nimble_ws/src/install/nimble_interfaces:/home/jcarballeira/nimble_ws/install/nimble:/home/jcarballeira/nimble_ws/install/nimble_interfaces:/home/jcarballeira/evloc_ws/install/evloc:/opt/ros/humble LD_LIBRARY_PATH=/home/jcarballeira/nimble_ws/src/install/nimble_interfaces/lib:${LD_LIBRARY_PATH} PYTHONPATH=/home/jcarballeira/nimble_ws/src/install/nimble_interfaces/local/lib/python3.10/dist-packages:${PYTHONPATH} /usr/bin/cmake --build /home/jcarballeira/nimble_ws/src/build/nimble -- -j8 -l8
