[0.015s] Invoking command in '/home/jaime/MotorControl/uros_ws/build/micro_ros_msgs': CMAKE_PREFIX_PATH=${CMAKE_PREFIX_PATH}:/opt/ros/humble PS1=\[\033[01;32m\]\u@\h \[\033[01;34m\]\w \[\033[31m\]`git branch 2> /dev/null | grep -e ^* | sed -E s/^\\\\\*\ \(.+\)$/\(\\\\\1\)\ /`\[\033[35m\]$\[\033[00m\] /usr/bin/cmake --build /home/jaime/MotorControl/uros_ws/build/micro_ros_msgs -- -j8 -l8
[0.053s] [35m[1mConsolidate compiler generated dependencies of target micro_ros_msgs__rosidl_generator_c[0m
[0.066s] [ 10%] Built target micro_ros_msgs__rosidl_generator_c
[0.067s] [ 12%] Built target micro_ros_msgs__cpp
[0.077s] [ 12%] Built target ament_cmake_python_copy_micro_ros_msgs
[0.082s] [35m[1mConsolidate compiler generated dependencies of target micro_ros_msgs__rosidl_typesupport_c[0m
[0.083s] [35m[1mConsolidate compiler generated dependencies of target micro_ros_msgs__rosidl_typesupport_introspection_c[0m
[0.083s] [35m[1mConsolidate compiler generated dependencies of target micro_ros_msgs__rosidl_typesupport_fastrtps_c[0m
[0.084s] [35m[1mConsolidate compiler generated dependencies of target micro_ros_msgs__rosidl_typesupport_cpp[0m
[0.086s] [35m[1mConsolidate compiler generated dependencies of target micro_ros_msgs__rosidl_typesupport_fastrtps_cpp[0m
[0.087s] [35m[1mConsolidate compiler generated dependencies of target micro_ros_msgs__rosidl_typesupport_introspection_cpp[0m
[0.101s] [ 23%] Built target micro_ros_msgs__rosidl_typesupport_c
[0.106s] [ 34%] Built target micro_ros_msgs__rosidl_typesupport_introspection_c
[0.108s] [ 44%] Built target micro_ros_msgs__rosidl_typesupport_fastrtps_c
[0.109s] [ 55%] Built target micro_ros_msgs__rosidl_typesupport_cpp
[0.110s] [ 65%] Built target micro_ros_msgs__rosidl_typesupport_fastrtps_cpp
[0.114s] [ 76%] Built target micro_ros_msgs__rosidl_typesupport_introspection_cpp
[0.163s] [ 76%] Built target micro_ros_msgs
[0.163s] [ 78%] Built target micro_ros_msgs__py
[0.174s] [35m[1mConsolidate compiler generated dependencies of target micro_ros_msgs__rosidl_generator_py[0m
[0.189s] [ 87%] Built target micro_ros_msgs__rosidl_generator_py
[0.201s] [35m[1mConsolidate compiler generated dependencies of target micro_ros_msgs__rosidl_typesupport_c__pyext[0m
[0.202s] [35m[1mConsolidate compiler generated dependencies of target micro_ros_msgs__rosidl_typesupport_introspection_c__pyext[0m
[0.204s] [35m[1mConsolidate compiler generated dependencies of target micro_ros_msgs__rosidl_typesupport_fastrtps_c__pyext[0m
[0.215s] [ 91%] Built target micro_ros_msgs__rosidl_typesupport_c__pyext
[0.219s] [ 95%] Built target micro_ros_msgs__rosidl_typesupport_introspection_c__pyext
[0.225s] [100%] Built target micro_ros_msgs__rosidl_typesupport_fastrtps_c__pyext
[0.323s] running egg_info
[0.324s] writing micro_ros_msgs.egg-info/PKG-INFO
[0.324s] writing dependency_links to micro_ros_msgs.egg-info/dependency_links.txt
[0.324s] writing top-level names to micro_ros_msgs.egg-info/top_level.txt
[0.326s] reading manifest file 'micro_ros_msgs.egg-info/SOURCES.txt'
[0.326s] writing manifest file 'micro_ros_msgs.egg-info/SOURCES.txt'
[0.352s] [100%] Built target ament_cmake_python_build_micro_ros_msgs_egg
[0.363s] Invoked command in '/home/jaime/MotorControl/uros_ws/build/micro_ros_msgs' returned '0': CMAKE_PREFIX_PATH=${CMAKE_PREFIX_PATH}:/opt/ros/humble PS1=\[\033[01;32m\]\u@\h \[\033[01;34m\]\w \[\033[31m\]`git branch 2> /dev/null | grep -e ^* | sed -E s/^\\\\\*\ \(.+\)$/\(\\\\\1\)\ /`\[\033[35m\]$\[\033[00m\] /usr/bin/cmake --build /home/jaime/MotorControl/uros_ws/build/micro_ros_msgs -- -j8 -l8
