[0.009s] Invoking command in '/home/jaime/Downloads/MotorControl/uros_ws/build/micro_ros_msgs': CMAKE_PREFIX_PATH=${CMAKE_PREFIX_PATH}:/opt/ros/humble PS1=\[\033[01;32m\]\u@\h \[\033[01;34m\]\w \[\033[31m\]`git branch 2> /dev/null | grep -e ^* | sed -E s/^\\\\\*\ \(.+\)$/\(\\\\\1\)\ /`\[\033[35m\]$\[\033[00m\] /usr/bin/cmake /home/jaime/Downloads/MotorControl/uros_ws/src/uros/micro_ros_msgs -DCMAKE_INSTALL_PREFIX=/home/jaime/Downloads/MotorControl/uros_ws/install/micro_ros_msgs
[0.040s] -- Found ament_cmake: 1.3.8 (/opt/ros/humble/share/ament_cmake/cmake)
[0.279s] -- Found rosidl_default_generators: 1.2.0 (/opt/ros/humble/share/rosidl_default_generators/cmake)
[0.281s] -- Using all available rosidl_typesupport_c: rosidl_typesupport_fastrtps_c;rosidl_typesupport_introspection_c
[0.284s] -- Found rosidl_adapter: 3.1.5 (/opt/ros/humble/share/rosidl_adapter/cmake)
[0.310s] -- Using all available rosidl_typesupport_cpp: rosidl_typesupport_fastrtps_cpp;rosidl_typesupport_introspection_cpp
[0.332s] -- Found ament_lint_auto: 0.12.10 (/opt/ros/humble/share/ament_lint_auto/cmake)
[0.502s] -- Found ament_cmake_ros: 0.10.0 (/opt/ros/humble/share/ament_cmake_ros/cmake)
[0.624s] -- Using all available rosidl_typesupport_c: rosidl_typesupport_fastrtps_c;rosidl_typesupport_introspection_c
[0.777s] -- Using all available rosidl_typesupport_cpp: rosidl_typesupport_fastrtps_cpp;rosidl_typesupport_introspection_cpp
[0.793s] -- Found python_cmake_module: 0.10.0 (/opt/ros/humble/share/python_cmake_module/cmake)
[0.808s] -- Using PYTHON_EXECUTABLE: /usr/bin/python3
[0.808s] -- Using PYTHON_INCLUDE_DIRS: /usr/include/python3.10
[0.808s] -- Using PYTHON_LIBRARIES: /usr/lib/x86_64-linux-gnu/libpython3.10.so
[0.820s] -- Added test 'copyright' to check source files copyright and LICENSE
[0.823s] -- Added test 'lint_cmake' to check CMake code style
[0.825s] -- Added test 'xmllint' to check XML markup files
[0.832s] -- Configuring done
[0.866s] -- Generating done
[0.868s] -- Build files have been written to: /home/jaime/Downloads/MotorControl/uros_ws/build/micro_ros_msgs
[0.871s] Invoked command in '/home/jaime/Downloads/MotorControl/uros_ws/build/micro_ros_msgs' returned '0': CMAKE_PREFIX_PATH=${CMAKE_PREFIX_PATH}:/opt/ros/humble PS1=\[\033[01;32m\]\u@\h \[\033[01;34m\]\w \[\033[31m\]`git branch 2> /dev/null | grep -e ^* | sed -E s/^\\\\\*\ \(.+\)$/\(\\\\\1\)\ /`\[\033[35m\]$\[\033[00m\] /usr/bin/cmake /home/jaime/Downloads/MotorControl/uros_ws/src/uros/micro_ros_msgs -DCMAKE_INSTALL_PREFIX=/home/jaime/Downloads/MotorControl/uros_ws/install/micro_ros_msgs
[0.871s] Invoking command in '/home/jaime/Downloads/MotorControl/uros_ws/build/micro_ros_msgs': CMAKE_PREFIX_PATH=${CMAKE_PREFIX_PATH}:/opt/ros/humble PS1=\[\033[01;32m\]\u@\h \[\033[01;34m\]\w \[\033[31m\]`git branch 2> /dev/null | grep -e ^* | sed -E s/^\\\\\*\ \(.+\)$/\(\\\\\1\)\ /`\[\033[35m\]$\[\033[00m\] /usr/bin/cmake --build /home/jaime/Downloads/MotorControl/uros_ws/build/micro_ros_msgs -- -j8 -l8
[0.894s] [35m[1mConsolidate compiler generated dependencies of target micro_ros_msgs__rosidl_generator_c[0m
[0.899s] [  2%] Built target micro_ros_msgs__cpp
[0.903s] [ 12%] Built target micro_ros_msgs__rosidl_generator_c
[0.905s] [35m[1mConsolidate compiler generated dependencies of target micro_ros_msgs__rosidl_typesupport_fastrtps_cpp[0m
[0.905s] [35m[1mConsolidate compiler generated dependencies of target micro_ros_msgs__rosidl_typesupport_cpp[0m
[0.905s] [35m[1mConsolidate compiler generated dependencies of target micro_ros_msgs__rosidl_typesupport_introspection_cpp[0m
[0.909s] [ 12%] Built target ament_cmake_python_copy_micro_ros_msgs
[0.915s] [35m[1mConsolidate compiler generated dependencies of target micro_ros_msgs__rosidl_typesupport_c[0m
[0.915s] [35m[1mConsolidate compiler generated dependencies of target micro_ros_msgs__rosidl_typesupport_introspection_c[0m
[0.916s] [35m[1mConsolidate compiler generated dependencies of target micro_ros_msgs__rosidl_typesupport_fastrtps_c[0m
[0.923s] [ 23%] Built target micro_ros_msgs__rosidl_typesupport_c
[0.923s] [ 34%] Built target micro_ros_msgs__rosidl_typesupport_introspection_c
[0.923s] [ 44%] Built target micro_ros_msgs__rosidl_typesupport_introspection_cpp
[0.924s] [ 55%] Built target micro_ros_msgs__rosidl_typesupport_cpp
[0.924s] [ 65%] Built target micro_ros_msgs__rosidl_typesupport_fastrtps_cpp
[0.926s] [ 76%] Built target micro_ros_msgs__rosidl_typesupport_fastrtps_c
[0.938s] [ 76%] Built target micro_ros_msgs
[0.950s] [ 78%] Built target micro_ros_msgs__py
[0.957s] [35m[1mConsolidate compiler generated dependencies of target micro_ros_msgs__rosidl_generator_py[0m
[0.967s] [ 87%] Built target micro_ros_msgs__rosidl_generator_py
[0.973s] [35m[1mConsolidate compiler generated dependencies of target micro_ros_msgs__rosidl_typesupport_fastrtps_c__pyext[0m
[0.973s] [35m[1mConsolidate compiler generated dependencies of target micro_ros_msgs__rosidl_typesupport_c__pyext[0m
[0.973s] [35m[1mConsolidate compiler generated dependencies of target micro_ros_msgs__rosidl_typesupport_introspection_c__pyext[0m
[0.980s] [100%] Built target micro_ros_msgs__rosidl_typesupport_introspection_c__pyext
[0.980s] [100%] Built target micro_ros_msgs__rosidl_typesupport_c__pyext
[0.980s] [100%] Built target micro_ros_msgs__rosidl_typesupport_fastrtps_c__pyext
[1.063s] running egg_info
[1.064s] writing micro_ros_msgs.egg-info/PKG-INFO
[1.064s] writing dependency_links to micro_ros_msgs.egg-info/dependency_links.txt
[1.064s] writing top-level names to micro_ros_msgs.egg-info/top_level.txt
[1.066s] reading manifest file 'micro_ros_msgs.egg-info/SOURCES.txt'
[1.066s] writing manifest file 'micro_ros_msgs.egg-info/SOURCES.txt'
[1.084s] [100%] Built target ament_cmake_python_build_micro_ros_msgs_egg
[1.092s] Invoked command in '/home/jaime/Downloads/MotorControl/uros_ws/build/micro_ros_msgs' returned '0': CMAKE_PREFIX_PATH=${CMAKE_PREFIX_PATH}:/opt/ros/humble PS1=\[\033[01;32m\]\u@\h \[\033[01;34m\]\w \[\033[31m\]`git branch 2> /dev/null | grep -e ^* | sed -E s/^\\\\\*\ \(.+\)$/\(\\\\\1\)\ /`\[\033[35m\]$\[\033[00m\] /usr/bin/cmake --build /home/jaime/Downloads/MotorControl/uros_ws/build/micro_ros_msgs -- -j8 -l8
[1.138s] Invoking command in '/home/jaime/Downloads/MotorControl/uros_ws/build/micro_ros_msgs': CMAKE_PREFIX_PATH=${CMAKE_PREFIX_PATH}:/opt/ros/humble PS1=\[\033[01;32m\]\u@\h \[\033[01;34m\]\w \[\033[31m\]`git branch 2> /dev/null | grep -e ^* | sed -E s/^\\\\\*\ \(.+\)$/\(\\\\\1\)\ /`\[\033[35m\]$\[\033[00m\] /usr/bin/cmake --install /home/jaime/Downloads/MotorControl/uros_ws/build/micro_ros_msgs
[1.143s] -- Install configuration: ""
[1.143s] -- Up-to-date: /home/jaime/Downloads/MotorControl/uros_ws/install/micro_ros_msgs/share/ament_index/resource_index/rosidl_interfaces/micro_ros_msgs
[1.143s] -- Up-to-date: /home/jaime/Downloads/MotorControl/uros_ws/install/micro_ros_msgs/include/micro_ros_msgs/micro_ros_msgs
[1.143s] -- Up-to-date: /home/jaime/Downloads/MotorControl/uros_ws/install/micro_ros_msgs/include/micro_ros_msgs/micro_ros_msgs/msg
[1.143s] -- Up-to-date: /home/jaime/Downloads/MotorControl/uros_ws/install/micro_ros_msgs/include/micro_ros_msgs/micro_ros_msgs/msg/detail
[1.143s] -- Up-to-date: /home/jaime/Downloads/MotorControl/uros_ws/install/micro_ros_msgs/include/micro_ros_msgs/micro_ros_msgs/msg/detail/graph__functions.c
[1.143s] -- Up-to-date: /home/jaime/Downloads/MotorControl/uros_ws/install/micro_ros_msgs/include/micro_ros_msgs/micro_ros_msgs/msg/detail/graph__type_support.h
[1.143s] -- Up-to-date: /home/jaime/Downloads/MotorControl/uros_ws/install/micro_ros_msgs/include/micro_ros_msgs/micro_ros_msgs/msg/detail/graph__functions.h
[1.143s] -- Up-to-date: /home/jaime/Downloads/MotorControl/uros_ws/install/micro_ros_msgs/include/micro_ros_msgs/micro_ros_msgs/msg/detail/node__type_support.h
[1.143s] -- Up-to-date: /home/jaime/Downloads/MotorControl/uros_ws/install/micro_ros_msgs/include/micro_ros_msgs/micro_ros_msgs/msg/detail/entity__type_support.h
[1.143s] -- Up-to-date: /home/jaime/Downloads/MotorControl/uros_ws/install/micro_ros_msgs/include/micro_ros_msgs/micro_ros_msgs/msg/detail/entity__functions.h
[1.143s] -- Up-to-date: /home/jaime/Downloads/MotorControl/uros_ws/install/micro_ros_msgs/include/micro_ros_msgs/micro_ros_msgs/msg/detail/entity__functions.c
[1.143s] -- Up-to-date: /home/jaime/Downloads/MotorControl/uros_ws/install/micro_ros_msgs/include/micro_ros_msgs/micro_ros_msgs/msg/detail/entity__struct.h
[1.143s] -- Up-to-date: /home/jaime/Downloads/MotorControl/uros_ws/install/micro_ros_msgs/include/micro_ros_msgs/micro_ros_msgs/msg/detail/node__functions.h
[1.143s] -- Up-to-date: /home/jaime/Downloads/MotorControl/uros_ws/install/micro_ros_msgs/include/micro_ros_msgs/micro_ros_msgs/msg/detail/node__struct.h
[1.143s] -- Up-to-date: /home/jaime/Downloads/MotorControl/uros_ws/install/micro_ros_msgs/include/micro_ros_msgs/micro_ros_msgs/msg/detail/graph__struct.h
[1.143s] -- Up-to-date: /home/jaime/Downloads/MotorControl/uros_ws/install/micro_ros_msgs/include/micro_ros_msgs/micro_ros_msgs/msg/detail/node__functions.c
[1.143s] -- Up-to-date: /home/jaime/Downloads/MotorControl/uros_ws/install/micro_ros_msgs/include/micro_ros_msgs/micro_ros_msgs/msg/entity.h
[1.144s] -- Up-to-date: /home/jaime/Downloads/MotorControl/uros_ws/install/micro_ros_msgs/include/micro_ros_msgs/micro_ros_msgs/msg/rosidl_generator_c__visibility_control.h
[1.144s] -- Up-to-date: /home/jaime/Downloads/MotorControl/uros_ws/install/micro_ros_msgs/include/micro_ros_msgs/micro_ros_msgs/msg/graph.h
[1.144s] -- Up-to-date: /home/jaime/Downloads/MotorControl/uros_ws/install/micro_ros_msgs/include/micro_ros_msgs/micro_ros_msgs/msg/node.h
[1.144s] -- Up-to-date: /home/jaime/Downloads/MotorControl/uros_ws/install/micro_ros_msgs/share/micro_ros_msgs/environment/library_path.sh
[1.144s] -- Installing: /home/jaime/Downloads/MotorControl/uros_ws/install/micro_ros_msgs/share/micro_ros_msgs/environment/library_path.dsv
[1.149s] -- Up-to-date: /home/jaime/Downloads/MotorControl/uros_ws/install/micro_ros_msgs/lib/libmicro_ros_msgs__rosidl_generator_c.so
[1.149s] -- Up-to-date: /home/jaime/Downloads/MotorControl/uros_ws/install/micro_ros_msgs/include/micro_ros_msgs/micro_ros_msgs
[1.149s] -- Up-to-date: /home/jaime/Downloads/MotorControl/uros_ws/install/micro_ros_msgs/include/micro_ros_msgs/micro_ros_msgs/msg
[1.149s] -- Up-to-date: /home/jaime/Downloads/MotorControl/uros_ws/install/micro_ros_msgs/include/micro_ros_msgs/micro_ros_msgs/msg/detail
[1.149s] -- Up-to-date: /home/jaime/Downloads/MotorControl/uros_ws/install/micro_ros_msgs/include/micro_ros_msgs/micro_ros_msgs/msg/detail/node__rosidl_typesupport_fastrtps_c.h
[1.149s] -- Up-to-date: /home/jaime/Downloads/MotorControl/uros_ws/install/micro_ros_msgs/include/micro_ros_msgs/micro_ros_msgs/msg/detail/graph__rosidl_typesupport_fastrtps_c.h
[1.150s] -- Up-to-date: /home/jaime/Downloads/MotorControl/uros_ws/install/micro_ros_msgs/include/micro_ros_msgs/micro_ros_msgs/msg/detail/entity__rosidl_typesupport_fastrtps_c.h
[1.150s] -- Up-to-date: /home/jaime/Downloads/MotorControl/uros_ws/install/micro_ros_msgs/include/micro_ros_msgs/micro_ros_msgs/msg/rosidl_typesupport_fastrtps_c__visibility_control.h
[1.150s] -- Up-to-date: /home/jaime/Downloads/MotorControl/uros_ws/install/micro_ros_msgs/lib/libmicro_ros_msgs__rosidl_typesupport_fastrtps_c.so
[1.150s] -- Up-to-date: /home/jaime/Downloads/MotorControl/uros_ws/install/micro_ros_msgs/include/micro_ros_msgs/micro_ros_msgs
[1.150s] -- Up-to-date: /home/jaime/Downloads/MotorControl/uros_ws/install/micro_ros_msgs/include/micro_ros_msgs/micro_ros_msgs/msg
[1.150s] -- Up-to-date: /home/jaime/Downloads/MotorControl/uros_ws/install/micro_ros_msgs/include/micro_ros_msgs/micro_ros_msgs/msg/detail
[1.150s] -- Up-to-date: /home/jaime/Downloads/MotorControl/uros_ws/install/micro_ros_msgs/include/micro_ros_msgs/micro_ros_msgs/msg/detail/graph__type_support.c
[1.150s] -- Up-to-date: /home/jaime/Downloads/MotorControl/uros_ws/install/micro_ros_msgs/include/micro_ros_msgs/micro_ros_msgs/msg/detail/entity__rosidl_typesupport_introspection_c.h
[1.150s] -- Up-to-date: /home/jaime/Downloads/MotorControl/uros_ws/install/micro_ros_msgs/include/micro_ros_msgs/micro_ros_msgs/msg/detail/entity__type_support.c
[1.150s] -- Up-to-date: /home/jaime/Downloads/MotorControl/uros_ws/install/micro_ros_msgs/include/micro_ros_msgs/micro_ros_msgs/msg/detail/node__type_support.c
[1.150s] -- Up-to-date: /home/jaime/Downloads/MotorControl/uros_ws/install/micro_ros_msgs/include/micro_ros_msgs/micro_ros_msgs/msg/detail/graph__rosidl_typesupport_introspection_c.h
[1.150s] -- Up-to-date: /home/jaime/Downloads/MotorControl/uros_ws/install/micro_ros_msgs/include/micro_ros_msgs/micro_ros_msgs/msg/detail/node__rosidl_typesupport_introspection_c.h
[1.150s] -- Up-to-date: /home/jaime/Downloads/MotorControl/uros_ws/install/micro_ros_msgs/include/micro_ros_msgs/micro_ros_msgs/msg/rosidl_typesupport_introspection_c__visibility_control.h
[1.150s] -- Up-to-date: /home/jaime/Downloads/MotorControl/uros_ws/install/micro_ros_msgs/lib/libmicro_ros_msgs__rosidl_typesupport_introspection_c.so
[1.150s] -- Up-to-date: /home/jaime/Downloads/MotorControl/uros_ws/install/micro_ros_msgs/lib/libmicro_ros_msgs__rosidl_typesupport_c.so
[1.150s] -- Up-to-date: /home/jaime/Downloads/MotorControl/uros_ws/install/micro_ros_msgs/include/micro_ros_msgs/micro_ros_msgs
[1.151s] -- Up-to-date: /home/jaime/Downloads/MotorControl/uros_ws/install/micro_ros_msgs/include/micro_ros_msgs/micro_ros_msgs/msg
[1.151s] -- Up-to-date: /home/jaime/Downloads/MotorControl/uros_ws/install/micro_ros_msgs/include/micro_ros_msgs/micro_ros_msgs/msg/detail
[1.151s] -- Up-to-date: /home/jaime/Downloads/MotorControl/uros_ws/install/micro_ros_msgs/include/micro_ros_msgs/micro_ros_msgs/msg/detail/graph__traits.hpp
[1.151s] -- Up-to-date: /home/jaime/Downloads/MotorControl/uros_ws/install/micro_ros_msgs/include/micro_ros_msgs/micro_ros_msgs/msg/detail/entity__builder.hpp
[1.151s] -- Up-to-date: /home/jaime/Downloads/MotorControl/uros_ws/install/micro_ros_msgs/include/micro_ros_msgs/micro_ros_msgs/msg/detail/node__traits.hpp
[1.151s] -- Up-to-date: /home/jaime/Downloads/MotorControl/uros_ws/install/micro_ros_msgs/include/micro_ros_msgs/micro_ros_msgs/msg/detail/node__struct.hpp
[1.151s] -- Up-to-date: /home/jaime/Downloads/MotorControl/uros_ws/install/micro_ros_msgs/include/micro_ros_msgs/micro_ros_msgs/msg/detail/graph__struct.hpp
[1.151s] -- Up-to-date: /home/jaime/Downloads/MotorControl/uros_ws/install/micro_ros_msgs/include/micro_ros_msgs/micro_ros_msgs/msg/detail/graph__builder.hpp
[1.151s] -- Up-to-date: /home/jaime/Downloads/MotorControl/uros_ws/install/micro_ros_msgs/include/micro_ros_msgs/micro_ros_msgs/msg/detail/node__builder.hpp
[1.151s] -- Up-to-date: /home/jaime/Downloads/MotorControl/uros_ws/install/micro_ros_msgs/include/micro_ros_msgs/micro_ros_msgs/msg/detail/entity__struct.hpp
[1.151s] -- Up-to-date: /home/jaime/Downloads/MotorControl/uros_ws/install/micro_ros_msgs/include/micro_ros_msgs/micro_ros_msgs/msg/detail/entity__traits.hpp
[1.151s] -- Up-to-date: /home/jaime/Downloads/MotorControl/uros_ws/install/micro_ros_msgs/include/micro_ros_msgs/micro_ros_msgs/msg/entity.hpp
[1.151s] -- Up-to-date: /home/jaime/Downloads/MotorControl/uros_ws/install/micro_ros_msgs/include/micro_ros_msgs/micro_ros_msgs/msg/node.hpp
[1.151s] -- Up-to-date: /home/jaime/Downloads/MotorControl/uros_ws/install/micro_ros_msgs/include/micro_ros_msgs/micro_ros_msgs/msg/graph.hpp
[1.151s] -- Up-to-date: /home/jaime/Downloads/MotorControl/uros_ws/install/micro_ros_msgs/include/micro_ros_msgs/micro_ros_msgs
[1.151s] -- Up-to-date: /home/jaime/Downloads/MotorControl/uros_ws/install/micro_ros_msgs/include/micro_ros_msgs/micro_ros_msgs/msg
[1.151s] -- Up-to-date: /home/jaime/Downloads/MotorControl/uros_ws/install/micro_ros_msgs/include/micro_ros_msgs/micro_ros_msgs/msg/detail
[1.151s] -- Up-to-date: /home/jaime/Downloads/MotorControl/uros_ws/install/micro_ros_msgs/include/micro_ros_msgs/micro_ros_msgs/msg/detail/entity__rosidl_typesupport_fastrtps_cpp.hpp
[1.151s] -- Up-to-date: /home/jaime/Downloads/MotorControl/uros_ws/install/micro_ros_msgs/include/micro_ros_msgs/micro_ros_msgs/msg/detail/dds_fastrtps
[1.151s] -- Up-to-date: /home/jaime/Downloads/MotorControl/uros_ws/install/micro_ros_msgs/include/micro_ros_msgs/micro_ros_msgs/msg/detail/node__rosidl_typesupport_fastrtps_cpp.hpp
[1.151s] -- Up-to-date: /home/jaime/Downloads/MotorControl/uros_ws/install/micro_ros_msgs/include/micro_ros_msgs/micro_ros_msgs/msg/detail/graph__rosidl_typesupport_fastrtps_cpp.hpp
[1.152s] -- Up-to-date: /home/jaime/Downloads/MotorControl/uros_ws/install/micro_ros_msgs/include/micro_ros_msgs/micro_ros_msgs/msg/rosidl_typesupport_fastrtps_cpp__visibility_control.h
[1.152s] -- Up-to-date: /home/jaime/Downloads/MotorControl/uros_ws/install/micro_ros_msgs/lib/libmicro_ros_msgs__rosidl_typesupport_fastrtps_cpp.so
[1.152s] -- Up-to-date: /home/jaime/Downloads/MotorControl/uros_ws/install/micro_ros_msgs/include/micro_ros_msgs/micro_ros_msgs
[1.152s] -- Up-to-date: /home/jaime/Downloads/MotorControl/uros_ws/install/micro_ros_msgs/include/micro_ros_msgs/micro_ros_msgs/msg
[1.152s] -- Up-to-date: /home/jaime/Downloads/MotorControl/uros_ws/install/micro_ros_msgs/include/micro_ros_msgs/micro_ros_msgs/msg/detail
[1.152s] -- Up-to-date: /home/jaime/Downloads/MotorControl/uros_ws/install/micro_ros_msgs/include/micro_ros_msgs/micro_ros_msgs/msg/detail/entity__type_support.cpp
[1.152s] -- Up-to-date: /home/jaime/Downloads/MotorControl/uros_ws/install/micro_ros_msgs/include/micro_ros_msgs/micro_ros_msgs/msg/detail/node__type_support.cpp
[1.152s] -- Up-to-date: /home/jaime/Downloads/MotorControl/uros_ws/install/micro_ros_msgs/include/micro_ros_msgs/micro_ros_msgs/msg/detail/node__rosidl_typesupport_introspection_cpp.hpp
[1.152s] -- Up-to-date: /home/jaime/Downloads/MotorControl/uros_ws/install/micro_ros_msgs/include/micro_ros_msgs/micro_ros_msgs/msg/detail/entity__rosidl_typesupport_introspection_cpp.hpp
[1.152s] -- Up-to-date: /home/jaime/Downloads/MotorControl/uros_ws/install/micro_ros_msgs/include/micro_ros_msgs/micro_ros_msgs/msg/detail/graph__type_support.cpp
[1.152s] -- Up-to-date: /home/jaime/Downloads/MotorControl/uros_ws/install/micro_ros_msgs/include/micro_ros_msgs/micro_ros_msgs/msg/detail/graph__rosidl_typesupport_introspection_cpp.hpp
[1.152s] -- Up-to-date: /home/jaime/Downloads/MotorControl/uros_ws/install/micro_ros_msgs/lib/libmicro_ros_msgs__rosidl_typesupport_introspection_cpp.so
[1.152s] -- Up-to-date: /home/jaime/Downloads/MotorControl/uros_ws/install/micro_ros_msgs/lib/libmicro_ros_msgs__rosidl_typesupport_cpp.so
[1.152s] -- Up-to-date: /home/jaime/Downloads/MotorControl/uros_ws/install/micro_ros_msgs/share/micro_ros_msgs/environment/pythonpath.sh
[1.152s] -- Installing: /home/jaime/Downloads/MotorControl/uros_ws/install/micro_ros_msgs/share/micro_ros_msgs/environment/pythonpath.dsv
[1.152s] -- Up-to-date: /home/jaime/Downloads/MotorControl/uros_ws/install/micro_ros_msgs/local/lib/python3.10/dist-packages/micro_ros_msgs-3.0.1-py3.10.egg-info
[1.152s] -- Installing: /home/jaime/Downloads/MotorControl/uros_ws/install/micro_ros_msgs/local/lib/python3.10/dist-packages/micro_ros_msgs-3.0.1-py3.10.egg-info/SOURCES.txt
[1.152s] -- Installing: /home/jaime/Downloads/MotorControl/uros_ws/install/micro_ros_msgs/local/lib/python3.10/dist-packages/micro_ros_msgs-3.0.1-py3.10.egg-info/PKG-INFO
[1.152s] -- Installing: /home/jaime/Downloads/MotorControl/uros_ws/install/micro_ros_msgs/local/lib/python3.10/dist-packages/micro_ros_msgs-3.0.1-py3.10.egg-info/dependency_links.txt
[1.152s] -- Installing: /home/jaime/Downloads/MotorControl/uros_ws/install/micro_ros_msgs/local/lib/python3.10/dist-packages/micro_ros_msgs-3.0.1-py3.10.egg-info/top_level.txt
[1.152s] -- Up-to-date: /home/jaime/Downloads/MotorControl/uros_ws/install/micro_ros_msgs/local/lib/python3.10/dist-packages/micro_ros_msgs
[1.153s] -- Up-to-date: /home/jaime/Downloads/MotorControl/uros_ws/install/micro_ros_msgs/local/lib/python3.10/dist-packages/micro_ros_msgs/_micro_ros_msgs_s.ep.rosidl_typesupport_c.c
[1.153s] -- Up-to-date: /home/jaime/Downloads/MotorControl/uros_ws/install/micro_ros_msgs/local/lib/python3.10/dist-packages/micro_ros_msgs/micro_ros_msgs_s__rosidl_typesupport_c.cpython-310-x86_64-linux-gnu.so
[1.153s] -- Up-to-date: /home/jaime/Downloads/MotorControl/uros_ws/install/micro_ros_msgs/local/lib/python3.10/dist-packages/micro_ros_msgs/libmicro_ros_msgs__rosidl_generator_py.so
[1.153s] -- Up-to-date: /home/jaime/Downloads/MotorControl/uros_ws/install/micro_ros_msgs/local/lib/python3.10/dist-packages/micro_ros_msgs/_micro_ros_msgs_s.ep.rosidl_typesupport_fastrtps_c.c
[1.153s] -- Up-to-date: /home/jaime/Downloads/MotorControl/uros_ws/install/micro_ros_msgs/local/lib/python3.10/dist-packages/micro_ros_msgs/micro_ros_msgs_s__rosidl_typesupport_introspection_c.cpython-310-x86_64-linux-gnu.so
[1.153s] -- Installing: /home/jaime/Downloads/MotorControl/uros_ws/install/micro_ros_msgs/local/lib/python3.10/dist-packages/micro_ros_msgs/__init__.py
[1.153s] -- Up-to-date: /home/jaime/Downloads/MotorControl/uros_ws/install/micro_ros_msgs/local/lib/python3.10/dist-packages/micro_ros_msgs/_micro_ros_msgs_s.ep.rosidl_typesupport_introspection_c.c
[1.153s] -- Up-to-date: /home/jaime/Downloads/MotorControl/uros_ws/install/micro_ros_msgs/local/lib/python3.10/dist-packages/micro_ros_msgs/micro_ros_msgs_s__rosidl_typesupport_fastrtps_c.cpython-310-x86_64-linux-gnu.so
[1.153s] -- Up-to-date: /home/jaime/Downloads/MotorControl/uros_ws/install/micro_ros_msgs/local/lib/python3.10/dist-packages/micro_ros_msgs/msg
[1.153s] -- Up-to-date: /home/jaime/Downloads/MotorControl/uros_ws/install/micro_ros_msgs/local/lib/python3.10/dist-packages/micro_ros_msgs/msg/_graph.py
[1.153s] -- Up-to-date: /home/jaime/Downloads/MotorControl/uros_ws/install/micro_ros_msgs/local/lib/python3.10/dist-packages/micro_ros_msgs/msg/_graph_s.c
[1.153s] -- Up-to-date: /home/jaime/Downloads/MotorControl/uros_ws/install/micro_ros_msgs/local/lib/python3.10/dist-packages/micro_ros_msgs/msg/_entity_s.c
[1.153s] -- Up-to-date: /home/jaime/Downloads/MotorControl/uros_ws/install/micro_ros_msgs/local/lib/python3.10/dist-packages/micro_ros_msgs/msg/_node_s.c
[1.153s] -- Up-to-date: /home/jaime/Downloads/MotorControl/uros_ws/install/micro_ros_msgs/local/lib/python3.10/dist-packages/micro_ros_msgs/msg/_node.py
[1.153s] -- Up-to-date: /home/jaime/Downloads/MotorControl/uros_ws/install/micro_ros_msgs/local/lib/python3.10/dist-packages/micro_ros_msgs/msg/_entity.py
[1.153s] -- Up-to-date: /home/jaime/Downloads/MotorControl/uros_ws/install/micro_ros_msgs/local/lib/python3.10/dist-packages/micro_ros_msgs/msg/__init__.py
[1.174s] Listing '/home/jaime/Downloads/MotorControl/uros_ws/install/micro_ros_msgs/local/lib/python3.10/dist-packages/micro_ros_msgs'...
[1.174s] Compiling '/home/jaime/Downloads/MotorControl/uros_ws/install/micro_ros_msgs/local/lib/python3.10/dist-packages/micro_ros_msgs/__init__.py'...
[1.174s] Listing '/home/jaime/Downloads/MotorControl/uros_ws/install/micro_ros_msgs/local/lib/python3.10/dist-packages/micro_ros_msgs/msg'...
[1.177s] -- Up-to-date: /home/jaime/Downloads/MotorControl/uros_ws/install/micro_ros_msgs/local/lib/python3.10/dist-packages/micro_ros_msgs/micro_ros_msgs_s__rosidl_typesupport_fastrtps_c.cpython-310-x86_64-linux-gnu.so
[1.177s] -- Up-to-date: /home/jaime/Downloads/MotorControl/uros_ws/install/micro_ros_msgs/local/lib/python3.10/dist-packages/micro_ros_msgs/micro_ros_msgs_s__rosidl_typesupport_introspection_c.cpython-310-x86_64-linux-gnu.so
[1.178s] -- Up-to-date: /home/jaime/Downloads/MotorControl/uros_ws/install/micro_ros_msgs/local/lib/python3.10/dist-packages/micro_ros_msgs/micro_ros_msgs_s__rosidl_typesupport_c.cpython-310-x86_64-linux-gnu.so
[1.178s] -- Up-to-date: /home/jaime/Downloads/MotorControl/uros_ws/install/micro_ros_msgs/lib/libmicro_ros_msgs__rosidl_generator_py.so
[1.178s] -- Up-to-date: /home/jaime/Downloads/MotorControl/uros_ws/install/micro_ros_msgs/share/micro_ros_msgs/msg/Graph.idl
[1.178s] -- Up-to-date: /home/jaime/Downloads/MotorControl/uros_ws/install/micro_ros_msgs/share/micro_ros_msgs/msg/Node.idl
[1.178s] -- Up-to-date: /home/jaime/Downloads/MotorControl/uros_ws/install/micro_ros_msgs/share/micro_ros_msgs/msg/Entity.idl
[1.178s] -- Up-to-date: /home/jaime/Downloads/MotorControl/uros_ws/install/micro_ros_msgs/share/micro_ros_msgs/msg/Graph.msg
[1.178s] -- Up-to-date: /home/jaime/Downloads/MotorControl/uros_ws/install/micro_ros_msgs/share/micro_ros_msgs/msg/Node.msg
[1.178s] -- Up-to-date: /home/jaime/Downloads/MotorControl/uros_ws/install/micro_ros_msgs/share/micro_ros_msgs/msg/Entity.msg
[1.178s] -- Up-to-date: /home/jaime/Downloads/MotorControl/uros_ws/install/micro_ros_msgs/share/ament_index/resource_index/package_run_dependencies/micro_ros_msgs
[1.178s] -- Up-to-date: /home/jaime/Downloads/MotorControl/uros_ws/install/micro_ros_msgs/share/ament_index/resource_index/parent_prefix_path/micro_ros_msgs
[1.178s] -- Up-to-date: /home/jaime/Downloads/MotorControl/uros_ws/install/micro_ros_msgs/share/micro_ros_msgs/environment/ament_prefix_path.sh
[1.178s] -- Installing: /home/jaime/Downloads/MotorControl/uros_ws/install/micro_ros_msgs/share/micro_ros_msgs/environment/ament_prefix_path.dsv
[1.178s] -- Up-to-date: /home/jaime/Downloads/MotorControl/uros_ws/install/micro_ros_msgs/share/micro_ros_msgs/environment/path.sh
[1.179s] -- Installing: /home/jaime/Downloads/MotorControl/uros_ws/install/micro_ros_msgs/share/micro_ros_msgs/environment/path.dsv
[1.179s] -- Up-to-date: /home/jaime/Downloads/MotorControl/uros_ws/install/micro_ros_msgs/share/micro_ros_msgs/local_setup.bash
[1.179s] -- Up-to-date: /home/jaime/Downloads/MotorControl/uros_ws/install/micro_ros_msgs/share/micro_ros_msgs/local_setup.sh
[1.179s] -- Up-to-date: /home/jaime/Downloads/MotorControl/uros_ws/install/micro_ros_msgs/share/micro_ros_msgs/local_setup.zsh
[1.179s] -- Installing: /home/jaime/Downloads/MotorControl/uros_ws/install/micro_ros_msgs/share/micro_ros_msgs/local_setup.dsv
[1.179s] -- Installing: /home/jaime/Downloads/MotorControl/uros_ws/install/micro_ros_msgs/share/micro_ros_msgs/package.dsv
[1.179s] -- Up-to-date: /home/jaime/Downloads/MotorControl/uros_ws/install/micro_ros_msgs/share/ament_index/resource_index/packages/micro_ros_msgs
[1.179s] -- Up-to-date: /home/jaime/Downloads/MotorControl/uros_ws/install/micro_ros_msgs/share/micro_ros_msgs/cmake/export_micro_ros_msgs__rosidl_generator_cExport.cmake
[1.179s] -- Up-to-date: /home/jaime/Downloads/MotorControl/uros_ws/install/micro_ros_msgs/share/micro_ros_msgs/cmake/export_micro_ros_msgs__rosidl_generator_cExport-noconfig.cmake
[1.179s] -- Up-to-date: /home/jaime/Downloads/MotorControl/uros_ws/install/micro_ros_msgs/share/micro_ros_msgs/cmake/export_micro_ros_msgs__rosidl_typesupport_fastrtps_cExport.cmake
[1.179s] -- Up-to-date: /home/jaime/Downloads/MotorControl/uros_ws/install/micro_ros_msgs/share/micro_ros_msgs/cmake/export_micro_ros_msgs__rosidl_typesupport_fastrtps_cExport-noconfig.cmake
[1.180s] -- Up-to-date: /home/jaime/Downloads/MotorControl/uros_ws/install/micro_ros_msgs/share/micro_ros_msgs/cmake/micro_ros_msgs__rosidl_typesupport_introspection_cExport.cmake
[1.180s] -- Up-to-date: /home/jaime/Downloads/MotorControl/uros_ws/install/micro_ros_msgs/share/micro_ros_msgs/cmake/micro_ros_msgs__rosidl_typesupport_introspection_cExport-noconfig.cmake
[1.180s] -- Up-to-date: /home/jaime/Downloads/MotorControl/uros_ws/install/micro_ros_msgs/share/micro_ros_msgs/cmake/micro_ros_msgs__rosidl_typesupport_cExport.cmake
[1.180s] -- Up-to-date: /home/jaime/Downloads/MotorControl/uros_ws/install/micro_ros_msgs/share/micro_ros_msgs/cmake/micro_ros_msgs__rosidl_typesupport_cExport-noconfig.cmake
[1.180s] -- Up-to-date: /home/jaime/Downloads/MotorControl/uros_ws/install/micro_ros_msgs/share/micro_ros_msgs/cmake/export_micro_ros_msgs__rosidl_generator_cppExport.cmake
[1.180s] -- Up-to-date: /home/jaime/Downloads/MotorControl/uros_ws/install/micro_ros_msgs/share/micro_ros_msgs/cmake/export_micro_ros_msgs__rosidl_typesupport_fastrtps_cppExport.cmake
[1.180s] -- Up-to-date: /home/jaime/Downloads/MotorControl/uros_ws/install/micro_ros_msgs/share/micro_ros_msgs/cmake/export_micro_ros_msgs__rosidl_typesupport_fastrtps_cppExport-noconfig.cmake
[1.180s] -- Up-to-date: /home/jaime/Downloads/MotorControl/uros_ws/install/micro_ros_msgs/share/micro_ros_msgs/cmake/micro_ros_msgs__rosidl_typesupport_introspection_cppExport.cmake
[1.180s] -- Up-to-date: /home/jaime/Downloads/MotorControl/uros_ws/install/micro_ros_msgs/share/micro_ros_msgs/cmake/micro_ros_msgs__rosidl_typesupport_introspection_cppExport-noconfig.cmake
[1.180s] -- Up-to-date: /home/jaime/Downloads/MotorControl/uros_ws/install/micro_ros_msgs/share/micro_ros_msgs/cmake/micro_ros_msgs__rosidl_typesupport_cppExport.cmake
[1.180s] -- Up-to-date: /home/jaime/Downloads/MotorControl/uros_ws/install/micro_ros_msgs/share/micro_ros_msgs/cmake/micro_ros_msgs__rosidl_typesupport_cppExport-noconfig.cmake
[1.180s] -- Up-to-date: /home/jaime/Downloads/MotorControl/uros_ws/install/micro_ros_msgs/share/micro_ros_msgs/cmake/export_micro_ros_msgs__rosidl_generator_pyExport.cmake
[1.180s] -- Up-to-date: /home/jaime/Downloads/MotorControl/uros_ws/install/micro_ros_msgs/share/micro_ros_msgs/cmake/export_micro_ros_msgs__rosidl_generator_pyExport-noconfig.cmake
[1.180s] -- Up-to-date: /home/jaime/Downloads/MotorControl/uros_ws/install/micro_ros_msgs/share/micro_ros_msgs/cmake/rosidl_cmake-extras.cmake
[1.180s] -- Up-to-date: /home/jaime/Downloads/MotorControl/uros_ws/install/micro_ros_msgs/share/micro_ros_msgs/cmake/ament_cmake_export_include_directories-extras.cmake
[1.180s] -- Up-to-date: /home/jaime/Downloads/MotorControl/uros_ws/install/micro_ros_msgs/share/micro_ros_msgs/cmake/ament_cmake_export_libraries-extras.cmake
[1.181s] -- Up-to-date: /home/jaime/Downloads/MotorControl/uros_ws/install/micro_ros_msgs/share/micro_ros_msgs/cmake/ament_cmake_export_targets-extras.cmake
[1.181s] -- Up-to-date: /home/jaime/Downloads/MotorControl/uros_ws/install/micro_ros_msgs/share/micro_ros_msgs/cmake/rosidl_cmake_export_typesupport_targets-extras.cmake
[1.181s] -- Up-to-date: /home/jaime/Downloads/MotorControl/uros_ws/install/micro_ros_msgs/share/micro_ros_msgs/cmake/ament_cmake_export_dependencies-extras.cmake
[1.181s] -- Up-to-date: /home/jaime/Downloads/MotorControl/uros_ws/install/micro_ros_msgs/share/micro_ros_msgs/cmake/rosidl_cmake_export_typesupport_libraries-extras.cmake
[1.181s] -- Up-to-date: /home/jaime/Downloads/MotorControl/uros_ws/install/micro_ros_msgs/share/micro_ros_msgs/cmake/micro_ros_msgsConfig.cmake
[1.181s] -- Up-to-date: /home/jaime/Downloads/MotorControl/uros_ws/install/micro_ros_msgs/share/micro_ros_msgs/cmake/micro_ros_msgsConfig-version.cmake
[1.181s] -- Up-to-date: /home/jaime/Downloads/MotorControl/uros_ws/install/micro_ros_msgs/share/micro_ros_msgs/package.xml
[1.182s] Invoked command in '/home/jaime/Downloads/MotorControl/uros_ws/build/micro_ros_msgs' returned '0': CMAKE_PREFIX_PATH=${CMAKE_PREFIX_PATH}:/opt/ros/humble PS1=\[\033[01;32m\]\u@\h \[\033[01;34m\]\w \[\033[31m\]`git branch 2> /dev/null | grep -e ^* | sed -E s/^\\\\\*\ \(.+\)$/\(\\\\\1\)\ /`\[\033[35m\]$\[\033[00m\] /usr/bin/cmake --install /home/jaime/Downloads/MotorControl/uros_ws/build/micro_ros_msgs
