[0.105s] Invoking command in '/home/jcarballeira/nimble_ws/src/build/nimble_interfaces': CMAKE_PREFIX_PATH=${CMAKE_PREFIX_PATH}:/home/jcarballeira/evloc_ws/install/evloc:/opt/ros/humble /usr/bin/cmake --build /home/jcarballeira/nimble_ws/src/build/nimble_interfaces -- -j8 -l8
[0.138s] -- Found ament_cmake: 1.3.7 (/opt/ros/humble/share/ament_cmake/cmake)
[0.286s] -- Override CMake install command with custom implementation using symlinks instead of copying resources
[0.293s] -- Found rosidl_default_generators: 1.2.0 (/opt/ros/humble/share/rosidl_default_generators/cmake)
[0.295s] -- Using all available rosidl_typesupport_c: rosidl_typesupport_fastrtps_c;rosidl_typesupport_introspection_c
[0.298s] -- Found rosidl_adapter: 3.1.5 (/opt/ros/humble/share/rosidl_adapter/cmake)
[0.330s] -- Using all available rosidl_typesupport_cpp: rosidl_typesupport_fastrtps_cpp;rosidl_typesupport_introspection_cpp
[0.359s] -- Found geometry_msgs: 4.2.3 (/opt/ros/humble/share/geometry_msgs/cmake)
[0.488s] -- Found sensor_msgs: 4.2.3 (/opt/ros/humble/share/sensor_msgs/cmake)
[0.579s] -- Found trajectory_msgs: 4.2.3 (/opt/ros/humble/share/trajectory_msgs/cmake)
[1.011s] -- Found ament_cmake_ros: 0.10.0 (/opt/ros/humble/share/ament_cmake_ros/cmake)
[1.276s] -- Using all available rosidl_typesupport_c: rosidl_typesupport_fastrtps_c;rosidl_typesupport_introspection_c
[1.630s] -- Using all available rosidl_typesupport_cpp: rosidl_typesupport_fastrtps_cpp;rosidl_typesupport_introspection_cpp
[1.654s] -- Found python_cmake_module: 0.10.0 (/opt/ros/humble/share/python_cmake_module/cmake)
[1.677s] -- Using PYTHON_EXECUTABLE: /usr/bin/python3
[1.677s] -- Using PYTHON_INCLUDE_DIRS: /usr/include/python3.10
[1.677s] -- Using PYTHON_LIBRARIES: /usr/lib/x86_64-linux-gnu/libpython3.10.so
[1.724s] -- Found ament_lint_auto: 0.12.10 (/opt/ros/humble/share/ament_lint_auto/cmake)
[1.735s] -- Added test 'lint_cmake' to check CMake code style
[1.735s] -- Added test 'xmllint' to check XML markup files
[1.738s] -- Configuring done
[1.785s] -- Generating done
[1.789s] -- Build files have been written to: /home/jcarballeira/nimble_ws/src/build/nimble_interfaces
[1.814s] [  1%] [34m[1mGenerating C code for ROS interfaces[0m
[1.823s] [  2%] [34m[1mGenerating C++ code for ROS interfaces[0m
[1.833s] [  2%] Built target ament_cmake_python_symlink_nimble_interfaces
[2.169s] running egg_info
[2.169s] writing nimble_interfaces.egg-info/PKG-INFO
[2.170s] writing dependency_links to nimble_interfaces.egg-info/dependency_links.txt
[2.170s] writing top-level names to nimble_interfaces.egg-info/top_level.txt
[2.174s] reading manifest file 'nimble_interfaces.egg-info/SOURCES.txt'
[2.175s] writing manifest file 'nimble_interfaces.egg-info/SOURCES.txt'
[2.204s] [  2%] Built target ament_cmake_python_build_nimble_interfaces_egg
[2.568s] [  2%] Built target nimble_interfaces__cpp
[2.584s] [  3%] [34m[1mGenerating C++ type support dispatch for ROS interfaces[0m
[2.595s] [  5%] [34m[1mGenerating C++ type support for eProsima Fast-RTPS[0m
[2.596s] [  6%] [34m[1mGenerating C++ introspection for ROS interfaces[0m
[2.600s] [35m[1mConsolidate compiler generated dependencies of target nimble_interfaces__rosidl_generator_c[0m
[2.625s] [  7%] [32mBuilding C object CMakeFiles/nimble_interfaces__rosidl_generator_c.dir/rosidl_generator_c/nimble_interfaces/msg/detail/frame_state__functions.c.o[0m
[2.625s] [ 11%] [32mBuilding C object CMakeFiles/nimble_interfaces__rosidl_generator_c.dir/rosidl_generator_c/nimble_interfaces/msg/detail/joints_trajectory__functions.c.o[0m
[2.625s] [ 11%] [32mBuilding C object CMakeFiles/nimble_interfaces__rosidl_generator_c.dir/rosidl_generator_c/nimble_interfaces/msg/detail/measurements__functions.c.o[0m
[2.625s] [ 10%] [32mBuilding C object CMakeFiles/nimble_interfaces__rosidl_generator_c.dir/rosidl_generator_c/nimble_interfaces/msg/detail/therapy_requirements__functions.c.o[0m
[2.625s] [ 12%] [32mBuilding C object CMakeFiles/nimble_interfaces__rosidl_generator_c.dir/rosidl_generator_c/nimble_interfaces/msg/detail/cartesian_trajectory__functions.c.o[0m
[2.712s] [ 13%] [32mBuilding C object CMakeFiles/nimble_interfaces__rosidl_generator_c.dir/rosidl_generator_c/nimble_interfaces/msg/detail/cartesian_full_trajectory__functions.c.o[0m
[2.716s] [ 15%] [32mBuilding C object CMakeFiles/nimble_interfaces__rosidl_generator_c.dir/rosidl_generator_c/nimble_interfaces/srv/detail/traj_generator_service__functions.c.o[0m
[2.811s] [ 16%] [32m[1mLinking C shared library libnimble_interfaces__rosidl_generator_c.so[0m
[2.856s] [ 16%] Built target nimble_interfaces__rosidl_generator_c
[2.867s] [ 17%] [34m[1mGenerating C type support for eProsima Fast-RTPS[0m
[2.871s] [ 20%] [34m[1mGenerating C type support dispatch for ROS interfaces[0m
[2.871s] [ 20%] [34m[1mGenerating C introspection for ROS interfaces[0m
[3.195s] [35m[1mConsolidate compiler generated dependencies of target nimble_interfaces__rosidl_typesupport_cpp[0m
[3.222s] [ 21%] [32mBuilding CXX object CMakeFiles/nimble_interfaces__rosidl_typesupport_cpp.dir/rosidl_typesupport_cpp/nimble_interfaces/msg/measurements__type_support.cpp.o[0m
[3.222s] [ 22%] [32mBuilding CXX object CMakeFiles/nimble_interfaces__rosidl_typesupport_cpp.dir/rosidl_typesupport_cpp/nimble_interfaces/msg/frame_state__type_support.cpp.o[0m
[3.223s] [ 24%] [32mBuilding CXX object CMakeFiles/nimble_interfaces__rosidl_typesupport_cpp.dir/rosidl_typesupport_cpp/nimble_interfaces/msg/therapy_requirements__type_support.cpp.o[0m
[3.676s] [35m[1mConsolidate compiler generated dependencies of target nimble_interfaces__rosidl_typesupport_fastrtps_cpp[0m
[3.707s] [ 25%] [32mBuilding CXX object CMakeFiles/nimble_interfaces__rosidl_typesupport_cpp.dir/rosidl_typesupport_cpp/nimble_interfaces/msg/joints_trajectory__type_support.cpp.o[0m
[3.740s] [ 26%] [32mBuilding CXX object CMakeFiles/nimble_interfaces__rosidl_typesupport_fastrtps_cpp.dir/rosidl_typesupport_fastrtps_cpp/nimble_interfaces/msg/detail/dds_fastrtps/measurements__type_support.cpp.o[0m
[3.743s] [35m[1mConsolidate compiler generated dependencies of target nimble_interfaces__rosidl_typesupport_c[0m
[3.744s] [35m[1mConsolidate compiler generated dependencies of target nimble_interfaces__rosidl_typesupport_introspection_cpp[0m
[3.745s] [ 27%] [32mBuilding CXX object CMakeFiles/nimble_interfaces__rosidl_typesupport_cpp.dir/rosidl_typesupport_cpp/nimble_interfaces/msg/cartesian_trajectory__type_support.cpp.o[0m
[3.767s] [ 29%] [32mBuilding CXX object CMakeFiles/nimble_interfaces__rosidl_typesupport_c.dir/rosidl_typesupport_c/nimble_interfaces/msg/measurements__type_support.cpp.o[0m
[3.774s] [ 30%] [32mBuilding CXX object CMakeFiles/nimble_interfaces__rosidl_typesupport_introspection_cpp.dir/rosidl_typesupport_introspection_cpp/nimble_interfaces/msg/detail/measurements__type_support.cpp.o[0m
[3.821s] [ 31%] [32mBuilding CXX object CMakeFiles/nimble_interfaces__rosidl_typesupport_c.dir/rosidl_typesupport_c/nimble_interfaces/msg/therapy_requirements__type_support.cpp.o[0m
[3.843s] [ 32%] [32mBuilding CXX object CMakeFiles/nimble_interfaces__rosidl_typesupport_fastrtps_cpp.dir/rosidl_typesupport_fastrtps_cpp/nimble_interfaces/msg/detail/dds_fastrtps/therapy_requirements__type_support.cpp.o[0m
[3.880s] [ 34%] [32mBuilding CXX object CMakeFiles/nimble_interfaces__rosidl_typesupport_c.dir/rosidl_typesupport_c/nimble_interfaces/msg/frame_state__type_support.cpp.o[0m
[3.967s] [ 35%] [32mBuilding CXX object CMakeFiles/nimble_interfaces__rosidl_typesupport_c.dir/rosidl_typesupport_c/nimble_interfaces/msg/joints_trajectory__type_support.cpp.o[0m
[4.020s] [35m[1mConsolidate compiler generated dependencies of target nimble_interfaces__rosidl_typesupport_fastrtps_c[0m
[4.039s] [ 36%] [32mBuilding CXX object CMakeFiles/nimble_interfaces__rosidl_typesupport_c.dir/rosidl_typesupport_c/nimble_interfaces/msg/cartesian_trajectory__type_support.cpp.o[0m
[4.042s] [ 37%] [32mBuilding CXX object CMakeFiles/nimble_interfaces__rosidl_typesupport_fastrtps_c.dir/rosidl_typesupport_fastrtps_c/nimble_interfaces/msg/detail/measurements__type_support_c.cpp.o[0m
[4.091s] [35m[1mConsolidate compiler generated dependencies of target nimble_interfaces__rosidl_typesupport_introspection_c[0m
[4.107s] [ 39%] [32mBuilding CXX object CMakeFiles/nimble_interfaces__rosidl_typesupport_c.dir/rosidl_typesupport_c/nimble_interfaces/msg/cartesian_full_trajectory__type_support.cpp.o[0m
[4.125s] [ 40%] [32mBuilding C object CMakeFiles/nimble_interfaces__rosidl_typesupport_introspection_c.dir/rosidl_typesupport_introspection_c/nimble_interfaces/msg/detail/measurements__type_support.c.o[0m
[4.173s] [ 41%] [32mBuilding CXX object CMakeFiles/nimble_interfaces__rosidl_typesupport_c.dir/rosidl_typesupport_c/nimble_interfaces/srv/traj_generator_service__type_support.cpp.o[0m
[4.197s] [ 44%] [32mBuilding C object CMakeFiles/nimble_interfaces__rosidl_typesupport_introspection_c.dir/rosidl_typesupport_introspection_c/nimble_interfaces/msg/detail/therapy_requirements__type_support.c.o[0m
[4.197s] [ 44%] [32mBuilding CXX object CMakeFiles/nimble_interfaces__rosidl_typesupport_cpp.dir/rosidl_typesupport_cpp/nimble_interfaces/msg/cartesian_full_trajectory__type_support.cpp.o[0m
[4.235s] [ 45%] [32m[1mLinking CXX shared library libnimble_interfaces__rosidl_typesupport_c.so[0m
[4.239s] [ 46%] [32mBuilding CXX object CMakeFiles/nimble_interfaces__rosidl_typesupport_cpp.dir/rosidl_typesupport_cpp/nimble_interfaces/srv/traj_generator_service__type_support.cpp.o[0m
[4.258s] [ 48%] [32mBuilding C object CMakeFiles/nimble_interfaces__rosidl_typesupport_introspection_c.dir/rosidl_typesupport_introspection_c/nimble_interfaces/msg/detail/frame_state__type_support.c.o[0m
[4.315s] [ 49%] [32mBuilding C object CMakeFiles/nimble_interfaces__rosidl_typesupport_introspection_c.dir/rosidl_typesupport_introspection_c/nimble_interfaces/msg/detail/joints_trajectory__type_support.c.o[0m
[4.318s] [ 49%] Built target nimble_interfaces__rosidl_typesupport_c
[4.340s] [ 50%] [32mBuilding C object CMakeFiles/nimble_interfaces__rosidl_typesupport_introspection_c.dir/rosidl_typesupport_introspection_c/nimble_interfaces/msg/detail/cartesian_trajectory__type_support.c.o[0m
[4.399s] [ 51%] [32mBuilding C object CMakeFiles/nimble_interfaces__rosidl_typesupport_introspection_c.dir/rosidl_typesupport_introspection_c/nimble_interfaces/msg/detail/cartesian_full_trajectory__type_support.c.o[0m
[4.420s] [ 53%] [32mBuilding C object CMakeFiles/nimble_interfaces__rosidl_typesupport_introspection_c.dir/rosidl_typesupport_introspection_c/nimble_interfaces/srv/detail/traj_generator_service__type_support.c.o[0m
[4.503s] [ 54%] [32mBuilding CXX object CMakeFiles/nimble_interfaces__rosidl_typesupport_fastrtps_c.dir/rosidl_typesupport_fastrtps_c/nimble_interfaces/msg/detail/therapy_requirements__type_support_c.cpp.o[0m
[4.527s] [ 55%] [32mBuilding CXX object CMakeFiles/nimble_interfaces__rosidl_typesupport_introspection_cpp.dir/rosidl_typesupport_introspection_cpp/nimble_interfaces/msg/detail/therapy_requirements__type_support.cpp.o[0m
[4.530s] [ 56%] [32mBuilding CXX object CMakeFiles/nimble_interfaces__rosidl_typesupport_fastrtps_cpp.dir/rosidl_typesupport_fastrtps_cpp/nimble_interfaces/msg/detail/dds_fastrtps/frame_state__type_support.cpp.o[0m
[4.542s] [ 58%] [32m[1mLinking C shared library libnimble_interfaces__rosidl_typesupport_introspection_c.so[0m
[4.610s] [ 58%] Built target nimble_interfaces__rosidl_typesupport_introspection_c
[4.626s] [ 59%] [32mBuilding CXX object CMakeFiles/nimble_interfaces__rosidl_typesupport_fastrtps_cpp.dir/rosidl_typesupport_fastrtps_cpp/nimble_interfaces/msg/detail/dds_fastrtps/joints_trajectory__type_support.cpp.o[0m
[4.700s] [ 60%] [32mBuilding CXX object CMakeFiles/nimble_interfaces__rosidl_typesupport_introspection_cpp.dir/rosidl_typesupport_introspection_cpp/nimble_interfaces/msg/detail/frame_state__type_support.cpp.o[0m
[4.710s] [ 62%] [32mBuilding CXX object CMakeFiles/nimble_interfaces__rosidl_typesupport_fastrtps_c.dir/rosidl_typesupport_fastrtps_c/nimble_interfaces/msg/detail/frame_state__type_support_c.cpp.o[0m
[4.732s] [ 63%] [32mBuilding CXX object CMakeFiles/nimble_interfaces__rosidl_typesupport_fastrtps_cpp.dir/rosidl_typesupport_fastrtps_cpp/nimble_interfaces/msg/detail/dds_fastrtps/cartesian_trajectory__type_support.cpp.o[0m
[4.794s] [ 64%] [32m[1mLinking CXX shared library libnimble_interfaces__rosidl_typesupport_cpp.so[0m
[4.885s] [ 64%] Built target nimble_interfaces__rosidl_typesupport_cpp
[4.906s] [ 65%] [32mBuilding CXX object CMakeFiles/nimble_interfaces__rosidl_typesupport_fastrtps_cpp.dir/rosidl_typesupport_fastrtps_cpp/nimble_interfaces/msg/detail/dds_fastrtps/cartesian_full_trajectory__type_support.cpp.o[0m
[5.230s] [ 67%] [32mBuilding CXX object CMakeFiles/nimble_interfaces__rosidl_typesupport_fastrtps_c.dir/rosidl_typesupport_fastrtps_c/nimble_interfaces/msg/detail/joints_trajectory__type_support_c.cpp.o[0m
[5.233s] [ 68%] [32mBuilding CXX object CMakeFiles/nimble_interfaces__rosidl_typesupport_introspection_cpp.dir/rosidl_typesupport_introspection_cpp/nimble_interfaces/msg/detail/joints_trajectory__type_support.cpp.o[0m
[5.240s] [ 69%] [32mBuilding CXX object CMakeFiles/nimble_interfaces__rosidl_typesupport_fastrtps_cpp.dir/rosidl_typesupport_fastrtps_cpp/nimble_interfaces/srv/detail/dds_fastrtps/traj_generator_service__type_support.cpp.o[0m
[5.401s] [ 70%] [32mBuilding CXX object CMakeFiles/nimble_interfaces__rosidl_typesupport_introspection_cpp.dir/rosidl_typesupport_introspection_cpp/nimble_interfaces/msg/detail/cartesian_trajectory__type_support.cpp.o[0m
[5.470s] [ 72%] [32mBuilding CXX object CMakeFiles/nimble_interfaces__rosidl_typesupport_introspection_cpp.dir/rosidl_typesupport_introspection_cpp/nimble_interfaces/msg/detail/cartesian_full_trajectory__type_support.cpp.o[0m
[5.478s] [ 73%] [32mBuilding CXX object CMakeFiles/nimble_interfaces__rosidl_typesupport_introspection_cpp.dir/rosidl_typesupport_introspection_cpp/nimble_interfaces/srv/detail/traj_generator_service__type_support.cpp.o[0m
[5.552s] [ 74%] [32mBuilding CXX object CMakeFiles/nimble_interfaces__rosidl_typesupport_fastrtps_c.dir/rosidl_typesupport_fastrtps_c/nimble_interfaces/msg/detail/cartesian_trajectory__type_support_c.cpp.o[0m
[5.912s] [ 75%] [32mBuilding CXX object CMakeFiles/nimble_interfaces__rosidl_typesupport_fastrtps_c.dir/rosidl_typesupport_fastrtps_c/nimble_interfaces/msg/detail/cartesian_full_trajectory__type_support_c.cpp.o[0m
[5.980s] [ 77%] [32mBuilding CXX object CMakeFiles/nimble_interfaces__rosidl_typesupport_fastrtps_c.dir/rosidl_typesupport_fastrtps_c/nimble_interfaces/srv/detail/traj_generator_service__type_support_c.cpp.o[0m
[6.050s] [ 78%] [32m[1mLinking CXX shared library libnimble_interfaces__rosidl_typesupport_fastrtps_cpp.so[0m
[6.248s] [ 78%] Built target nimble_interfaces__rosidl_typesupport_fastrtps_cpp
[6.348s] [ 79%] [32m[1mLinking CXX shared library libnimble_interfaces__rosidl_typesupport_introspection_cpp.so[0m
[6.453s] [ 79%] Built target nimble_interfaces__rosidl_typesupport_introspection_cpp
[6.495s] [ 81%] [32m[1mLinking CXX shared library libnimble_interfaces__rosidl_typesupport_fastrtps_c.so[0m
[6.592s] [ 81%] Built target nimble_interfaces__rosidl_typesupport_fastrtps_c
[6.613s] [ 81%] Built target nimble_interfaces
[6.636s] [ 82%] [34m[1mGenerating Python code for ROS interfaces[0m
[7.771s] [ 82%] Built target nimble_interfaces__py
[7.784s] [35m[1mConsolidate compiler generated dependencies of target nimble_interfaces__rosidl_generator_py[0m
[7.808s] [ 86%] [32mBuilding C object CMakeFiles/nimble_interfaces__rosidl_generator_py.dir/rosidl_generator_py/nimble_interfaces/msg/_therapy_requirements_s.c.o[0m
[7.809s] [ 86%] [32mBuilding C object CMakeFiles/nimble_interfaces__rosidl_generator_py.dir/rosidl_generator_py/nimble_interfaces/srv/_traj_generator_service_s.c.o[0m
[7.809s] [ 87%] [32mBuilding C object CMakeFiles/nimble_interfaces__rosidl_generator_py.dir/rosidl_generator_py/nimble_interfaces/msg/_frame_state_s.c.o[0m
[7.810s] [ 89%] [32mBuilding C object CMakeFiles/nimble_interfaces__rosidl_generator_py.dir/rosidl_generator_py/nimble_interfaces/msg/_joints_trajectory_s.c.o[0m
[7.810s] [ 89%] [32mBuilding C object CMakeFiles/nimble_interfaces__rosidl_generator_py.dir/rosidl_generator_py/nimble_interfaces/msg/_cartesian_trajectory_s.c.o[0m
[7.812s] [ 88%] [32mBuilding C object CMakeFiles/nimble_interfaces__rosidl_generator_py.dir/rosidl_generator_py/nimble_interfaces/msg/_measurements_s.c.o[0m
[7.812s] [ 91%] [32mBuilding C object CMakeFiles/nimble_interfaces__rosidl_generator_py.dir/rosidl_generator_py/nimble_interfaces/msg/_cartesian_full_trajectory_s.c.o[0m
[8.058s] [ 92%] [32m[1mLinking C shared library rosidl_generator_py/nimble_interfaces/libnimble_interfaces__rosidl_generator_py.so[0m
[8.104s] [ 92%] Built target nimble_interfaces__rosidl_generator_py
[8.115s] [35m[1mConsolidate compiler generated dependencies of target nimble_interfaces__rosidl_typesupport_introspection_c__pyext[0m
[8.115s] [35m[1mConsolidate compiler generated dependencies of target nimble_interfaces__rosidl_typesupport_c__pyext[0m
[8.116s] [35m[1mConsolidate compiler generated dependencies of target nimble_interfaces__rosidl_typesupport_fastrtps_c__pyext[0m
[8.128s] [ 96%] [32mBuilding C object CMakeFiles/nimble_interfaces__rosidl_typesupport_introspection_c__pyext.dir/rosidl_generator_py/nimble_interfaces/_nimble_interfaces_s.ep.rosidl_typesupport_introspection_c.c.o[0m
[8.128s] [ 96%] [32mBuilding C object CMakeFiles/nimble_interfaces__rosidl_typesupport_c__pyext.dir/rosidl_generator_py/nimble_interfaces/_nimble_interfaces_s.ep.rosidl_typesupport_c.c.o[0m
[8.128s] [ 96%] [32mBuilding C object CMakeFiles/nimble_interfaces__rosidl_typesupport_fastrtps_c__pyext.dir/rosidl_generator_py/nimble_interfaces/_nimble_interfaces_s.ep.rosidl_typesupport_fastrtps_c.c.o[0m
[8.259s] [ 97%] [32m[1mLinking C shared library rosidl_generator_py/nimble_interfaces/nimble_interfaces_s__rosidl_typesupport_fastrtps_c.cpython-310-x86_64-linux-gnu.so[0m
[8.260s] [ 98%] [32m[1mLinking C shared library rosidl_generator_py/nimble_interfaces/nimble_interfaces_s__rosidl_typesupport_introspection_c.cpython-310-x86_64-linux-gnu.so[0m
[8.266s] [100%] [32m[1mLinking C shared library rosidl_generator_py/nimble_interfaces/nimble_interfaces_s__rosidl_typesupport_c.cpython-310-x86_64-linux-gnu.so[0m
[8.308s] [100%] Built target nimble_interfaces__rosidl_typesupport_introspection_c__pyext
[8.315s] [100%] Built target nimble_interfaces__rosidl_typesupport_c__pyext
[8.316s] [100%] Built target nimble_interfaces__rosidl_typesupport_fastrtps_c__pyext
[8.330s] Invoked command in '/home/jcarballeira/nimble_ws/src/build/nimble_interfaces' returned '0': CMAKE_PREFIX_PATH=${CMAKE_PREFIX_PATH}:/home/jcarballeira/evloc_ws/install/evloc:/opt/ros/humble /usr/bin/cmake --build /home/jcarballeira/nimble_ws/src/build/nimble_interfaces -- -j8 -l8
[8.485s] Invoking command in '/home/jcarballeira/nimble_ws/src/build/nimble_interfaces': CMAKE_PREFIX_PATH=${CMAKE_PREFIX_PATH}:/home/jcarballeira/evloc_ws/install/evloc:/opt/ros/humble /usr/bin/cmake --install /home/jcarballeira/nimble_ws/src/build/nimble_interfaces
[8.494s] -- Install configuration: ""
[8.495s] -- Execute custom install script
[8.495s] -- Up-to-date symlink: /home/jcarballeira/nimble_ws/src/install/nimble_interfaces/share/ament_index/resource_index/rosidl_interfaces/nimble_interfaces
[8.496s] -- Up-to-date symlink: /home/jcarballeira/nimble_ws/src/install/nimble_interfaces/include/nimble_interfaces/nimble_interfaces/msg/cartesian_full_trajectory.h
[8.496s] -- Up-to-date symlink: /home/jcarballeira/nimble_ws/src/install/nimble_interfaces/include/nimble_interfaces/nimble_interfaces/msg/cartesian_trajectory.h
[8.496s] -- Up-to-date symlink: /home/jcarballeira/nimble_ws/src/install/nimble_interfaces/include/nimble_interfaces/nimble_interfaces/msg/detail/cartesian_full_trajectory__functions.h
[8.496s] -- Up-to-date symlink: /home/jcarballeira/nimble_ws/src/install/nimble_interfaces/include/nimble_interfaces/nimble_interfaces/msg/detail/cartesian_full_trajectory__struct.h
[8.496s] -- Up-to-date symlink: /home/jcarballeira/nimble_ws/src/install/nimble_interfaces/include/nimble_interfaces/nimble_interfaces/msg/detail/cartesian_full_trajectory__type_support.h
[8.497s] -- Up-to-date symlink: /home/jcarballeira/nimble_ws/src/install/nimble_interfaces/include/nimble_interfaces/nimble_interfaces/msg/detail/cartesian_trajectory__functions.h
[8.497s] -- Up-to-date symlink: /home/jcarballeira/nimble_ws/src/install/nimble_interfaces/include/nimble_interfaces/nimble_interfaces/msg/detail/cartesian_trajectory__struct.h
[8.497s] -- Up-to-date symlink: /home/jcarballeira/nimble_ws/src/install/nimble_interfaces/include/nimble_interfaces/nimble_interfaces/msg/detail/cartesian_trajectory__type_support.h
[8.497s] -- Up-to-date symlink: /home/jcarballeira/nimble_ws/src/install/nimble_interfaces/include/nimble_interfaces/nimble_interfaces/msg/detail/frame_state__functions.h
[8.497s] -- Up-to-date symlink: /home/jcarballeira/nimble_ws/src/install/nimble_interfaces/include/nimble_interfaces/nimble_interfaces/msg/detail/frame_state__struct.h
[8.497s] -- Up-to-date symlink: /home/jcarballeira/nimble_ws/src/install/nimble_interfaces/include/nimble_interfaces/nimble_interfaces/msg/detail/frame_state__type_support.h
[8.497s] -- Up-to-date symlink: /home/jcarballeira/nimble_ws/src/install/nimble_interfaces/include/nimble_interfaces/nimble_interfaces/msg/detail/joints_trajectory__functions.h
[8.497s] -- Up-to-date symlink: /home/jcarballeira/nimble_ws/src/install/nimble_interfaces/include/nimble_interfaces/nimble_interfaces/msg/detail/joints_trajectory__struct.h
[8.497s] -- Up-to-date symlink: /home/jcarballeira/nimble_ws/src/install/nimble_interfaces/include/nimble_interfaces/nimble_interfaces/msg/detail/joints_trajectory__type_support.h
[8.497s] -- Up-to-date symlink: /home/jcarballeira/nimble_ws/src/install/nimble_interfaces/include/nimble_interfaces/nimble_interfaces/msg/detail/measurements__functions.h
[8.498s] -- Up-to-date symlink: /home/jcarballeira/nimble_ws/src/install/nimble_interfaces/include/nimble_interfaces/nimble_interfaces/msg/detail/measurements__struct.h
[8.498s] -- Up-to-date symlink: /home/jcarballeira/nimble_ws/src/install/nimble_interfaces/include/nimble_interfaces/nimble_interfaces/msg/detail/measurements__type_support.h
[8.498s] -- Up-to-date symlink: /home/jcarballeira/nimble_ws/src/install/nimble_interfaces/include/nimble_interfaces/nimble_interfaces/msg/detail/therapy_requirements__functions.h
[8.498s] -- Up-to-date symlink: /home/jcarballeira/nimble_ws/src/install/nimble_interfaces/include/nimble_interfaces/nimble_interfaces/msg/detail/therapy_requirements__struct.h
[8.498s] -- Up-to-date symlink: /home/jcarballeira/nimble_ws/src/install/nimble_interfaces/include/nimble_interfaces/nimble_interfaces/msg/detail/therapy_requirements__type_support.h
[8.498s] -- Up-to-date symlink: /home/jcarballeira/nimble_ws/src/install/nimble_interfaces/include/nimble_interfaces/nimble_interfaces/msg/frame_state.h
[8.498s] -- Up-to-date symlink: /home/jcarballeira/nimble_ws/src/install/nimble_interfaces/include/nimble_interfaces/nimble_interfaces/msg/joints_trajectory.h
[8.498s] -- Up-to-date symlink: /home/jcarballeira/nimble_ws/src/install/nimble_interfaces/include/nimble_interfaces/nimble_interfaces/msg/measurements.h
[8.499s] -- Up-to-date symlink: /home/jcarballeira/nimble_ws/src/install/nimble_interfaces/include/nimble_interfaces/nimble_interfaces/msg/rosidl_generator_c__visibility_control.h
[8.499s] -- Up-to-date symlink: /home/jcarballeira/nimble_ws/src/install/nimble_interfaces/include/nimble_interfaces/nimble_interfaces/msg/therapy_requirements.h
[8.499s] -- Up-to-date symlink: /home/jcarballeira/nimble_ws/src/install/nimble_interfaces/include/nimble_interfaces/nimble_interfaces/srv/detail/traj_generator_service__functions.h
[8.499s] -- Up-to-date symlink: /home/jcarballeira/nimble_ws/src/install/nimble_interfaces/include/nimble_interfaces/nimble_interfaces/srv/detail/traj_generator_service__struct.h
[8.499s] -- Up-to-date symlink: /home/jcarballeira/nimble_ws/src/install/nimble_interfaces/include/nimble_interfaces/nimble_interfaces/srv/detail/traj_generator_service__type_support.h
[8.499s] -- Up-to-date symlink: /home/jcarballeira/nimble_ws/src/install/nimble_interfaces/include/nimble_interfaces/nimble_interfaces/srv/traj_generator_service.h
[8.499s] -- Up-to-date symlink: /home/jcarballeira/nimble_ws/src/install/nimble_interfaces/share/nimble_interfaces/environment/library_path.sh
[8.499s] -- Up-to-date symlink: /home/jcarballeira/nimble_ws/src/install/nimble_interfaces/share/nimble_interfaces/environment/library_path.dsv
[8.500s] -- Up-to-date symlink: /home/jcarballeira/nimble_ws/src/install/nimble_interfaces/include/nimble_interfaces/nimble_interfaces/msg/detail/cartesian_full_trajectory__rosidl_typesupport_fastrtps_c.h
[8.500s] -- Up-to-date symlink: /home/jcarballeira/nimble_ws/src/install/nimble_interfaces/include/nimble_interfaces/nimble_interfaces/msg/detail/cartesian_trajectory__rosidl_typesupport_fastrtps_c.h
[8.500s] -- Up-to-date symlink: /home/jcarballeira/nimble_ws/src/install/nimble_interfaces/include/nimble_interfaces/nimble_interfaces/msg/detail/frame_state__rosidl_typesupport_fastrtps_c.h
[8.500s] -- Up-to-date symlink: /home/jcarballeira/nimble_ws/src/install/nimble_interfaces/include/nimble_interfaces/nimble_interfaces/msg/detail/joints_trajectory__rosidl_typesupport_fastrtps_c.h
[8.500s] -- Up-to-date symlink: /home/jcarballeira/nimble_ws/src/install/nimble_interfaces/include/nimble_interfaces/nimble_interfaces/msg/detail/measurements__rosidl_typesupport_fastrtps_c.h
[8.501s] -- Up-to-date symlink: /home/jcarballeira/nimble_ws/src/install/nimble_interfaces/include/nimble_interfaces/nimble_interfaces/msg/detail/therapy_requirements__rosidl_typesupport_fastrtps_c.h
[8.501s] -- Up-to-date symlink: /home/jcarballeira/nimble_ws/src/install/nimble_interfaces/include/nimble_interfaces/nimble_interfaces/msg/rosidl_typesupport_fastrtps_c__visibility_control.h
[8.501s] -- Up-to-date symlink: /home/jcarballeira/nimble_ws/src/install/nimble_interfaces/include/nimble_interfaces/nimble_interfaces/srv/detail/traj_generator_service__rosidl_typesupport_fastrtps_c.h
[8.501s] -- Up-to-date symlink: /home/jcarballeira/nimble_ws/src/install/nimble_interfaces/include/nimble_interfaces/nimble_interfaces/msg/detail/cartesian_full_trajectory__rosidl_typesupport_introspection_c.h
[8.501s] -- Up-to-date symlink: /home/jcarballeira/nimble_ws/src/install/nimble_interfaces/include/nimble_interfaces/nimble_interfaces/msg/detail/cartesian_trajectory__rosidl_typesupport_introspection_c.h
[8.501s] -- Up-to-date symlink: /home/jcarballeira/nimble_ws/src/install/nimble_interfaces/include/nimble_interfaces/nimble_interfaces/msg/detail/frame_state__rosidl_typesupport_introspection_c.h
[8.501s] -- Up-to-date symlink: /home/jcarballeira/nimble_ws/src/install/nimble_interfaces/include/nimble_interfaces/nimble_interfaces/msg/detail/joints_trajectory__rosidl_typesupport_introspection_c.h
[8.502s] -- Up-to-date symlink: /home/jcarballeira/nimble_ws/src/install/nimble_interfaces/include/nimble_interfaces/nimble_interfaces/msg/detail/measurements__rosidl_typesupport_introspection_c.h
[8.502s] -- Up-to-date symlink: /home/jcarballeira/nimble_ws/src/install/nimble_interfaces/include/nimble_interfaces/nimble_interfaces/msg/detail/therapy_requirements__rosidl_typesupport_introspection_c.h
[8.502s] -- Up-to-date symlink: /home/jcarballeira/nimble_ws/src/install/nimble_interfaces/include/nimble_interfaces/nimble_interfaces/msg/rosidl_typesupport_introspection_c__visibility_control.h
[8.502s] -- Up-to-date symlink: /home/jcarballeira/nimble_ws/src/install/nimble_interfaces/include/nimble_interfaces/nimble_interfaces/srv/detail/traj_generator_service__rosidl_typesupport_introspection_c.h
[8.502s] -- Up-to-date symlink: /home/jcarballeira/nimble_ws/src/install/nimble_interfaces/include/nimble_interfaces/nimble_interfaces/msg/cartesian_full_trajectory.hpp
[8.503s] -- Up-to-date symlink: /home/jcarballeira/nimble_ws/src/install/nimble_interfaces/include/nimble_interfaces/nimble_interfaces/msg/cartesian_trajectory.hpp
[8.503s] -- Up-to-date symlink: /home/jcarballeira/nimble_ws/src/install/nimble_interfaces/include/nimble_interfaces/nimble_interfaces/msg/detail/cartesian_full_trajectory__builder.hpp
[8.503s] -- Up-to-date symlink: /home/jcarballeira/nimble_ws/src/install/nimble_interfaces/include/nimble_interfaces/nimble_interfaces/msg/detail/cartesian_full_trajectory__struct.hpp
[8.503s] -- Up-to-date symlink: /home/jcarballeira/nimble_ws/src/install/nimble_interfaces/include/nimble_interfaces/nimble_interfaces/msg/detail/cartesian_full_trajectory__traits.hpp
[8.503s] -- Up-to-date symlink: /home/jcarballeira/nimble_ws/src/install/nimble_interfaces/include/nimble_interfaces/nimble_interfaces/msg/detail/cartesian_trajectory__builder.hpp
[8.503s] -- Up-to-date symlink: /home/jcarballeira/nimble_ws/src/install/nimble_interfaces/include/nimble_interfaces/nimble_interfaces/msg/detail/cartesian_trajectory__struct.hpp
[8.503s] -- Up-to-date symlink: /home/jcarballeira/nimble_ws/src/install/nimble_interfaces/include/nimble_interfaces/nimble_interfaces/msg/detail/cartesian_trajectory__traits.hpp
[8.503s] -- Up-to-date symlink: /home/jcarballeira/nimble_ws/src/install/nimble_interfaces/include/nimble_interfaces/nimble_interfaces/msg/detail/frame_state__builder.hpp
[8.503s] -- Up-to-date symlink: /home/jcarballeira/nimble_ws/src/install/nimble_interfaces/include/nimble_interfaces/nimble_interfaces/msg/detail/frame_state__struct.hpp
[8.504s] -- Up-to-date symlink: /home/jcarballeira/nimble_ws/src/install/nimble_interfaces/include/nimble_interfaces/nimble_interfaces/msg/detail/frame_state__traits.hpp
[8.504s] -- Up-to-date symlink: /home/jcarballeira/nimble_ws/src/install/nimble_interfaces/include/nimble_interfaces/nimble_interfaces/msg/detail/joints_trajectory__builder.hpp
[8.504s] -- Up-to-date symlink: /home/jcarballeira/nimble_ws/src/install/nimble_interfaces/include/nimble_interfaces/nimble_interfaces/msg/detail/joints_trajectory__struct.hpp
[8.504s] -- Up-to-date symlink: /home/jcarballeira/nimble_ws/src/install/nimble_interfaces/include/nimble_interfaces/nimble_interfaces/msg/detail/joints_trajectory__traits.hpp
[8.504s] -- Up-to-date symlink: /home/jcarballeira/nimble_ws/src/install/nimble_interfaces/include/nimble_interfaces/nimble_interfaces/msg/detail/measurements__builder.hpp
[8.504s] -- Up-to-date symlink: /home/jcarballeira/nimble_ws/src/install/nimble_interfaces/include/nimble_interfaces/nimble_interfaces/msg/detail/measurements__struct.hpp
[8.504s] -- Up-to-date symlink: /home/jcarballeira/nimble_ws/src/install/nimble_interfaces/include/nimble_interfaces/nimble_interfaces/msg/detail/measurements__traits.hpp
[8.504s] -- Up-to-date symlink: /home/jcarballeira/nimble_ws/src/install/nimble_interfaces/include/nimble_interfaces/nimble_interfaces/msg/detail/therapy_requirements__builder.hpp
[8.505s] -- Up-to-date symlink: /home/jcarballeira/nimble_ws/src/install/nimble_interfaces/include/nimble_interfaces/nimble_interfaces/msg/detail/therapy_requirements__struct.hpp
[8.505s] -- Up-to-date symlink: /home/jcarballeira/nimble_ws/src/install/nimble_interfaces/include/nimble_interfaces/nimble_interfaces/msg/detail/therapy_requirements__traits.hpp
[8.505s] -- Up-to-date symlink: /home/jcarballeira/nimble_ws/src/install/nimble_interfaces/include/nimble_interfaces/nimble_interfaces/msg/frame_state.hpp
[8.505s] -- Up-to-date symlink: /home/jcarballeira/nimble_ws/src/install/nimble_interfaces/include/nimble_interfaces/nimble_interfaces/msg/joints_trajectory.hpp
[8.505s] -- Up-to-date symlink: /home/jcarballeira/nimble_ws/src/install/nimble_interfaces/include/nimble_interfaces/nimble_interfaces/msg/measurements.hpp
[8.505s] -- Up-to-date symlink: /home/jcarballeira/nimble_ws/src/install/nimble_interfaces/include/nimble_interfaces/nimble_interfaces/msg/therapy_requirements.hpp
[8.505s] -- Up-to-date symlink: /home/jcarballeira/nimble_ws/src/install/nimble_interfaces/include/nimble_interfaces/nimble_interfaces/srv/detail/traj_generator_service__builder.hpp
[8.505s] -- Up-to-date symlink: /home/jcarballeira/nimble_ws/src/install/nimble_interfaces/include/nimble_interfaces/nimble_interfaces/srv/detail/traj_generator_service__struct.hpp
[8.506s] -- Up-to-date symlink: /home/jcarballeira/nimble_ws/src/install/nimble_interfaces/include/nimble_interfaces/nimble_interfaces/srv/detail/traj_generator_service__traits.hpp
[8.506s] -- Up-to-date symlink: /home/jcarballeira/nimble_ws/src/install/nimble_interfaces/include/nimble_interfaces/nimble_interfaces/srv/traj_generator_service.hpp
[8.507s] -- Up-to-date symlink: /home/jcarballeira/nimble_ws/src/install/nimble_interfaces/include/nimble_interfaces/nimble_interfaces/msg/detail/cartesian_full_trajectory__rosidl_typesupport_fastrtps_cpp.hpp
[8.507s] -- Up-to-date symlink: /home/jcarballeira/nimble_ws/src/install/nimble_interfaces/include/nimble_interfaces/nimble_interfaces/msg/detail/cartesian_trajectory__rosidl_typesupport_fastrtps_cpp.hpp
[8.507s] -- Up-to-date symlink: /home/jcarballeira/nimble_ws/src/install/nimble_interfaces/include/nimble_interfaces/nimble_interfaces/msg/detail/frame_state__rosidl_typesupport_fastrtps_cpp.hpp
[8.508s] -- Up-to-date symlink: /home/jcarballeira/nimble_ws/src/install/nimble_interfaces/include/nimble_interfaces/nimble_interfaces/msg/detail/joints_trajectory__rosidl_typesupport_fastrtps_cpp.hpp
[8.508s] -- Up-to-date symlink: /home/jcarballeira/nimble_ws/src/install/nimble_interfaces/include/nimble_interfaces/nimble_interfaces/msg/detail/measurements__rosidl_typesupport_fastrtps_cpp.hpp
[8.508s] -- Up-to-date symlink: /home/jcarballeira/nimble_ws/src/install/nimble_interfaces/include/nimble_interfaces/nimble_interfaces/msg/detail/therapy_requirements__rosidl_typesupport_fastrtps_cpp.hpp
[8.508s] -- Up-to-date symlink: /home/jcarballeira/nimble_ws/src/install/nimble_interfaces/include/nimble_interfaces/nimble_interfaces/msg/rosidl_typesupport_fastrtps_cpp__visibility_control.h
[8.508s] -- Up-to-date symlink: /home/jcarballeira/nimble_ws/src/install/nimble_interfaces/include/nimble_interfaces/nimble_interfaces/srv/detail/traj_generator_service__rosidl_typesupport_fastrtps_cpp.hpp
[8.509s] -- Up-to-date symlink: /home/jcarballeira/nimble_ws/src/install/nimble_interfaces/include/nimble_interfaces/nimble_interfaces/msg/detail/cartesian_full_trajectory__rosidl_typesupport_introspection_cpp.hpp
[8.509s] -- Up-to-date symlink: /home/jcarballeira/nimble_ws/src/install/nimble_interfaces/include/nimble_interfaces/nimble_interfaces/msg/detail/cartesian_trajectory__rosidl_typesupport_introspection_cpp.hpp
[8.509s] -- Up-to-date symlink: /home/jcarballeira/nimble_ws/src/install/nimble_interfaces/include/nimble_interfaces/nimble_interfaces/msg/detail/frame_state__rosidl_typesupport_introspection_cpp.hpp
[8.509s] -- Up-to-date symlink: /home/jcarballeira/nimble_ws/src/install/nimble_interfaces/include/nimble_interfaces/nimble_interfaces/msg/detail/joints_trajectory__rosidl_typesupport_introspection_cpp.hpp
[8.509s] -- Up-to-date symlink: /home/jcarballeira/nimble_ws/src/install/nimble_interfaces/include/nimble_interfaces/nimble_interfaces/msg/detail/measurements__rosidl_typesupport_introspection_cpp.hpp
[8.510s] -- Up-to-date symlink: /home/jcarballeira/nimble_ws/src/install/nimble_interfaces/include/nimble_interfaces/nimble_interfaces/msg/detail/therapy_requirements__rosidl_typesupport_introspection_cpp.hpp
[8.510s] -- Up-to-date symlink: /home/jcarballeira/nimble_ws/src/install/nimble_interfaces/include/nimble_interfaces/nimble_interfaces/srv/detail/traj_generator_service__rosidl_typesupport_introspection_cpp.hpp
[8.510s] -- Up-to-date symlink: /home/jcarballeira/nimble_ws/src/install/nimble_interfaces/share/nimble_interfaces/environment/pythonpath.sh
[8.510s] -- Up-to-date symlink: /home/jcarballeira/nimble_ws/src/install/nimble_interfaces/share/nimble_interfaces/environment/pythonpath.dsv
[8.511s] -- Up-to-date symlink: /home/jcarballeira/nimble_ws/src/install/nimble_interfaces/local/lib/python3.10/dist-packages/nimble_interfaces-0.0.0-py3.10.egg-info/PKG-INFO
[8.511s] -- Up-to-date symlink: /home/jcarballeira/nimble_ws/src/install/nimble_interfaces/local/lib/python3.10/dist-packages/nimble_interfaces-0.0.0-py3.10.egg-info/SOURCES.txt
[8.511s] -- Up-to-date symlink: /home/jcarballeira/nimble_ws/src/install/nimble_interfaces/local/lib/python3.10/dist-packages/nimble_interfaces-0.0.0-py3.10.egg-info/dependency_links.txt
[8.511s] -- Up-to-date symlink: /home/jcarballeira/nimble_ws/src/install/nimble_interfaces/local/lib/python3.10/dist-packages/nimble_interfaces-0.0.0-py3.10.egg-info/top_level.txt
[8.512s] -- Up-to-date symlink: /home/jcarballeira/nimble_ws/src/install/nimble_interfaces/local/lib/python3.10/dist-packages/nimble_interfaces/__init__.py
[8.512s] -- Up-to-date symlink: /home/jcarballeira/nimble_ws/src/install/nimble_interfaces/local/lib/python3.10/dist-packages/nimble_interfaces/_nimble_interfaces_s.ep.rosidl_typesupport_c.c
[8.512s] -- Up-to-date symlink: /home/jcarballeira/nimble_ws/src/install/nimble_interfaces/local/lib/python3.10/dist-packages/nimble_interfaces/_nimble_interfaces_s.ep.rosidl_typesupport_fastrtps_c.c
[8.522s] -- Up-to-date symlink: /home/jcarballeira/nimble_ws/src/install/nimble_interfaces/local/lib/python3.10/dist-packages/nimble_interfaces/_nimble_interfaces_s.ep.rosidl_typesupport_introspection_c.c
[8.522s] -- Up-to-date symlink: /home/jcarballeira/nimble_ws/src/install/nimble_interfaces/local/lib/python3.10/dist-packages/nimble_interfaces/libnimble_interfaces__rosidl_generator_py.so
[8.522s] -- Up-to-date symlink: /home/jcarballeira/nimble_ws/src/install/nimble_interfaces/local/lib/python3.10/dist-packages/nimble_interfaces/msg/__init__.py
[8.523s] -- Up-to-date symlink: /home/jcarballeira/nimble_ws/src/install/nimble_interfaces/local/lib/python3.10/dist-packages/nimble_interfaces/msg/_cartesian_full_trajectory.py
[8.523s] -- Up-to-date symlink: /home/jcarballeira/nimble_ws/src/install/nimble_interfaces/local/lib/python3.10/dist-packages/nimble_interfaces/msg/_cartesian_full_trajectory_s.c
[8.523s] -- Up-to-date symlink: /home/jcarballeira/nimble_ws/src/install/nimble_interfaces/local/lib/python3.10/dist-packages/nimble_interfaces/msg/_cartesian_trajectory.py
[8.523s] -- Up-to-date symlink: /home/jcarballeira/nimble_ws/src/install/nimble_interfaces/local/lib/python3.10/dist-packages/nimble_interfaces/msg/_cartesian_trajectory_s.c
[8.523s] -- Up-to-date symlink: /home/jcarballeira/nimble_ws/src/install/nimble_interfaces/local/lib/python3.10/dist-packages/nimble_interfaces/msg/_frame_state.py
[8.523s] -- Up-to-date symlink: /home/jcarballeira/nimble_ws/src/install/nimble_interfaces/local/lib/python3.10/dist-packages/nimble_interfaces/msg/_frame_state_s.c
[8.523s] -- Up-to-date symlink: /home/jcarballeira/nimble_ws/src/install/nimble_interfaces/local/lib/python3.10/dist-packages/nimble_interfaces/msg/_joints_trajectory.py
[8.523s] -- Up-to-date symlink: /home/jcarballeira/nimble_ws/src/install/nimble_interfaces/local/lib/python3.10/dist-packages/nimble_interfaces/msg/_joints_trajectory_s.c
[8.524s] -- Up-to-date symlink: /home/jcarballeira/nimble_ws/src/install/nimble_interfaces/local/lib/python3.10/dist-packages/nimble_interfaces/msg/_measurements.py
[8.524s] -- Up-to-date symlink: /home/jcarballeira/nimble_ws/src/install/nimble_interfaces/local/lib/python3.10/dist-packages/nimble_interfaces/msg/_measurements_s.c
[8.524s] -- Up-to-date symlink: /home/jcarballeira/nimble_ws/src/install/nimble_interfaces/local/lib/python3.10/dist-packages/nimble_interfaces/msg/_therapy_requirements.py
[8.524s] -- Up-to-date symlink: /home/jcarballeira/nimble_ws/src/install/nimble_interfaces/local/lib/python3.10/dist-packages/nimble_interfaces/msg/_therapy_requirements_s.c
[8.524s] -- Up-to-date symlink: /home/jcarballeira/nimble_ws/src/install/nimble_interfaces/local/lib/python3.10/dist-packages/nimble_interfaces/nimble_interfaces_s__rosidl_typesupport_c.cpython-310-x86_64-linux-gnu.so
[8.524s] -- Up-to-date symlink: /home/jcarballeira/nimble_ws/src/install/nimble_interfaces/local/lib/python3.10/dist-packages/nimble_interfaces/nimble_interfaces_s__rosidl_typesupport_fastrtps_c.cpython-310-x86_64-linux-gnu.so
[8.524s] -- Up-to-date symlink: /home/jcarballeira/nimble_ws/src/install/nimble_interfaces/local/lib/python3.10/dist-packages/nimble_interfaces/nimble_interfaces_s__rosidl_typesupport_introspection_c.cpython-310-x86_64-linux-gnu.so
[8.524s] -- Up-to-date symlink: /home/jcarballeira/nimble_ws/src/install/nimble_interfaces/local/lib/python3.10/dist-packages/nimble_interfaces/srv/__init__.py
[8.525s] -- Up-to-date symlink: /home/jcarballeira/nimble_ws/src/install/nimble_interfaces/local/lib/python3.10/dist-packages/nimble_interfaces/srv/_traj_generator_service.py
[8.525s] -- Up-to-date symlink: /home/jcarballeira/nimble_ws/src/install/nimble_interfaces/local/lib/python3.10/dist-packages/nimble_interfaces/srv/_traj_generator_service_s.c
[8.525s] -- Up-to-date symlink: /home/jcarballeira/nimble_ws/src/install/nimble_interfaces/local/lib/python3.10/dist-packages/nimble_interfaces/nimble_interfaces_s__rosidl_typesupport_fastrtps_c.cpython-310-x86_64-linux-gnu.so
[8.525s] -- Up-to-date symlink: /home/jcarballeira/nimble_ws/src/install/nimble_interfaces/local/lib/python3.10/dist-packages/nimble_interfaces/nimble_interfaces_s__rosidl_typesupport_introspection_c.cpython-310-x86_64-linux-gnu.so
[8.525s] -- Up-to-date symlink: /home/jcarballeira/nimble_ws/src/install/nimble_interfaces/local/lib/python3.10/dist-packages/nimble_interfaces/nimble_interfaces_s__rosidl_typesupport_c.cpython-310-x86_64-linux-gnu.so
[8.525s] -- Up-to-date symlink: /home/jcarballeira/nimble_ws/src/install/nimble_interfaces/share/nimble_interfaces/msg/Measurements.idl
[8.525s] -- Up-to-date symlink: /home/jcarballeira/nimble_ws/src/install/nimble_interfaces/share/nimble_interfaces/msg/TherapyRequirements.idl
[8.525s] -- Up-to-date symlink: /home/jcarballeira/nimble_ws/src/install/nimble_interfaces/share/nimble_interfaces/msg/FrameState.idl
[8.525s] -- Up-to-date symlink: /home/jcarballeira/nimble_ws/src/install/nimble_interfaces/share/nimble_interfaces/msg/JointsTrajectory.idl
[8.526s] -- Up-to-date symlink: /home/jcarballeira/nimble_ws/src/install/nimble_interfaces/share/nimble_interfaces/msg/CartesianTrajectory.idl
[8.526s] -- Up-to-date symlink: /home/jcarballeira/nimble_ws/src/install/nimble_interfaces/share/nimble_interfaces/msg/CartesianFullTrajectory.idl
[8.526s] -- Up-to-date symlink: /home/jcarballeira/nimble_ws/src/install/nimble_interfaces/share/nimble_interfaces/srv/TrajGeneratorService.idl
[8.526s] -- Up-to-date symlink: /home/jcarballeira/nimble_ws/src/install/nimble_interfaces/share/nimble_interfaces/msg/Measurements.msg
[8.526s] -- Up-to-date symlink: /home/jcarballeira/nimble_ws/src/install/nimble_interfaces/share/nimble_interfaces/msg/TherapyRequirements.msg
[8.526s] -- Up-to-date symlink: /home/jcarballeira/nimble_ws/src/install/nimble_interfaces/share/nimble_interfaces/msg/FrameState.msg
[8.526s] -- Up-to-date symlink: /home/jcarballeira/nimble_ws/src/install/nimble_interfaces/share/nimble_interfaces/msg/JointsTrajectory.msg
[8.526s] -- Up-to-date symlink: /home/jcarballeira/nimble_ws/src/install/nimble_interfaces/share/nimble_interfaces/msg/CartesianTrajectory.msg
[8.526s] -- Up-to-date symlink: /home/jcarballeira/nimble_ws/src/install/nimble_interfaces/share/nimble_interfaces/msg/CartesianFullTrajectory.msg
[8.527s] -- Up-to-date symlink: /home/jcarballeira/nimble_ws/src/install/nimble_interfaces/share/nimble_interfaces/srv/TrajGeneratorService.srv
[8.527s] -- Up-to-date symlink: /home/jcarballeira/nimble_ws/src/install/nimble_interfaces/share/nimble_interfaces/srv/TrajGeneratorService_Request.msg
[8.527s] -- Up-to-date symlink: /home/jcarballeira/nimble_ws/src/install/nimble_interfaces/share/nimble_interfaces/srv/TrajGeneratorService_Response.msg
[8.527s] -- Up-to-date symlink: /home/jcarballeira/nimble_ws/src/install/nimble_interfaces/share/ament_index/resource_index/package_run_dependencies/nimble_interfaces
[8.527s] -- Up-to-date symlink: /home/jcarballeira/nimble_ws/src/install/nimble_interfaces/share/ament_index/resource_index/parent_prefix_path/nimble_interfaces
[8.527s] -- Up-to-date symlink: /home/jcarballeira/nimble_ws/src/install/nimble_interfaces/share/nimble_interfaces/environment/ament_prefix_path.sh
[8.527s] -- Up-to-date symlink: /home/jcarballeira/nimble_ws/src/install/nimble_interfaces/share/nimble_interfaces/environment/ament_prefix_path.dsv
[8.527s] -- Up-to-date symlink: /home/jcarballeira/nimble_ws/src/install/nimble_interfaces/share/nimble_interfaces/environment/path.sh
[8.527s] -- Up-to-date symlink: /home/jcarballeira/nimble_ws/src/install/nimble_interfaces/share/nimble_interfaces/environment/path.dsv
[8.528s] -- Up-to-date symlink: /home/jcarballeira/nimble_ws/src/install/nimble_interfaces/share/nimble_interfaces/local_setup.bash
[8.528s] -- Up-to-date symlink: /home/jcarballeira/nimble_ws/src/install/nimble_interfaces/share/nimble_interfaces/local_setup.sh
[8.534s] -- Up-to-date symlink: /home/jcarballeira/nimble_ws/src/install/nimble_interfaces/share/nimble_interfaces/local_setup.zsh
[8.534s] -- Up-to-date symlink: /home/jcarballeira/nimble_ws/src/install/nimble_interfaces/share/nimble_interfaces/local_setup.dsv
[8.534s] -- Symlinking: /home/jcarballeira/nimble_ws/src/install/nimble_interfaces/share/nimble_interfaces/package.dsv
[8.536s] -- Up-to-date symlink: /home/jcarballeira/nimble_ws/src/install/nimble_interfaces/share/ament_index/resource_index/packages/nimble_interfaces
[8.536s] -- Up-to-date symlink: /home/jcarballeira/nimble_ws/src/install/nimble_interfaces/share/nimble_interfaces/cmake/rosidl_cmake-extras.cmake
[8.537s] -- Up-to-date symlink: /home/jcarballeira/nimble_ws/src/install/nimble_interfaces/share/nimble_interfaces/cmake/ament_cmake_export_dependencies-extras.cmake
[8.537s] -- Up-to-date symlink: /home/jcarballeira/nimble_ws/src/install/nimble_interfaces/share/nimble_interfaces/cmake/ament_cmake_export_include_directories-extras.cmake
[8.537s] -- Up-to-date symlink: /home/jcarballeira/nimble_ws/src/install/nimble_interfaces/share/nimble_interfaces/cmake/ament_cmake_export_libraries-extras.cmake
[8.537s] -- Up-to-date symlink: /home/jcarballeira/nimble_ws/src/install/nimble_interfaces/share/nimble_interfaces/cmake/ament_cmake_export_targets-extras.cmake
[8.537s] -- Up-to-date symlink: /home/jcarballeira/nimble_ws/src/install/nimble_interfaces/share/nimble_interfaces/cmake/rosidl_cmake_export_typesupport_targets-extras.cmake
[8.538s] -- Up-to-date symlink: /home/jcarballeira/nimble_ws/src/install/nimble_interfaces/share/nimble_interfaces/cmake/rosidl_cmake_export_typesupport_libraries-extras.cmake
[8.538s] -- Up-to-date symlink: /home/jcarballeira/nimble_ws/src/install/nimble_interfaces/share/nimble_interfaces/cmake/nimble_interfacesConfig.cmake
[8.538s] -- Up-to-date symlink: /home/jcarballeira/nimble_ws/src/install/nimble_interfaces/share/nimble_interfaces/cmake/nimble_interfacesConfig-version.cmake
[8.538s] -- Up-to-date symlink: /home/jcarballeira/nimble_ws/src/install/nimble_interfaces/share/nimble_interfaces/package.xml
[8.545s] -- Installing: /home/jcarballeira/nimble_ws/src/install/nimble_interfaces/lib/libnimble_interfaces__rosidl_generator_c.so
[8.545s] -- Set runtime path of "/home/jcarballeira/nimble_ws/src/install/nimble_interfaces/lib/libnimble_interfaces__rosidl_generator_c.so" to ""
[8.545s] -- Installing: /home/jcarballeira/nimble_ws/src/install/nimble_interfaces/lib/libnimble_interfaces__rosidl_typesupport_fastrtps_c.so
[8.545s] -- Set runtime path of "/home/jcarballeira/nimble_ws/src/install/nimble_interfaces/lib/libnimble_interfaces__rosidl_typesupport_fastrtps_c.so" to ""
[8.545s] -- Installing: /home/jcarballeira/nimble_ws/src/install/nimble_interfaces/lib/libnimble_interfaces__rosidl_typesupport_introspection_c.so
[8.545s] -- Set runtime path of "/home/jcarballeira/nimble_ws/src/install/nimble_interfaces/lib/libnimble_interfaces__rosidl_typesupport_introspection_c.so" to ""
[8.546s] -- Installing: /home/jcarballeira/nimble_ws/src/install/nimble_interfaces/lib/libnimble_interfaces__rosidl_typesupport_c.so
[8.546s] -- Set runtime path of "/home/jcarballeira/nimble_ws/src/install/nimble_interfaces/lib/libnimble_interfaces__rosidl_typesupport_c.so" to ""
[8.546s] -- Installing: /home/jcarballeira/nimble_ws/src/install/nimble_interfaces/lib/libnimble_interfaces__rosidl_typesupport_fastrtps_cpp.so
[8.546s] -- Set runtime path of "/home/jcarballeira/nimble_ws/src/install/nimble_interfaces/lib/libnimble_interfaces__rosidl_typesupport_fastrtps_cpp.so" to ""
[8.546s] -- Installing: /home/jcarballeira/nimble_ws/src/install/nimble_interfaces/lib/libnimble_interfaces__rosidl_typesupport_introspection_cpp.so
[8.546s] -- Set runtime path of "/home/jcarballeira/nimble_ws/src/install/nimble_interfaces/lib/libnimble_interfaces__rosidl_typesupport_introspection_cpp.so" to ""
[8.546s] -- Installing: /home/jcarballeira/nimble_ws/src/install/nimble_interfaces/lib/libnimble_interfaces__rosidl_typesupport_cpp.so
[8.546s] -- Set runtime path of "/home/jcarballeira/nimble_ws/src/install/nimble_interfaces/lib/libnimble_interfaces__rosidl_typesupport_cpp.so" to ""
[8.595s] Listing '/home/jcarballeira/nimble_ws/src/install/nimble_interfaces/local/lib/python3.10/dist-packages/nimble_interfaces'...
[8.595s] Compiling '/home/jcarballeira/nimble_ws/src/install/nimble_interfaces/local/lib/python3.10/dist-packages/nimble_interfaces/__init__.py'...
[8.595s] Listing '/home/jcarballeira/nimble_ws/src/install/nimble_interfaces/local/lib/python3.10/dist-packages/nimble_interfaces/msg'...
[8.595s] Compiling '/home/jcarballeira/nimble_ws/src/install/nimble_interfaces/local/lib/python3.10/dist-packages/nimble_interfaces/msg/__init__.py'...
[8.595s] Compiling '/home/jcarballeira/nimble_ws/src/install/nimble_interfaces/local/lib/python3.10/dist-packages/nimble_interfaces/msg/_cartesian_full_trajectory.py'...
[8.595s] Compiling '/home/jcarballeira/nimble_ws/src/install/nimble_interfaces/local/lib/python3.10/dist-packages/nimble_interfaces/msg/_cartesian_trajectory.py'...
[8.595s] Compiling '/home/jcarballeira/nimble_ws/src/install/nimble_interfaces/local/lib/python3.10/dist-packages/nimble_interfaces/msg/_frame_state.py'...
[8.596s] Compiling '/home/jcarballeira/nimble_ws/src/install/nimble_interfaces/local/lib/python3.10/dist-packages/nimble_interfaces/msg/_joints_trajectory.py'...
[8.596s] Compiling '/home/jcarballeira/nimble_ws/src/install/nimble_interfaces/local/lib/python3.10/dist-packages/nimble_interfaces/msg/_measurements.py'...
[8.596s] Compiling '/home/jcarballeira/nimble_ws/src/install/nimble_interfaces/local/lib/python3.10/dist-packages/nimble_interfaces/msg/_therapy_requirements.py'...
[8.596s] Listing '/home/jcarballeira/nimble_ws/src/install/nimble_interfaces/local/lib/python3.10/dist-packages/nimble_interfaces/srv'...
[8.596s] Compiling '/home/jcarballeira/nimble_ws/src/install/nimble_interfaces/local/lib/python3.10/dist-packages/nimble_interfaces/srv/__init__.py'...
[8.596s] Compiling '/home/jcarballeira/nimble_ws/src/install/nimble_interfaces/local/lib/python3.10/dist-packages/nimble_interfaces/srv/_traj_generator_service.py'...
[8.600s] -- Installing: /home/jcarballeira/nimble_ws/src/install/nimble_interfaces/lib/libnimble_interfaces__rosidl_generator_py.so
[8.600s] -- Set runtime path of "/home/jcarballeira/nimble_ws/src/install/nimble_interfaces/lib/libnimble_interfaces__rosidl_generator_py.so" to ""
[8.600s] -- Up-to-date: /home/jcarballeira/nimble_ws/src/install/nimble_interfaces/share/nimble_interfaces/cmake/export_nimble_interfaces__rosidl_generator_cExport.cmake
[8.601s] -- Up-to-date: /home/jcarballeira/nimble_ws/src/install/nimble_interfaces/share/nimble_interfaces/cmake/export_nimble_interfaces__rosidl_generator_cExport-noconfig.cmake
[8.601s] -- Up-to-date: /home/jcarballeira/nimble_ws/src/install/nimble_interfaces/share/nimble_interfaces/cmake/export_nimble_interfaces__rosidl_typesupport_fastrtps_cExport.cmake
[8.601s] -- Up-to-date: /home/jcarballeira/nimble_ws/src/install/nimble_interfaces/share/nimble_interfaces/cmake/export_nimble_interfaces__rosidl_typesupport_fastrtps_cExport-noconfig.cmake
[8.601s] -- Up-to-date: /home/jcarballeira/nimble_ws/src/install/nimble_interfaces/share/nimble_interfaces/cmake/nimble_interfaces__rosidl_typesupport_introspection_cExport.cmake
[8.601s] -- Up-to-date: /home/jcarballeira/nimble_ws/src/install/nimble_interfaces/share/nimble_interfaces/cmake/nimble_interfaces__rosidl_typesupport_introspection_cExport-noconfig.cmake
[8.601s] -- Up-to-date: /home/jcarballeira/nimble_ws/src/install/nimble_interfaces/share/nimble_interfaces/cmake/nimble_interfaces__rosidl_typesupport_cExport.cmake
[8.601s] -- Up-to-date: /home/jcarballeira/nimble_ws/src/install/nimble_interfaces/share/nimble_interfaces/cmake/nimble_interfaces__rosidl_typesupport_cExport-noconfig.cmake
[8.601s] -- Up-to-date: /home/jcarballeira/nimble_ws/src/install/nimble_interfaces/share/nimble_interfaces/cmake/export_nimble_interfaces__rosidl_generator_cppExport.cmake
[8.601s] -- Up-to-date: /home/jcarballeira/nimble_ws/src/install/nimble_interfaces/share/nimble_interfaces/cmake/export_nimble_interfaces__rosidl_typesupport_fastrtps_cppExport.cmake
[8.601s] -- Up-to-date: /home/jcarballeira/nimble_ws/src/install/nimble_interfaces/share/nimble_interfaces/cmake/export_nimble_interfaces__rosidl_typesupport_fastrtps_cppExport-noconfig.cmake
[8.601s] -- Up-to-date: /home/jcarballeira/nimble_ws/src/install/nimble_interfaces/share/nimble_interfaces/cmake/nimble_interfaces__rosidl_typesupport_introspection_cppExport.cmake
[8.601s] -- Up-to-date: /home/jcarballeira/nimble_ws/src/install/nimble_interfaces/share/nimble_interfaces/cmake/nimble_interfaces__rosidl_typesupport_introspection_cppExport-noconfig.cmake
[8.601s] -- Up-to-date: /home/jcarballeira/nimble_ws/src/install/nimble_interfaces/share/nimble_interfaces/cmake/nimble_interfaces__rosidl_typesupport_cppExport.cmake
[8.601s] -- Up-to-date: /home/jcarballeira/nimble_ws/src/install/nimble_interfaces/share/nimble_interfaces/cmake/nimble_interfaces__rosidl_typesupport_cppExport-noconfig.cmake
[8.602s] -- Up-to-date: /home/jcarballeira/nimble_ws/src/install/nimble_interfaces/share/nimble_interfaces/cmake/export_nimble_interfaces__rosidl_generator_pyExport.cmake
[8.602s] -- Up-to-date: /home/jcarballeira/nimble_ws/src/install/nimble_interfaces/share/nimble_interfaces/cmake/export_nimble_interfaces__rosidl_generator_pyExport-noconfig.cmake
[8.603s] Invoked command in '/home/jcarballeira/nimble_ws/src/build/nimble_interfaces' returned '0': CMAKE_PREFIX_PATH=${CMAKE_PREFIX_PATH}:/home/jcarballeira/evloc_ws/install/evloc:/opt/ros/humble /usr/bin/cmake --install /home/jcarballeira/nimble_ws/src/build/nimble_interfaces
